{
  "timestamp": "2025-05-29T06:43:37.310948",
  "execution_time": 399.6562747955322,
  "total_tests": 97,
  "total_passed": 46,
  "total_failed": 23,
  "success_rate": 47.42268041237113,
  "overall_success": false,
  "results": {
    "smoke": {
      "success": true,
      "critical_failure": false
    },
    "unit": {
      "category": "unit",
      "description": "Unit Tests - Core Components",
      "success": false,
      "execution_time": 10.979068517684937,
      "statistics": {
        "total": 70,
        "passed": 45,
        "failed": 9,
        "skipped": 0,
        "errors": 16
      },
      "stdout": "============================= test session starts =============================\nplatform win32 -- Python 3.12.1, pytest-8.3.5, pluggy-1.5.0 -- C:\\Program Files\\Python312\\python.exe\ncachedir: .pytest_cache\nmetadata: {'Python': '3.12.1', 'Platform': 'Windows-10-10.0.19045-SP0', 'Packages': {'pytest': '8.3.5', 'pluggy': '1.5.0'}, 'Plugins': {'anyio': '4.8.0', 'asyncio': '0.21.1', 'cov': '4.1.0', 'html': '4.1.1', 'metadata': '3.1.1', 'xdist': '3.7.0'}}\nrootdir: C:\\Users\\Devansh\\Downloads\\intern_application_round1\nconfigfile: pytest.ini\nplugins: anyio-4.8.0, asyncio-0.21.1, cov-4.1.0, html-4.1.1, metadata-3.1.1, xdist-3.7.0\nasyncio: mode=Mode.STRICT\ncollecting ... collected 179 items / 109 deselected / 70 selected\n\ntests/test_analytics.py::TestMetricsAnalyzer::test_analyzer_initialization PASSED [  1%]\ntests/test_analytics.py::TestMetricsAnalyzer::test_calculate_basic_metrics PASSED [  2%]\ntests/test_analytics.py::TestMetricsAnalyzer::test_analyze_session_metrics PASSED [  4%]\ntests/test_analytics.py::TestMetricsAnalyzer::test_calculate_temporal_metrics PASSED [  5%]\ntests/test_analytics.py::TestMetricsAnalyzer::test_calculate_subreddit_metrics PASSED [  7%]\ntests/test_analytics.py::TestMetricsAnalyzer::test_calculate_sentiment_metrics PASSED [  8%]\ntests/test_analytics.py::TestMetricsAnalyzer::test_calculate_engagement_metrics PASSED [ 10%]\ntests/test_analytics.py::TestMetricsAnalyzer::test_detect_trending_topics PASSED [ 11%]\ntests/test_analytics.py::TestMetricsAnalyzer::test_generate_comprehensive_metrics PASSED [ 12%]\ntests/test_analytics.py::TestMetricsAnalyzer::test_empty_mentions_handling PASSED [ 14%]\ntests/test_analytics.py::TestMetricsAnalyzer::test_malformed_data_handling PASSED [ 15%]\ntests/test_analytics.py::TestDataValidator::test_validator_initialization PASSED [ 17%]\ntests/test_analytics.py::TestDataValidator::test_validate_mention_valid_data PASSED [ 18%]\ntests/test_analytics.py::TestDataValidator::test_validate_mention_invalid_data PASSED [ 20%]\ntests/test_database.py::TestDatabaseManager::test_database_initialization PASSED [ 21%]\ntests/test_database.py::TestDatabaseManager::test_create_search_session PASSED [ 22%]\ntests/test_database.py::TestDatabaseManager::test_add_mention PASSED     [ 24%]\ntests/test_database.py::TestDatabaseManager::test_get_mentions_by_session PASSED [ 25%]\ntests/test_database.py::TestDatabaseManager::test_update_search_session PASSED [ 27%]\ntests/test_database.py::TestDatabaseManager::test_get_session_statistics PASSED [ 28%]\ntests/test_database.py::TestDatabaseManager::test_search_mentions PASSED [ 30%]\ntests/test_database.py::TestDatabaseManager::test_get_trending_subreddits PASSED [ 31%]\ntests/test_database.py::TestDatabaseManager::test_get_sentiment_distribution PASSED [ 32%]\ntests/test_database.py::TestDatabaseManager::test_get_time_series_data PASSED [ 34%]\ntests/test_database.py::TestDatabaseManager::test_cleanup_old_sessions PASSED [ 35%]\ntests/test_database.py::TestDatabaseManager::test_database_connection_handling PASSED [ 37%]\ntests/test_database.py::TestDatabaseManager::test_database_error_handling PASSED [ 38%]\ntests/test_database.py::TestDatabaseManager::test_duplicate_mention_handling PASSED [ 40%]\ntests/test_database.py::TestDatabaseManager::test_database_backup_restore PASSED [ 41%]\ntests/test_database.py::TestSearchSession::test_search_session_creation PASSED [ 42%]\ntests/test_database.py::TestSearchSession::test_search_session_relationships PASSED [ 44%]\ntests/test_database.py::TestRedditMention::test_reddit_mention_creation PASSED [ 45%]\ntests/test_database.py::TestRedditMention::test_reddit_mention_validation PASSED [ 47%]\ntests/test_scraper.py::TestRedditScraper::test_scraper_initialization PASSED [ 48%]\ntests/test_scraper.py::TestRedditScraper::test_sanitize_search_term PASSED [ 50%]\ntests/test_scraper.py::TestRedditScraper::test_calculate_relevance_score PASSED [ 51%]\ntests/test_scraper.py::TestScrapingConfiguration::test_build_search_patterns FAILED [ 52%]\ntests/test_scraper.py::TestScrapingConfiguration::test_filter_by_quality FAILED [ 54%]\ntests/test_scraper.py::TestScrapingConfiguration::test_deduplicate_mentions FAILED [ 55%]\ntests/test_scraper.py::TestScrapingConfiguration::test_validate_mention_data FAILED [ 57%]\ntests/test_scraper.py::TestScrapingConfiguration::test_error_handling FAILED [ 58%]\ntests/test_scraper.py::TestScrapingConfiguration::test_rate_limiting_configuration FAILED [ 60%]\ntests/test_ui.py::TestMetricsVisualizer::test_visualizer_initialization PASSED [ 61%]\ntests/test_ui.py::TestMetricsVisualizer::test_create_overview_dashboard PASSED [ 62%]\ntests/test_ui.py::TestMetricsVisualizer::test_create_temporal_analysis FAILED [ 64%]\ntests/test_ui.py::TestMetricsVisualizer::test_create_subreddit_analysis PASSED [ 65%]\ntests/test_ui.py::TestMetricsVisualizer::test_create_engagement_analysis PASSED [ 67%]\ntests/test_ui.py::TestMetricsVisualizer::test_create_sentiment_analysis PASSED [ 68%]\ntests/test_ui.py::TestMetricsVisualizer::test_create_summary_metrics_table PASSED [ 70%]\ntests/test_ui.py::TestMetricsVisualizer::test_empty_data_handling PASSED [ 71%]\ntests/test_ui.py::TestMetricsVisualizer::test_malformed_data_handling FAILED [ 72%]\ntests/test_ui.py::TestMetricsVisualizer::test_color_scheme_consistency PASSED [ 74%]\ntests/test_ui.py::TestMetricsVisualizer::test_chart_interactivity FAILED [ 75%]\ntests/test_ui.py::TestMetricsVisualizer::test_responsive_design PASSED   [ 77%]\ntests/test_ui.py::TestRealTimeMonitor::test_monitor_initialization ERROR [ 78%]\ntests/test_ui.py::TestRealTimeMonitor::test_event_types ERROR            [ 80%]\ntests/test_ui.py::TestRealTimeMonitor::test_emit_search_started ERROR    [ 81%]\ntests/test_ui.py::TestRealTimeMonitor::test_emit_search_progress ERROR   [ 82%]\ntests/test_ui.py::TestRealTimeMonitor::test_emit_search_completed ERROR  [ 84%]\ntests/test_ui.py::TestRealTimeMonitor::test_emit_search_failed ERROR     [ 85%]\ntests/test_ui.py::TestRealTimeMonitor::test_emit_mention_found ERROR     [ 87%]\ntests/test_ui.py::TestRealTimeMonitor::test_emit_metrics_updated ERROR   [ 88%]\ntests/test_ui.py::TestRealTimeMonitor::test_emit_cache_hit ERROR         [ 90%]\ntests/test_ui.py::TestRealTimeMonitor::test_emit_system_status ERROR     [ 91%]\ntests/test_ui.py::TestRealTimeMonitor::test_get_connection_stats ERROR   [ 92%]\ntests/test_ui.py::TestRealTimeMonitor::test_progress_callback_initialization ERROR [ 94%]\ntests/test_ui.py::TestRealTimeMonitor::test_progress_callback_execution ERROR [ 95%]\ntests/test_ui.py::TestRealTimeMonitor::test_progress_callback_with_mention ERROR [ 97%]\ntests/test_ui.py::TestRealTimeMonitor::test_multiple_event_emissions ERROR [ 98%]\ntests/test_ui.py::TestRealTimeMonitor::test_event_message_structure ERROR [100%]\n\n=================================== ERRORS ====================================\n______ ERROR at setup of TestRealTimeMonitor.test_monitor_initialization ______\nfile C:\\Users\\Devansh\\Downloads\\intern_application_round1\\tests\\test_ui.py, line 220\n      @pytest.mark.unit\n      def test_monitor_initialization(self, monitor):\nE       fixture 'monitor' not found\n>       available fixtures: anyio_backend, anyio_backend_name, anyio_backend_options, async_test_client, cache, capfd, capfdbinary, caplog, capsys, capsysbinary, cov, data_validator, db_manager, doctest_namespace, event_loop, extra, extras, include_metadata_in_junit_xml, metadata, metrics_analyzer, mock_browser_context, mock_playwright_page, mock_redis, mock_requests, mock_textblob, monkeypatch, no_cover, performance_monitor, pytestconfig, record_property, record_testsuite_property, record_xml_attribute, recwarn, sample_mention_data, sample_mentions_list, temp_database, test_config, test_data_generator, testrun_uid, tmp_path, tmp_path_factory, tmpdir, tmpdir_factory, unused_tcp_port, unused_tcp_port_factory, unused_udp_port, unused_udp_port_factory, visualizer, worker_id\n>       use 'pytest --fixtures [testpath]' for help on them.\n\nC:\\Users\\Devansh\\Downloads\\intern_application_round1\\tests\\test_ui.py:220\n___________ ERROR at setup of TestRealTimeMonitor.test_event_types ____________\nfile C:\\Users\\Devansh\\Downloads\\intern_application_round1\\tests\\test_ui.py, line 231\n      @pytest.mark.unit\n      def test_event_types(self, monitor):\nE       fixture 'monitor' not found\n>       available fixtures: anyio_backend, anyio_backend_name, anyio_backend_options, async_test_client, cache, capfd, capfdbinary, caplog, capsys, capsysbinary, cov, data_validator, db_manager, doctest_namespace, event_loop, extra, extras, include_metadata_in_junit_xml, metadata, metrics_analyzer, mock_browser_context, mock_playwright_page, mock_redis, mock_requests, mock_textblob, monkeypatch, no_cover, performance_monitor, pytestconfig, record_property, record_testsuite_property, record_xml_attribute, recwarn, sample_mention_data, sample_mentions_list, temp_database, test_config, test_data_generator, testrun_uid, tmp_path, tmp_path_factory, tmpdir, tmpdir_factory, unused_tcp_port, unused_tcp_port_factory, unused_udp_port, unused_udp_port_factory, visualizer, worker_id\n>       use 'pytest --fixtures [testpath]' for help on them.\n\nC:\\Users\\Devansh\\Downloads\\intern_application_round1\\tests\\test_ui.py:231\n_______ ERROR at setup of TestRealTimeMonitor.test_emit_search_started ________\nfile C:\\Users\\Devansh\\Downloads\\intern_application_round1\\tests\\test_ui.py, line 244\n      @pytest.mark.unit\n      def test_emit_search_started(self, monitor):\nE       fixture 'monitor' not found\n>       available fixtures: anyio_backend, anyio_backend_name, anyio_backend_options, async_test_client, cache, capfd, capfdbinary, caplog, capsys, capsysbinary, cov, data_validator, db_manager, doctest_namespace, event_loop, extra, extras, include_metadata_in_junit_xml, metadata, metrics_analyzer, mock_browser_context, mock_playwright_page, mock_redis, mock_requests, mock_textblob, monkeypatch, no_cover, performance_monitor, pytestconfig, record_property, record_testsuite_property, record_xml_attribute, recwarn, sample_mention_data, sample_mentions_list, temp_database, test_config, test_data_generator, testrun_uid, tmp_path, tmp_path_factory, tmpdir, tmpdir_factory, unused_tcp_port, unused_tcp_port_factory, unused_udp_port, unused_udp_port_factory, visualizer, worker_id\n>       use 'pytest --fixtures [testpath]' for help on them.\n\nC:\\Users\\Devansh\\Downloads\\intern_application_round1\\tests\\test_ui.py:244\n_______ ERROR at setup of TestRealTimeMonitor.test_emit_search_progress _______\nfile C:\\Users\\Devansh\\Downloads\\intern_application_round1\\tests\\test_ui.py, line 267\n      @pytest.mark.unit\n      def test_emit_search_progress(self, monitor):\nE       fixture 'monitor' not found\n>       available fixtures: anyio_backend, anyio_backend_name, anyio_backend_options, async_test_client, cache, capfd, capfdbinary, caplog, capsys, capsysbinary, cov, data_validator, db_manager, doctest_namespace, event_loop, extra, extras, include_metadata_in_junit_xml, metadata, metrics_analyzer, mock_browser_context, mock_playwright_page, mock_redis, mock_requests, mock_textblob, monkeypatch, no_cover, performance_monitor, pytestconfig, record_property, record_testsuite_property, record_xml_attribute, recwarn, sample_mention_data, sample_mentions_list, temp_database, test_config, test_data_generator, testrun_uid, tmp_path, tmp_path_factory, tmpdir, tmpdir_factory, unused_tcp_port, unused_tcp_port_factory, unused_udp_port, unused_udp_port_factory, visualizer, worker_id\n>       use 'pytest --fixtures [testpath]' for help on them.\n\nC:\\Users\\Devansh\\Downloads\\intern_application_round1\\tests\\test_ui.py:267\n______ ERROR at setup of TestRealTimeMonitor.test_emit_search_completed _______\nfile C:\\Users\\Devansh\\Downloads\\intern_application_round1\\tests\\test_ui.py, line 292\n      @pytest.mark.unit\n      def test_emit_search_completed(self, monitor):\nE       fixture 'monitor' not found\n>       available fixtures: anyio_backend, anyio_backend_name, anyio_backend_options, async_test_client, cache, capfd, capfdbinary, caplog, capsys, capsysbinary, cov, data_validator, db_manager, doctest_namespace, event_loop, extra, extras, include_metadata_in_junit_xml, metadata, metrics_analyzer, mock_browser_context, mock_playwright_page, mock_redis, mock_requests, mock_textblob, monkeypatch, no_cover, performance_monitor, pytestconfig, record_property, record_testsuite_property, record_xml_attribute, recwarn, sample_mention_data, sample_mentions_list, temp_database, test_config, test_data_generator, testrun_uid, tmp_path, tmp_path_factory, tmpdir, tmpdir_factory, unused_tcp_port, unused_tcp_port_factory, unused_udp_port, unused_udp_port_factory, visualizer, worker_id\n>       use 'pytest --fixtures [testpath]' for help on them.\n\nC:\\Users\\Devansh\\Downloads\\intern_application_round1\\tests\\test_ui.py:292\n________ ERROR at setup of TestRealTimeMonitor.test_emit_search_failed ________\nfile C:\\Users\\Devansh\\Downloads\\intern_application_round1\\tests\\test_ui.py, line 315\n      @pytest.mark.unit\n      def test_emit_search_failed(self, monitor):\nE       fixture 'monitor' not found\n>       available fixtures: anyio_backend, anyio_backend_name, anyio_backend_options, async_test_client, cache, capfd, capfdbinary, caplog, capsys, capsysbinary, cov, data_validator, db_manager, doctest_namespace, event_loop, extra, extras, include_metadata_in_junit_xml, metadata, metrics_analyzer, mock_browser_context, mock_playwright_page, mock_redis, mock_requests, mock_textblob, monkeypatch, no_cover, performance_monitor, pytestconfig, record_property, record_testsuite_property, record_xml_attribute, recwarn, sample_mention_data, sample_mentions_list, temp_database, test_config, test_data_generator, testrun_uid, tmp_path, tmp_path_factory, tmpdir, tmpdir_factory, unused_tcp_port, unused_tcp_port_factory, unused_udp_port, unused_udp_port_factory, visualizer, worker_id\n>       use 'pytest --fixtures [testpath]' for help on them.\n\nC:\\Users\\Devansh\\Downloads\\intern_application_round1\\tests\\test_ui.py:315\n________ ERROR at setup of TestRealTimeMonitor.test_emit_mention_found ________\nfile C:\\Users\\Devansh\\Downloads\\intern_application_round1\\tests\\test_ui.py, line 336\n      @pytest.mark.unit\n      def test_emit_mention_found(self, monitor, sample_mentions_list):\nE       fixture 'monitor' not found\n>       available fixtures: anyio_backend, anyio_backend_name, anyio_backend_options, async_test_client, cache, capfd, capfdbinary, caplog, capsys, capsysbinary, cov, data_validator, db_manager, doctest_namespace, event_loop, extra, extras, include_metadata_in_junit_xml, metadata, metrics_analyzer, mock_browser_context, mock_playwright_page, mock_redis, mock_requests, mock_textblob, monkeypatch, no_cover, performance_monitor, pytestconfig, record_property, record_testsuite_property, record_xml_attribute, recwarn, sample_mention_data, sample_mentions_list, temp_database, test_config, test_data_generator, testrun_uid, tmp_path, tmp_path_factory, tmpdir, tmpdir_factory, unused_tcp_port, unused_tcp_port_factory, unused_udp_port, unused_udp_port_factory, visualizer, worker_id\n>       use 'pytest --fixtures [testpath]' for help on them.\n\nC:\\Users\\Devansh\\Downloads\\intern_application_round1\\tests\\test_ui.py:336\n_______ ERROR at setup of TestRealTimeMonitor.test_emit_metrics_updated _______\nfile C:\\Users\\Devansh\\Downloads\\intern_application_round1\\tests\\test_ui.py, line 357\n      @pytest.mark.unit\n      def test_emit_metrics_updated(self, monitor):\nE       fixture 'monitor' not found\n>       available fixtures: anyio_backend, anyio_backend_name, anyio_backend_options, async_test_client, cache, capfd, capfdbinary, caplog, capsys, capsysbinary, cov, data_validator, db_manager, doctest_namespace, event_loop, extra, extras, include_metadata_in_junit_xml, metadata, metrics_analyzer, mock_browser_context, mock_playwright_page, mock_redis, mock_requests, mock_textblob, monkeypatch, no_cover, performance_monitor, pytestconfig, record_property, record_testsuite_property, record_xml_attribute, recwarn, sample_mention_data, sample_mentions_list, temp_database, test_config, test_data_generator, testrun_uid, tmp_path, tmp_path_factory, tmpdir, tmpdir_factory, unused_tcp_port, unused_tcp_port_factory, unused_udp_port, unused_udp_port_factory, visualizer, worker_id\n>       use 'pytest --fixtures [testpath]' for help on them.\n\nC:\\Users\\Devansh\\Downloads\\intern_application_round1\\tests\\test_ui.py:357\n__________ ERROR at setup of TestRealTimeMonitor.test_emit_cache_hit __________\nfile C:\\Users\\Devansh\\Downloads\\intern_application_round1\\tests\\test_ui.py, line 382\n      @pytest.mark.unit\n      def test_emit_cache_hit(self, monitor):\nE       fixture 'monitor' not found\n>       available fixtures: anyio_backend, anyio_backend_name, anyio_backend_options, async_test_client, cache, capfd, capfdbinary, caplog, capsys, capsysbinary, cov, data_validator, db_manager, doctest_namespace, event_loop, extra, extras, include_metadata_in_junit_xml, metadata, metrics_analyzer, mock_browser_context, mock_playwright_page, mock_redis, mock_requests, mock_textblob, monkeypatch, no_cover, performance_monitor, pytestconfig, record_property, record_testsuite_property, record_xml_attribute, recwarn, sample_mention_data, sample_mentions_list, temp_database, test_config, test_data_generator, testrun_uid, tmp_path, tmp_path_factory, tmpdir, tmpdir_factory, unused_tcp_port, unused_tcp_port_factory, unused_udp_port, unused_udp_port_factory, visualizer, worker_id\n>       use 'pytest --fixtures [testpath]' for help on them.\n\nC:\\Users\\Devansh\\Downloads\\intern_application_round1\\tests\\test_ui.py:382\n________ ERROR at setup of TestRealTimeMonitor.test_emit_system_status ________\nfile C:\\Users\\Devansh\\Downloads\\intern_application_round1\\tests\\test_ui.py, line 403\n      @pytest.mark.unit\n      def test_emit_system_status(self, monitor):\nE       fixture 'monitor' not found\n>       available fixtures: anyio_backend, anyio_backend_name, anyio_backend_options, async_test_client, cache, capfd, capfdbinary, caplog, capsys, capsysbinary, cov, data_validator, db_manager, doctest_namespace, event_loop, extra, extras, include_metadata_in_junit_xml, metadata, metrics_analyzer, mock_browser_context, mock_playwright_page, mock_redis, mock_requests, mock_textblob, monkeypatch, no_cover, performance_monitor, pytestconfig, record_property, record_testsuite_property, record_xml_attribute, recwarn, sample_mention_data, sample_mentions_list, temp_database, test_config, test_data_generator, testrun_uid, tmp_path, tmp_path_factory, tmpdir, tmpdir_factory, unused_tcp_port, unused_tcp_port_factory, unused_udp_port, unused_udp_port_factory, visualizer, worker_id\n>       use 'pytest --fixtures [testpath]' for help on them.\n\nC:\\Users\\Devansh\\Downloads\\intern_application_round1\\tests\\test_ui.py:403\n_______ ERROR at setup of TestRealTimeMonitor.test_get_connection_stats _______\nfile C:\\Users\\Devansh\\Downloads\\intern_application_round1\\tests\\test_ui.py, line 427\n      @pytest.mark.unit\n      def test_get_connection_stats(self, monitor):\nE       fixture 'monitor' not found\n>       available fixtures: anyio_backend, anyio_backend_name, anyio_backend_options, async_test_client, cache, capfd, capfdbinary, caplog, capsys, capsysbinary, cov, data_validator, db_manager, doctest_namespace, event_loop, extra, extras, include_metadata_in_junit_xml, metadata, metrics_analyzer, mock_browser_context, mock_playwright_page, mock_redis, mock_requests, mock_textblob, monkeypatch, no_cover, performance_monitor, pytestconfig, record_property, record_testsuite_property, record_xml_attribute, recwarn, sample_mention_data, sample_mentions_list, temp_database, test_config, test_data_generator, testrun_uid, tmp_path, tmp_path_factory, tmpdir, tmpdir_factory, unused_tcp_port, unused_tcp_port_factory, unused_udp_port, unused_udp_port_factory, visualizer, worker_id\n>       use 'pytest --fixtures [testpath]' for help on them.\n\nC:\\Users\\Devansh\\Downloads\\intern_application_round1\\tests\\test_ui.py:427\n_ ERROR at setup of TestRealTimeMonitor.test_progress_callback_initialization _\nfile C:\\Users\\Devansh\\Downloads\\intern_application_round1\\tests\\test_ui.py, line 442\n      @pytest.mark.unit\n      def test_progress_callback_initialization(self, monitor):\nE       fixture 'monitor' not found\n>       available fixtures: anyio_backend, anyio_backend_name, anyio_backend_options, async_test_client, cache, capfd, capfdbinary, caplog, capsys, capsysbinary, cov, data_validator, db_manager, doctest_namespace, event_loop, extra, extras, include_metadata_in_junit_xml, metadata, metrics_analyzer, mock_browser_context, mock_playwright_page, mock_redis, mock_requests, mock_textblob, monkeypatch, no_cover, performance_monitor, pytestconfig, record_property, record_testsuite_property, record_xml_attribute, recwarn, sample_mention_data, sample_mentions_list, temp_database, test_config, test_data_generator, testrun_uid, tmp_path, tmp_path_factory, tmpdir, tmpdir_factory, unused_tcp_port, unused_tcp_port_factory, unused_udp_port, unused_udp_port_factory, visualizer, worker_id\n>       use 'pytest --fixtures [testpath]' for help on them.\n\nC:\\Users\\Devansh\\Downloads\\intern_application_round1\\tests\\test_ui.py:442\n___ ERROR at setup of TestRealTimeMonitor.test_progress_callback_execution ____\nfile C:\\Users\\Devansh\\Downloads\\intern_application_round1\\tests\\test_ui.py, line 454\n      @pytest.mark.unit\n      def test_progress_callback_execution(self, monitor):\nE       fixture 'monitor' not found\n>       available fixtures: anyio_backend, anyio_backend_name, anyio_backend_options, async_test_client, cache, capfd, capfdbinary, caplog, capsys, capsysbinary, cov, data_validator, db_manager, doctest_namespace, event_loop, extra, extras, include_metadata_in_junit_xml, metadata, metrics_analyzer, mock_browser_context, mock_playwright_page, mock_redis, mock_requests, mock_textblob, monkeypatch, no_cover, performance_monitor, pytestconfig, record_property, record_testsuite_property, record_xml_attribute, recwarn, sample_mention_data, sample_mentions_list, temp_database, test_config, test_data_generator, testrun_uid, tmp_path, tmp_path_factory, tmpdir, tmpdir_factory, unused_tcp_port, unused_tcp_port_factory, unused_udp_port, unused_udp_port_factory, visualizer, worker_id\n>       use 'pytest --fixtures [testpath]' for help on them.\n\nC:\\Users\\Devansh\\Downloads\\intern_application_round1\\tests\\test_ui.py:454\n__ ERROR at setup of TestRealTimeMonitor.test_progress_callback_with_mention __\nfile C:\\Users\\Devansh\\Downloads\\intern_application_round1\\tests\\test_ui.py, line 476\n      @pytest.mark.unit\n      def test_progress_callback_with_mention(self, monitor, sample_mentions_list):\nE       fixture 'monitor' not found\n>       available fixtures: anyio_backend, anyio_backend_name, anyio_backend_options, async_test_client, cache, capfd, capfdbinary, caplog, capsys, capsysbinary, cov, data_validator, db_manager, doctest_namespace, event_loop, extra, extras, include_metadata_in_junit_xml, metadata, metrics_analyzer, mock_browser_context, mock_playwright_page, mock_redis, mock_requests, mock_textblob, monkeypatch, no_cover, performance_monitor, pytestconfig, record_property, record_testsuite_property, record_xml_attribute, recwarn, sample_mention_data, sample_mentions_list, temp_database, test_config, test_data_generator, testrun_uid, tmp_path, tmp_path_factory, tmpdir, tmpdir_factory, unused_tcp_port, unused_tcp_port_factory, unused_udp_port, unused_udp_port_factory, visualizer, worker_id\n>       use 'pytest --fixtures [testpath]' for help on them.\n\nC:\\Users\\Devansh\\Downloads\\intern_application_round1\\tests\\test_ui.py:476\n_____ ERROR at setup of TestRealTimeMonitor.test_multiple_event_emissions _____\nfile C:\\Users\\Devansh\\Downloads\\intern_application_round1\\tests\\test_ui.py, line 504\n      @pytest.mark.unit\n      def test_multiple_event_emissions(self, monitor):\nE       fixture 'monitor' not found\n>       available fixtures: anyio_backend, anyio_backend_name, anyio_backend_options, async_test_client, cache, capfd, capfdbinary, caplog, capsys, capsysbinary, cov, data_validator, db_manager, doctest_namespace, event_loop, extra, extras, include_metadata_in_junit_xml, metadata, metrics_analyzer, mock_browser_context, mock_playwright_page, mock_redis, mock_requests, mock_textblob, monkeypatch, no_cover, performance_monitor, pytestconfig, record_property, record_testsuite_property, record_xml_attribute, recwarn, sample_mention_data, sample_mentions_list, temp_database, test_config, test_data_generator, testrun_uid, tmp_path, tmp_path_factory, tmpdir, tmpdir_factory, unused_tcp_port, unused_tcp_port_factory, unused_udp_port, unused_udp_port_factory, visualizer, worker_id\n>       use 'pytest --fixtures [testpath]' for help on them.\n\nC:\\Users\\Devansh\\Downloads\\intern_application_round1\\tests\\test_ui.py:504\n_____ ERROR at setup of TestRealTimeMonitor.test_event_message_structure ______\nfile C:\\Users\\Devansh\\Downloads\\intern_application_round1\\tests\\test_ui.py, line 530\n      @pytest.mark.unit\n      def test_event_message_structure(self, monitor):\nE       fixture 'monitor' not found\n>       available fixtures: anyio_backend, anyio_backend_name, anyio_backend_options, async_test_client, cache, capfd, capfdbinary, caplog, capsys, capsysbinary, cov, data_validator, db_manager, doctest_namespace, event_loop, extra, extras, include_metadata_in_junit_xml, metadata, metrics_analyzer, mock_browser_context, mock_playwright_page, mock_redis, mock_requests, mock_textblob, monkeypatch, no_cover, performance_monitor, pytestconfig, record_property, record_testsuite_property, record_xml_attribute, recwarn, sample_mention_data, sample_mentions_list, temp_database, test_config, test_data_generator, testrun_uid, tmp_path, tmp_path_factory, tmpdir, tmpdir_factory, unused_tcp_port, unused_tcp_port_factory, unused_udp_port, unused_udp_port_factory, visualizer, worker_id\n>       use 'pytest --fixtures [testpath]' for help on them.\n\nC:\\Users\\Devansh\\Downloads\\intern_application_round1\\tests\\test_ui.py:530\n================================== FAILURES ===================================\n____________ TestScrapingConfiguration.test_build_search_patterns _____________\ntests\\test_scraper.py:492: in test_build_search_patterns\n    patterns = scraper._build_search_patterns(\"OpenAI\")\nE   AttributeError: 'RedditScraper' object has no attribute '_build_search_patterns'\n----------------------------- Captured log setup ------------------------------\nWARNING  analytics.advanced_sentiment:advanced_sentiment.py:29 Transformers not available, falling back to TextBlob only\n______________ TestScrapingConfiguration.test_filter_by_quality _______________\ntests\\test_scraper.py:510: in test_filter_by_quality\n    filtered = scraper._filter_by_quality(mentions, threshold=0.5)\nE   AttributeError: 'RedditScraper' object has no attribute '_filter_by_quality'\n----------------------------- Captured log setup ------------------------------\nWARNING  analytics.advanced_sentiment:advanced_sentiment.py:29 Transformers not available, falling back to TextBlob only\n_____________ TestScrapingConfiguration.test_deduplicate_mentions _____________\ntests\\test_scraper.py:525: in test_deduplicate_mentions\n    deduplicated = scraper._deduplicate_mentions(mentions)\nE   AttributeError: 'RedditScraper' object has no attribute '_deduplicate_mentions'\n----------------------------- Captured log setup ------------------------------\nWARNING  analytics.advanced_sentiment:advanced_sentiment.py:29 Transformers not available, falling back to TextBlob only\n____________ TestScrapingConfiguration.test_validate_mention_data _____________\ntests\\test_scraper.py:548: in test_validate_mention_data\n    assert scraper._validate_mention_data(valid_mention) == True\nE   AttributeError: 'RedditScraper' object has no attribute '_validate_mention_data'\n----------------------------- Captured log setup ------------------------------\nWARNING  analytics.advanced_sentiment:advanced_sentiment.py:29 Transformers not available, falling back to TextBlob only\n________________ TestScrapingConfiguration.test_error_handling ________________\ntests\\test_scraper.py:572: in test_error_handling\n    scraper._validate_search_parameters(\"\", max_pages=5)\nE   AttributeError: 'RedditScraper' object has no attribute '_validate_search_parameters'\n----------------------------- Captured log setup ------------------------------\nWARNING  analytics.advanced_sentiment:advanced_sentiment.py:29 Transformers not available, falling back to TextBlob only\n_________ TestScrapingConfiguration.test_rate_limiting_configuration __________\ntests\\test_scraper.py:585: in test_rate_limiting_configuration\n    assert hasattr(scraper.throttler, 'min_interval')\nE   AssertionError: assert False\nE    +  where False = hasattr(<asyncio_throttle.throttler.Throttler object at 0x0000015333B80EC0>, 'min_interval')\nE    +    where <asyncio_throttle.throttler.Throttler object at 0x0000015333B80EC0> = <scraper.reddit_scraper.RedditScraper object at 0x0000015333B80890>.throttler\n----------------------------- Captured log setup ------------------------------\nWARNING  analytics.advanced_sentiment:advanced_sentiment.py:29 Transformers not available, falling back to TextBlob only\n_____________ TestMetricsVisualizer.test_create_temporal_analysis _____________\ntests\\test_ui.py:61: in test_create_temporal_analysis\n    fig = visualizer.create_temporal_analysis(sample_metrics)\nui\\visualization.py:249: in create_temporal_analysis\n    fig.add_trace(\n..\\..\\AppData\\Roaming\\Python\\Python312\\site-packages\\plotly\\graph_objs\\_figure.py:912: in add_trace\n    return super(Figure, self).add_trace(\n..\\..\\AppData\\Roaming\\Python\\Python312\\site-packages\\plotly\\basedatatypes.py:2107: in add_trace\n    return self.add_traces(\n..\\..\\AppData\\Roaming\\Python\\Python312\\site-packages\\plotly\\graph_objs\\_figure.py:992: in add_traces\n    return super(Figure, self).add_traces(\n..\\..\\AppData\\Roaming\\Python\\Python312\\site-packages\\plotly\\basedatatypes.py:2237: in add_traces\n    self._set_trace_grid_position(trace, row, col, secondary_y)\n..\\..\\AppData\\Roaming\\Python\\Python312\\site-packages\\plotly\\basedatatypes.py:2329: in _set_trace_grid_position\n    return _set_trace_grid_reference(\n..\\..\\AppData\\Roaming\\Python\\Python312\\site-packages\\plotly\\_subplots.py:1415: in _set_trace_grid_reference\n    raise ValueError(\nE   ValueError: Trace type 'indicator' is not compatible with subplot type 'xy'\nE   at grid position (2, 2)\nE   \nE   See the docstring for the specs argument to plotly.subplots.make_subplots\nE   for more information on subplot types\n_____________ TestMetricsVisualizer.test_malformed_data_handling ______________\ntests\\test_ui.py:165: in test_malformed_data_handling\n    fig = visualizer.create_overview_dashboard(malformed_metrics)\nui\\visualization.py:51: in create_overview_dashboard\n    dates = [item['date'] for item in timeline_data]\nE   TypeError: string indices must be integers, not 'str'\n_______________ TestMetricsVisualizer.test_chart_interactivity ________________\ntests\\test_ui.py:195: in test_chart_interactivity\n    fig = visualizer.create_temporal_analysis(sample_metrics)\nui\\visualization.py:249: in create_temporal_analysis\n    fig.add_trace(\n..\\..\\AppData\\Roaming\\Python\\Python312\\site-packages\\plotly\\graph_objs\\_figure.py:912: in add_trace\n    return super(Figure, self).add_trace(\n..\\..\\AppData\\Roaming\\Python\\Python312\\site-packages\\plotly\\basedatatypes.py:2107: in add_trace\n    return self.add_traces(\n..\\..\\AppData\\Roaming\\Python\\Python312\\site-packages\\plotly\\graph_objs\\_figure.py:992: in add_traces\n    return super(Figure, self).add_traces(\n..\\..\\AppData\\Roaming\\Python\\Python312\\site-packages\\plotly\\basedatatypes.py:2237: in add_traces\n    self._set_trace_grid_position(trace, row, col, secondary_y)\n..\\..\\AppData\\Roaming\\Python\\Python312\\site-packages\\plotly\\basedatatypes.py:2329: in _set_trace_grid_position\n    return _set_trace_grid_reference(\n..\\..\\AppData\\Roaming\\Python\\Python312\\site-packages\\plotly\\_subplots.py:1415: in _set_trace_grid_reference\n    raise ValueError(\nE   ValueError: Trace type 'indicator' is not compatible with subplot type 'xy'\nE   at grid position (2, 2)\nE   \nE   See the docstring for the specs argument to plotly.subplots.make_subplots\nE   for more information on subplot types\n============================== warnings summary ===============================\ndatabase\\models.py:10\n  C:\\Users\\Devansh\\Downloads\\intern_application_round1\\database\\models.py:10: MovedIn20Warning: The ``declarative_base()`` function is now available as sqlalchemy.orm.declarative_base(). (deprecated since: 2.0) (Background on SQLAlchemy 2.0 at: https://sqlalche.me/e/b8d9)\n    Base = declarative_base()\n\ntests\\test_analytics.py:35\n  C:\\Users\\Devansh\\Downloads\\intern_application_round1\\tests\\test_analytics.py:35: PytestUnknownMarkWarning: Unknown pytest.mark.smoke - is this a typo?  You can register custom marks to avoid this warning - for details, see https://docs.pytest.org/en/stable/how-to/mark.html\n    @pytest.mark.smoke\n\ntests\\test_analytics.py:36\n  C:\\Users\\Devansh\\Downloads\\intern_application_round1\\tests\\test_analytics.py:36: PytestUnknownMarkWarning: Unknown pytest.mark.unit - is this a typo?  You can register custom marks to avoid this warning - for details, see https://docs.pytest.org/en/stable/how-to/mark.html\n    @pytest.mark.unit\n\ntests\\test_analytics.py:43\n  C:\\Users\\Devansh\\Downloads\\intern_application_round1\\tests\\test_analytics.py:43: PytestUnknownMarkWarning: Unknown pytest.mark.smoke - is this a typo?  You can register custom marks to avoid this warning - for details, see https://docs.pytest.org/en/stable/how-to/mark.html\n    @pytest.mark.smoke\n\ntests\\test_analytics.py:44\n  C:\\Users\\Devansh\\Downloads\\intern_application_round1\\tests\\test_analytics.py:44: PytestUnknownMarkWarning: Unknown pytest.mark.unit - is this a typo?  You can register custom marks to avoid this warning - for details, see https://docs.pytest.org/en/stable/how-to/mark.html\n    @pytest.mark.unit\n\ntests\\test_analytics.py:76\n  C:\\Users\\Devansh\\Downloads\\intern_application_round1\\tests\\test_analytics.py:76: PytestUnknownMarkWarning: Unknown pytest.mark.smoke - is this a typo?  You can register custom marks to avoid this warning - for details, see https://docs.pytest.org/en/stable/how-to/mark.html\n    @pytest.mark.smoke\n\ntests\\test_analytics.py:77\n  C:\\Users\\Devansh\\Downloads\\intern_application_round1\\tests\\test_analytics.py:77: PytestUnknownMarkWarning: Unknown pytest.mark.unit - is this a typo?  You can register custom marks to avoid this warning - for details, see https://docs.pytest.org/en/stable/how-to/mark.html\n    @pytest.mark.unit\n\ntests\\test_analytics.py:109\n  C:\\Users\\Devansh\\Downloads\\intern_application_round1\\tests\\test_analytics.py:109: PytestUnknownMarkWarning: Unknown pytest.mark.unit - is this a typo?  You can register custom marks to avoid this warning - for details, see https://docs.pytest.org/en/stable/how-to/mark.html\n    @pytest.mark.unit\n\ntests\\test_analytics.py:138\n  C:\\Users\\Devansh\\Downloads\\intern_application_round1\\tests\\test_analytics.py:138: PytestUnknownMarkWarning: Unknown pytest.mark.unit - is this a typo?  You can register custom marks to avoid this warning - for details, see https://docs.pytest.org/en/stable/how-to/mark.html\n    @pytest.mark.unit\n\ntests\\test_analytics.py:169\n  C:\\Users\\Devansh\\Downloads\\intern_application_round1\\tests\\test_analytics.py:169: PytestUnknownMarkWarning: Unknown pytest.mark.unit - is this a typo?  You can register custom marks to avoid this warning - for details, see https://docs.pytest.org/en/stable/how-to/mark.html\n    @pytest.mark.unit\n\ntests\\test_analytics.py:196\n  C:\\Users\\Devansh\\Downloads\\intern_application_round1\\tests\\test_analytics.py:196: PytestUnknownMarkWarning: Unknown pytest.mark.unit - is this a typo?  You can register custom marks to avoid this warning - for details, see https://docs.pytest.org/en/stable/how-to/mark.html\n    @pytest.mark.unit\n\ntests\\test_analytics.py:223\n  C:\\Users\\Devansh\\Downloads\\intern_application_round1\\tests\\test_analytics.py:223: PytestUnknownMarkWarning: Unknown pytest.mark.unit - is this a typo?  You can register custom marks to avoid this warning - for details, see https://docs.pytest.org/en/stable/how-to/mark.html\n    @pytest.mark.unit\n\ntests\\test_analytics.py:258\n  C:\\Users\\Devansh\\Downloads\\intern_application_round1\\tests\\test_analytics.py:258: PytestUnknownMarkWarning: Unknown pytest.mark.unit - is this a typo?  You can register custom marks to avoid this warning - for details, see https://docs.pytest.org/en/stable/how-to/mark.html\n    @pytest.mark.unit\n\ntests\\test_analytics.py:291\n  C:\\Users\\Devansh\\Downloads\\intern_application_round1\\tests\\test_analytics.py:291: PytestUnknownMarkWarning: Unknown pytest.mark.unit - is this a typo?  You can register custom marks to avoid this warning - for details, see https://docs.pytest.org/en/stable/how-to/mark.html\n    @pytest.mark.unit\n\ntests\\test_analytics.py:308\n  C:\\Users\\Devansh\\Downloads\\intern_application_round1\\tests\\test_analytics.py:308: PytestUnknownMarkWarning: Unknown pytest.mark.unit - is this a typo?  You can register custom marks to avoid this warning - for details, see https://docs.pytest.org/en/stable/how-to/mark.html\n    @pytest.mark.unit\n\ntests\\test_analytics.py:351\n  C:\\Users\\Devansh\\Downloads\\intern_application_round1\\tests\\test_analytics.py:351: PytestUnknownMarkWarning: Unknown pytest.mark.unit - is this a typo?  You can register custom marks to avoid this warning - for details, see https://docs.pytest.org/en/stable/how-to/mark.html\n    @pytest.mark.unit\n\ntests\\test_analytics.py:359\n  C:\\Users\\Devansh\\Downloads\\intern_application_round1\\tests\\test_analytics.py:359: PytestUnknownMarkWarning: Unknown pytest.mark.unit - is this a typo?  You can register custom marks to avoid this warning - for details, see https://docs.pytest.org/en/stable/how-to/mark.html\n    @pytest.mark.unit\n\ntests\\test_analytics.py:371\n  C:\\Users\\Devansh\\Downloads\\intern_application_round1\\tests\\test_analytics.py:371: PytestUnknownMarkWarning: Unknown pytest.mark.unit - is this a typo?  You can register custom marks to avoid this warning - for details, see https://docs.pytest.org/en/stable/how-to/mark.html\n    @pytest.mark.unit\n\ntests\\test_analytics.py:616\n  C:\\Users\\Devansh\\Downloads\\intern_application_round1\\tests\\test_analytics.py:616: PytestUnknownMarkWarning: Unknown pytest.mark.integration - is this a typo?  You can register custom marks to avoid this warning - for details, see https://docs.pytest.org/en/stable/how-to/mark.html\n    @pytest.mark.integration\n\ntests\\test_analytics.py:642\n  C:\\Users\\Devansh\\Downloads\\intern_application_round1\\tests\\test_analytics.py:642: PytestUnknownMarkWarning: Unknown pytest.mark.integration - is this a typo?  You can register custom marks to avoid this warning - for details, see https://docs.pytest.org/en/stable/how-to/mark.html\n    @pytest.mark.integration\n\ntests\\test_analytics.py:659\n  C:\\Users\\Devansh\\Downloads\\intern_application_round1\\tests\\test_analytics.py:659: PytestUnknownMarkWarning: Unknown pytest.mark.integration - is this a typo?  You can register custom marks to avoid this warning - for details, see https://docs.pytest.org/en/stable/how-to/mark.html\n    @pytest.mark.integration\n\ntests\\test_database.py:16\n  C:\\Users\\Devansh\\Downloads\\intern_application_round1\\tests\\test_database.py:16: PytestUnknownMarkWarning: Unknown pytest.mark.smoke - is this a typo?  You can register custom marks to avoid this warning - for details, see https://docs.pytest.org/en/stable/how-to/mark.html\n    @pytest.mark.smoke\n\ntests\\test_database.py:17\n  C:\\Users\\Devansh\\Downloads\\intern_application_round1\\tests\\test_database.py:17: PytestUnknownMarkWarning: Unknown pytest.mark.unit - is this a typo?  You can register custom marks to avoid this warning - for details, see https://docs.pytest.org/en/stable/how-to/mark.html\n    @pytest.mark.unit\n\ntests\\test_database.py:24\n  C:\\Users\\Devansh\\Downloads\\intern_application_round1\\tests\\test_database.py:24: PytestUnknownMarkWarning: Unknown pytest.mark.smoke - is this a typo?  You can register custom marks to avoid this warning - for details, see https://docs.pytest.org/en/stable/how-to/mark.html\n    @pytest.mark.smoke\n\ntests\\test_database.py:25\n  C:\\Users\\Devansh\\Downloads\\intern_application_round1\\tests\\test_database.py:25: PytestUnknownMarkWarning: Unknown pytest.mark.unit - is this a typo?  You can register custom marks to avoid this warning - for details, see https://docs.pytest.org/en/stable/how-to/mark.html\n    @pytest.mark.unit\n\ntests\\test_database.py:41\n  C:\\Users\\Devansh\\Downloads\\intern_application_round1\\tests\\test_database.py:41: PytestUnknownMarkWarning: Unknown pytest.mark.unit - is this a typo?  You can register custom marks to avoid this warning - for details, see https://docs.pytest.org/en/stable/how-to/mark.html\n    @pytest.mark.unit\n\ntests\\test_database.py:70\n  C:\\Users\\Devansh\\Downloads\\intern_application_round1\\tests\\test_database.py:70: PytestUnknownMarkWarning: Unknown pytest.mark.unit - is this a typo?  You can register custom marks to avoid this warning - for details, see https://docs.pytest.org/en/stable/how-to/mark.html\n    @pytest.mark.unit\n\ntests\\test_database.py:98\n  C:\\Users\\Devansh\\Downloads\\intern_application_round1\\tests\\test_database.py:98: PytestUnknownMarkWarning: Unknown pytest.mark.unit - is this a typo?  You can register custom marks to avoid this warning - for details, see https://docs.pytest.org/en/stable/how-to/mark.html\n    @pytest.mark.unit\n\ntests\\test_database.py:112\n  C:\\Users\\Devansh\\Downloads\\intern_application_round1\\tests\\test_database.py:112: PytestUnknownMarkWarning: Unknown pytest.mark.unit - is this a typo?  You can register custom marks to avoid this warning - for details, see https://docs.pytest.org/en/stable/how-to/mark.html\n    @pytest.mark.unit\n\ntests\\test_database.py:137\n  C:\\Users\\Devansh\\Downloads\\intern_application_round1\\tests\\test_database.py:137: PytestUnknownMarkWarning: Unknown pytest.mark.unit - is this a typo?  You can register custom marks to avoid this warning - for details, see https://docs.pytest.org/en/stable/how-to/mark.html\n    @pytest.mark.unit\n\ntests\\test_database.py:181\n  C:\\Users\\Devansh\\Downloads\\intern_application_round1\\tests\\test_database.py:181: PytestUnknownMarkWarning: Unknown pytest.mark.unit - is this a typo?  You can register custom marks to avoid this warning - for details, see https://docs.pytest.org/en/stable/how-to/mark.html\n    @pytest.mark.unit\n\ntests\\test_database.py:214\n  C:\\Users\\Devansh\\Downloads\\intern_application_round1\\tests\\test_database.py:214: PytestUnknownMarkWarning: Unknown pytest.mark.unit - is this a typo?  You can register custom marks to avoid this warning - for details, see https://docs.pytest.org/en/stable/how-to/mark.html\n    @pytest.mark.unit\n\ntests\\test_database.py:246\n  C:\\Users\\Devansh\\Downloads\\intern_application_round1\\tests\\test_database.py:246: PytestUnknownMarkWarning: Unknown pytest.mark.unit - is this a typo?  You can register custom marks to avoid this warning - for details, see https://docs.pytest.org/en/stable/how-to/mark.html\n    @pytest.mark.unit\n\ntests\\test_database.py:277\n  C:\\Users\\Devansh\\Downloads\\intern_application_round1\\tests\\test_database.py:277: PytestUnknownMarkWarning: Unknown pytest.mark.unit - is this a typo?  You can register custom marks to avoid this warning - for details, see https://docs.pytest.org/en/stable/how-to/mark.html\n    @pytest.mark.unit\n\ntests\\test_database.py:299\n  C:\\Users\\Devansh\\Downloads\\intern_application_round1\\tests\\test_database.py:299: PytestUnknownMarkWarning: Unknown pytest.mark.unit - is this a typo?  You can register custom marks to avoid this warning - for details, see https://docs.pytest.org/en/stable/how-to/mark.html\n    @pytest.mark.unit\n\ntests\\test_database.py:314\n  C:\\Users\\Devansh\\Downloads\\intern_application_round1\\tests\\test_database.py:314: PytestUnknownMarkWarning: Unknown pytest.mark.unit - is this a typo?  You can register custom marks to avoid this warning - for details, see https://docs.pytest.org/en/stable/how-to/mark.html\n    @pytest.mark.unit\n\ntests\\test_database.py:334\n  C:\\Users\\Devansh\\Downloads\\intern_application_round1\\tests\\test_database.py:334: PytestUnknownMarkWarning: Unknown pytest.mark.unit - is this a typo?  You can register custom marks to avoid this warning - for details, see https://docs.pytest.org/en/stable/how-to/mark.html\n    @pytest.mark.unit\n\ntests\\test_database.py:360\n  C:\\Users\\Devansh\\Downloads\\intern_application_round1\\tests\\test_database.py:360: PytestUnknownMarkWarning: Unknown pytest.mark.unit - is this a typo?  You can register custom marks to avoid this warning - for details, see https://docs.pytest.org/en/stable/how-to/mark.html\n    @pytest.mark.unit\n\ntests\\test_database.py:397\n  C:\\Users\\Devansh\\Downloads\\intern_application_round1\\tests\\test_database.py:397: PytestUnknownMarkWarning: Unknown pytest.mark.unit - is this a typo?  You can register custom marks to avoid this warning - for details, see https://docs.pytest.org/en/stable/how-to/mark.html\n    @pytest.mark.unit\n\ntests\\test_database.py:412\n  C:\\Users\\Devansh\\Downloads\\intern_application_round1\\tests\\test_database.py:412: PytestUnknownMarkWarning: Unknown pytest.mark.unit - is this a typo?  You can register custom marks to avoid this warning - for details, see https://docs.pytest.org/en/stable/how-to/mark.html\n    @pytest.mark.unit\n\ntests\\test_database.py:441\n  C:\\Users\\Devansh\\Downloads\\intern_application_round1\\tests\\test_database.py:441: PytestUnknownMarkWarning: Unknown pytest.mark.unit - is this a typo?  You can register custom marks to avoid this warning - for details, see https://docs.pytest.org/en/stable/how-to/mark.html\n    @pytest.mark.unit\n\ntests\\test_database.py:472\n  C:\\Users\\Devansh\\Downloads\\intern_application_round1\\tests\\test_database.py:472: PytestUnknownMarkWarning: Unknown pytest.mark.unit - is this a typo?  You can register custom marks to avoid this warning - for details, see https://docs.pytest.org/en/stable/how-to/mark.html\n    @pytest.mark.unit\n\ntests\\test_integration.py:42\n  C:\\Users\\Devansh\\Downloads\\intern_application_round1\\tests\\test_integration.py:42: PytestUnknownMarkWarning: Unknown pytest.mark.integration - is this a typo?  You can register custom marks to avoid this warning - for details, see https://docs.pytest.org/en/stable/how-to/mark.html\n    @pytest.mark.integration\n\ntests\\test_integration.py:82\n  C:\\Users\\Devansh\\Downloads\\intern_application_round1\\tests\\test_integration.py:82: PytestUnknownMarkWarning: Unknown pytest.mark.integration - is this a typo?  You can register custom marks to avoid this warning - for details, see https://docs.pytest.org/en/stable/how-to/mark.html\n    @pytest.mark.integration\n\ntests\\test_integration.py:105\n  C:\\Users\\Devansh\\Downloads\\intern_application_round1\\tests\\test_integration.py:105: PytestUnknownMarkWarning: Unknown pytest.mark.integration - is this a typo?  You can register custom marks to avoid this warning - for details, see https://docs.pytest.org/en/stable/how-to/mark.html\n    @pytest.mark.integration\n\ntests\\test_integration.py:123\n  C:\\Users\\Devansh\\Downloads\\intern_application_round1\\tests\\test_integration.py:123: PytestUnknownMarkWarning: Unknown pytest.mark.integration - is this a typo?  You can register custom marks to avoid this warning - for details, see https://docs.pytest.org/en/stable/how-to/mark.html\n    @pytest.mark.integration\n\ntests\\test_integration.py:144\n  C:\\Users\\Devansh\\Downloads\\intern_application_round1\\tests\\test_integration.py:144: PytestUnknownMarkWarning: Unknown pytest.mark.integration - is this a typo?  You can register custom marks to avoid this warning - for details, see https://docs.pytest.org/en/stable/how-to/mark.html\n    @pytest.mark.integration\n\ntests\\test_integration.py:201\n  C:\\Users\\Devansh\\Downloads\\intern_application_round1\\tests\\test_integration.py:201: PytestUnknownMarkWarning: Unknown pytest.mark.integration - is this a typo?  You can register custom marks to avoid this warning - for details, see https://docs.pytest.org/en/stable/how-to/mark.html\n    @pytest.mark.integration\n\ntests\\test_performance.py:24\n  C:\\Users\\Devansh\\Downloads\\intern_application_round1\\tests\\test_performance.py:24: PytestUnknownMarkWarning: Unknown pytest.mark.performance - is this a typo?  You can register custom marks to avoid this warning - for details, see https://docs.pytest.org/en/stable/how-to/mark.html\n    @pytest.mark.performance\n\ntests\\test_performance.py:72\n  C:\\Users\\Devansh\\Downloads\\intern_application_round1\\tests\\test_performance.py:72: PytestUnknownMarkWarning: Unknown pytest.mark.performance - is this a typo?  You can register custom marks to avoid this warning - for details, see https://docs.pytest.org/en/stable/how-to/mark.html\n    @pytest.mark.performance\n\ntests\\test_performance.py:126\n  C:\\Users\\Devansh\\Downloads\\intern_application_round1\\tests\\test_performance.py:126: PytestUnknownMarkWarning: Unknown pytest.mark.performance - is this a typo?  You can register custom marks to avoid this warning - for details, see https://docs.pytest.org/en/stable/how-to/mark.html\n    @pytest.mark.performance\n\ntests\\test_performance.py:197\n  C:\\Users\\Devansh\\Downloads\\intern_application_round1\\tests\\test_performance.py:197: PytestUnknownMarkWarning: Unknown pytest.mark.performance - is this a typo?  You can register custom marks to avoid this warning - for details, see https://docs.pytest.org/en/stable/how-to/mark.html\n    @pytest.mark.performance\n\ntests\\test_performance.py:240\n  C:\\Users\\Devansh\\Downloads\\intern_application_round1\\tests\\test_performance.py:240: PytestUnknownMarkWarning: Unknown pytest.mark.performance - is this a typo?  You can register custom marks to avoid this warning - for details, see https://docs.pytest.org/en/stable/how-to/mark.html\n    @pytest.mark.performance\n\ntests\\test_performance.py:268\n  C:\\Users\\Devansh\\Downloads\\intern_application_round1\\tests\\test_performance.py:268: PytestUnknownMarkWarning: Unknown pytest.mark.performance - is this a typo?  You can register custom marks to avoid this warning - for details, see https://docs.pytest.org/en/stable/how-to/mark.html\n    @pytest.mark.performance\n\ntests\\test_performance.py:314\n  C:\\Users\\Devansh\\Downloads\\intern_application_round1\\tests\\test_performance.py:314: PytestUnknownMarkWarning: Unknown pytest.mark.performance - is this a typo?  You can register custom marks to avoid this warning - for details, see https://docs.pytest.org/en/stable/how-to/mark.html\n    @pytest.mark.performance\n\ntests\\test_performance.py:361\n  C:\\Users\\Devansh\\Downloads\\intern_application_round1\\tests\\test_performance.py:361: PytestUnknownMarkWarning: Unknown pytest.mark.performance - is this a typo?  You can register custom marks to avoid this warning - for details, see https://docs.pytest.org/en/stable/how-to/mark.html\n    @pytest.mark.performance\n\ntests\\test_performance.py:405\n  C:\\Users\\Devansh\\Downloads\\intern_application_round1\\tests\\test_performance.py:405: PytestUnknownMarkWarning: Unknown pytest.mark.performance - is this a typo?  You can register custom marks to avoid this warning - for details, see https://docs.pytest.org/en/stable/how-to/mark.html\n    @pytest.mark.performance\n\ntests\\test_performance.py:457\n  C:\\Users\\Devansh\\Downloads\\intern_application_round1\\tests\\test_performance.py:457: PytestUnknownMarkWarning: Unknown pytest.mark.performance - is this a typo?  You can register custom marks to avoid this warning - for details, see https://docs.pytest.org/en/stable/how-to/mark.html\n    @pytest.mark.performance\n\ntests\\test_performance.py:504\n  C:\\Users\\Devansh\\Downloads\\intern_application_round1\\tests\\test_performance.py:504: PytestUnknownMarkWarning: Unknown pytest.mark.performance - is this a typo?  You can register custom marks to avoid this warning - for details, see https://docs.pytest.org/en/stable/how-to/mark.html\n    @pytest.mark.performance\n\ntests\\test_performance.py:548\n  C:\\Users\\Devansh\\Downloads\\intern_application_round1\\tests\\test_performance.py:548: PytestUnknownMarkWarning: Unknown pytest.mark.performance - is this a typo?  You can register custom marks to avoid this warning - for details, see https://docs.pytest.org/en/stable/how-to/mark.html\n    @pytest.mark.performance\n\ntests\\test_runner.py:19\n  C:\\Users\\Devansh\\Downloads\\intern_application_round1\\tests\\test_runner.py:19: PytestCollectionWarning: cannot collect test class 'TestRunner' because it has a __init__ constructor (from: tests/test_runner.py)\n    class TestRunner:\n\ntests\\test_scraper.py:20\n  C:\\Users\\Devansh\\Downloads\\intern_application_round1\\tests\\test_scraper.py:20: PytestUnknownMarkWarning: Unknown pytest.mark.smoke - is this a typo?  You can register custom marks to avoid this warning - for details, see https://docs.pytest.org/en/stable/how-to/mark.html\n    @pytest.mark.smoke\n\ntests\\test_scraper.py:21\n  C:\\Users\\Devansh\\Downloads\\intern_application_round1\\tests\\test_scraper.py:21: PytestUnknownMarkWarning: Unknown pytest.mark.unit - is this a typo?  You can register custom marks to avoid this warning - for details, see https://docs.pytest.org/en/stable/how-to/mark.html\n    @pytest.mark.unit\n\ntests\\test_scraper.py:30\n  C:\\Users\\Devansh\\Downloads\\intern_application_round1\\tests\\test_scraper.py:30: PytestUnknownMarkWarning: Unknown pytest.mark.smoke - is this a typo?  You can register custom marks to avoid this warning - for details, see https://docs.pytest.org/en/stable/how-to/mark.html\n    @pytest.mark.smoke\n\ntests\\test_scraper.py:31\n  C:\\Users\\Devansh\\Downloads\\intern_application_round1\\tests\\test_scraper.py:31: PytestUnknownMarkWarning: Unknown pytest.mark.unit - is this a typo?  You can register custom marks to avoid this warning - for details, see https://docs.pytest.org/en/stable/how-to/mark.html\n    @pytest.mark.unit\n\ntests\\test_scraper.py:93\n  C:\\Users\\Devansh\\Downloads\\intern_application_round1\\tests\\test_scraper.py:93: PytestUnknownMarkWarning: Unknown pytest.mark.unit - is this a typo?  You can register custom marks to avoid this warning - for details, see https://docs.pytest.org/en/stable/how-to/mark.html\n    @pytest.mark.unit\n\ntests\\test_scraper.py:489\n  C:\\Users\\Devansh\\Downloads\\intern_application_round1\\tests\\test_scraper.py:489: PytestUnknownMarkWarning: Unknown pytest.mark.unit - is this a typo?  You can register custom marks to avoid this warning - for details, see https://docs.pytest.org/en/stable/how-to/mark.html\n    @pytest.mark.unit\n\ntests\\test_scraper.py:500\n  C:\\Users\\Devansh\\Downloads\\intern_application_round1\\tests\\test_scraper.py:500: PytestUnknownMarkWarning: Unknown pytest.mark.unit - is this a typo?  You can register custom marks to avoid this warning - for details, see https://docs.pytest.org/en/stable/how-to/mark.html\n    @pytest.mark.unit\n\ntests\\test_scraper.py:515\n  C:\\Users\\Devansh\\Downloads\\intern_application_round1\\tests\\test_scraper.py:515: PytestUnknownMarkWarning: Unknown pytest.mark.unit - is this a typo?  You can register custom marks to avoid this warning - for details, see https://docs.pytest.org/en/stable/how-to/mark.html\n    @pytest.mark.unit\n\ntests\\test_scraper.py:531\n  C:\\Users\\Devansh\\Downloads\\intern_application_round1\\tests\\test_scraper.py:531: PytestUnknownMarkWarning: Unknown pytest.mark.unit - is this a typo?  You can register custom marks to avoid this warning - for details, see https://docs.pytest.org/en/stable/how-to/mark.html\n    @pytest.mark.unit\n\ntests\\test_scraper.py:567\n  C:\\Users\\Devansh\\Downloads\\intern_application_round1\\tests\\test_scraper.py:567: PytestUnknownMarkWarning: Unknown pytest.mark.unit - is this a typo?  You can register custom marks to avoid this warning - for details, see https://docs.pytest.org/en/stable/how-to/mark.html\n    @pytest.mark.unit\n\ntests\\test_scraper.py:581\n  C:\\Users\\Devansh\\Downloads\\intern_application_round1\\tests\\test_scraper.py:581: PytestUnknownMarkWarning: Unknown pytest.mark.unit - is this a typo?  You can register custom marks to avoid this warning - for details, see https://docs.pytest.org/en/stable/how-to/mark.html\n    @pytest.mark.unit\n\ntests\\test_security.py:18\n  C:\\Users\\Devansh\\Downloads\\intern_application_round1\\tests\\test_security.py:18: PytestUnknownMarkWarning: Unknown pytest.mark.security - is this a typo?  You can register custom marks to avoid this warning - for details, see https://docs.pytest.org/en/stable/how-to/mark.html\n    @pytest.mark.security\n\ntests\\test_security.py:42\n  C:\\Users\\Devansh\\Downloads\\intern_application_round1\\tests\\test_security.py:42: PytestUnknownMarkWarning: Unknown pytest.mark.security - is this a typo?  You can register custom marks to avoid this warning - for details, see https://docs.pytest.org/en/stable/how-to/mark.html\n    @pytest.mark.security\n\ntests\\test_security.py:72\n  C:\\Users\\Devansh\\Downloads\\intern_application_round1\\tests\\test_security.py:72: PytestUnknownMarkWarning: Unknown pytest.mark.security - is this a typo?  You can register custom marks to avoid this warning - for details, see https://docs.pytest.org/en/stable/how-to/mark.html\n    @pytest.mark.security\n\ntests\\test_security.py:96\n  C:\\Users\\Devansh\\Downloads\\intern_application_round1\\tests\\test_security.py:96: PytestUnknownMarkWarning: Unknown pytest.mark.security - is this a typo?  You can register custom marks to avoid this warning - for details, see https://docs.pytest.org/en/stable/how-to/mark.html\n    @pytest.mark.security\n\ntests\\test_security.py:116\n  C:\\Users\\Devansh\\Downloads\\intern_application_round1\\tests\\test_security.py:116: PytestUnknownMarkWarning: Unknown pytest.mark.security - is this a typo?  You can register custom marks to avoid this warning - for details, see https://docs.pytest.org/en/stable/how-to/mark.html\n    @pytest.mark.security\n\ntests\\test_security.py:143\n  C:\\Users\\Devansh\\Downloads\\intern_application_round1\\tests\\test_security.py:143: PytestUnknownMarkWarning: Unknown pytest.mark.security - is this a typo?  You can register custom marks to avoid this warning - for details, see https://docs.pytest.org/en/stable/how-to/mark.html\n    @pytest.mark.security\n\ntests\\test_security.py:162\n  C:\\Users\\Devansh\\Downloads\\intern_application_round1\\tests\\test_security.py:162: PytestUnknownMarkWarning: Unknown pytest.mark.security - is this a typo?  You can register custom marks to avoid this warning - for details, see https://docs.pytest.org/en/stable/how-to/mark.html\n    @pytest.mark.security\n\ntests\\test_security.py:183\n  C:\\Users\\Devansh\\Downloads\\intern_application_round1\\tests\\test_security.py:183: PytestUnknownMarkWarning: Unknown pytest.mark.security - is this a typo?  You can register custom marks to avoid this warning - for details, see https://docs.pytest.org/en/stable/how-to/mark.html\n    @pytest.mark.security\n\ntests\\test_security.py:208\n  C:\\Users\\Devansh\\Downloads\\intern_application_round1\\tests\\test_security.py:208: PytestUnknownMarkWarning: Unknown pytest.mark.security - is this a typo?  You can register custom marks to avoid this warning - for details, see https://docs.pytest.org/en/stable/how-to/mark.html\n    @pytest.mark.security\n\ntests\\test_security.py:230\n  C:\\Users\\Devansh\\Downloads\\intern_application_round1\\tests\\test_security.py:230: PytestUnknownMarkWarning: Unknown pytest.mark.security - is this a typo?  You can register custom marks to avoid this warning - for details, see https://docs.pytest.org/en/stable/how-to/mark.html\n    @pytest.mark.security\n\ntests\\test_security.py:255\n  C:\\Users\\Devansh\\Downloads\\intern_application_round1\\tests\\test_security.py:255: PytestUnknownMarkWarning: Unknown pytest.mark.security - is this a typo?  You can register custom marks to avoid this warning - for details, see https://docs.pytest.org/en/stable/how-to/mark.html\n    @pytest.mark.security\n\ntests\\test_security.py:275\n  C:\\Users\\Devansh\\Downloads\\intern_application_round1\\tests\\test_security.py:275: PytestUnknownMarkWarning: Unknown pytest.mark.security - is this a typo?  You can register custom marks to avoid this warning - for details, see https://docs.pytest.org/en/stable/how-to/mark.html\n    @pytest.mark.security\n\ntests\\test_security.py:299\n  C:\\Users\\Devansh\\Downloads\\intern_application_round1\\tests\\test_security.py:299: PytestUnknownMarkWarning: Unknown pytest.mark.security - is this a typo?  You can register custom marks to avoid this warning - for details, see https://docs.pytest.org/en/stable/how-to/mark.html\n    @pytest.mark.security\n\ntests\\test_security.py:323\n  C:\\Users\\Devansh\\Downloads\\intern_application_round1\\tests\\test_security.py:323: PytestUnknownMarkWarning: Unknown pytest.mark.security - is this a typo?  You can register custom marks to avoid this warning - for details, see https://docs.pytest.org/en/stable/how-to/mark.html\n    @pytest.mark.security\n\ntests\\test_security.py:350\n  C:\\Users\\Devansh\\Downloads\\intern_application_round1\\tests\\test_security.py:350: PytestUnknownMarkWarning: Unknown pytest.mark.security - is this a typo?  You can register custom marks to avoid this warning - for details, see https://docs.pytest.org/en/stable/how-to/mark.html\n    @pytest.mark.security\n\ntests\\test_security.py:366\n  C:\\Users\\Devansh\\Downloads\\intern_application_round1\\tests\\test_security.py:366: PytestUnknownMarkWarning: Unknown pytest.mark.security - is this a typo?  You can register custom marks to avoid this warning - for details, see https://docs.pytest.org/en/stable/how-to/mark.html\n    @pytest.mark.security\n\ntests\\test_security.py:386\n  C:\\Users\\Devansh\\Downloads\\intern_application_round1\\tests\\test_security.py:386: PytestUnknownMarkWarning: Unknown pytest.mark.security - is this a typo?  You can register custom marks to avoid this warning - for details, see https://docs.pytest.org/en/stable/how-to/mark.html\n    @pytest.mark.security\n\ntests\\test_ui.py:19\n  C:\\Users\\Devansh\\Downloads\\intern_application_round1\\tests\\test_ui.py:19: PytestUnknownMarkWarning: Unknown pytest.mark.unit - is this a typo?  You can register custom marks to avoid this warning - for details, see https://docs.pytest.org/en/stable/how-to/mark.html\n    @pytest.mark.unit\n\ntests\\test_ui.py:27\n  C:\\Users\\Devansh\\Downloads\\intern_application_round1\\tests\\test_ui.py:27: PytestUnknownMarkWarning: Unknown pytest.mark.unit - is this a typo?  You can register custom marks to avoid this warning - for details, see https://docs.pytest.org/en/stable/how-to/mark.html\n    @pytest.mark.unit\n\ntests\\test_ui.py:45\n  C:\\Users\\Devansh\\Downloads\\intern_application_round1\\tests\\test_ui.py:45: PytestUnknownMarkWarning: Unknown pytest.mark.unit - is this a typo?  You can register custom marks to avoid this warning - for details, see https://docs.pytest.org/en/stable/how-to/mark.html\n    @pytest.mark.unit\n\ntests\\test_ui.py:66\n  C:\\Users\\Devansh\\Downloads\\intern_application_round1\\tests\\test_ui.py:66: PytestUnknownMarkWarning: Unknown pytest.mark.unit - is this a typo?  You can register custom marks to avoid this warning - for details, see https://docs.pytest.org/en/stable/how-to/mark.html\n    @pytest.mark.unit\n\ntests\\test_ui.py:87\n  C:\\Users\\Devansh\\Downloads\\intern_application_round1\\tests\\test_ui.py:87: PytestUnknownMarkWarning: Unknown pytest.mark.unit - is this a typo?  You can register custom marks to avoid this warning - for details, see https://docs.pytest.org/en/stable/how-to/mark.html\n    @pytest.mark.unit\n\ntests\\test_ui.py:107\n  C:\\Users\\Devansh\\Downloads\\intern_application_round1\\tests\\test_ui.py:107: PytestUnknownMarkWarning: Unknown pytest.mark.unit - is this a typo?  You can register custom marks to avoid this warning - for details, see https://docs.pytest.org/en/stable/how-to/mark.html\n    @pytest.mark.unit\n\ntests\\test_ui.py:125\n  C:\\Users\\Devansh\\Downloads\\intern_application_round1\\tests\\test_ui.py:125: PytestUnknownMarkWarning: Unknown pytest.mark.unit - is this a typo?  You can register custom marks to avoid this warning - for details, see https://docs.pytest.org/en/stable/how-to/mark.html\n    @pytest.mark.unit\n\ntests\\test_ui.py:140\n  C:\\Users\\Devansh\\Downloads\\intern_application_round1\\tests\\test_ui.py:140: PytestUnknownMarkWarning: Unknown pytest.mark.unit - is this a typo?  You can register custom marks to avoid this warning - for details, see https://docs.pytest.org/en/stable/how-to/mark.html\n    @pytest.mark.unit\n\ntests\\test_ui.py:155\n  C:\\Users\\Devansh\\Downloads\\intern_application_round1\\tests\\test_ui.py:155: PytestUnknownMarkWarning: Unknown pytest.mark.unit - is this a typo?  You can register custom marks to avoid this warning - for details, see https://docs.pytest.org/en/stable/how-to/mark.html\n    @pytest.mark.unit\n\ntests\\test_ui.py:168\n  C:\\Users\\Devansh\\Downloads\\intern_application_round1\\tests\\test_ui.py:168: PytestUnknownMarkWarning: Unknown pytest.mark.unit - is this a typo?  You can register custom marks to avoid this warning - for details, see https://docs.pytest.org/en/stable/how-to/mark.html\n    @pytest.mark.unit\n\ntests\\test_ui.py:183\n  C:\\Users\\Devansh\\Downloads\\intern_application_round1\\tests\\test_ui.py:183: PytestUnknownMarkWarning: Unknown pytest.mark.unit - is this a typo?  You can register custom marks to avoid this warning - for details, see https://docs.pytest.org/en/stable/how-to/mark.html\n    @pytest.mark.unit\n\ntests\\test_ui.py:201\n  C:\\Users\\Devansh\\Downloads\\intern_application_round1\\tests\\test_ui.py:201: PytestUnknownMarkWarning: Unknown pytest.mark.unit - is this a typo?  You can register custom marks to avoid this warning - for details, see https://docs.pytest.org/en/stable/how-to/mark.html\n    @pytest.mark.unit\n\ntests\\test_ui.py:220\n  C:\\Users\\Devansh\\Downloads\\intern_application_round1\\tests\\test_ui.py:220: PytestUnknownMarkWarning: Unknown pytest.mark.unit - is this a typo?  You can register custom marks to avoid this warning - for details, see https://docs.pytest.org/en/stable/how-to/mark.html\n    @pytest.mark.unit\n\ntests\\test_ui.py:231\n  C:\\Users\\Devansh\\Downloads\\intern_application_round1\\tests\\test_ui.py:231: PytestUnknownMarkWarning: Unknown pytest.mark.unit - is this a typo?  You can register custom marks to avoid this warning - for details, see https://docs.pytest.org/en/stable/how-to/mark.html\n    @pytest.mark.unit\n\ntests\\test_ui.py:244\n  C:\\Users\\Devansh\\Downloads\\intern_application_round1\\tests\\test_ui.py:244: PytestUnknownMarkWarning: Unknown pytest.mark.unit - is this a typo?  You can register custom marks to avoid this warning - for details, see https://docs.pytest.org/en/stable/how-to/mark.html\n    @pytest.mark.unit\n\ntests\\test_ui.py:267\n  C:\\Users\\Devansh\\Downloads\\intern_application_round1\\tests\\test_ui.py:267: PytestUnknownMarkWarning: Unknown pytest.mark.unit - is this a typo?  You can register custom marks to avoid this warning - for details, see https://docs.pytest.org/en/stable/how-to/mark.html\n    @pytest.mark.unit\n\ntests\\test_ui.py:292\n  C:\\Users\\Devansh\\Downloads\\intern_application_round1\\tests\\test_ui.py:292: PytestUnknownMarkWarning: Unknown pytest.mark.unit - is this a typo?  You can register custom marks to avoid this warning - for details, see https://docs.pytest.org/en/stable/how-to/mark.html\n    @pytest.mark.unit\n\ntests\\test_ui.py:315\n  C:\\Users\\Devansh\\Downloads\\intern_application_round1\\tests\\test_ui.py:315: PytestUnknownMarkWarning: Unknown pytest.mark.unit - is this a typo?  You can register custom marks to avoid this warning - for details, see https://docs.pytest.org/en/stable/how-to/mark.html\n    @pytest.mark.unit\n\ntests\\test_ui.py:336\n  C:\\Users\\Devansh\\Downloads\\intern_application_round1\\tests\\test_ui.py:336: PytestUnknownMarkWarning: Unknown pytest.mark.unit - is this a typo?  You can register custom marks to avoid this warning - for details, see https://docs.pytest.org/en/stable/how-to/mark.html\n    @pytest.mark.unit\n\ntests\\test_ui.py:357\n  C:\\Users\\Devansh\\Downloads\\intern_application_round1\\tests\\test_ui.py:357: PytestUnknownMarkWarning: Unknown pytest.mark.unit - is this a typo?  You can register custom marks to avoid this warning - for details, see https://docs.pytest.org/en/stable/how-to/mark.html\n    @pytest.mark.unit\n\ntests\\test_ui.py:382\n  C:\\Users\\Devansh\\Downloads\\intern_application_round1\\tests\\test_ui.py:382: PytestUnknownMarkWarning: Unknown pytest.mark.unit - is this a typo?  You can register custom marks to avoid this warning - for details, see https://docs.pytest.org/en/stable/how-to/mark.html\n    @pytest.mark.unit\n\ntests\\test_ui.py:403\n  C:\\Users\\Devansh\\Downloads\\intern_application_round1\\tests\\test_ui.py:403: PytestUnknownMarkWarning: Unknown pytest.mark.unit - is this a typo?  You can register custom marks to avoid this warning - for details, see https://docs.pytest.org/en/stable/how-to/mark.html\n    @pytest.mark.unit\n\ntests\\test_ui.py:427\n  C:\\Users\\Devansh\\Downloads\\intern_application_round1\\tests\\test_ui.py:427: PytestUnknownMarkWarning: Unknown pytest.mark.unit - is this a typo?  You can register custom marks to avoid this warning - for details, see https://docs.pytest.org/en/stable/how-to/mark.html\n    @pytest.mark.unit\n\ntests\\test_ui.py:442\n  C:\\Users\\Devansh\\Downloads\\intern_application_round1\\tests\\test_ui.py:442: PytestUnknownMarkWarning: Unknown pytest.mark.unit - is this a typo?  You can register custom marks to avoid this warning - for details, see https://docs.pytest.org/en/stable/how-to/mark.html\n    @pytest.mark.unit\n\ntests\\test_ui.py:454\n  C:\\Users\\Devansh\\Downloads\\intern_application_round1\\tests\\test_ui.py:454: PytestUnknownMarkWarning: Unknown pytest.mark.unit - is this a typo?  You can register custom marks to avoid this warning - for details, see https://docs.pytest.org/en/stable/how-to/mark.html\n    @pytest.mark.unit\n\ntests\\test_ui.py:476\n  C:\\Users\\Devansh\\Downloads\\intern_application_round1\\tests\\test_ui.py:476: PytestUnknownMarkWarning: Unknown pytest.mark.unit - is this a typo?  You can register custom marks to avoid this warning - for details, see https://docs.pytest.org/en/stable/how-to/mark.html\n    @pytest.mark.unit\n\ntests\\test_ui.py:504\n  C:\\Users\\Devansh\\Downloads\\intern_application_round1\\tests\\test_ui.py:504: PytestUnknownMarkWarning: Unknown pytest.mark.unit - is this a typo?  You can register custom marks to avoid this warning - for details, see https://docs.pytest.org/en/stable/how-to/mark.html\n    @pytest.mark.unit\n\ntests\\test_ui.py:530\n  C:\\Users\\Devansh\\Downloads\\intern_application_round1\\tests\\test_ui.py:530: PytestUnknownMarkWarning: Unknown pytest.mark.unit - is this a typo?  You can register custom marks to avoid this warning - for details, see https://docs.pytest.org/en/stable/how-to/mark.html\n    @pytest.mark.unit\n\ntests/test_analytics.py::TestMetricsAnalyzer::test_calculate_basic_metrics\ntests/test_analytics.py::TestMetricsAnalyzer::test_analyze_session_metrics\ntests/test_analytics.py::TestMetricsAnalyzer::test_calculate_temporal_metrics\ntests/test_analytics.py::TestMetricsAnalyzer::test_calculate_subreddit_metrics\ntests/test_analytics.py::TestMetricsAnalyzer::test_calculate_sentiment_metrics\ntests/test_analytics.py::TestMetricsAnalyzer::test_calculate_engagement_metrics\ntests/test_analytics.py::TestMetricsAnalyzer::test_detect_trending_topics\ntests/test_analytics.py::TestMetricsAnalyzer::test_generate_comprehensive_metrics\ntests/test_analytics.py::TestDataValidator::test_validate_mention_valid_data\n  C:\\Users\\Devansh\\Downloads\\intern_application_round1\\tests\\conftest.py:27: DeprecationWarning: datetime.datetime.utcnow() is deprecated and scheduled for removal in a future version. Use timezone-aware objects to represent datetimes in UTC: datetime.datetime.now(datetime.UTC).\n    'created_utc': datetime.utcnow(),\n\ntests/test_analytics.py::TestMetricsAnalyzer::test_calculate_basic_metrics\ntests/test_analytics.py::TestMetricsAnalyzer::test_analyze_session_metrics\ntests/test_analytics.py::TestMetricsAnalyzer::test_calculate_temporal_metrics\ntests/test_analytics.py::TestMetricsAnalyzer::test_calculate_subreddit_metrics\ntests/test_analytics.py::TestMetricsAnalyzer::test_calculate_sentiment_metrics\ntests/test_analytics.py::TestMetricsAnalyzer::test_calculate_engagement_metrics\ntests/test_analytics.py::TestMetricsAnalyzer::test_detect_trending_topics\ntests/test_analytics.py::TestMetricsAnalyzer::test_generate_comprehensive_metrics\ntests/test_analytics.py::TestDataValidator::test_validate_mention_valid_data\n  C:\\Users\\Devansh\\Downloads\\intern_application_round1\\tests\\conftest.py:30: DeprecationWarning: datetime.datetime.utcnow() is deprecated and scheduled for removal in a future version. Use timezone-aware objects to represent datetimes in UTC: datetime.datetime.now(datetime.UTC).\n    'scraped_at': datetime.utcnow()\n\ntests/test_analytics.py::TestMetricsAnalyzer::test_calculate_basic_metrics\ntests/test_analytics.py::TestMetricsAnalyzer::test_analyze_session_metrics\ntests/test_analytics.py::TestMetricsAnalyzer::test_calculate_temporal_metrics\ntests/test_analytics.py::TestMetricsAnalyzer::test_calculate_subreddit_metrics\ntests/test_analytics.py::TestMetricsAnalyzer::test_calculate_sentiment_metrics\ntests/test_analytics.py::TestMetricsAnalyzer::test_calculate_engagement_metrics\ntests/test_analytics.py::TestMetricsAnalyzer::test_detect_trending_topics\ntests/test_analytics.py::TestMetricsAnalyzer::test_generate_comprehensive_metrics\ntests/test_analytics.py::TestMetricsAnalyzer::test_malformed_data_handling\n  C:\\Users\\Devansh\\Downloads\\intern_application_round1\\analytics\\metrics_analyzer.py:88: DeprecationWarning: datetime.datetime.utcnow() is deprecated and scheduled for removal in a future version. Use timezone-aware objects to represent datetimes in UTC: datetime.datetime.now(datetime.UTC).\n    cutoff_date = datetime.utcnow() - timedelta(days=days)\n\ntests/test_analytics.py::TestMetricsAnalyzer::test_calculate_basic_metrics\ntests/test_analytics.py::TestMetricsAnalyzer::test_analyze_session_metrics\ntests/test_analytics.py::TestMetricsAnalyzer::test_calculate_temporal_metrics\ntests/test_analytics.py::TestMetricsAnalyzer::test_calculate_subreddit_metrics\ntests/test_analytics.py::TestMetricsAnalyzer::test_calculate_sentiment_metrics\ntests/test_analytics.py::TestMetricsAnalyzer::test_calculate_engagement_metrics\ntests/test_analytics.py::TestMetricsAnalyzer::test_detect_trending_topics\ntests/test_analytics.py::TestMetricsAnalyzer::test_generate_comprehensive_metrics\ntests/test_analytics.py::TestMetricsAnalyzer::test_malformed_data_handling\n  C:\\Users\\Devansh\\Downloads\\intern_application_round1\\analytics\\metrics_analyzer.py:166: DeprecationWarning: datetime.datetime.utcnow() is deprecated and scheduled for removal in a future version. Use timezone-aware objects to represent datetimes in UTC: datetime.datetime.now(datetime.UTC).\n    start=datetime.utcnow().date() - timedelta(days=days-1),\n\ntests/test_analytics.py::TestMetricsAnalyzer::test_calculate_basic_metrics\ntests/test_analytics.py::TestMetricsAnalyzer::test_analyze_session_metrics\ntests/test_analytics.py::TestMetricsAnalyzer::test_calculate_temporal_metrics\ntests/test_analytics.py::TestMetricsAnalyzer::test_calculate_subreddit_metrics\ntests/test_analytics.py::TestMetricsAnalyzer::test_calculate_sentiment_metrics\ntests/test_analytics.py::TestMetricsAnalyzer::test_calculate_engagement_metrics\ntests/test_analytics.py::TestMetricsAnalyzer::test_detect_trending_topics\ntests/test_analytics.py::TestMetricsAnalyzer::test_generate_comprehensive_metrics\ntests/test_analytics.py::TestMetricsAnalyzer::test_malformed_data_handling\n  C:\\Users\\Devansh\\Downloads\\intern_application_round1\\analytics\\metrics_analyzer.py:167: DeprecationWarning: datetime.datetime.utcnow() is deprecated and scheduled for removal in a future version. Use timezone-aware objects to represent datetimes in UTC: datetime.datetime.now(datetime.UTC).\n    end=datetime.utcnow().date(),\n\ntests/test_analytics.py::TestMetricsAnalyzer::test_calculate_basic_metrics\ntests/test_analytics.py::TestMetricsAnalyzer::test_analyze_session_metrics\ntests/test_analytics.py::TestMetricsAnalyzer::test_calculate_temporal_metrics\ntests/test_analytics.py::TestMetricsAnalyzer::test_calculate_subreddit_metrics\ntests/test_analytics.py::TestMetricsAnalyzer::test_calculate_sentiment_metrics\ntests/test_analytics.py::TestMetricsAnalyzer::test_calculate_engagement_metrics\ntests/test_analytics.py::TestMetricsAnalyzer::test_detect_trending_topics\ntests/test_analytics.py::TestMetricsAnalyzer::test_generate_comprehensive_metrics\n  C:\\Users\\Devansh\\Downloads\\intern_application_round1\\analytics\\metrics_analyzer.py:314: DeprecationWarning: datetime.datetime.utcnow() is deprecated and scheduled for removal in a future version. Use timezone-aware objects to represent datetimes in UTC: datetime.datetime.now(datetime.UTC).\n    now = datetime.utcnow()\n\ntests/test_analytics.py::TestMetricsAnalyzer::test_calculate_temporal_metrics\n  C:\\Users\\Devansh\\Downloads\\intern_application_round1\\tests\\test_analytics.py:118: DeprecationWarning: datetime.datetime.utcnow() is deprecated and scheduled for removal in a future version. Use timezone-aware objects to represent datetimes in UTC: datetime.datetime.now(datetime.UTC).\n    now = datetime.utcnow()\n\ntests/test_analytics.py::TestMetricsAnalyzer::test_malformed_data_handling\n  C:\\Users\\Devansh\\Downloads\\intern_application_round1\\tests\\test_analytics.py:331: DeprecationWarning: datetime.datetime.utcnow() is deprecated and scheduled for removal in a future version. Use timezone-aware objects to represent datetimes in UTC: datetime.datetime.now(datetime.UTC).\n    mock_mention.created_utc = datetime.utcnow()\n\ntests/test_analytics.py::TestMetricsAnalyzer::test_malformed_data_handling\n  C:\\Users\\Devansh\\Downloads\\intern_application_round1\\tests\\test_analytics.py:332: DeprecationWarning: datetime.datetime.utcnow() is deprecated and scheduled for removal in a future version. Use timezone-aware objects to represent datetimes in UTC: datetime.datetime.now(datetime.UTC).\n    mock_mention.scraped_at = datetime.utcnow()\n\ntests/test_analytics.py::TestDataValidator::test_validate_mention_valid_data\ntests/test_analytics.py::TestDataValidator::test_validate_mention_invalid_data\n  C:\\Users\\Devansh\\Downloads\\intern_application_round1\\analytics\\data_validator.py:222: DeprecationWarning: datetime.datetime.utcnow() is deprecated and scheduled for removal in a future version. Use timezone-aware objects to represent datetimes in UTC: datetime.datetime.now(datetime.UTC).\n    'validation_timestamp': datetime.utcnow().isoformat()\n\ntests/test_database.py: 45 warnings\n  C:\\Users\\Devansh\\AppData\\Roaming\\Python\\Python312\\site-packages\\sqlalchemy\\sql\\schema.py:3616: DeprecationWarning: datetime.datetime.utcnow() is deprecated and scheduled for removal in a future version. Use timezone-aware objects to represent datetimes in UTC: datetime.datetime.now(datetime.UTC).\n    return util.wrap_callable(lambda ctx: fn(), fn)  # type: ignore\n\ntests/test_database.py::TestDatabaseManager::test_add_mention\n  C:\\Users\\Devansh\\Downloads\\intern_application_round1\\tests\\test_database.py:58: DeprecationWarning: datetime.datetime.utcnow() is deprecated and scheduled for removal in a future version. Use timezone-aware objects to represent datetimes in UTC: datetime.datetime.now(datetime.UTC).\n    'created_utc': datetime.utcnow(),\n\ntests/test_database.py::TestDatabaseManager::test_get_mentions_by_session\n  C:\\Users\\Devansh\\Downloads\\intern_application_round1\\tests\\test_database.py:86: DeprecationWarning: datetime.datetime.utcnow() is deprecated and scheduled for removal in a future version. Use timezone-aware objects to represent datetimes in UTC: datetime.datetime.now(datetime.UTC).\n    'created_utc': datetime.utcnow()\n\ntests/test_database.py::TestDatabaseManager::test_get_mentions_by_session\ntests/test_database.py::TestDatabaseManager::test_get_session_statistics\ntests/test_database.py::TestDatabaseManager::test_search_mentions\ntests/test_database.py::TestDatabaseManager::test_get_trending_subreddits\ntests/test_database.py::TestDatabaseManager::test_get_sentiment_distribution\ntests/test_database.py::TestDatabaseManager::test_get_time_series_data\ntests/test_database.py::TestDatabaseManager::test_database_backup_restore\n  C:\\Users\\Devansh\\Downloads\\intern_application_round1\\database\\models.py:136: DeprecationWarning: datetime.datetime.utcnow() is deprecated and scheduled for removal in a future version. Use timezone-aware objects to represent datetimes in UTC: datetime.datetime.now(datetime.UTC).\n    cutoff_date = datetime.utcnow().replace(hour=0, minute=0, second=0, microsecond=0)\n\ntests/test_database.py::TestDatabaseManager::test_get_session_statistics\ntests/test_database.py::TestDatabaseManager::test_get_session_statistics\ntests/test_database.py::TestDatabaseManager::test_get_session_statistics\n  C:\\Users\\Devansh\\Downloads\\intern_application_round1\\tests\\test_database.py:129: DeprecationWarning: datetime.datetime.utcnow() is deprecated and scheduled for removal in a future version. Use timezone-aware objects to represent datetimes in UTC: datetime.datetime.now(datetime.UTC).\n    'created_utc': datetime.utcnow()\n\ntests/test_database.py::TestDatabaseManager::test_search_mentions\n  C:\\Users\\Devansh\\Downloads\\intern_application_round1\\tests\\test_database.py:153: DeprecationWarning: datetime.datetime.utcnow() is deprecated and scheduled for removal in a future version. Use timezone-aware objects to represent datetimes in UTC: datetime.datetime.now(datetime.UTC).\n    'created_utc': datetime.utcnow()\n\ntests/test_database.py::TestDatabaseManager::test_search_mentions\n  C:\\Users\\Devansh\\Downloads\\intern_application_round1\\tests\\test_database.py:166: DeprecationWarning: datetime.datetime.utcnow() is deprecated and scheduled for removal in a future version. Use timezone-aware objects to represent datetimes in UTC: datetime.datetime.now(datetime.UTC).\n    'created_utc': datetime.utcnow()\n\ntests/test_database.py::TestDatabaseManager::test_get_trending_subreddits\ntests/test_database.py::TestDatabaseManager::test_get_trending_subreddits\ntests/test_database.py::TestDatabaseManager::test_get_trending_subreddits\ntests/test_database.py::TestDatabaseManager::test_get_trending_subreddits\n  C:\\Users\\Devansh\\Downloads\\intern_application_round1\\tests\\test_database.py:200: DeprecationWarning: datetime.datetime.utcnow() is deprecated and scheduled for removal in a future version. Use timezone-aware objects to represent datetimes in UTC: datetime.datetime.now(datetime.UTC).\n    'created_utc': datetime.utcnow()\n\ntests/test_database.py::TestDatabaseManager::test_get_sentiment_distribution\ntests/test_database.py::TestDatabaseManager::test_get_sentiment_distribution\ntests/test_database.py::TestDatabaseManager::test_get_sentiment_distribution\ntests/test_database.py::TestDatabaseManager::test_get_sentiment_distribution\ntests/test_database.py::TestDatabaseManager::test_get_sentiment_distribution\n  C:\\Users\\Devansh\\Downloads\\intern_application_round1\\tests\\test_database.py:233: DeprecationWarning: datetime.datetime.utcnow() is deprecated and scheduled for removal in a future version. Use timezone-aware objects to represent datetimes in UTC: datetime.datetime.now(datetime.UTC).\n    'created_utc': datetime.utcnow(),\n\ntests/test_database.py::TestDatabaseManager::test_get_time_series_data\n  C:\\Users\\Devansh\\Downloads\\intern_application_round1\\tests\\test_database.py:252: DeprecationWarning: datetime.datetime.utcnow() is deprecated and scheduled for removal in a future version. Use timezone-aware objects to represent datetimes in UTC: datetime.datetime.now(datetime.UTC).\n    base_time = datetime.utcnow()\n\ntests/test_database.py::TestDatabaseManager::test_cleanup_old_sessions\n  C:\\Users\\Devansh\\Downloads\\intern_application_round1\\tests\\test_database.py:286: DeprecationWarning: datetime.datetime.utcnow() is deprecated and scheduled for removal in a future version. Use timezone-aware objects to represent datetimes in UTC: datetime.datetime.now(datetime.UTC).\n    old_session.created_at = datetime.utcnow() - timedelta(days=30)\n\ntests/test_database.py::TestDatabaseManager::test_database_error_handling\n  C:\\Users\\Devansh\\Downloads\\intern_application_round1\\tests\\test_database.py:326: DeprecationWarning: datetime.datetime.utcnow() is deprecated and scheduled for removal in a future version. Use timezone-aware objects to represent datetimes in UTC: datetime.datetime.now(datetime.UTC).\n    'created_utc': datetime.utcnow()\n\ntests/test_database.py::TestDatabaseManager::test_duplicate_mention_handling\n  C:\\Users\\Devansh\\Downloads\\intern_application_round1\\tests\\test_database.py:349: DeprecationWarning: datetime.datetime.utcnow() is deprecated and scheduled for removal in a future version. Use timezone-aware objects to represent datetimes in UTC: datetime.datetime.now(datetime.UTC).\n    'created_utc': datetime.utcnow()\n\ntests/test_database.py::TestDatabaseManager::test_database_backup_restore\n  C:\\Users\\Devansh\\Downloads\\intern_application_round1\\tests\\test_database.py:376: DeprecationWarning: datetime.datetime.utcnow() is deprecated and scheduled for removal in a future version. Use timezone-aware objects to represent datetimes in UTC: datetime.datetime.now(datetime.UTC).\n    'created_utc': datetime.utcnow(),\n\ntests/test_database.py::TestSearchSession::test_search_session_relationships\ntests/test_database.py::TestSearchSession::test_search_session_relationships\ntests/test_database.py::TestSearchSession::test_search_session_relationships\n  C:\\Users\\Devansh\\Downloads\\intern_application_round1\\tests\\test_database.py:428: DeprecationWarning: datetime.datetime.utcnow() is deprecated and scheduled for removal in a future version. Use timezone-aware objects to represent datetimes in UTC: datetime.datetime.now(datetime.UTC).\n    'created_utc': datetime.utcnow()\n\ntests/test_database.py::TestRedditMention::test_reddit_mention_creation\n  C:\\Users\\Devansh\\Downloads\\intern_application_round1\\tests\\test_database.py:458: DeprecationWarning: datetime.datetime.utcnow() is deprecated and scheduled for removal in a future version. Use timezone-aware objects to represent datetimes in UTC: datetime.datetime.now(datetime.UTC).\n    created_utc=datetime.utcnow(),\n\ntests/test_database.py::TestRedditMention::test_reddit_mention_validation\n  C:\\Users\\Devansh\\Downloads\\intern_application_round1\\tests\\test_database.py:482: DeprecationWarning: datetime.datetime.utcnow() is deprecated and scheduled for removal in a future version. Use timezone-aware objects to represent datetimes in UTC: datetime.datetime.now(datetime.UTC).\n    created_utc=datetime.utcnow()\n\ntests/test_scraper.py::TestScrapingConfiguration::test_validate_mention_data\n  C:\\Users\\Devansh\\Downloads\\intern_application_round1\\tests\\test_scraper.py:543: DeprecationWarning: datetime.datetime.utcnow() is deprecated and scheduled for removal in a future version. Use timezone-aware objects to represent datetimes in UTC: datetime.datetime.now(datetime.UTC).\n    'created_utc': datetime.utcnow(),\n\ntests/test_ui.py::TestMetricsVisualizer::test_create_overview_dashboard\ntests/test_ui.py::TestMetricsVisualizer::test_create_temporal_analysis\ntests/test_ui.py::TestMetricsVisualizer::test_create_subreddit_analysis\ntests/test_ui.py::TestMetricsVisualizer::test_create_engagement_analysis\ntests/test_ui.py::TestMetricsVisualizer::test_create_sentiment_analysis\ntests/test_ui.py::TestMetricsVisualizer::test_create_summary_metrics_table\ntests/test_ui.py::TestMetricsVisualizer::test_color_scheme_consistency\ntests/test_ui.py::TestMetricsVisualizer::test_chart_interactivity\ntests/test_ui.py::TestMetricsVisualizer::test_responsive_design\n  C:\\Users\\Devansh\\Downloads\\intern_application_round1\\tests\\conftest.py:27: DeprecationWarning:\n  \n  datetime.datetime.utcnow() is deprecated and scheduled for removal in a future version. Use timezone-aware objects to represent datetimes in UTC: datetime.datetime.now(datetime.UTC).\n\ntests/test_ui.py::TestMetricsVisualizer::test_create_overview_dashboard\ntests/test_ui.py::TestMetricsVisualizer::test_create_temporal_analysis\ntests/test_ui.py::TestMetricsVisualizer::test_create_subreddit_analysis\ntests/test_ui.py::TestMetricsVisualizer::test_create_engagement_analysis\ntests/test_ui.py::TestMetricsVisualizer::test_create_sentiment_analysis\ntests/test_ui.py::TestMetricsVisualizer::test_create_summary_metrics_table\ntests/test_ui.py::TestMetricsVisualizer::test_color_scheme_consistency\ntests/test_ui.py::TestMetricsVisualizer::test_chart_interactivity\ntests/test_ui.py::TestMetricsVisualizer::test_responsive_design\n  C:\\Users\\Devansh\\Downloads\\intern_application_round1\\tests\\conftest.py:30: DeprecationWarning:\n  \n  datetime.datetime.utcnow() is deprecated and scheduled for removal in a future version. Use timezone-aware objects to represent datetimes in UTC: datetime.datetime.now(datetime.UTC).\n\n-- Docs: https://docs.pytest.org/en/stable/how-to/capture-warnings.html\n=========================== short test summary info ===========================\nFAILED tests/test_scraper.py::TestScrapingConfiguration::test_build_search_patterns\nFAILED tests/test_scraper.py::TestScrapingConfiguration::test_filter_by_quality\nFAILED tests/test_scraper.py::TestScrapingConfiguration::test_deduplicate_mentions\nFAILED tests/test_scraper.py::TestScrapingConfiguration::test_validate_mention_data\nFAILED tests/test_scraper.py::TestScrapingConfiguration::test_error_handling\nFAILED tests/test_scraper.py::TestScrapingConfiguration::test_rate_limiting_configuration\nFAILED tests/test_ui.py::TestMetricsVisualizer::test_create_temporal_analysis\nFAILED tests/test_ui.py::TestMetricsVisualizer::test_malformed_data_handling\nFAILED tests/test_ui.py::TestMetricsVisualizer::test_chart_interactivity - Va...\nERROR tests/test_ui.py::TestRealTimeMonitor::test_monitor_initialization\nERROR tests/test_ui.py::TestRealTimeMonitor::test_event_types\nERROR tests/test_ui.py::TestRealTimeMonitor::test_emit_search_started\nERROR tests/test_ui.py::TestRealTimeMonitor::test_emit_search_progress\nERROR tests/test_ui.py::TestRealTimeMonitor::test_emit_search_completed\nERROR tests/test_ui.py::TestRealTimeMonitor::test_emit_search_failed\nERROR tests/test_ui.py::TestRealTimeMonitor::test_emit_mention_found\nERROR tests/test_ui.py::TestRealTimeMonitor::test_emit_metrics_updated\nERROR tests/test_ui.py::TestRealTimeMonitor::test_emit_cache_hit\nERROR tests/test_ui.py::TestRealTimeMonitor::test_emit_system_status\nERROR tests/test_ui.py::TestRealTimeMonitor::test_get_connection_stats\nERROR tests/test_ui.py::TestRealTimeMonitor::test_progress_callback_initialization\nERROR tests/test_ui.py::TestRealTimeMonitor::test_progress_callback_execution\nERROR tests/test_ui.py::TestRealTimeMonitor::test_progress_callback_with_mention\nERROR tests/test_ui.py::TestRealTimeMonitor::test_multiple_event_emissions\nERROR tests/test_ui.py::TestRealTimeMonitor::test_event_message_structure\n==== 9 failed, 45 passed, 109 deselected, 272 warnings, 16 errors in 9.56s ====\n",
      "stderr": "Windows fatal exception: access violation\n\nCurrent thread 0x00000fc4 (most recent call first):\n  File \"<frozen importlib._bootstrap>\", line 488 in _call_with_frames_removed\n  File \"<frozen importlib._bootstrap_external>\", line 1288 in create_module\n  File \"<frozen importlib._bootstrap>\", line 813 in module_from_spec\n  File \"<frozen importlib._bootstrap>\", line 921 in _load_unlocked\n  File \"<frozen importlib._bootstrap>\", line 1331 in _find_and_load_unlocked\n  File \"<frozen importlib._bootstrap>\", line 1360 in _find_and_load\n  File \"C:\\Users\\Devansh\\AppData\\Roaming\\Python\\Python312\\site-packages\\tensorflow\\python\\pywrap_tensorflow.py\", line 73 in <module>\n  File \"<frozen importlib._bootstrap>\", line 488 in _call_with_frames_removed\n  File \"<frozen importlib._bootstrap_external>\", line 994 in exec_module\n  File \"<frozen importlib._bootstrap>\", line 935 in _load_unlocked\n  File \"<frozen importlib._bootstrap>\", line 1331 in _find_and_load_unlocked\n  File \"<frozen importlib._bootstrap>\", line 1360 in _find_and_load\n  File \"<frozen importlib._bootstrap>\", line 488 in _call_with_frames_removed\n  File \"<frozen importlib._bootstrap>\", line 1415 in _handle_fromlist\n  File \"C:\\Users\\Devansh\\AppData\\Roaming\\Python\\Python312\\site-packages\\tensorflow\\__init__.py\", line 40 in <module>\n  File \"<frozen importlib._bootstrap>\", line 488 in _call_with_frames_removed\n  File \"<frozen importlib._bootstrap_external>\", line 994 in exec_module\n  File \"<frozen importlib._bootstrap>\", line 935 in _load_unlocked\n  File \"<frozen importlib._bootstrap>\", line 1331 in _find_and_load_unlocked\n  File \"<frozen importlib._bootstrap>\", line 1360 in _find_and_load\n  File \"C:\\Users\\Devansh\\AppData\\Roaming\\Python\\Python312\\site-packages\\transformers\\image_transforms.py\", line 47 in <module>\n  File \"<frozen importlib._bootstrap>\", line 488 in _call_with_frames_removed\n  File \"<frozen importlib._bootstrap_external>\", line 994 in exec_module\n  File \"<frozen importlib._bootstrap>\", line 935 in _load_unlocked\n  File \"<frozen importlib._bootstrap>\", line 1331 in _find_and_load_unlocked\n  File \"<frozen importlib._bootstrap>\", line 1360 in _find_and_load\n  File \"C:\\Users\\Devansh\\AppData\\Roaming\\Python\\Python312\\site-packages\\transformers\\image_processing_utils.py\", line 22 in <module>\n  File \"<frozen importlib._bootstrap>\", line 488 in _call_with_frames_removed\n  File \"<frozen importlib._bootstrap_external>\", line 994 in exec_module\n  File \"<frozen importlib._bootstrap>\", line 935 in _load_unlocked\n  File \"<frozen importlib._bootstrap>\", line 1331 in _find_and_load_unlocked\n  File \"<frozen importlib._bootstrap>\", line 1360 in _find_and_load\n  File \"C:\\Users\\Devansh\\AppData\\Roaming\\Python\\Python312\\site-packages\\transformers\\pipelines\\__init__.py\", line 26 in <module>\n  File \"<frozen importlib._bootstrap>\", line 488 in _call_with_frames_removed\n  File \"<frozen importlib._bootstrap_external>\", line 994 in exec_module\n  File \"<frozen importlib._bootstrap>\", line 935 in _load_unlocked\n  File \"<frozen importlib._bootstrap>\", line 1331 in _find_and_load_unlocked\n  File \"<frozen importlib._bootstrap>\", line 1360 in _find_and_load\n  File \"<frozen importlib._bootstrap>\", line 1387 in _gcd_import\n  File \"C:\\Program Files\\Python312\\Lib\\importlib\\__init__.py\", line 90 in import_module\n  File \"C:\\Users\\Devansh\\AppData\\Roaming\\Python\\Python312\\site-packages\\transformers\\utils\\import_utils.py\", line 2073 in _get_module\n  File \"C:\\Users\\Devansh\\AppData\\Roaming\\Python\\Python312\\site-packages\\transformers\\utils\\import_utils.py\", line 2045 in __getattr__\n  File \"<frozen importlib._bootstrap>\", line 1412 in _handle_fromlist\n  File \"C:\\Users\\Devansh\\Downloads\\intern_application_round1\\analytics\\advanced_sentiment.py\", line 12 in <module>\n  File \"<frozen importlib._bootstrap>\", line 488 in _call_with_frames_removed\n  File \"<frozen importlib._bootstrap_external>\", line 994 in exec_module\n  File \"<frozen importlib._bootstrap>\", line 935 in _load_unlocked\n  File \"<frozen importlib._bootstrap>\", line 1331 in _find_and_load_unlocked\n  File \"<frozen importlib._bootstrap>\", line 1360 in _find_and_load\n  File \"C:\\Users\\Devansh\\Downloads\\intern_application_round1\\scraper\\reddit_scraper.py\", line 26 in <module>\n  File \"<frozen importlib._bootstrap>\", line 488 in _call_with_frames_removed\n  File \"<frozen importlib._bootstrap_external>\", line 994 in exec_module\n  File \"<frozen importlib._bootstrap>\", line 935 in _load_unlocked\n  File \"<frozen importlib._bootstrap>\", line 1331 in _find_and_load_unlocked\n  File \"<frozen importlib._bootstrap>\", line 1360 in _find_and_load\n  File \"C:\\Users\\Devansh\\Downloads\\intern_application_round1\\tests\\test_integration.py\", line 13 in <module>\n  File \"C:\\Users\\Devansh\\AppData\\Roaming\\Python\\Python312\\site-packages\\_pytest\\assertion\\rewrite.py\", line 185 in exec_module\n  File \"<frozen importlib._bootstrap>\", line 935 in _load_unlocked\n  File \"<frozen importlib._bootstrap>\", line 1331 in _find_and_load_unlocked\n  File \"<frozen importlib._bootstrap>\", line 1360 in _find_and_load\n  File \"<frozen importlib._bootstrap>\", line 1387 in _gcd_import\n  File \"C:\\Program Files\\Python312\\Lib\\importlib\\__init__.py\", line 90 in import_module\n  File \"C:\\Users\\Devansh\\AppData\\Roaming\\Python\\Python312\\site-packages\\_pytest\\pathlib.py\", line 587 in import_path\n  File \"C:\\Users\\Devansh\\AppData\\Roaming\\Python\\Python312\\site-packages\\_pytest\\python.py\", line 493 in importtestmodule\n  File \"C:\\Users\\Devansh\\AppData\\Roaming\\Python\\Python312\\site-packages\\_pytest\\python.py\", line 546 in _getobj\n  File \"C:\\Users\\Devansh\\AppData\\Roaming\\Python\\Python312\\site-packages\\_pytest\\python.py\", line 284 in obj\n  File \"C:\\Users\\Devansh\\AppData\\Roaming\\Python\\Python312\\site-packages\\_pytest\\python.py\", line 562 in _register_setup_module_fixture\n  File \"C:\\Users\\Devansh\\AppData\\Roaming\\Python\\Python312\\site-packages\\_pytest\\python.py\", line 549 in collect\n  File \"C:\\Users\\Devansh\\AppData\\Roaming\\Python\\Python312\\site-packages\\_pytest\\runner.py\", line 389 in collect\n  File \"C:\\Users\\Devansh\\AppData\\Roaming\\Python\\Python312\\site-packages\\_pytest\\runner.py\", line 341 in from_call\n  File \"C:\\Users\\Devansh\\AppData\\Roaming\\Python\\Python312\\site-packages\\_pytest\\runner.py\", line 391 in pytest_make_collect_report\n  File \"C:\\Users\\Devansh\\AppData\\Roaming\\Python\\Python312\\site-packages\\pluggy\\_callers.py\", line 103 in _multicall\n  File \"C:\\Users\\Devansh\\AppData\\Roaming\\Python\\Python312\\site-packages\\pluggy\\_manager.py\", line 120 in _hookexec\n  File \"C:\\Users\\Devansh\\AppData\\Roaming\\Python\\Python312\\site-packages\\pluggy\\_hooks.py\", line 513 in __call__\n  File \"C:\\Users\\Devansh\\AppData\\Roaming\\Python\\Python312\\site-packages\\_pytest\\runner.py\", line 567 in collect_one_node\n  File \"C:\\Users\\Devansh\\AppData\\Roaming\\Python\\Python312\\site-packages\\_pytest\\main.py\", line 835 in _collect_one_node\n  File \"C:\\Users\\Devansh\\AppData\\Roaming\\Python\\Python312\\site-packages\\_pytest\\main.py\", line 970 in genitems\n  File \"C:\\Users\\Devansh\\AppData\\Roaming\\Python\\Python312\\site-packages\\_pytest\\main.py\", line 975 in genitems\n  File \"C:\\Users\\Devansh\\AppData\\Roaming\\Python\\Python312\\site-packages\\_pytest\\main.py\", line 809 in perform_collect\n  File \"C:\\Users\\Devansh\\AppData\\Roaming\\Python\\Python312\\site-packages\\_pytest\\main.py\", line 347 in pytest_collection\n  File \"C:\\Users\\Devansh\\AppData\\Roaming\\Python\\Python312\\site-packages\\pluggy\\_callers.py\", line 103 in _multicall\n  File \"C:\\Users\\Devansh\\AppData\\Roaming\\Python\\Python312\\site-packages\\pluggy\\_manager.py\", line 120 in _hookexec\n  File \"C:\\Users\\Devansh\\AppData\\Roaming\\Python\\Python312\\site-packages\\pluggy\\_hooks.py\", line 513 in __call__\n  File \"C:\\Users\\Devansh\\AppData\\Roaming\\Python\\Python312\\site-packages\\_pytest\\main.py\", line 336 in _main\n  File \"C:\\Users\\Devansh\\AppData\\Roaming\\Python\\Python312\\site-packages\\_pytest\\main.py\", line 283 in wrap_session\n  File \"C:\\Users\\Devansh\\AppData\\Roaming\\Python\\Python312\\site-packages\\_pytest\\main.py\", line 330 in pytest_cmdline_main\n  File \"C:\\Users\\Devansh\\AppData\\Roaming\\Python\\Python312\\site-packages\\pluggy\\_callers.py\", line 103 in _multicall\n  File \"C:\\Users\\Devansh\\AppData\\Roaming\\Python\\Python312\\site-packages\\pluggy\\_manager.py\", line 120 in _hookexec\n  File \"C:\\Users\\Devansh\\AppData\\Roaming\\Python\\Python312\\site-packages\\pluggy\\_hooks.py\", line 513 in __call__\n  File \"C:\\Users\\Devansh\\AppData\\Roaming\\Python\\Python312\\site-packages\\_pytest\\config\\__init__.py\", line 175 in main\n  File \"C:\\Users\\Devansh\\AppData\\Roaming\\Python\\Python312\\site-packages\\_pytest\\config\\__init__.py\", line 201 in console_main\n  File \"C:\\Users\\Devansh\\AppData\\Roaming\\Python\\Python312\\site-packages\\pytest\\__main__.py\", line 9 in <module>\n  File \"<frozen runpy>\", line 88 in _run_code\n  File \"<frozen runpy>\", line 198 in _run_module_as_main\n",
      "critical": true
    },
    "integration": {
      "category": "integration",
      "description": "Integration Tests - Component Interaction",
      "success": false,
      "execution_time": 10.08897852897644,
      "statistics": {
        "total": 15,
        "passed": 1,
        "failed": 2,
        "skipped": 0,
        "errors": 12
      },
      "stdout": "============================= test session starts =============================\nplatform win32 -- Python 3.12.1, pytest-8.3.5, pluggy-1.5.0 -- C:\\Program Files\\Python312\\python.exe\ncachedir: .pytest_cache\nmetadata: {'Python': '3.12.1', 'Platform': 'Windows-10-10.0.19045-SP0', 'Packages': {'pytest': '8.3.5', 'pluggy': '1.5.0'}, 'Plugins': {'anyio': '4.8.0', 'asyncio': '0.21.1', 'cov': '4.1.0', 'html': '4.1.1', 'metadata': '3.1.1', 'xdist': '3.7.0'}}\nrootdir: C:\\Users\\Devansh\\Downloads\\intern_application_round1\nconfigfile: pytest.ini\nplugins: anyio-4.8.0, asyncio-0.21.1, cov-4.1.0, html-4.1.1, metadata-3.1.1, xdist-3.7.0\nasyncio: mode=Mode.STRICT\ncollecting ... collected 179 items / 170 deselected / 9 selected\n\ntests/test_analytics.py::TestAnalyticsIntegration::test_full_analytics_pipeline FAILED [ 11%]\ntests/test_analytics.py::TestAnalyticsIntegration::test_analytics_with_empty_data PASSED [ 22%]\ntests/test_analytics.py::TestAnalyticsIntegration::test_analytics_performance FAILED [ 33%]\ntests/test_integration.py::TestSystemIntegration::test_complete_workflow ERROR [ 44%]\ntests/test_integration.py::TestSystemIntegration::test_complete_workflow ERROR [ 44%]\ntests/test_integration.py::TestSystemIntegration::test_async_workflow ERROR [ 55%]\ntests/test_integration.py::TestSystemIntegration::test_async_workflow ERROR [ 55%]\ntests/test_integration.py::TestSystemIntegration::test_error_propagation ERROR [ 66%]\ntests/test_integration.py::TestSystemIntegration::test_error_propagation ERROR [ 66%]\ntests/test_integration.py::TestSystemIntegration::test_data_consistency ERROR [ 77%]\ntests/test_integration.py::TestSystemIntegration::test_data_consistency ERROR [ 77%]\ntests/test_integration.py::TestSystemIntegration::test_concurrent_access ERROR [ 88%]\ntests/test_integration.py::TestSystemIntegration::test_concurrent_access ERROR [ 88%]\ntests/test_integration.py::TestSystemIntegration::test_performance_integration ERROR [100%]\ntests/test_integration.py::TestSystemIntegration::test_performance_integration ERROR [100%]\n\n=================================== ERRORS ====================================\n_______ ERROR at setup of TestSystemIntegration.test_complete_workflow ________\ntests\\test_integration.py:30: in integrated_system\n    metrics_analyzer = MetricsAnalyzer()\nE   TypeError: MetricsAnalyzer.__init__() missing 1 required positional argument: 'db_manager'\n----------------------------- Captured log setup ------------------------------\nWARNING  analytics.advanced_sentiment:advanced_sentiment.py:29 Transformers not available, falling back to TextBlob only\n______ ERROR at teardown of TestSystemIntegration.test_complete_workflow ______\ntests\\conftest.py:55: in temp_database\n    shutil.rmtree(temp_dir)\nC:\\Program Files\\Python312\\Lib\\shutil.py:808: in rmtree\n    return _rmtree_unsafe(path, onexc)\nC:\\Program Files\\Python312\\Lib\\shutil.py:636: in _rmtree_unsafe\n    onexc(os.unlink, fullname, err)\nC:\\Program Files\\Python312\\Lib\\shutil.py:634: in _rmtree_unsafe\n    os.unlink(fullname)\nE   PermissionError: [WinError 32] The process cannot access the file because it is being used by another process: 'C:\\\\Users\\\\Devansh\\\\AppData\\\\Local\\\\Temp\\\\tmpm9m5t7oo\\\\test.db'\n----------------------------- Captured log setup ------------------------------\nWARNING  analytics.advanced_sentiment:advanced_sentiment.py:29 Transformers not available, falling back to TextBlob only\n_________ ERROR at setup of TestSystemIntegration.test_async_workflow _________\ntests\\test_integration.py:30: in integrated_system\n    metrics_analyzer = MetricsAnalyzer()\nE   TypeError: MetricsAnalyzer.__init__() missing 1 required positional argument: 'db_manager'\n----------------------------- Captured log setup ------------------------------\nWARNING  analytics.advanced_sentiment:advanced_sentiment.py:29 Transformers not available, falling back to TextBlob only\n_______ ERROR at teardown of TestSystemIntegration.test_async_workflow ________\ntests\\conftest.py:55: in temp_database\n    shutil.rmtree(temp_dir)\nC:\\Program Files\\Python312\\Lib\\shutil.py:808: in rmtree\n    return _rmtree_unsafe(path, onexc)\nC:\\Program Files\\Python312\\Lib\\shutil.py:636: in _rmtree_unsafe\n    onexc(os.unlink, fullname, err)\nC:\\Program Files\\Python312\\Lib\\shutil.py:634: in _rmtree_unsafe\n    os.unlink(fullname)\nE   PermissionError: [WinError 32] The process cannot access the file because it is being used by another process: 'C:\\\\Users\\\\Devansh\\\\AppData\\\\Local\\\\Temp\\\\tmp_lnow2fi\\\\test.db'\n----------------------------- Captured log setup ------------------------------\nWARNING  analytics.advanced_sentiment:advanced_sentiment.py:29 Transformers not available, falling back to TextBlob only\n_______ ERROR at setup of TestSystemIntegration.test_error_propagation ________\ntests\\test_integration.py:30: in integrated_system\n    metrics_analyzer = MetricsAnalyzer()\nE   TypeError: MetricsAnalyzer.__init__() missing 1 required positional argument: 'db_manager'\n----------------------------- Captured log setup ------------------------------\nWARNING  analytics.advanced_sentiment:advanced_sentiment.py:29 Transformers not available, falling back to TextBlob only\n______ ERROR at teardown of TestSystemIntegration.test_error_propagation ______\ntests\\conftest.py:55: in temp_database\n    shutil.rmtree(temp_dir)\nC:\\Program Files\\Python312\\Lib\\shutil.py:808: in rmtree\n    return _rmtree_unsafe(path, onexc)\nC:\\Program Files\\Python312\\Lib\\shutil.py:636: in _rmtree_unsafe\n    onexc(os.unlink, fullname, err)\nC:\\Program Files\\Python312\\Lib\\shutil.py:634: in _rmtree_unsafe\n    os.unlink(fullname)\nE   PermissionError: [WinError 32] The process cannot access the file because it is being used by another process: 'C:\\\\Users\\\\Devansh\\\\AppData\\\\Local\\\\Temp\\\\tmpyfgkx976\\\\test.db'\n----------------------------- Captured log setup ------------------------------\nWARNING  analytics.advanced_sentiment:advanced_sentiment.py:29 Transformers not available, falling back to TextBlob only\n________ ERROR at setup of TestSystemIntegration.test_data_consistency ________\ntests\\test_integration.py:30: in integrated_system\n    metrics_analyzer = MetricsAnalyzer()\nE   TypeError: MetricsAnalyzer.__init__() missing 1 required positional argument: 'db_manager'\n----------------------------- Captured log setup ------------------------------\nWARNING  analytics.advanced_sentiment:advanced_sentiment.py:29 Transformers not available, falling back to TextBlob only\n______ ERROR at teardown of TestSystemIntegration.test_data_consistency _______\ntests\\conftest.py:55: in temp_database\n    shutil.rmtree(temp_dir)\nC:\\Program Files\\Python312\\Lib\\shutil.py:808: in rmtree\n    return _rmtree_unsafe(path, onexc)\nC:\\Program Files\\Python312\\Lib\\shutil.py:636: in _rmtree_unsafe\n    onexc(os.unlink, fullname, err)\nC:\\Program Files\\Python312\\Lib\\shutil.py:634: in _rmtree_unsafe\n    os.unlink(fullname)\nE   PermissionError: [WinError 32] The process cannot access the file because it is being used by another process: 'C:\\\\Users\\\\Devansh\\\\AppData\\\\Local\\\\Temp\\\\tmpjff4cb0u\\\\test.db'\n----------------------------- Captured log setup ------------------------------\nWARNING  analytics.advanced_sentiment:advanced_sentiment.py:29 Transformers not available, falling back to TextBlob only\n_______ ERROR at setup of TestSystemIntegration.test_concurrent_access ________\ntests\\test_integration.py:30: in integrated_system\n    metrics_analyzer = MetricsAnalyzer()\nE   TypeError: MetricsAnalyzer.__init__() missing 1 required positional argument: 'db_manager'\n----------------------------- Captured log setup ------------------------------\nWARNING  analytics.advanced_sentiment:advanced_sentiment.py:29 Transformers not available, falling back to TextBlob only\n______ ERROR at teardown of TestSystemIntegration.test_concurrent_access ______\ntests\\conftest.py:55: in temp_database\n    shutil.rmtree(temp_dir)\nC:\\Program Files\\Python312\\Lib\\shutil.py:808: in rmtree\n    return _rmtree_unsafe(path, onexc)\nC:\\Program Files\\Python312\\Lib\\shutil.py:636: in _rmtree_unsafe\n    onexc(os.unlink, fullname, err)\nC:\\Program Files\\Python312\\Lib\\shutil.py:634: in _rmtree_unsafe\n    os.unlink(fullname)\nE   PermissionError: [WinError 32] The process cannot access the file because it is being used by another process: 'C:\\\\Users\\\\Devansh\\\\AppData\\\\Local\\\\Temp\\\\tmptsjm_21n\\\\test.db'\n----------------------------- Captured log setup ------------------------------\nWARNING  analytics.advanced_sentiment:advanced_sentiment.py:29 Transformers not available, falling back to TextBlob only\n____ ERROR at setup of TestSystemIntegration.test_performance_integration _____\ntests\\test_integration.py:30: in integrated_system\n    metrics_analyzer = MetricsAnalyzer()\nE   TypeError: MetricsAnalyzer.__init__() missing 1 required positional argument: 'db_manager'\n----------------------------- Captured log setup ------------------------------\nWARNING  analytics.advanced_sentiment:advanced_sentiment.py:29 Transformers not available, falling back to TextBlob only\n___ ERROR at teardown of TestSystemIntegration.test_performance_integration ___\ntests\\conftest.py:55: in temp_database\n    shutil.rmtree(temp_dir)\nC:\\Program Files\\Python312\\Lib\\shutil.py:808: in rmtree\n    return _rmtree_unsafe(path, onexc)\nC:\\Program Files\\Python312\\Lib\\shutil.py:636: in _rmtree_unsafe\n    onexc(os.unlink, fullname, err)\nC:\\Program Files\\Python312\\Lib\\shutil.py:634: in _rmtree_unsafe\n    os.unlink(fullname)\nE   PermissionError: [WinError 32] The process cannot access the file because it is being used by another process: 'C:\\\\Users\\\\Devansh\\\\AppData\\\\Local\\\\Temp\\\\tmpyxvpwskh\\\\test.db'\n----------------------------- Captured log setup ------------------------------\nWARNING  analytics.advanced_sentiment:advanced_sentiment.py:29 Transformers not available, falling back to TextBlob only\n================================== FAILURES ===================================\n____________ TestAnalyticsIntegration.test_full_analytics_pipeline ____________\ntests\\test_analytics.py:627: in test_full_analytics_pipeline\n    db_manager.add_mention(session_id, mention)\nE   TypeError: DatabaseManager.add_mention() takes 2 positional arguments but 3 were given\n_____________ TestAnalyticsIntegration.test_analytics_performance _____________\ntests\\test_analytics.py:693: in test_analytics_performance\n    db_manager.add_mention(session_id, mention)\nE   TypeError: DatabaseManager.add_mention() takes 2 positional arguments but 3 were given\n============================== warnings summary ===============================\ndatabase\\models.py:10\n  C:\\Users\\Devansh\\Downloads\\intern_application_round1\\database\\models.py:10: MovedIn20Warning: The ``declarative_base()`` function is now available as sqlalchemy.orm.declarative_base(). (deprecated since: 2.0) (Background on SQLAlchemy 2.0 at: https://sqlalche.me/e/b8d9)\n    Base = declarative_base()\n\ntests\\test_analytics.py:35\n  C:\\Users\\Devansh\\Downloads\\intern_application_round1\\tests\\test_analytics.py:35: PytestUnknownMarkWarning: Unknown pytest.mark.smoke - is this a typo?  You can register custom marks to avoid this warning - for details, see https://docs.pytest.org/en/stable/how-to/mark.html\n    @pytest.mark.smoke\n\ntests\\test_analytics.py:36\n  C:\\Users\\Devansh\\Downloads\\intern_application_round1\\tests\\test_analytics.py:36: PytestUnknownMarkWarning: Unknown pytest.mark.unit - is this a typo?  You can register custom marks to avoid this warning - for details, see https://docs.pytest.org/en/stable/how-to/mark.html\n    @pytest.mark.unit\n\ntests\\test_analytics.py:43\n  C:\\Users\\Devansh\\Downloads\\intern_application_round1\\tests\\test_analytics.py:43: PytestUnknownMarkWarning: Unknown pytest.mark.smoke - is this a typo?  You can register custom marks to avoid this warning - for details, see https://docs.pytest.org/en/stable/how-to/mark.html\n    @pytest.mark.smoke\n\ntests\\test_analytics.py:44\n  C:\\Users\\Devansh\\Downloads\\intern_application_round1\\tests\\test_analytics.py:44: PytestUnknownMarkWarning: Unknown pytest.mark.unit - is this a typo?  You can register custom marks to avoid this warning - for details, see https://docs.pytest.org/en/stable/how-to/mark.html\n    @pytest.mark.unit\n\ntests\\test_analytics.py:76\n  C:\\Users\\Devansh\\Downloads\\intern_application_round1\\tests\\test_analytics.py:76: PytestUnknownMarkWarning: Unknown pytest.mark.smoke - is this a typo?  You can register custom marks to avoid this warning - for details, see https://docs.pytest.org/en/stable/how-to/mark.html\n    @pytest.mark.smoke\n\ntests\\test_analytics.py:77\n  C:\\Users\\Devansh\\Downloads\\intern_application_round1\\tests\\test_analytics.py:77: PytestUnknownMarkWarning: Unknown pytest.mark.unit - is this a typo?  You can register custom marks to avoid this warning - for details, see https://docs.pytest.org/en/stable/how-to/mark.html\n    @pytest.mark.unit\n\ntests\\test_analytics.py:109\n  C:\\Users\\Devansh\\Downloads\\intern_application_round1\\tests\\test_analytics.py:109: PytestUnknownMarkWarning: Unknown pytest.mark.unit - is this a typo?  You can register custom marks to avoid this warning - for details, see https://docs.pytest.org/en/stable/how-to/mark.html\n    @pytest.mark.unit\n\ntests\\test_analytics.py:138\n  C:\\Users\\Devansh\\Downloads\\intern_application_round1\\tests\\test_analytics.py:138: PytestUnknownMarkWarning: Unknown pytest.mark.unit - is this a typo?  You can register custom marks to avoid this warning - for details, see https://docs.pytest.org/en/stable/how-to/mark.html\n    @pytest.mark.unit\n\ntests\\test_analytics.py:169\n  C:\\Users\\Devansh\\Downloads\\intern_application_round1\\tests\\test_analytics.py:169: PytestUnknownMarkWarning: Unknown pytest.mark.unit - is this a typo?  You can register custom marks to avoid this warning - for details, see https://docs.pytest.org/en/stable/how-to/mark.html\n    @pytest.mark.unit\n\ntests\\test_analytics.py:196\n  C:\\Users\\Devansh\\Downloads\\intern_application_round1\\tests\\test_analytics.py:196: PytestUnknownMarkWarning: Unknown pytest.mark.unit - is this a typo?  You can register custom marks to avoid this warning - for details, see https://docs.pytest.org/en/stable/how-to/mark.html\n    @pytest.mark.unit\n\ntests\\test_analytics.py:223\n  C:\\Users\\Devansh\\Downloads\\intern_application_round1\\tests\\test_analytics.py:223: PytestUnknownMarkWarning: Unknown pytest.mark.unit - is this a typo?  You can register custom marks to avoid this warning - for details, see https://docs.pytest.org/en/stable/how-to/mark.html\n    @pytest.mark.unit\n\ntests\\test_analytics.py:258\n  C:\\Users\\Devansh\\Downloads\\intern_application_round1\\tests\\test_analytics.py:258: PytestUnknownMarkWarning: Unknown pytest.mark.unit - is this a typo?  You can register custom marks to avoid this warning - for details, see https://docs.pytest.org/en/stable/how-to/mark.html\n    @pytest.mark.unit\n\ntests\\test_analytics.py:291\n  C:\\Users\\Devansh\\Downloads\\intern_application_round1\\tests\\test_analytics.py:291: PytestUnknownMarkWarning: Unknown pytest.mark.unit - is this a typo?  You can register custom marks to avoid this warning - for details, see https://docs.pytest.org/en/stable/how-to/mark.html\n    @pytest.mark.unit\n\ntests\\test_analytics.py:308\n  C:\\Users\\Devansh\\Downloads\\intern_application_round1\\tests\\test_analytics.py:308: PytestUnknownMarkWarning: Unknown pytest.mark.unit - is this a typo?  You can register custom marks to avoid this warning - for details, see https://docs.pytest.org/en/stable/how-to/mark.html\n    @pytest.mark.unit\n\ntests\\test_analytics.py:351\n  C:\\Users\\Devansh\\Downloads\\intern_application_round1\\tests\\test_analytics.py:351: PytestUnknownMarkWarning: Unknown pytest.mark.unit - is this a typo?  You can register custom marks to avoid this warning - for details, see https://docs.pytest.org/en/stable/how-to/mark.html\n    @pytest.mark.unit\n\ntests\\test_analytics.py:359\n  C:\\Users\\Devansh\\Downloads\\intern_application_round1\\tests\\test_analytics.py:359: PytestUnknownMarkWarning: Unknown pytest.mark.unit - is this a typo?  You can register custom marks to avoid this warning - for details, see https://docs.pytest.org/en/stable/how-to/mark.html\n    @pytest.mark.unit\n\ntests\\test_analytics.py:371\n  C:\\Users\\Devansh\\Downloads\\intern_application_round1\\tests\\test_analytics.py:371: PytestUnknownMarkWarning: Unknown pytest.mark.unit - is this a typo?  You can register custom marks to avoid this warning - for details, see https://docs.pytest.org/en/stable/how-to/mark.html\n    @pytest.mark.unit\n\ntests\\test_analytics.py:616\n  C:\\Users\\Devansh\\Downloads\\intern_application_round1\\tests\\test_analytics.py:616: PytestUnknownMarkWarning: Unknown pytest.mark.integration - is this a typo?  You can register custom marks to avoid this warning - for details, see https://docs.pytest.org/en/stable/how-to/mark.html\n    @pytest.mark.integration\n\ntests\\test_analytics.py:642\n  C:\\Users\\Devansh\\Downloads\\intern_application_round1\\tests\\test_analytics.py:642: PytestUnknownMarkWarning: Unknown pytest.mark.integration - is this a typo?  You can register custom marks to avoid this warning - for details, see https://docs.pytest.org/en/stable/how-to/mark.html\n    @pytest.mark.integration\n\ntests\\test_analytics.py:659\n  C:\\Users\\Devansh\\Downloads\\intern_application_round1\\tests\\test_analytics.py:659: PytestUnknownMarkWarning: Unknown pytest.mark.integration - is this a typo?  You can register custom marks to avoid this warning - for details, see https://docs.pytest.org/en/stable/how-to/mark.html\n    @pytest.mark.integration\n\ntests\\test_database.py:16\n  C:\\Users\\Devansh\\Downloads\\intern_application_round1\\tests\\test_database.py:16: PytestUnknownMarkWarning: Unknown pytest.mark.smoke - is this a typo?  You can register custom marks to avoid this warning - for details, see https://docs.pytest.org/en/stable/how-to/mark.html\n    @pytest.mark.smoke\n\ntests\\test_database.py:17\n  C:\\Users\\Devansh\\Downloads\\intern_application_round1\\tests\\test_database.py:17: PytestUnknownMarkWarning: Unknown pytest.mark.unit - is this a typo?  You can register custom marks to avoid this warning - for details, see https://docs.pytest.org/en/stable/how-to/mark.html\n    @pytest.mark.unit\n\ntests\\test_database.py:24\n  C:\\Users\\Devansh\\Downloads\\intern_application_round1\\tests\\test_database.py:24: PytestUnknownMarkWarning: Unknown pytest.mark.smoke - is this a typo?  You can register custom marks to avoid this warning - for details, see https://docs.pytest.org/en/stable/how-to/mark.html\n    @pytest.mark.smoke\n\ntests\\test_database.py:25\n  C:\\Users\\Devansh\\Downloads\\intern_application_round1\\tests\\test_database.py:25: PytestUnknownMarkWarning: Unknown pytest.mark.unit - is this a typo?  You can register custom marks to avoid this warning - for details, see https://docs.pytest.org/en/stable/how-to/mark.html\n    @pytest.mark.unit\n\ntests\\test_database.py:41\n  C:\\Users\\Devansh\\Downloads\\intern_application_round1\\tests\\test_database.py:41: PytestUnknownMarkWarning: Unknown pytest.mark.unit - is this a typo?  You can register custom marks to avoid this warning - for details, see https://docs.pytest.org/en/stable/how-to/mark.html\n    @pytest.mark.unit\n\ntests\\test_database.py:70\n  C:\\Users\\Devansh\\Downloads\\intern_application_round1\\tests\\test_database.py:70: PytestUnknownMarkWarning: Unknown pytest.mark.unit - is this a typo?  You can register custom marks to avoid this warning - for details, see https://docs.pytest.org/en/stable/how-to/mark.html\n    @pytest.mark.unit\n\ntests\\test_database.py:98\n  C:\\Users\\Devansh\\Downloads\\intern_application_round1\\tests\\test_database.py:98: PytestUnknownMarkWarning: Unknown pytest.mark.unit - is this a typo?  You can register custom marks to avoid this warning - for details, see https://docs.pytest.org/en/stable/how-to/mark.html\n    @pytest.mark.unit\n\ntests\\test_database.py:112\n  C:\\Users\\Devansh\\Downloads\\intern_application_round1\\tests\\test_database.py:112: PytestUnknownMarkWarning: Unknown pytest.mark.unit - is this a typo?  You can register custom marks to avoid this warning - for details, see https://docs.pytest.org/en/stable/how-to/mark.html\n    @pytest.mark.unit\n\ntests\\test_database.py:137\n  C:\\Users\\Devansh\\Downloads\\intern_application_round1\\tests\\test_database.py:137: PytestUnknownMarkWarning: Unknown pytest.mark.unit - is this a typo?  You can register custom marks to avoid this warning - for details, see https://docs.pytest.org/en/stable/how-to/mark.html\n    @pytest.mark.unit\n\ntests\\test_database.py:181\n  C:\\Users\\Devansh\\Downloads\\intern_application_round1\\tests\\test_database.py:181: PytestUnknownMarkWarning: Unknown pytest.mark.unit - is this a typo?  You can register custom marks to avoid this warning - for details, see https://docs.pytest.org/en/stable/how-to/mark.html\n    @pytest.mark.unit\n\ntests\\test_database.py:214\n  C:\\Users\\Devansh\\Downloads\\intern_application_round1\\tests\\test_database.py:214: PytestUnknownMarkWarning: Unknown pytest.mark.unit - is this a typo?  You can register custom marks to avoid this warning - for details, see https://docs.pytest.org/en/stable/how-to/mark.html\n    @pytest.mark.unit\n\ntests\\test_database.py:246\n  C:\\Users\\Devansh\\Downloads\\intern_application_round1\\tests\\test_database.py:246: PytestUnknownMarkWarning: Unknown pytest.mark.unit - is this a typo?  You can register custom marks to avoid this warning - for details, see https://docs.pytest.org/en/stable/how-to/mark.html\n    @pytest.mark.unit\n\ntests\\test_database.py:277\n  C:\\Users\\Devansh\\Downloads\\intern_application_round1\\tests\\test_database.py:277: PytestUnknownMarkWarning: Unknown pytest.mark.unit - is this a typo?  You can register custom marks to avoid this warning - for details, see https://docs.pytest.org/en/stable/how-to/mark.html\n    @pytest.mark.unit\n\ntests\\test_database.py:299\n  C:\\Users\\Devansh\\Downloads\\intern_application_round1\\tests\\test_database.py:299: PytestUnknownMarkWarning: Unknown pytest.mark.unit - is this a typo?  You can register custom marks to avoid this warning - for details, see https://docs.pytest.org/en/stable/how-to/mark.html\n    @pytest.mark.unit\n\ntests\\test_database.py:314\n  C:\\Users\\Devansh\\Downloads\\intern_application_round1\\tests\\test_database.py:314: PytestUnknownMarkWarning: Unknown pytest.mark.unit - is this a typo?  You can register custom marks to avoid this warning - for details, see https://docs.pytest.org/en/stable/how-to/mark.html\n    @pytest.mark.unit\n\ntests\\test_database.py:334\n  C:\\Users\\Devansh\\Downloads\\intern_application_round1\\tests\\test_database.py:334: PytestUnknownMarkWarning: Unknown pytest.mark.unit - is this a typo?  You can register custom marks to avoid this warning - for details, see https://docs.pytest.org/en/stable/how-to/mark.html\n    @pytest.mark.unit\n\ntests\\test_database.py:360\n  C:\\Users\\Devansh\\Downloads\\intern_application_round1\\tests\\test_database.py:360: PytestUnknownMarkWarning: Unknown pytest.mark.unit - is this a typo?  You can register custom marks to avoid this warning - for details, see https://docs.pytest.org/en/stable/how-to/mark.html\n    @pytest.mark.unit\n\ntests\\test_database.py:397\n  C:\\Users\\Devansh\\Downloads\\intern_application_round1\\tests\\test_database.py:397: PytestUnknownMarkWarning: Unknown pytest.mark.unit - is this a typo?  You can register custom marks to avoid this warning - for details, see https://docs.pytest.org/en/stable/how-to/mark.html\n    @pytest.mark.unit\n\ntests\\test_database.py:412\n  C:\\Users\\Devansh\\Downloads\\intern_application_round1\\tests\\test_database.py:412: PytestUnknownMarkWarning: Unknown pytest.mark.unit - is this a typo?  You can register custom marks to avoid this warning - for details, see https://docs.pytest.org/en/stable/how-to/mark.html\n    @pytest.mark.unit\n\ntests\\test_database.py:441\n  C:\\Users\\Devansh\\Downloads\\intern_application_round1\\tests\\test_database.py:441: PytestUnknownMarkWarning: Unknown pytest.mark.unit - is this a typo?  You can register custom marks to avoid this warning - for details, see https://docs.pytest.org/en/stable/how-to/mark.html\n    @pytest.mark.unit\n\ntests\\test_database.py:472\n  C:\\Users\\Devansh\\Downloads\\intern_application_round1\\tests\\test_database.py:472: PytestUnknownMarkWarning: Unknown pytest.mark.unit - is this a typo?  You can register custom marks to avoid this warning - for details, see https://docs.pytest.org/en/stable/how-to/mark.html\n    @pytest.mark.unit\n\ntests\\test_integration.py:42\n  C:\\Users\\Devansh\\Downloads\\intern_application_round1\\tests\\test_integration.py:42: PytestUnknownMarkWarning: Unknown pytest.mark.integration - is this a typo?  You can register custom marks to avoid this warning - for details, see https://docs.pytest.org/en/stable/how-to/mark.html\n    @pytest.mark.integration\n\ntests\\test_integration.py:82\n  C:\\Users\\Devansh\\Downloads\\intern_application_round1\\tests\\test_integration.py:82: PytestUnknownMarkWarning: Unknown pytest.mark.integration - is this a typo?  You can register custom marks to avoid this warning - for details, see https://docs.pytest.org/en/stable/how-to/mark.html\n    @pytest.mark.integration\n\ntests\\test_integration.py:105\n  C:\\Users\\Devansh\\Downloads\\intern_application_round1\\tests\\test_integration.py:105: PytestUnknownMarkWarning: Unknown pytest.mark.integration - is this a typo?  You can register custom marks to avoid this warning - for details, see https://docs.pytest.org/en/stable/how-to/mark.html\n    @pytest.mark.integration\n\ntests\\test_integration.py:123\n  C:\\Users\\Devansh\\Downloads\\intern_application_round1\\tests\\test_integration.py:123: PytestUnknownMarkWarning: Unknown pytest.mark.integration - is this a typo?  You can register custom marks to avoid this warning - for details, see https://docs.pytest.org/en/stable/how-to/mark.html\n    @pytest.mark.integration\n\ntests\\test_integration.py:144\n  C:\\Users\\Devansh\\Downloads\\intern_application_round1\\tests\\test_integration.py:144: PytestUnknownMarkWarning: Unknown pytest.mark.integration - is this a typo?  You can register custom marks to avoid this warning - for details, see https://docs.pytest.org/en/stable/how-to/mark.html\n    @pytest.mark.integration\n\ntests\\test_integration.py:201\n  C:\\Users\\Devansh\\Downloads\\intern_application_round1\\tests\\test_integration.py:201: PytestUnknownMarkWarning: Unknown pytest.mark.integration - is this a typo?  You can register custom marks to avoid this warning - for details, see https://docs.pytest.org/en/stable/how-to/mark.html\n    @pytest.mark.integration\n\ntests\\test_performance.py:24\n  C:\\Users\\Devansh\\Downloads\\intern_application_round1\\tests\\test_performance.py:24: PytestUnknownMarkWarning: Unknown pytest.mark.performance - is this a typo?  You can register custom marks to avoid this warning - for details, see https://docs.pytest.org/en/stable/how-to/mark.html\n    @pytest.mark.performance\n\ntests\\test_performance.py:72\n  C:\\Users\\Devansh\\Downloads\\intern_application_round1\\tests\\test_performance.py:72: PytestUnknownMarkWarning: Unknown pytest.mark.performance - is this a typo?  You can register custom marks to avoid this warning - for details, see https://docs.pytest.org/en/stable/how-to/mark.html\n    @pytest.mark.performance\n\ntests\\test_performance.py:126\n  C:\\Users\\Devansh\\Downloads\\intern_application_round1\\tests\\test_performance.py:126: PytestUnknownMarkWarning: Unknown pytest.mark.performance - is this a typo?  You can register custom marks to avoid this warning - for details, see https://docs.pytest.org/en/stable/how-to/mark.html\n    @pytest.mark.performance\n\ntests\\test_performance.py:197\n  C:\\Users\\Devansh\\Downloads\\intern_application_round1\\tests\\test_performance.py:197: PytestUnknownMarkWarning: Unknown pytest.mark.performance - is this a typo?  You can register custom marks to avoid this warning - for details, see https://docs.pytest.org/en/stable/how-to/mark.html\n    @pytest.mark.performance\n\ntests\\test_performance.py:240\n  C:\\Users\\Devansh\\Downloads\\intern_application_round1\\tests\\test_performance.py:240: PytestUnknownMarkWarning: Unknown pytest.mark.performance - is this a typo?  You can register custom marks to avoid this warning - for details, see https://docs.pytest.org/en/stable/how-to/mark.html\n    @pytest.mark.performance\n\ntests\\test_performance.py:268\n  C:\\Users\\Devansh\\Downloads\\intern_application_round1\\tests\\test_performance.py:268: PytestUnknownMarkWarning: Unknown pytest.mark.performance - is this a typo?  You can register custom marks to avoid this warning - for details, see https://docs.pytest.org/en/stable/how-to/mark.html\n    @pytest.mark.performance\n\ntests\\test_performance.py:314\n  C:\\Users\\Devansh\\Downloads\\intern_application_round1\\tests\\test_performance.py:314: PytestUnknownMarkWarning: Unknown pytest.mark.performance - is this a typo?  You can register custom marks to avoid this warning - for details, see https://docs.pytest.org/en/stable/how-to/mark.html\n    @pytest.mark.performance\n\ntests\\test_performance.py:361\n  C:\\Users\\Devansh\\Downloads\\intern_application_round1\\tests\\test_performance.py:361: PytestUnknownMarkWarning: Unknown pytest.mark.performance - is this a typo?  You can register custom marks to avoid this warning - for details, see https://docs.pytest.org/en/stable/how-to/mark.html\n    @pytest.mark.performance\n\ntests\\test_performance.py:405\n  C:\\Users\\Devansh\\Downloads\\intern_application_round1\\tests\\test_performance.py:405: PytestUnknownMarkWarning: Unknown pytest.mark.performance - is this a typo?  You can register custom marks to avoid this warning - for details, see https://docs.pytest.org/en/stable/how-to/mark.html\n    @pytest.mark.performance\n\ntests\\test_performance.py:457\n  C:\\Users\\Devansh\\Downloads\\intern_application_round1\\tests\\test_performance.py:457: PytestUnknownMarkWarning: Unknown pytest.mark.performance - is this a typo?  You can register custom marks to avoid this warning - for details, see https://docs.pytest.org/en/stable/how-to/mark.html\n    @pytest.mark.performance\n\ntests\\test_performance.py:504\n  C:\\Users\\Devansh\\Downloads\\intern_application_round1\\tests\\test_performance.py:504: PytestUnknownMarkWarning: Unknown pytest.mark.performance - is this a typo?  You can register custom marks to avoid this warning - for details, see https://docs.pytest.org/en/stable/how-to/mark.html\n    @pytest.mark.performance\n\ntests\\test_performance.py:548\n  C:\\Users\\Devansh\\Downloads\\intern_application_round1\\tests\\test_performance.py:548: PytestUnknownMarkWarning: Unknown pytest.mark.performance - is this a typo?  You can register custom marks to avoid this warning - for details, see https://docs.pytest.org/en/stable/how-to/mark.html\n    @pytest.mark.performance\n\ntests\\test_runner.py:19\n  C:\\Users\\Devansh\\Downloads\\intern_application_round1\\tests\\test_runner.py:19: PytestCollectionWarning: cannot collect test class 'TestRunner' because it has a __init__ constructor (from: tests/test_runner.py)\n    class TestRunner:\n\ntests\\test_scraper.py:20\n  C:\\Users\\Devansh\\Downloads\\intern_application_round1\\tests\\test_scraper.py:20: PytestUnknownMarkWarning: Unknown pytest.mark.smoke - is this a typo?  You can register custom marks to avoid this warning - for details, see https://docs.pytest.org/en/stable/how-to/mark.html\n    @pytest.mark.smoke\n\ntests\\test_scraper.py:21\n  C:\\Users\\Devansh\\Downloads\\intern_application_round1\\tests\\test_scraper.py:21: PytestUnknownMarkWarning: Unknown pytest.mark.unit - is this a typo?  You can register custom marks to avoid this warning - for details, see https://docs.pytest.org/en/stable/how-to/mark.html\n    @pytest.mark.unit\n\ntests\\test_scraper.py:30\n  C:\\Users\\Devansh\\Downloads\\intern_application_round1\\tests\\test_scraper.py:30: PytestUnknownMarkWarning: Unknown pytest.mark.smoke - is this a typo?  You can register custom marks to avoid this warning - for details, see https://docs.pytest.org/en/stable/how-to/mark.html\n    @pytest.mark.smoke\n\ntests\\test_scraper.py:31\n  C:\\Users\\Devansh\\Downloads\\intern_application_round1\\tests\\test_scraper.py:31: PytestUnknownMarkWarning: Unknown pytest.mark.unit - is this a typo?  You can register custom marks to avoid this warning - for details, see https://docs.pytest.org/en/stable/how-to/mark.html\n    @pytest.mark.unit\n\ntests\\test_scraper.py:93\n  C:\\Users\\Devansh\\Downloads\\intern_application_round1\\tests\\test_scraper.py:93: PytestUnknownMarkWarning: Unknown pytest.mark.unit - is this a typo?  You can register custom marks to avoid this warning - for details, see https://docs.pytest.org/en/stable/how-to/mark.html\n    @pytest.mark.unit\n\ntests\\test_scraper.py:489\n  C:\\Users\\Devansh\\Downloads\\intern_application_round1\\tests\\test_scraper.py:489: PytestUnknownMarkWarning: Unknown pytest.mark.unit - is this a typo?  You can register custom marks to avoid this warning - for details, see https://docs.pytest.org/en/stable/how-to/mark.html\n    @pytest.mark.unit\n\ntests\\test_scraper.py:500\n  C:\\Users\\Devansh\\Downloads\\intern_application_round1\\tests\\test_scraper.py:500: PytestUnknownMarkWarning: Unknown pytest.mark.unit - is this a typo?  You can register custom marks to avoid this warning - for details, see https://docs.pytest.org/en/stable/how-to/mark.html\n    @pytest.mark.unit\n\ntests\\test_scraper.py:515\n  C:\\Users\\Devansh\\Downloads\\intern_application_round1\\tests\\test_scraper.py:515: PytestUnknownMarkWarning: Unknown pytest.mark.unit - is this a typo?  You can register custom marks to avoid this warning - for details, see https://docs.pytest.org/en/stable/how-to/mark.html\n    @pytest.mark.unit\n\ntests\\test_scraper.py:531\n  C:\\Users\\Devansh\\Downloads\\intern_application_round1\\tests\\test_scraper.py:531: PytestUnknownMarkWarning: Unknown pytest.mark.unit - is this a typo?  You can register custom marks to avoid this warning - for details, see https://docs.pytest.org/en/stable/how-to/mark.html\n    @pytest.mark.unit\n\ntests\\test_scraper.py:567\n  C:\\Users\\Devansh\\Downloads\\intern_application_round1\\tests\\test_scraper.py:567: PytestUnknownMarkWarning: Unknown pytest.mark.unit - is this a typo?  You can register custom marks to avoid this warning - for details, see https://docs.pytest.org/en/stable/how-to/mark.html\n    @pytest.mark.unit\n\ntests\\test_scraper.py:581\n  C:\\Users\\Devansh\\Downloads\\intern_application_round1\\tests\\test_scraper.py:581: PytestUnknownMarkWarning: Unknown pytest.mark.unit - is this a typo?  You can register custom marks to avoid this warning - for details, see https://docs.pytest.org/en/stable/how-to/mark.html\n    @pytest.mark.unit\n\ntests\\test_security.py:18\n  C:\\Users\\Devansh\\Downloads\\intern_application_round1\\tests\\test_security.py:18: PytestUnknownMarkWarning: Unknown pytest.mark.security - is this a typo?  You can register custom marks to avoid this warning - for details, see https://docs.pytest.org/en/stable/how-to/mark.html\n    @pytest.mark.security\n\ntests\\test_security.py:42\n  C:\\Users\\Devansh\\Downloads\\intern_application_round1\\tests\\test_security.py:42: PytestUnknownMarkWarning: Unknown pytest.mark.security - is this a typo?  You can register custom marks to avoid this warning - for details, see https://docs.pytest.org/en/stable/how-to/mark.html\n    @pytest.mark.security\n\ntests\\test_security.py:72\n  C:\\Users\\Devansh\\Downloads\\intern_application_round1\\tests\\test_security.py:72: PytestUnknownMarkWarning: Unknown pytest.mark.security - is this a typo?  You can register custom marks to avoid this warning - for details, see https://docs.pytest.org/en/stable/how-to/mark.html\n    @pytest.mark.security\n\ntests\\test_security.py:96\n  C:\\Users\\Devansh\\Downloads\\intern_application_round1\\tests\\test_security.py:96: PytestUnknownMarkWarning: Unknown pytest.mark.security - is this a typo?  You can register custom marks to avoid this warning - for details, see https://docs.pytest.org/en/stable/how-to/mark.html\n    @pytest.mark.security\n\ntests\\test_security.py:116\n  C:\\Users\\Devansh\\Downloads\\intern_application_round1\\tests\\test_security.py:116: PytestUnknownMarkWarning: Unknown pytest.mark.security - is this a typo?  You can register custom marks to avoid this warning - for details, see https://docs.pytest.org/en/stable/how-to/mark.html\n    @pytest.mark.security\n\ntests\\test_security.py:143\n  C:\\Users\\Devansh\\Downloads\\intern_application_round1\\tests\\test_security.py:143: PytestUnknownMarkWarning: Unknown pytest.mark.security - is this a typo?  You can register custom marks to avoid this warning - for details, see https://docs.pytest.org/en/stable/how-to/mark.html\n    @pytest.mark.security\n\ntests\\test_security.py:162\n  C:\\Users\\Devansh\\Downloads\\intern_application_round1\\tests\\test_security.py:162: PytestUnknownMarkWarning: Unknown pytest.mark.security - is this a typo?  You can register custom marks to avoid this warning - for details, see https://docs.pytest.org/en/stable/how-to/mark.html\n    @pytest.mark.security\n\ntests\\test_security.py:183\n  C:\\Users\\Devansh\\Downloads\\intern_application_round1\\tests\\test_security.py:183: PytestUnknownMarkWarning: Unknown pytest.mark.security - is this a typo?  You can register custom marks to avoid this warning - for details, see https://docs.pytest.org/en/stable/how-to/mark.html\n    @pytest.mark.security\n\ntests\\test_security.py:208\n  C:\\Users\\Devansh\\Downloads\\intern_application_round1\\tests\\test_security.py:208: PytestUnknownMarkWarning: Unknown pytest.mark.security - is this a typo?  You can register custom marks to avoid this warning - for details, see https://docs.pytest.org/en/stable/how-to/mark.html\n    @pytest.mark.security\n\ntests\\test_security.py:230\n  C:\\Users\\Devansh\\Downloads\\intern_application_round1\\tests\\test_security.py:230: PytestUnknownMarkWarning: Unknown pytest.mark.security - is this a typo?  You can register custom marks to avoid this warning - for details, see https://docs.pytest.org/en/stable/how-to/mark.html\n    @pytest.mark.security\n\ntests\\test_security.py:255\n  C:\\Users\\Devansh\\Downloads\\intern_application_round1\\tests\\test_security.py:255: PytestUnknownMarkWarning: Unknown pytest.mark.security - is this a typo?  You can register custom marks to avoid this warning - for details, see https://docs.pytest.org/en/stable/how-to/mark.html\n    @pytest.mark.security\n\ntests\\test_security.py:275\n  C:\\Users\\Devansh\\Downloads\\intern_application_round1\\tests\\test_security.py:275: PytestUnknownMarkWarning: Unknown pytest.mark.security - is this a typo?  You can register custom marks to avoid this warning - for details, see https://docs.pytest.org/en/stable/how-to/mark.html\n    @pytest.mark.security\n\ntests\\test_security.py:299\n  C:\\Users\\Devansh\\Downloads\\intern_application_round1\\tests\\test_security.py:299: PytestUnknownMarkWarning: Unknown pytest.mark.security - is this a typo?  You can register custom marks to avoid this warning - for details, see https://docs.pytest.org/en/stable/how-to/mark.html\n    @pytest.mark.security\n\ntests\\test_security.py:323\n  C:\\Users\\Devansh\\Downloads\\intern_application_round1\\tests\\test_security.py:323: PytestUnknownMarkWarning: Unknown pytest.mark.security - is this a typo?  You can register custom marks to avoid this warning - for details, see https://docs.pytest.org/en/stable/how-to/mark.html\n    @pytest.mark.security\n\ntests\\test_security.py:350\n  C:\\Users\\Devansh\\Downloads\\intern_application_round1\\tests\\test_security.py:350: PytestUnknownMarkWarning: Unknown pytest.mark.security - is this a typo?  You can register custom marks to avoid this warning - for details, see https://docs.pytest.org/en/stable/how-to/mark.html\n    @pytest.mark.security\n\ntests\\test_security.py:366\n  C:\\Users\\Devansh\\Downloads\\intern_application_round1\\tests\\test_security.py:366: PytestUnknownMarkWarning: Unknown pytest.mark.security - is this a typo?  You can register custom marks to avoid this warning - for details, see https://docs.pytest.org/en/stable/how-to/mark.html\n    @pytest.mark.security\n\ntests\\test_security.py:386\n  C:\\Users\\Devansh\\Downloads\\intern_application_round1\\tests\\test_security.py:386: PytestUnknownMarkWarning: Unknown pytest.mark.security - is this a typo?  You can register custom marks to avoid this warning - for details, see https://docs.pytest.org/en/stable/how-to/mark.html\n    @pytest.mark.security\n\ntests\\test_ui.py:19\n  C:\\Users\\Devansh\\Downloads\\intern_application_round1\\tests\\test_ui.py:19: PytestUnknownMarkWarning: Unknown pytest.mark.unit - is this a typo?  You can register custom marks to avoid this warning - for details, see https://docs.pytest.org/en/stable/how-to/mark.html\n    @pytest.mark.unit\n\ntests\\test_ui.py:27\n  C:\\Users\\Devansh\\Downloads\\intern_application_round1\\tests\\test_ui.py:27: PytestUnknownMarkWarning: Unknown pytest.mark.unit - is this a typo?  You can register custom marks to avoid this warning - for details, see https://docs.pytest.org/en/stable/how-to/mark.html\n    @pytest.mark.unit\n\ntests\\test_ui.py:45\n  C:\\Users\\Devansh\\Downloads\\intern_application_round1\\tests\\test_ui.py:45: PytestUnknownMarkWarning: Unknown pytest.mark.unit - is this a typo?  You can register custom marks to avoid this warning - for details, see https://docs.pytest.org/en/stable/how-to/mark.html\n    @pytest.mark.unit\n\ntests\\test_ui.py:66\n  C:\\Users\\Devansh\\Downloads\\intern_application_round1\\tests\\test_ui.py:66: PytestUnknownMarkWarning: Unknown pytest.mark.unit - is this a typo?  You can register custom marks to avoid this warning - for details, see https://docs.pytest.org/en/stable/how-to/mark.html\n    @pytest.mark.unit\n\ntests\\test_ui.py:87\n  C:\\Users\\Devansh\\Downloads\\intern_application_round1\\tests\\test_ui.py:87: PytestUnknownMarkWarning: Unknown pytest.mark.unit - is this a typo?  You can register custom marks to avoid this warning - for details, see https://docs.pytest.org/en/stable/how-to/mark.html\n    @pytest.mark.unit\n\ntests\\test_ui.py:107\n  C:\\Users\\Devansh\\Downloads\\intern_application_round1\\tests\\test_ui.py:107: PytestUnknownMarkWarning: Unknown pytest.mark.unit - is this a typo?  You can register custom marks to avoid this warning - for details, see https://docs.pytest.org/en/stable/how-to/mark.html\n    @pytest.mark.unit\n\ntests\\test_ui.py:125\n  C:\\Users\\Devansh\\Downloads\\intern_application_round1\\tests\\test_ui.py:125: PytestUnknownMarkWarning: Unknown pytest.mark.unit - is this a typo?  You can register custom marks to avoid this warning - for details, see https://docs.pytest.org/en/stable/how-to/mark.html\n    @pytest.mark.unit\n\ntests\\test_ui.py:140\n  C:\\Users\\Devansh\\Downloads\\intern_application_round1\\tests\\test_ui.py:140: PytestUnknownMarkWarning: Unknown pytest.mark.unit - is this a typo?  You can register custom marks to avoid this warning - for details, see https://docs.pytest.org/en/stable/how-to/mark.html\n    @pytest.mark.unit\n\ntests\\test_ui.py:155\n  C:\\Users\\Devansh\\Downloads\\intern_application_round1\\tests\\test_ui.py:155: PytestUnknownMarkWarning: Unknown pytest.mark.unit - is this a typo?  You can register custom marks to avoid this warning - for details, see https://docs.pytest.org/en/stable/how-to/mark.html\n    @pytest.mark.unit\n\ntests\\test_ui.py:168\n  C:\\Users\\Devansh\\Downloads\\intern_application_round1\\tests\\test_ui.py:168: PytestUnknownMarkWarning: Unknown pytest.mark.unit - is this a typo?  You can register custom marks to avoid this warning - for details, see https://docs.pytest.org/en/stable/how-to/mark.html\n    @pytest.mark.unit\n\ntests\\test_ui.py:183\n  C:\\Users\\Devansh\\Downloads\\intern_application_round1\\tests\\test_ui.py:183: PytestUnknownMarkWarning: Unknown pytest.mark.unit - is this a typo?  You can register custom marks to avoid this warning - for details, see https://docs.pytest.org/en/stable/how-to/mark.html\n    @pytest.mark.unit\n\ntests\\test_ui.py:201\n  C:\\Users\\Devansh\\Downloads\\intern_application_round1\\tests\\test_ui.py:201: PytestUnknownMarkWarning: Unknown pytest.mark.unit - is this a typo?  You can register custom marks to avoid this warning - for details, see https://docs.pytest.org/en/stable/how-to/mark.html\n    @pytest.mark.unit\n\ntests\\test_ui.py:220\n  C:\\Users\\Devansh\\Downloads\\intern_application_round1\\tests\\test_ui.py:220: PytestUnknownMarkWarning: Unknown pytest.mark.unit - is this a typo?  You can register custom marks to avoid this warning - for details, see https://docs.pytest.org/en/stable/how-to/mark.html\n    @pytest.mark.unit\n\ntests\\test_ui.py:231\n  C:\\Users\\Devansh\\Downloads\\intern_application_round1\\tests\\test_ui.py:231: PytestUnknownMarkWarning: Unknown pytest.mark.unit - is this a typo?  You can register custom marks to avoid this warning - for details, see https://docs.pytest.org/en/stable/how-to/mark.html\n    @pytest.mark.unit\n\ntests\\test_ui.py:244\n  C:\\Users\\Devansh\\Downloads\\intern_application_round1\\tests\\test_ui.py:244: PytestUnknownMarkWarning: Unknown pytest.mark.unit - is this a typo?  You can register custom marks to avoid this warning - for details, see https://docs.pytest.org/en/stable/how-to/mark.html\n    @pytest.mark.unit\n\ntests\\test_ui.py:267\n  C:\\Users\\Devansh\\Downloads\\intern_application_round1\\tests\\test_ui.py:267: PytestUnknownMarkWarning: Unknown pytest.mark.unit - is this a typo?  You can register custom marks to avoid this warning - for details, see https://docs.pytest.org/en/stable/how-to/mark.html\n    @pytest.mark.unit\n\ntests\\test_ui.py:292\n  C:\\Users\\Devansh\\Downloads\\intern_application_round1\\tests\\test_ui.py:292: PytestUnknownMarkWarning: Unknown pytest.mark.unit - is this a typo?  You can register custom marks to avoid this warning - for details, see https://docs.pytest.org/en/stable/how-to/mark.html\n    @pytest.mark.unit\n\ntests\\test_ui.py:315\n  C:\\Users\\Devansh\\Downloads\\intern_application_round1\\tests\\test_ui.py:315: PytestUnknownMarkWarning: Unknown pytest.mark.unit - is this a typo?  You can register custom marks to avoid this warning - for details, see https://docs.pytest.org/en/stable/how-to/mark.html\n    @pytest.mark.unit\n\ntests\\test_ui.py:336\n  C:\\Users\\Devansh\\Downloads\\intern_application_round1\\tests\\test_ui.py:336: PytestUnknownMarkWarning: Unknown pytest.mark.unit - is this a typo?  You can register custom marks to avoid this warning - for details, see https://docs.pytest.org/en/stable/how-to/mark.html\n    @pytest.mark.unit\n\ntests\\test_ui.py:357\n  C:\\Users\\Devansh\\Downloads\\intern_application_round1\\tests\\test_ui.py:357: PytestUnknownMarkWarning: Unknown pytest.mark.unit - is this a typo?  You can register custom marks to avoid this warning - for details, see https://docs.pytest.org/en/stable/how-to/mark.html\n    @pytest.mark.unit\n\ntests\\test_ui.py:382\n  C:\\Users\\Devansh\\Downloads\\intern_application_round1\\tests\\test_ui.py:382: PytestUnknownMarkWarning: Unknown pytest.mark.unit - is this a typo?  You can register custom marks to avoid this warning - for details, see https://docs.pytest.org/en/stable/how-to/mark.html\n    @pytest.mark.unit\n\ntests\\test_ui.py:403\n  C:\\Users\\Devansh\\Downloads\\intern_application_round1\\tests\\test_ui.py:403: PytestUnknownMarkWarning: Unknown pytest.mark.unit - is this a typo?  You can register custom marks to avoid this warning - for details, see https://docs.pytest.org/en/stable/how-to/mark.html\n    @pytest.mark.unit\n\ntests\\test_ui.py:427\n  C:\\Users\\Devansh\\Downloads\\intern_application_round1\\tests\\test_ui.py:427: PytestUnknownMarkWarning: Unknown pytest.mark.unit - is this a typo?  You can register custom marks to avoid this warning - for details, see https://docs.pytest.org/en/stable/how-to/mark.html\n    @pytest.mark.unit\n\ntests\\test_ui.py:442\n  C:\\Users\\Devansh\\Downloads\\intern_application_round1\\tests\\test_ui.py:442: PytestUnknownMarkWarning: Unknown pytest.mark.unit - is this a typo?  You can register custom marks to avoid this warning - for details, see https://docs.pytest.org/en/stable/how-to/mark.html\n    @pytest.mark.unit\n\ntests\\test_ui.py:454\n  C:\\Users\\Devansh\\Downloads\\intern_application_round1\\tests\\test_ui.py:454: PytestUnknownMarkWarning: Unknown pytest.mark.unit - is this a typo?  You can register custom marks to avoid this warning - for details, see https://docs.pytest.org/en/stable/how-to/mark.html\n    @pytest.mark.unit\n\ntests\\test_ui.py:476\n  C:\\Users\\Devansh\\Downloads\\intern_application_round1\\tests\\test_ui.py:476: PytestUnknownMarkWarning: Unknown pytest.mark.unit - is this a typo?  You can register custom marks to avoid this warning - for details, see https://docs.pytest.org/en/stable/how-to/mark.html\n    @pytest.mark.unit\n\ntests\\test_ui.py:504\n  C:\\Users\\Devansh\\Downloads\\intern_application_round1\\tests\\test_ui.py:504: PytestUnknownMarkWarning: Unknown pytest.mark.unit - is this a typo?  You can register custom marks to avoid this warning - for details, see https://docs.pytest.org/en/stable/how-to/mark.html\n    @pytest.mark.unit\n\ntests\\test_ui.py:530\n  C:\\Users\\Devansh\\Downloads\\intern_application_round1\\tests\\test_ui.py:530: PytestUnknownMarkWarning: Unknown pytest.mark.unit - is this a typo?  You can register custom marks to avoid this warning - for details, see https://docs.pytest.org/en/stable/how-to/mark.html\n    @pytest.mark.unit\n\ntests/test_analytics.py::TestAnalyticsIntegration::test_full_analytics_pipeline\n  C:\\Users\\Devansh\\Downloads\\intern_application_round1\\tests\\conftest.py:27: DeprecationWarning: datetime.datetime.utcnow() is deprecated and scheduled for removal in a future version. Use timezone-aware objects to represent datetimes in UTC: datetime.datetime.now(datetime.UTC).\n    'created_utc': datetime.utcnow(),\n\ntests/test_analytics.py::TestAnalyticsIntegration::test_full_analytics_pipeline\n  C:\\Users\\Devansh\\Downloads\\intern_application_round1\\tests\\conftest.py:30: DeprecationWarning: datetime.datetime.utcnow() is deprecated and scheduled for removal in a future version. Use timezone-aware objects to represent datetimes in UTC: datetime.datetime.now(datetime.UTC).\n    'scraped_at': datetime.utcnow()\n\ntests/test_analytics.py: 110 warnings\n  C:\\Users\\Devansh\\Downloads\\intern_application_round1\\analytics\\data_validator.py:222: DeprecationWarning: datetime.datetime.utcnow() is deprecated and scheduled for removal in a future version. Use timezone-aware objects to represent datetimes in UTC: datetime.datetime.now(datetime.UTC).\n    'validation_timestamp': datetime.utcnow().isoformat()\n\ntests/test_analytics.py::TestAnalyticsIntegration::test_full_analytics_pipeline\ntests/test_analytics.py::TestAnalyticsIntegration::test_analytics_with_empty_data\ntests/test_analytics.py::TestAnalyticsIntegration::test_analytics_performance\n  C:\\Users\\Devansh\\AppData\\Roaming\\Python\\Python312\\site-packages\\sqlalchemy\\sql\\schema.py:3616: DeprecationWarning: datetime.datetime.utcnow() is deprecated and scheduled for removal in a future version. Use timezone-aware objects to represent datetimes in UTC: datetime.datetime.now(datetime.UTC).\n    return util.wrap_callable(lambda ctx: fn(), fn)  # type: ignore\n\ntests/test_analytics.py::TestAnalyticsIntegration::test_analytics_with_empty_data\n  C:\\Users\\Devansh\\Downloads\\intern_application_round1\\database\\models.py:136: DeprecationWarning: datetime.datetime.utcnow() is deprecated and scheduled for removal in a future version. Use timezone-aware objects to represent datetimes in UTC: datetime.datetime.now(datetime.UTC).\n    cutoff_date = datetime.utcnow().replace(hour=0, minute=0, second=0, microsecond=0)\n\ntests/test_analytics.py::TestAnalyticsIntegration::test_analytics_performance\n  C:\\Users\\Devansh\\Downloads\\intern_application_round1\\tests\\test_analytics.py:674: DeprecationWarning: datetime.datetime.utcnow() is deprecated and scheduled for removal in a future version. Use timezone-aware objects to represent datetimes in UTC: datetime.datetime.now(datetime.UTC).\n    'created_utc': datetime.utcnow(),\n\n-- Docs: https://docs.pytest.org/en/stable/how-to/capture-warnings.html\n=========================== short test summary info ===========================\nFAILED tests/test_analytics.py::TestAnalyticsIntegration::test_full_analytics_pipeline\nFAILED tests/test_analytics.py::TestAnalyticsIntegration::test_analytics_performance\nERROR tests/test_integration.py::TestSystemIntegration::test_complete_workflow\nERROR tests/test_integration.py::TestSystemIntegration::test_complete_workflow\nERROR tests/test_integration.py::TestSystemIntegration::test_async_workflow\nERROR tests/test_integration.py::TestSystemIntegration::test_async_workflow\nERROR tests/test_integration.py::TestSystemIntegration::test_error_propagation\nERROR tests/test_integration.py::TestSystemIntegration::test_error_propagation\nERROR tests/test_integration.py::TestSystemIntegration::test_data_consistency\nERROR tests/test_integration.py::TestSystemIntegration::test_data_consistency\nERROR tests/test_integration.py::TestSystemIntegration::test_concurrent_access\nERROR tests/test_integration.py::TestSystemIntegration::test_concurrent_access\nERROR tests/test_integration.py::TestSystemIntegration::test_performance_integration\nERROR tests/test_integration.py::TestSystemIntegration::test_performance_integration\n==== 2 failed, 1 passed, 170 deselected, 234 warnings, 12 errors in 8.73s =====\n",
      "stderr": "Windows fatal exception: access violation\n\nCurrent thread 0x0000135c (most recent call first):\n  File \"<frozen importlib._bootstrap>\", line 488 in _call_with_frames_removed\n  File \"<frozen importlib._bootstrap_external>\", line 1288 in create_module\n  File \"<frozen importlib._bootstrap>\", line 813 in module_from_spec\n  File \"<frozen importlib._bootstrap>\", line 921 in _load_unlocked\n  File \"<frozen importlib._bootstrap>\", line 1331 in _find_and_load_unlocked\n  File \"<frozen importlib._bootstrap>\", line 1360 in _find_and_load\n  File \"C:\\Users\\Devansh\\AppData\\Roaming\\Python\\Python312\\site-packages\\tensorflow\\python\\pywrap_tensorflow.py\", line 73 in <module>\n  File \"<frozen importlib._bootstrap>\", line 488 in _call_with_frames_removed\n  File \"<frozen importlib._bootstrap_external>\", line 994 in exec_module\n  File \"<frozen importlib._bootstrap>\", line 935 in _load_unlocked\n  File \"<frozen importlib._bootstrap>\", line 1331 in _find_and_load_unlocked\n  File \"<frozen importlib._bootstrap>\", line 1360 in _find_and_load\n  File \"<frozen importlib._bootstrap>\", line 488 in _call_with_frames_removed\n  File \"<frozen importlib._bootstrap>\", line 1415 in _handle_fromlist\n  File \"C:\\Users\\Devansh\\AppData\\Roaming\\Python\\Python312\\site-packages\\tensorflow\\__init__.py\", line 40 in <module>\n  File \"<frozen importlib._bootstrap>\", line 488 in _call_with_frames_removed\n  File \"<frozen importlib._bootstrap_external>\", line 994 in exec_module\n  File \"<frozen importlib._bootstrap>\", line 935 in _load_unlocked\n  File \"<frozen importlib._bootstrap>\", line 1331 in _find_and_load_unlocked\n  File \"<frozen importlib._bootstrap>\", line 1360 in _find_and_load\n  File \"C:\\Users\\Devansh\\AppData\\Roaming\\Python\\Python312\\site-packages\\transformers\\image_transforms.py\", line 47 in <module>\n  File \"<frozen importlib._bootstrap>\", line 488 in _call_with_frames_removed\n  File \"<frozen importlib._bootstrap_external>\", line 994 in exec_module\n  File \"<frozen importlib._bootstrap>\", line 935 in _load_unlocked\n  File \"<frozen importlib._bootstrap>\", line 1331 in _find_and_load_unlocked\n  File \"<frozen importlib._bootstrap>\", line 1360 in _find_and_load\n  File \"C:\\Users\\Devansh\\AppData\\Roaming\\Python\\Python312\\site-packages\\transformers\\image_processing_utils.py\", line 22 in <module>\n  File \"<frozen importlib._bootstrap>\", line 488 in _call_with_frames_removed\n  File \"<frozen importlib._bootstrap_external>\", line 994 in exec_module\n  File \"<frozen importlib._bootstrap>\", line 935 in _load_unlocked\n  File \"<frozen importlib._bootstrap>\", line 1331 in _find_and_load_unlocked\n  File \"<frozen importlib._bootstrap>\", line 1360 in _find_and_load\n  File \"C:\\Users\\Devansh\\AppData\\Roaming\\Python\\Python312\\site-packages\\transformers\\pipelines\\__init__.py\", line 26 in <module>\n  File \"<frozen importlib._bootstrap>\", line 488 in _call_with_frames_removed\n  File \"<frozen importlib._bootstrap_external>\", line 994 in exec_module\n  File \"<frozen importlib._bootstrap>\", line 935 in _load_unlocked\n  File \"<frozen importlib._bootstrap>\", line 1331 in _find_and_load_unlocked\n  File \"<frozen importlib._bootstrap>\", line 1360 in _find_and_load\n  File \"<frozen importlib._bootstrap>\", line 1387 in _gcd_import\n  File \"C:\\Program Files\\Python312\\Lib\\importlib\\__init__.py\", line 90 in import_module\n  File \"C:\\Users\\Devansh\\AppData\\Roaming\\Python\\Python312\\site-packages\\transformers\\utils\\import_utils.py\", line 2073 in _get_module\n  File \"C:\\Users\\Devansh\\AppData\\Roaming\\Python\\Python312\\site-packages\\transformers\\utils\\import_utils.py\", line 2045 in __getattr__\n  File \"<frozen importlib._bootstrap>\", line 1412 in _handle_fromlist\n  File \"C:\\Users\\Devansh\\Downloads\\intern_application_round1\\analytics\\advanced_sentiment.py\", line 12 in <module>\n  File \"<frozen importlib._bootstrap>\", line 488 in _call_with_frames_removed\n  File \"<frozen importlib._bootstrap_external>\", line 994 in exec_module\n  File \"<frozen importlib._bootstrap>\", line 935 in _load_unlocked\n  File \"<frozen importlib._bootstrap>\", line 1331 in _find_and_load_unlocked\n  File \"<frozen importlib._bootstrap>\", line 1360 in _find_and_load\n  File \"C:\\Users\\Devansh\\Downloads\\intern_application_round1\\scraper\\reddit_scraper.py\", line 26 in <module>\n  File \"<frozen importlib._bootstrap>\", line 488 in _call_with_frames_removed\n  File \"<frozen importlib._bootstrap_external>\", line 994 in exec_module\n  File \"<frozen importlib._bootstrap>\", line 935 in _load_unlocked\n  File \"<frozen importlib._bootstrap>\", line 1331 in _find_and_load_unlocked\n  File \"<frozen importlib._bootstrap>\", line 1360 in _find_and_load\n  File \"C:\\Users\\Devansh\\Downloads\\intern_application_round1\\tests\\test_integration.py\", line 13 in <module>\n  File \"C:\\Users\\Devansh\\AppData\\Roaming\\Python\\Python312\\site-packages\\_pytest\\assertion\\rewrite.py\", line 185 in exec_module\n  File \"<frozen importlib._bootstrap>\", line 935 in _load_unlocked\n  File \"<frozen importlib._bootstrap>\", line 1331 in _find_and_load_unlocked\n  File \"<frozen importlib._bootstrap>\", line 1360 in _find_and_load\n  File \"<frozen importlib._bootstrap>\", line 1387 in _gcd_import\n  File \"C:\\Program Files\\Python312\\Lib\\importlib\\__init__.py\", line 90 in import_module\n  File \"C:\\Users\\Devansh\\AppData\\Roaming\\Python\\Python312\\site-packages\\_pytest\\pathlib.py\", line 587 in import_path\n  File \"C:\\Users\\Devansh\\AppData\\Roaming\\Python\\Python312\\site-packages\\_pytest\\python.py\", line 493 in importtestmodule\n  File \"C:\\Users\\Devansh\\AppData\\Roaming\\Python\\Python312\\site-packages\\_pytest\\python.py\", line 546 in _getobj\n  File \"C:\\Users\\Devansh\\AppData\\Roaming\\Python\\Python312\\site-packages\\_pytest\\python.py\", line 284 in obj\n  File \"C:\\Users\\Devansh\\AppData\\Roaming\\Python\\Python312\\site-packages\\_pytest\\python.py\", line 562 in _register_setup_module_fixture\n  File \"C:\\Users\\Devansh\\AppData\\Roaming\\Python\\Python312\\site-packages\\_pytest\\python.py\", line 549 in collect\n  File \"C:\\Users\\Devansh\\AppData\\Roaming\\Python\\Python312\\site-packages\\_pytest\\runner.py\", line 389 in collect\n  File \"C:\\Users\\Devansh\\AppData\\Roaming\\Python\\Python312\\site-packages\\_pytest\\runner.py\", line 341 in from_call\n  File \"C:\\Users\\Devansh\\AppData\\Roaming\\Python\\Python312\\site-packages\\_pytest\\runner.py\", line 391 in pytest_make_collect_report\n  File \"C:\\Users\\Devansh\\AppData\\Roaming\\Python\\Python312\\site-packages\\pluggy\\_callers.py\", line 103 in _multicall\n  File \"C:\\Users\\Devansh\\AppData\\Roaming\\Python\\Python312\\site-packages\\pluggy\\_manager.py\", line 120 in _hookexec\n  File \"C:\\Users\\Devansh\\AppData\\Roaming\\Python\\Python312\\site-packages\\pluggy\\_hooks.py\", line 513 in __call__\n  File \"C:\\Users\\Devansh\\AppData\\Roaming\\Python\\Python312\\site-packages\\_pytest\\runner.py\", line 567 in collect_one_node\n  File \"C:\\Users\\Devansh\\AppData\\Roaming\\Python\\Python312\\site-packages\\_pytest\\main.py\", line 835 in _collect_one_node\n  File \"C:\\Users\\Devansh\\AppData\\Roaming\\Python\\Python312\\site-packages\\_pytest\\main.py\", line 970 in genitems\n  File \"C:\\Users\\Devansh\\AppData\\Roaming\\Python\\Python312\\site-packages\\_pytest\\main.py\", line 975 in genitems\n  File \"C:\\Users\\Devansh\\AppData\\Roaming\\Python\\Python312\\site-packages\\_pytest\\main.py\", line 809 in perform_collect\n  File \"C:\\Users\\Devansh\\AppData\\Roaming\\Python\\Python312\\site-packages\\_pytest\\main.py\", line 347 in pytest_collection\n  File \"C:\\Users\\Devansh\\AppData\\Roaming\\Python\\Python312\\site-packages\\pluggy\\_callers.py\", line 103 in _multicall\n  File \"C:\\Users\\Devansh\\AppData\\Roaming\\Python\\Python312\\site-packages\\pluggy\\_manager.py\", line 120 in _hookexec\n  File \"C:\\Users\\Devansh\\AppData\\Roaming\\Python\\Python312\\site-packages\\pluggy\\_hooks.py\", line 513 in __call__\n  File \"C:\\Users\\Devansh\\AppData\\Roaming\\Python\\Python312\\site-packages\\_pytest\\main.py\", line 336 in _main\n  File \"C:\\Users\\Devansh\\AppData\\Roaming\\Python\\Python312\\site-packages\\_pytest\\main.py\", line 283 in wrap_session\n  File \"C:\\Users\\Devansh\\AppData\\Roaming\\Python\\Python312\\site-packages\\_pytest\\main.py\", line 330 in pytest_cmdline_main\n  File \"C:\\Users\\Devansh\\AppData\\Roaming\\Python\\Python312\\site-packages\\pluggy\\_callers.py\", line 103 in _multicall\n  File \"C:\\Users\\Devansh\\AppData\\Roaming\\Python\\Python312\\site-packages\\pluggy\\_manager.py\", line 120 in _hookexec\n  File \"C:\\Users\\Devansh\\AppData\\Roaming\\Python\\Python312\\site-packages\\pluggy\\_hooks.py\", line 513 in __call__\n  File \"C:\\Users\\Devansh\\AppData\\Roaming\\Python\\Python312\\site-packages\\_pytest\\config\\__init__.py\", line 175 in main\n  File \"C:\\Users\\Devansh\\AppData\\Roaming\\Python\\Python312\\site-packages\\_pytest\\config\\__init__.py\", line 201 in console_main\n  File \"C:\\Users\\Devansh\\AppData\\Roaming\\Python\\Python312\\site-packages\\pytest\\__main__.py\", line 9 in <module>\n  File \"<frozen runpy>\", line 88 in _run_code\n  File \"<frozen runpy>\", line 198 in _run_module_as_main\n",
      "critical": true
    },
    "security": {
      "category": "security",
      "description": "Security Tests - Vulnerability Assessment",
      "success": false,
      "execution_time": 300,
      "error": "timeout",
      "critical": true
    },
    "performance": {
      "category": "performance",
      "description": "Performance Tests - Load & Stress Testing",
      "success": false,
      "execution_time": 49.37161922454834,
      "statistics": {
        "total": 12,
        "passed": 0,
        "failed": 12,
        "skipped": 0,
        "errors": 0
      },
      "stdout": "============================= test session starts =============================\nplatform win32 -- Python 3.12.1, pytest-8.3.5, pluggy-1.5.0 -- C:\\Program Files\\Python312\\python.exe\ncachedir: .pytest_cache\nmetadata: {'Python': '3.12.1', 'Platform': 'Windows-10-10.0.19045-SP0', 'Packages': {'pytest': '8.3.5', 'pluggy': '1.5.0'}, 'Plugins': {'anyio': '4.8.0', 'asyncio': '0.21.1', 'cov': '4.1.0', 'html': '4.1.1', 'metadata': '3.1.1', 'xdist': '3.7.0'}}\nrootdir: C:\\Users\\Devansh\\Downloads\\intern_application_round1\nconfigfile: pytest.ini\nplugins: anyio-4.8.0, asyncio-0.21.1, cov-4.1.0, html-4.1.1, metadata-3.1.1, xdist-3.7.0\nasyncio: mode=Mode.STRICT\ncollecting ... collected 179 items / 167 deselected / 12 selected\n\ntests/test_performance.py::TestDatabasePerformance::test_bulk_insert_performance FAILED [  8%]\ntests/test_performance.py::TestDatabasePerformance::test_query_performance FAILED [ 16%]\ntests/test_performance.py::TestDatabasePerformance::test_concurrent_database_access FAILED [ 25%]\ntests/test_performance.py::TestScrapingPerformance::test_scraper_throughput FAILED [ 33%]\ntests/test_performance.py::TestScrapingPerformance::test_rate_limiting_efficiency FAILED [ 41%]\ntests/test_performance.py::TestAnalyticsPerformance::test_metrics_calculation_performance FAILED [ 50%]\ntests/test_performance.py::TestAnalyticsPerformance::test_data_validation_performance FAILED [ 58%]\ntests/test_performance.py::TestVisualizationPerformance::test_chart_generation_performance FAILED [ 66%]\ntests/test_performance.py::TestMemoryPerformance::test_memory_usage_during_processing FAILED [ 75%]\ntests/test_performance.py::TestMemoryPerformance::test_memory_leak_detection FAILED [ 83%]\ntests/test_performance.py::TestScalabilityLimits::test_maximum_concurrent_sessions FAILED [ 91%]\ntests/test_performance.py::TestScalabilityLimits::test_large_dataset_processing FAILED [100%]\n\n================================== FAILURES ===================================\n____________ TestDatabasePerformance.test_bulk_insert_performance _____________\ntests\\test_performance.py:55: in test_bulk_insert_performance\n    db_manager.add_mention(session_id, mention)\nE   TypeError: DatabaseManager.add_mention() takes 2 positional arguments but 3 were given\n_______________ TestDatabasePerformance.test_query_performance ________________\ntests\\test_performance.py:96: in test_query_performance\n    db_manager.add_mention(session_id, mention)\nE   TypeError: DatabaseManager.add_mention() takes 2 positional arguments but 3 were given\n___________ TestDatabasePerformance.test_concurrent_database_access ___________\ntests\\test_performance.py:181: in test_concurrent_database_access\n    assert len(errors) == 0, f\"Errors occurred: {errors}\"\nE   AssertionError: Errors occurred: [{'worker_id': 0, 'error': 'DatabaseManager.add_mention() takes 2 positional arguments but 3 were given'}, {'worker_id': 3, 'error': 'DatabaseManager.add_mention() takes 2 positional arguments but 3 were given'}, {'worker_id': 4, 'error': 'DatabaseManager.add_mention() takes 2 positional arguments but 3 were given'}, {'worker_id': 2, 'error': 'DatabaseManager.add_mention() takes 2 positional arguments but 3 were given'}, {'worker_id': 1, 'error': 'DatabaseManager.add_mention() takes 2 positional arguments but 3 were given'}]\nE   assert 5 == 0\nE    +  where 5 = len([{'error': 'DatabaseManager.add_mention() takes 2 positional arguments but 3 were given', 'worker_id': 0}, {'error': 'DatabaseManager.add_mention() takes 2 positional arguments but 3 were given', 'worker_id': 3}, {'error': 'DatabaseManager.add_mention() takes 2 positional arguments but 3 were given', 'worker_id': 4}, {'error': 'DatabaseManager.add_mention() takes 2 positional arguments but 3 were given', 'worker_id': 2}, {'error': 'DatabaseManager.add_mention() takes 2 positional arguments but 3 were given', 'worker_id': 1}])\n_______________ TestScrapingPerformance.test_scraper_throughput _______________\ntests\\test_performance.py:228: in test_scraper_throughput\n    assert len(results) == len(mock_mentions)\nE   TypeError: object of type 'coroutine' has no len()\n------------------------------ Captured log call ------------------------------\nWARNING  analytics.advanced_sentiment:advanced_sentiment.py:29 Transformers not available, falling back to TextBlob only\n____________ TestScrapingPerformance.test_rate_limiting_efficiency ____________\ntests\\test_performance.py:249: in test_rate_limiting_efficiency\n    with scraper.throttler:\nE   TypeError: 'Throttler' object does not support the context manager protocol\n------------------------------ Captured log call ------------------------------\nWARNING  analytics.advanced_sentiment:advanced_sentiment.py:29 Transformers not available, falling back to TextBlob only\n________ TestAnalyticsPerformance.test_metrics_calculation_performance ________\ntests\\test_performance.py:271: in test_metrics_calculation_performance\n    analyzer = MetricsAnalyzer()\nE   TypeError: MetricsAnalyzer.__init__() missing 1 required positional argument: 'db_manager'\n__________ TestAnalyticsPerformance.test_data_validation_performance __________\ntests\\test_performance.py:346: in test_data_validation_performance\n    assert isinstance(quality_metrics, dict)\nE   AssertionError: assert False\nE    +  where False = isinstance(QualityMetrics(total_records=2000, valid_records=1900, duplicate_records=75, spam_records=1200, low_quality_records=0, average_quality_score=0.8206114101072816, quality_distribution={<DataQuality.FAIR: 'fair'>: 43, <DataQuality.GOOD: 'good'>: 1957}, common_issues=[('not_in_whitelist', 2000), ('invalid_date_format', 2000), ('spam_pattern_repetitive', 1200), ('low_language_confidence', 828), ('missing_required_field', 300)]), dict)\n_______ TestVisualizationPerformance.test_chart_generation_performance ________\ntests\\test_performance.py:388: in test_chart_generation_performance\n    dashboard = visualizer.create_comprehensive_dashboard(large_dataset)\nE   AttributeError: 'MetricsVisualizer' object has no attribute 'create_comprehensive_dashboard'\n__________ TestMemoryPerformance.test_memory_usage_during_processing __________\ntests\\test_performance.py:439: in test_memory_usage_during_processing\n    db_manager.add_mention(session_id, mention)\nE   TypeError: DatabaseManager.add_mention() takes 2 positional arguments but 3 were given\n______________ TestMemoryPerformance.test_memory_leak_detection _______________\ntests\\test_performance.py:463: in test_memory_leak_detection\n    analyzer = MetricsAnalyzer()\nE   TypeError: MetricsAnalyzer.__init__() missing 1 required positional argument: 'db_manager'\n___________ TestScalabilityLimits.test_maximum_concurrent_sessions ____________\ntests\\test_performance.py:531: in test_maximum_concurrent_sessions\n    db_manager.add_mention(session_id, mention)\nE   TypeError: DatabaseManager.add_mention() takes 2 positional arguments but 3 were given\n_____________ TestScalabilityLimits.test_large_dataset_processing _____________\ntests\\test_performance.py:551: in test_large_dataset_processing\n    analyzer = MetricsAnalyzer()\nE   TypeError: MetricsAnalyzer.__init__() missing 1 required positional argument: 'db_manager'\n============================== warnings summary ===============================\ndatabase\\models.py:10\n  C:\\Users\\Devansh\\Downloads\\intern_application_round1\\database\\models.py:10: MovedIn20Warning: The ``declarative_base()`` function is now available as sqlalchemy.orm.declarative_base(). (deprecated since: 2.0) (Background on SQLAlchemy 2.0 at: https://sqlalche.me/e/b8d9)\n    Base = declarative_base()\n\ntests\\test_analytics.py:35\n  C:\\Users\\Devansh\\Downloads\\intern_application_round1\\tests\\test_analytics.py:35: PytestUnknownMarkWarning: Unknown pytest.mark.smoke - is this a typo?  You can register custom marks to avoid this warning - for details, see https://docs.pytest.org/en/stable/how-to/mark.html\n    @pytest.mark.smoke\n\ntests\\test_analytics.py:36\n  C:\\Users\\Devansh\\Downloads\\intern_application_round1\\tests\\test_analytics.py:36: PytestUnknownMarkWarning: Unknown pytest.mark.unit - is this a typo?  You can register custom marks to avoid this warning - for details, see https://docs.pytest.org/en/stable/how-to/mark.html\n    @pytest.mark.unit\n\ntests\\test_analytics.py:43\n  C:\\Users\\Devansh\\Downloads\\intern_application_round1\\tests\\test_analytics.py:43: PytestUnknownMarkWarning: Unknown pytest.mark.smoke - is this a typo?  You can register custom marks to avoid this warning - for details, see https://docs.pytest.org/en/stable/how-to/mark.html\n    @pytest.mark.smoke\n\ntests\\test_analytics.py:44\n  C:\\Users\\Devansh\\Downloads\\intern_application_round1\\tests\\test_analytics.py:44: PytestUnknownMarkWarning: Unknown pytest.mark.unit - is this a typo?  You can register custom marks to avoid this warning - for details, see https://docs.pytest.org/en/stable/how-to/mark.html\n    @pytest.mark.unit\n\ntests\\test_analytics.py:76\n  C:\\Users\\Devansh\\Downloads\\intern_application_round1\\tests\\test_analytics.py:76: PytestUnknownMarkWarning: Unknown pytest.mark.smoke - is this a typo?  You can register custom marks to avoid this warning - for details, see https://docs.pytest.org/en/stable/how-to/mark.html\n    @pytest.mark.smoke\n\ntests\\test_analytics.py:77\n  C:\\Users\\Devansh\\Downloads\\intern_application_round1\\tests\\test_analytics.py:77: PytestUnknownMarkWarning: Unknown pytest.mark.unit - is this a typo?  You can register custom marks to avoid this warning - for details, see https://docs.pytest.org/en/stable/how-to/mark.html\n    @pytest.mark.unit\n\ntests\\test_analytics.py:109\n  C:\\Users\\Devansh\\Downloads\\intern_application_round1\\tests\\test_analytics.py:109: PytestUnknownMarkWarning: Unknown pytest.mark.unit - is this a typo?  You can register custom marks to avoid this warning - for details, see https://docs.pytest.org/en/stable/how-to/mark.html\n    @pytest.mark.unit\n\ntests\\test_analytics.py:138\n  C:\\Users\\Devansh\\Downloads\\intern_application_round1\\tests\\test_analytics.py:138: PytestUnknownMarkWarning: Unknown pytest.mark.unit - is this a typo?  You can register custom marks to avoid this warning - for details, see https://docs.pytest.org/en/stable/how-to/mark.html\n    @pytest.mark.unit\n\ntests\\test_analytics.py:169\n  C:\\Users\\Devansh\\Downloads\\intern_application_round1\\tests\\test_analytics.py:169: PytestUnknownMarkWarning: Unknown pytest.mark.unit - is this a typo?  You can register custom marks to avoid this warning - for details, see https://docs.pytest.org/en/stable/how-to/mark.html\n    @pytest.mark.unit\n\ntests\\test_analytics.py:196\n  C:\\Users\\Devansh\\Downloads\\intern_application_round1\\tests\\test_analytics.py:196: PytestUnknownMarkWarning: Unknown pytest.mark.unit - is this a typo?  You can register custom marks to avoid this warning - for details, see https://docs.pytest.org/en/stable/how-to/mark.html\n    @pytest.mark.unit\n\ntests\\test_analytics.py:223\n  C:\\Users\\Devansh\\Downloads\\intern_application_round1\\tests\\test_analytics.py:223: PytestUnknownMarkWarning: Unknown pytest.mark.unit - is this a typo?  You can register custom marks to avoid this warning - for details, see https://docs.pytest.org/en/stable/how-to/mark.html\n    @pytest.mark.unit\n\ntests\\test_analytics.py:258\n  C:\\Users\\Devansh\\Downloads\\intern_application_round1\\tests\\test_analytics.py:258: PytestUnknownMarkWarning: Unknown pytest.mark.unit - is this a typo?  You can register custom marks to avoid this warning - for details, see https://docs.pytest.org/en/stable/how-to/mark.html\n    @pytest.mark.unit\n\ntests\\test_analytics.py:291\n  C:\\Users\\Devansh\\Downloads\\intern_application_round1\\tests\\test_analytics.py:291: PytestUnknownMarkWarning: Unknown pytest.mark.unit - is this a typo?  You can register custom marks to avoid this warning - for details, see https://docs.pytest.org/en/stable/how-to/mark.html\n    @pytest.mark.unit\n\ntests\\test_analytics.py:308\n  C:\\Users\\Devansh\\Downloads\\intern_application_round1\\tests\\test_analytics.py:308: PytestUnknownMarkWarning: Unknown pytest.mark.unit - is this a typo?  You can register custom marks to avoid this warning - for details, see https://docs.pytest.org/en/stable/how-to/mark.html\n    @pytest.mark.unit\n\ntests\\test_analytics.py:351\n  C:\\Users\\Devansh\\Downloads\\intern_application_round1\\tests\\test_analytics.py:351: PytestUnknownMarkWarning: Unknown pytest.mark.unit - is this a typo?  You can register custom marks to avoid this warning - for details, see https://docs.pytest.org/en/stable/how-to/mark.html\n    @pytest.mark.unit\n\ntests\\test_analytics.py:359\n  C:\\Users\\Devansh\\Downloads\\intern_application_round1\\tests\\test_analytics.py:359: PytestUnknownMarkWarning: Unknown pytest.mark.unit - is this a typo?  You can register custom marks to avoid this warning - for details, see https://docs.pytest.org/en/stable/how-to/mark.html\n    @pytest.mark.unit\n\ntests\\test_analytics.py:371\n  C:\\Users\\Devansh\\Downloads\\intern_application_round1\\tests\\test_analytics.py:371: PytestUnknownMarkWarning: Unknown pytest.mark.unit - is this a typo?  You can register custom marks to avoid this warning - for details, see https://docs.pytest.org/en/stable/how-to/mark.html\n    @pytest.mark.unit\n\ntests\\test_analytics.py:616\n  C:\\Users\\Devansh\\Downloads\\intern_application_round1\\tests\\test_analytics.py:616: PytestUnknownMarkWarning: Unknown pytest.mark.integration - is this a typo?  You can register custom marks to avoid this warning - for details, see https://docs.pytest.org/en/stable/how-to/mark.html\n    @pytest.mark.integration\n\ntests\\test_analytics.py:642\n  C:\\Users\\Devansh\\Downloads\\intern_application_round1\\tests\\test_analytics.py:642: PytestUnknownMarkWarning: Unknown pytest.mark.integration - is this a typo?  You can register custom marks to avoid this warning - for details, see https://docs.pytest.org/en/stable/how-to/mark.html\n    @pytest.mark.integration\n\ntests\\test_analytics.py:659\n  C:\\Users\\Devansh\\Downloads\\intern_application_round1\\tests\\test_analytics.py:659: PytestUnknownMarkWarning: Unknown pytest.mark.integration - is this a typo?  You can register custom marks to avoid this warning - for details, see https://docs.pytest.org/en/stable/how-to/mark.html\n    @pytest.mark.integration\n\ntests\\test_database.py:16\n  C:\\Users\\Devansh\\Downloads\\intern_application_round1\\tests\\test_database.py:16: PytestUnknownMarkWarning: Unknown pytest.mark.smoke - is this a typo?  You can register custom marks to avoid this warning - for details, see https://docs.pytest.org/en/stable/how-to/mark.html\n    @pytest.mark.smoke\n\ntests\\test_database.py:17\n  C:\\Users\\Devansh\\Downloads\\intern_application_round1\\tests\\test_database.py:17: PytestUnknownMarkWarning: Unknown pytest.mark.unit - is this a typo?  You can register custom marks to avoid this warning - for details, see https://docs.pytest.org/en/stable/how-to/mark.html\n    @pytest.mark.unit\n\ntests\\test_database.py:24\n  C:\\Users\\Devansh\\Downloads\\intern_application_round1\\tests\\test_database.py:24: PytestUnknownMarkWarning: Unknown pytest.mark.smoke - is this a typo?  You can register custom marks to avoid this warning - for details, see https://docs.pytest.org/en/stable/how-to/mark.html\n    @pytest.mark.smoke\n\ntests\\test_database.py:25\n  C:\\Users\\Devansh\\Downloads\\intern_application_round1\\tests\\test_database.py:25: PytestUnknownMarkWarning: Unknown pytest.mark.unit - is this a typo?  You can register custom marks to avoid this warning - for details, see https://docs.pytest.org/en/stable/how-to/mark.html\n    @pytest.mark.unit\n\ntests\\test_database.py:41\n  C:\\Users\\Devansh\\Downloads\\intern_application_round1\\tests\\test_database.py:41: PytestUnknownMarkWarning: Unknown pytest.mark.unit - is this a typo?  You can register custom marks to avoid this warning - for details, see https://docs.pytest.org/en/stable/how-to/mark.html\n    @pytest.mark.unit\n\ntests\\test_database.py:70\n  C:\\Users\\Devansh\\Downloads\\intern_application_round1\\tests\\test_database.py:70: PytestUnknownMarkWarning: Unknown pytest.mark.unit - is this a typo?  You can register custom marks to avoid this warning - for details, see https://docs.pytest.org/en/stable/how-to/mark.html\n    @pytest.mark.unit\n\ntests\\test_database.py:98\n  C:\\Users\\Devansh\\Downloads\\intern_application_round1\\tests\\test_database.py:98: PytestUnknownMarkWarning: Unknown pytest.mark.unit - is this a typo?  You can register custom marks to avoid this warning - for details, see https://docs.pytest.org/en/stable/how-to/mark.html\n    @pytest.mark.unit\n\ntests\\test_database.py:112\n  C:\\Users\\Devansh\\Downloads\\intern_application_round1\\tests\\test_database.py:112: PytestUnknownMarkWarning: Unknown pytest.mark.unit - is this a typo?  You can register custom marks to avoid this warning - for details, see https://docs.pytest.org/en/stable/how-to/mark.html\n    @pytest.mark.unit\n\ntests\\test_database.py:137\n  C:\\Users\\Devansh\\Downloads\\intern_application_round1\\tests\\test_database.py:137: PytestUnknownMarkWarning: Unknown pytest.mark.unit - is this a typo?  You can register custom marks to avoid this warning - for details, see https://docs.pytest.org/en/stable/how-to/mark.html\n    @pytest.mark.unit\n\ntests\\test_database.py:181\n  C:\\Users\\Devansh\\Downloads\\intern_application_round1\\tests\\test_database.py:181: PytestUnknownMarkWarning: Unknown pytest.mark.unit - is this a typo?  You can register custom marks to avoid this warning - for details, see https://docs.pytest.org/en/stable/how-to/mark.html\n    @pytest.mark.unit\n\ntests\\test_database.py:214\n  C:\\Users\\Devansh\\Downloads\\intern_application_round1\\tests\\test_database.py:214: PytestUnknownMarkWarning: Unknown pytest.mark.unit - is this a typo?  You can register custom marks to avoid this warning - for details, see https://docs.pytest.org/en/stable/how-to/mark.html\n    @pytest.mark.unit\n\ntests\\test_database.py:246\n  C:\\Users\\Devansh\\Downloads\\intern_application_round1\\tests\\test_database.py:246: PytestUnknownMarkWarning: Unknown pytest.mark.unit - is this a typo?  You can register custom marks to avoid this warning - for details, see https://docs.pytest.org/en/stable/how-to/mark.html\n    @pytest.mark.unit\n\ntests\\test_database.py:277\n  C:\\Users\\Devansh\\Downloads\\intern_application_round1\\tests\\test_database.py:277: PytestUnknownMarkWarning: Unknown pytest.mark.unit - is this a typo?  You can register custom marks to avoid this warning - for details, see https://docs.pytest.org/en/stable/how-to/mark.html\n    @pytest.mark.unit\n\ntests\\test_database.py:299\n  C:\\Users\\Devansh\\Downloads\\intern_application_round1\\tests\\test_database.py:299: PytestUnknownMarkWarning: Unknown pytest.mark.unit - is this a typo?  You can register custom marks to avoid this warning - for details, see https://docs.pytest.org/en/stable/how-to/mark.html\n    @pytest.mark.unit\n\ntests\\test_database.py:314\n  C:\\Users\\Devansh\\Downloads\\intern_application_round1\\tests\\test_database.py:314: PytestUnknownMarkWarning: Unknown pytest.mark.unit - is this a typo?  You can register custom marks to avoid this warning - for details, see https://docs.pytest.org/en/stable/how-to/mark.html\n    @pytest.mark.unit\n\ntests\\test_database.py:334\n  C:\\Users\\Devansh\\Downloads\\intern_application_round1\\tests\\test_database.py:334: PytestUnknownMarkWarning: Unknown pytest.mark.unit - is this a typo?  You can register custom marks to avoid this warning - for details, see https://docs.pytest.org/en/stable/how-to/mark.html\n    @pytest.mark.unit\n\ntests\\test_database.py:360\n  C:\\Users\\Devansh\\Downloads\\intern_application_round1\\tests\\test_database.py:360: PytestUnknownMarkWarning: Unknown pytest.mark.unit - is this a typo?  You can register custom marks to avoid this warning - for details, see https://docs.pytest.org/en/stable/how-to/mark.html\n    @pytest.mark.unit\n\ntests\\test_database.py:397\n  C:\\Users\\Devansh\\Downloads\\intern_application_round1\\tests\\test_database.py:397: PytestUnknownMarkWarning: Unknown pytest.mark.unit - is this a typo?  You can register custom marks to avoid this warning - for details, see https://docs.pytest.org/en/stable/how-to/mark.html\n    @pytest.mark.unit\n\ntests\\test_database.py:412\n  C:\\Users\\Devansh\\Downloads\\intern_application_round1\\tests\\test_database.py:412: PytestUnknownMarkWarning: Unknown pytest.mark.unit - is this a typo?  You can register custom marks to avoid this warning - for details, see https://docs.pytest.org/en/stable/how-to/mark.html\n    @pytest.mark.unit\n\ntests\\test_database.py:441\n  C:\\Users\\Devansh\\Downloads\\intern_application_round1\\tests\\test_database.py:441: PytestUnknownMarkWarning: Unknown pytest.mark.unit - is this a typo?  You can register custom marks to avoid this warning - for details, see https://docs.pytest.org/en/stable/how-to/mark.html\n    @pytest.mark.unit\n\ntests\\test_database.py:472\n  C:\\Users\\Devansh\\Downloads\\intern_application_round1\\tests\\test_database.py:472: PytestUnknownMarkWarning: Unknown pytest.mark.unit - is this a typo?  You can register custom marks to avoid this warning - for details, see https://docs.pytest.org/en/stable/how-to/mark.html\n    @pytest.mark.unit\n\ntests\\test_integration.py:42\n  C:\\Users\\Devansh\\Downloads\\intern_application_round1\\tests\\test_integration.py:42: PytestUnknownMarkWarning: Unknown pytest.mark.integration - is this a typo?  You can register custom marks to avoid this warning - for details, see https://docs.pytest.org/en/stable/how-to/mark.html\n    @pytest.mark.integration\n\ntests\\test_integration.py:82\n  C:\\Users\\Devansh\\Downloads\\intern_application_round1\\tests\\test_integration.py:82: PytestUnknownMarkWarning: Unknown pytest.mark.integration - is this a typo?  You can register custom marks to avoid this warning - for details, see https://docs.pytest.org/en/stable/how-to/mark.html\n    @pytest.mark.integration\n\ntests\\test_integration.py:105\n  C:\\Users\\Devansh\\Downloads\\intern_application_round1\\tests\\test_integration.py:105: PytestUnknownMarkWarning: Unknown pytest.mark.integration - is this a typo?  You can register custom marks to avoid this warning - for details, see https://docs.pytest.org/en/stable/how-to/mark.html\n    @pytest.mark.integration\n\ntests\\test_integration.py:123\n  C:\\Users\\Devansh\\Downloads\\intern_application_round1\\tests\\test_integration.py:123: PytestUnknownMarkWarning: Unknown pytest.mark.integration - is this a typo?  You can register custom marks to avoid this warning - for details, see https://docs.pytest.org/en/stable/how-to/mark.html\n    @pytest.mark.integration\n\ntests\\test_integration.py:144\n  C:\\Users\\Devansh\\Downloads\\intern_application_round1\\tests\\test_integration.py:144: PytestUnknownMarkWarning: Unknown pytest.mark.integration - is this a typo?  You can register custom marks to avoid this warning - for details, see https://docs.pytest.org/en/stable/how-to/mark.html\n    @pytest.mark.integration\n\ntests\\test_integration.py:201\n  C:\\Users\\Devansh\\Downloads\\intern_application_round1\\tests\\test_integration.py:201: PytestUnknownMarkWarning: Unknown pytest.mark.integration - is this a typo?  You can register custom marks to avoid this warning - for details, see https://docs.pytest.org/en/stable/how-to/mark.html\n    @pytest.mark.integration\n\ntests\\test_performance.py:24\n  C:\\Users\\Devansh\\Downloads\\intern_application_round1\\tests\\test_performance.py:24: PytestUnknownMarkWarning: Unknown pytest.mark.performance - is this a typo?  You can register custom marks to avoid this warning - for details, see https://docs.pytest.org/en/stable/how-to/mark.html\n    @pytest.mark.performance\n\ntests\\test_performance.py:72\n  C:\\Users\\Devansh\\Downloads\\intern_application_round1\\tests\\test_performance.py:72: PytestUnknownMarkWarning: Unknown pytest.mark.performance - is this a typo?  You can register custom marks to avoid this warning - for details, see https://docs.pytest.org/en/stable/how-to/mark.html\n    @pytest.mark.performance\n\ntests\\test_performance.py:126\n  C:\\Users\\Devansh\\Downloads\\intern_application_round1\\tests\\test_performance.py:126: PytestUnknownMarkWarning: Unknown pytest.mark.performance - is this a typo?  You can register custom marks to avoid this warning - for details, see https://docs.pytest.org/en/stable/how-to/mark.html\n    @pytest.mark.performance\n\ntests\\test_performance.py:197\n  C:\\Users\\Devansh\\Downloads\\intern_application_round1\\tests\\test_performance.py:197: PytestUnknownMarkWarning: Unknown pytest.mark.performance - is this a typo?  You can register custom marks to avoid this warning - for details, see https://docs.pytest.org/en/stable/how-to/mark.html\n    @pytest.mark.performance\n\ntests\\test_performance.py:240\n  C:\\Users\\Devansh\\Downloads\\intern_application_round1\\tests\\test_performance.py:240: PytestUnknownMarkWarning: Unknown pytest.mark.performance - is this a typo?  You can register custom marks to avoid this warning - for details, see https://docs.pytest.org/en/stable/how-to/mark.html\n    @pytest.mark.performance\n\ntests\\test_performance.py:268\n  C:\\Users\\Devansh\\Downloads\\intern_application_round1\\tests\\test_performance.py:268: PytestUnknownMarkWarning: Unknown pytest.mark.performance - is this a typo?  You can register custom marks to avoid this warning - for details, see https://docs.pytest.org/en/stable/how-to/mark.html\n    @pytest.mark.performance\n\ntests\\test_performance.py:314\n  C:\\Users\\Devansh\\Downloads\\intern_application_round1\\tests\\test_performance.py:314: PytestUnknownMarkWarning: Unknown pytest.mark.performance - is this a typo?  You can register custom marks to avoid this warning - for details, see https://docs.pytest.org/en/stable/how-to/mark.html\n    @pytest.mark.performance\n\ntests\\test_performance.py:361\n  C:\\Users\\Devansh\\Downloads\\intern_application_round1\\tests\\test_performance.py:361: PytestUnknownMarkWarning: Unknown pytest.mark.performance - is this a typo?  You can register custom marks to avoid this warning - for details, see https://docs.pytest.org/en/stable/how-to/mark.html\n    @pytest.mark.performance\n\ntests\\test_performance.py:405\n  C:\\Users\\Devansh\\Downloads\\intern_application_round1\\tests\\test_performance.py:405: PytestUnknownMarkWarning: Unknown pytest.mark.performance - is this a typo?  You can register custom marks to avoid this warning - for details, see https://docs.pytest.org/en/stable/how-to/mark.html\n    @pytest.mark.performance\n\ntests\\test_performance.py:457\n  C:\\Users\\Devansh\\Downloads\\intern_application_round1\\tests\\test_performance.py:457: PytestUnknownMarkWarning: Unknown pytest.mark.performance - is this a typo?  You can register custom marks to avoid this warning - for details, see https://docs.pytest.org/en/stable/how-to/mark.html\n    @pytest.mark.performance\n\ntests\\test_performance.py:504\n  C:\\Users\\Devansh\\Downloads\\intern_application_round1\\tests\\test_performance.py:504: PytestUnknownMarkWarning: Unknown pytest.mark.performance - is this a typo?  You can register custom marks to avoid this warning - for details, see https://docs.pytest.org/en/stable/how-to/mark.html\n    @pytest.mark.performance\n\ntests\\test_performance.py:548\n  C:\\Users\\Devansh\\Downloads\\intern_application_round1\\tests\\test_performance.py:548: PytestUnknownMarkWarning: Unknown pytest.mark.performance - is this a typo?  You can register custom marks to avoid this warning - for details, see https://docs.pytest.org/en/stable/how-to/mark.html\n    @pytest.mark.performance\n\ntests\\test_runner.py:19\n  C:\\Users\\Devansh\\Downloads\\intern_application_round1\\tests\\test_runner.py:19: PytestCollectionWarning: cannot collect test class 'TestRunner' because it has a __init__ constructor (from: tests/test_runner.py)\n    class TestRunner:\n\ntests\\test_scraper.py:20\n  C:\\Users\\Devansh\\Downloads\\intern_application_round1\\tests\\test_scraper.py:20: PytestUnknownMarkWarning: Unknown pytest.mark.smoke - is this a typo?  You can register custom marks to avoid this warning - for details, see https://docs.pytest.org/en/stable/how-to/mark.html\n    @pytest.mark.smoke\n\ntests\\test_scraper.py:21\n  C:\\Users\\Devansh\\Downloads\\intern_application_round1\\tests\\test_scraper.py:21: PytestUnknownMarkWarning: Unknown pytest.mark.unit - is this a typo?  You can register custom marks to avoid this warning - for details, see https://docs.pytest.org/en/stable/how-to/mark.html\n    @pytest.mark.unit\n\ntests\\test_scraper.py:30\n  C:\\Users\\Devansh\\Downloads\\intern_application_round1\\tests\\test_scraper.py:30: PytestUnknownMarkWarning: Unknown pytest.mark.smoke - is this a typo?  You can register custom marks to avoid this warning - for details, see https://docs.pytest.org/en/stable/how-to/mark.html\n    @pytest.mark.smoke\n\ntests\\test_scraper.py:31\n  C:\\Users\\Devansh\\Downloads\\intern_application_round1\\tests\\test_scraper.py:31: PytestUnknownMarkWarning: Unknown pytest.mark.unit - is this a typo?  You can register custom marks to avoid this warning - for details, see https://docs.pytest.org/en/stable/how-to/mark.html\n    @pytest.mark.unit\n\ntests\\test_scraper.py:93\n  C:\\Users\\Devansh\\Downloads\\intern_application_round1\\tests\\test_scraper.py:93: PytestUnknownMarkWarning: Unknown pytest.mark.unit - is this a typo?  You can register custom marks to avoid this warning - for details, see https://docs.pytest.org/en/stable/how-to/mark.html\n    @pytest.mark.unit\n\ntests\\test_scraper.py:489\n  C:\\Users\\Devansh\\Downloads\\intern_application_round1\\tests\\test_scraper.py:489: PytestUnknownMarkWarning: Unknown pytest.mark.unit - is this a typo?  You can register custom marks to avoid this warning - for details, see https://docs.pytest.org/en/stable/how-to/mark.html\n    @pytest.mark.unit\n\ntests\\test_scraper.py:500\n  C:\\Users\\Devansh\\Downloads\\intern_application_round1\\tests\\test_scraper.py:500: PytestUnknownMarkWarning: Unknown pytest.mark.unit - is this a typo?  You can register custom marks to avoid this warning - for details, see https://docs.pytest.org/en/stable/how-to/mark.html\n    @pytest.mark.unit\n\ntests\\test_scraper.py:515\n  C:\\Users\\Devansh\\Downloads\\intern_application_round1\\tests\\test_scraper.py:515: PytestUnknownMarkWarning: Unknown pytest.mark.unit - is this a typo?  You can register custom marks to avoid this warning - for details, see https://docs.pytest.org/en/stable/how-to/mark.html\n    @pytest.mark.unit\n\ntests\\test_scraper.py:531\n  C:\\Users\\Devansh\\Downloads\\intern_application_round1\\tests\\test_scraper.py:531: PytestUnknownMarkWarning: Unknown pytest.mark.unit - is this a typo?  You can register custom marks to avoid this warning - for details, see https://docs.pytest.org/en/stable/how-to/mark.html\n    @pytest.mark.unit\n\ntests\\test_scraper.py:567\n  C:\\Users\\Devansh\\Downloads\\intern_application_round1\\tests\\test_scraper.py:567: PytestUnknownMarkWarning: Unknown pytest.mark.unit - is this a typo?  You can register custom marks to avoid this warning - for details, see https://docs.pytest.org/en/stable/how-to/mark.html\n    @pytest.mark.unit\n\ntests\\test_scraper.py:581\n  C:\\Users\\Devansh\\Downloads\\intern_application_round1\\tests\\test_scraper.py:581: PytestUnknownMarkWarning: Unknown pytest.mark.unit - is this a typo?  You can register custom marks to avoid this warning - for details, see https://docs.pytest.org/en/stable/how-to/mark.html\n    @pytest.mark.unit\n\ntests\\test_security.py:18\n  C:\\Users\\Devansh\\Downloads\\intern_application_round1\\tests\\test_security.py:18: PytestUnknownMarkWarning: Unknown pytest.mark.security - is this a typo?  You can register custom marks to avoid this warning - for details, see https://docs.pytest.org/en/stable/how-to/mark.html\n    @pytest.mark.security\n\ntests\\test_security.py:42\n  C:\\Users\\Devansh\\Downloads\\intern_application_round1\\tests\\test_security.py:42: PytestUnknownMarkWarning: Unknown pytest.mark.security - is this a typo?  You can register custom marks to avoid this warning - for details, see https://docs.pytest.org/en/stable/how-to/mark.html\n    @pytest.mark.security\n\ntests\\test_security.py:72\n  C:\\Users\\Devansh\\Downloads\\intern_application_round1\\tests\\test_security.py:72: PytestUnknownMarkWarning: Unknown pytest.mark.security - is this a typo?  You can register custom marks to avoid this warning - for details, see https://docs.pytest.org/en/stable/how-to/mark.html\n    @pytest.mark.security\n\ntests\\test_security.py:96\n  C:\\Users\\Devansh\\Downloads\\intern_application_round1\\tests\\test_security.py:96: PytestUnknownMarkWarning: Unknown pytest.mark.security - is this a typo?  You can register custom marks to avoid this warning - for details, see https://docs.pytest.org/en/stable/how-to/mark.html\n    @pytest.mark.security\n\ntests\\test_security.py:116\n  C:\\Users\\Devansh\\Downloads\\intern_application_round1\\tests\\test_security.py:116: PytestUnknownMarkWarning: Unknown pytest.mark.security - is this a typo?  You can register custom marks to avoid this warning - for details, see https://docs.pytest.org/en/stable/how-to/mark.html\n    @pytest.mark.security\n\ntests\\test_security.py:143\n  C:\\Users\\Devansh\\Downloads\\intern_application_round1\\tests\\test_security.py:143: PytestUnknownMarkWarning: Unknown pytest.mark.security - is this a typo?  You can register custom marks to avoid this warning - for details, see https://docs.pytest.org/en/stable/how-to/mark.html\n    @pytest.mark.security\n\ntests\\test_security.py:162\n  C:\\Users\\Devansh\\Downloads\\intern_application_round1\\tests\\test_security.py:162: PytestUnknownMarkWarning: Unknown pytest.mark.security - is this a typo?  You can register custom marks to avoid this warning - for details, see https://docs.pytest.org/en/stable/how-to/mark.html\n    @pytest.mark.security\n\ntests\\test_security.py:183\n  C:\\Users\\Devansh\\Downloads\\intern_application_round1\\tests\\test_security.py:183: PytestUnknownMarkWarning: Unknown pytest.mark.security - is this a typo?  You can register custom marks to avoid this warning - for details, see https://docs.pytest.org/en/stable/how-to/mark.html\n    @pytest.mark.security\n\ntests\\test_security.py:208\n  C:\\Users\\Devansh\\Downloads\\intern_application_round1\\tests\\test_security.py:208: PytestUnknownMarkWarning: Unknown pytest.mark.security - is this a typo?  You can register custom marks to avoid this warning - for details, see https://docs.pytest.org/en/stable/how-to/mark.html\n    @pytest.mark.security\n\ntests\\test_security.py:230\n  C:\\Users\\Devansh\\Downloads\\intern_application_round1\\tests\\test_security.py:230: PytestUnknownMarkWarning: Unknown pytest.mark.security - is this a typo?  You can register custom marks to avoid this warning - for details, see https://docs.pytest.org/en/stable/how-to/mark.html\n    @pytest.mark.security\n\ntests\\test_security.py:255\n  C:\\Users\\Devansh\\Downloads\\intern_application_round1\\tests\\test_security.py:255: PytestUnknownMarkWarning: Unknown pytest.mark.security - is this a typo?  You can register custom marks to avoid this warning - for details, see https://docs.pytest.org/en/stable/how-to/mark.html\n    @pytest.mark.security\n\ntests\\test_security.py:275\n  C:\\Users\\Devansh\\Downloads\\intern_application_round1\\tests\\test_security.py:275: PytestUnknownMarkWarning: Unknown pytest.mark.security - is this a typo?  You can register custom marks to avoid this warning - for details, see https://docs.pytest.org/en/stable/how-to/mark.html\n    @pytest.mark.security\n\ntests\\test_security.py:299\n  C:\\Users\\Devansh\\Downloads\\intern_application_round1\\tests\\test_security.py:299: PytestUnknownMarkWarning: Unknown pytest.mark.security - is this a typo?  You can register custom marks to avoid this warning - for details, see https://docs.pytest.org/en/stable/how-to/mark.html\n    @pytest.mark.security\n\ntests\\test_security.py:323\n  C:\\Users\\Devansh\\Downloads\\intern_application_round1\\tests\\test_security.py:323: PytestUnknownMarkWarning: Unknown pytest.mark.security - is this a typo?  You can register custom marks to avoid this warning - for details, see https://docs.pytest.org/en/stable/how-to/mark.html\n    @pytest.mark.security\n\ntests\\test_security.py:350\n  C:\\Users\\Devansh\\Downloads\\intern_application_round1\\tests\\test_security.py:350: PytestUnknownMarkWarning: Unknown pytest.mark.security - is this a typo?  You can register custom marks to avoid this warning - for details, see https://docs.pytest.org/en/stable/how-to/mark.html\n    @pytest.mark.security\n\ntests\\test_security.py:366\n  C:\\Users\\Devansh\\Downloads\\intern_application_round1\\tests\\test_security.py:366: PytestUnknownMarkWarning: Unknown pytest.mark.security - is this a typo?  You can register custom marks to avoid this warning - for details, see https://docs.pytest.org/en/stable/how-to/mark.html\n    @pytest.mark.security\n\ntests\\test_security.py:386\n  C:\\Users\\Devansh\\Downloads\\intern_application_round1\\tests\\test_security.py:386: PytestUnknownMarkWarning: Unknown pytest.mark.security - is this a typo?  You can register custom marks to avoid this warning - for details, see https://docs.pytest.org/en/stable/how-to/mark.html\n    @pytest.mark.security\n\ntests\\test_ui.py:19\n  C:\\Users\\Devansh\\Downloads\\intern_application_round1\\tests\\test_ui.py:19: PytestUnknownMarkWarning: Unknown pytest.mark.unit - is this a typo?  You can register custom marks to avoid this warning - for details, see https://docs.pytest.org/en/stable/how-to/mark.html\n    @pytest.mark.unit\n\ntests\\test_ui.py:27\n  C:\\Users\\Devansh\\Downloads\\intern_application_round1\\tests\\test_ui.py:27: PytestUnknownMarkWarning: Unknown pytest.mark.unit - is this a typo?  You can register custom marks to avoid this warning - for details, see https://docs.pytest.org/en/stable/how-to/mark.html\n    @pytest.mark.unit\n\ntests\\test_ui.py:45\n  C:\\Users\\Devansh\\Downloads\\intern_application_round1\\tests\\test_ui.py:45: PytestUnknownMarkWarning: Unknown pytest.mark.unit - is this a typo?  You can register custom marks to avoid this warning - for details, see https://docs.pytest.org/en/stable/how-to/mark.html\n    @pytest.mark.unit\n\ntests\\test_ui.py:66\n  C:\\Users\\Devansh\\Downloads\\intern_application_round1\\tests\\test_ui.py:66: PytestUnknownMarkWarning: Unknown pytest.mark.unit - is this a typo?  You can register custom marks to avoid this warning - for details, see https://docs.pytest.org/en/stable/how-to/mark.html\n    @pytest.mark.unit\n\ntests\\test_ui.py:87\n  C:\\Users\\Devansh\\Downloads\\intern_application_round1\\tests\\test_ui.py:87: PytestUnknownMarkWarning: Unknown pytest.mark.unit - is this a typo?  You can register custom marks to avoid this warning - for details, see https://docs.pytest.org/en/stable/how-to/mark.html\n    @pytest.mark.unit\n\ntests\\test_ui.py:107\n  C:\\Users\\Devansh\\Downloads\\intern_application_round1\\tests\\test_ui.py:107: PytestUnknownMarkWarning: Unknown pytest.mark.unit - is this a typo?  You can register custom marks to avoid this warning - for details, see https://docs.pytest.org/en/stable/how-to/mark.html\n    @pytest.mark.unit\n\ntests\\test_ui.py:125\n  C:\\Users\\Devansh\\Downloads\\intern_application_round1\\tests\\test_ui.py:125: PytestUnknownMarkWarning: Unknown pytest.mark.unit - is this a typo?  You can register custom marks to avoid this warning - for details, see https://docs.pytest.org/en/stable/how-to/mark.html\n    @pytest.mark.unit\n\ntests\\test_ui.py:140\n  C:\\Users\\Devansh\\Downloads\\intern_application_round1\\tests\\test_ui.py:140: PytestUnknownMarkWarning: Unknown pytest.mark.unit - is this a typo?  You can register custom marks to avoid this warning - for details, see https://docs.pytest.org/en/stable/how-to/mark.html\n    @pytest.mark.unit\n\ntests\\test_ui.py:155\n  C:\\Users\\Devansh\\Downloads\\intern_application_round1\\tests\\test_ui.py:155: PytestUnknownMarkWarning: Unknown pytest.mark.unit - is this a typo?  You can register custom marks to avoid this warning - for details, see https://docs.pytest.org/en/stable/how-to/mark.html\n    @pytest.mark.unit\n\ntests\\test_ui.py:168\n  C:\\Users\\Devansh\\Downloads\\intern_application_round1\\tests\\test_ui.py:168: PytestUnknownMarkWarning: Unknown pytest.mark.unit - is this a typo?  You can register custom marks to avoid this warning - for details, see https://docs.pytest.org/en/stable/how-to/mark.html\n    @pytest.mark.unit\n\ntests\\test_ui.py:183\n  C:\\Users\\Devansh\\Downloads\\intern_application_round1\\tests\\test_ui.py:183: PytestUnknownMarkWarning: Unknown pytest.mark.unit - is this a typo?  You can register custom marks to avoid this warning - for details, see https://docs.pytest.org/en/stable/how-to/mark.html\n    @pytest.mark.unit\n\ntests\\test_ui.py:201\n  C:\\Users\\Devansh\\Downloads\\intern_application_round1\\tests\\test_ui.py:201: PytestUnknownMarkWarning: Unknown pytest.mark.unit - is this a typo?  You can register custom marks to avoid this warning - for details, see https://docs.pytest.org/en/stable/how-to/mark.html\n    @pytest.mark.unit\n\ntests\\test_ui.py:220\n  C:\\Users\\Devansh\\Downloads\\intern_application_round1\\tests\\test_ui.py:220: PytestUnknownMarkWarning: Unknown pytest.mark.unit - is this a typo?  You can register custom marks to avoid this warning - for details, see https://docs.pytest.org/en/stable/how-to/mark.html\n    @pytest.mark.unit\n\ntests\\test_ui.py:231\n  C:\\Users\\Devansh\\Downloads\\intern_application_round1\\tests\\test_ui.py:231: PytestUnknownMarkWarning: Unknown pytest.mark.unit - is this a typo?  You can register custom marks to avoid this warning - for details, see https://docs.pytest.org/en/stable/how-to/mark.html\n    @pytest.mark.unit\n\ntests\\test_ui.py:244\n  C:\\Users\\Devansh\\Downloads\\intern_application_round1\\tests\\test_ui.py:244: PytestUnknownMarkWarning: Unknown pytest.mark.unit - is this a typo?  You can register custom marks to avoid this warning - for details, see https://docs.pytest.org/en/stable/how-to/mark.html\n    @pytest.mark.unit\n\ntests\\test_ui.py:267\n  C:\\Users\\Devansh\\Downloads\\intern_application_round1\\tests\\test_ui.py:267: PytestUnknownMarkWarning: Unknown pytest.mark.unit - is this a typo?  You can register custom marks to avoid this warning - for details, see https://docs.pytest.org/en/stable/how-to/mark.html\n    @pytest.mark.unit\n\ntests\\test_ui.py:292\n  C:\\Users\\Devansh\\Downloads\\intern_application_round1\\tests\\test_ui.py:292: PytestUnknownMarkWarning: Unknown pytest.mark.unit - is this a typo?  You can register custom marks to avoid this warning - for details, see https://docs.pytest.org/en/stable/how-to/mark.html\n    @pytest.mark.unit\n\ntests\\test_ui.py:315\n  C:\\Users\\Devansh\\Downloads\\intern_application_round1\\tests\\test_ui.py:315: PytestUnknownMarkWarning: Unknown pytest.mark.unit - is this a typo?  You can register custom marks to avoid this warning - for details, see https://docs.pytest.org/en/stable/how-to/mark.html\n    @pytest.mark.unit\n\ntests\\test_ui.py:336\n  C:\\Users\\Devansh\\Downloads\\intern_application_round1\\tests\\test_ui.py:336: PytestUnknownMarkWarning: Unknown pytest.mark.unit - is this a typo?  You can register custom marks to avoid this warning - for details, see https://docs.pytest.org/en/stable/how-to/mark.html\n    @pytest.mark.unit\n\ntests\\test_ui.py:357\n  C:\\Users\\Devansh\\Downloads\\intern_application_round1\\tests\\test_ui.py:357: PytestUnknownMarkWarning: Unknown pytest.mark.unit - is this a typo?  You can register custom marks to avoid this warning - for details, see https://docs.pytest.org/en/stable/how-to/mark.html\n    @pytest.mark.unit\n\ntests\\test_ui.py:382\n  C:\\Users\\Devansh\\Downloads\\intern_application_round1\\tests\\test_ui.py:382: PytestUnknownMarkWarning: Unknown pytest.mark.unit - is this a typo?  You can register custom marks to avoid this warning - for details, see https://docs.pytest.org/en/stable/how-to/mark.html\n    @pytest.mark.unit\n\ntests\\test_ui.py:403\n  C:\\Users\\Devansh\\Downloads\\intern_application_round1\\tests\\test_ui.py:403: PytestUnknownMarkWarning: Unknown pytest.mark.unit - is this a typo?  You can register custom marks to avoid this warning - for details, see https://docs.pytest.org/en/stable/how-to/mark.html\n    @pytest.mark.unit\n\ntests\\test_ui.py:427\n  C:\\Users\\Devansh\\Downloads\\intern_application_round1\\tests\\test_ui.py:427: PytestUnknownMarkWarning: Unknown pytest.mark.unit - is this a typo?  You can register custom marks to avoid this warning - for details, see https://docs.pytest.org/en/stable/how-to/mark.html\n    @pytest.mark.unit\n\ntests\\test_ui.py:442\n  C:\\Users\\Devansh\\Downloads\\intern_application_round1\\tests\\test_ui.py:442: PytestUnknownMarkWarning: Unknown pytest.mark.unit - is this a typo?  You can register custom marks to avoid this warning - for details, see https://docs.pytest.org/en/stable/how-to/mark.html\n    @pytest.mark.unit\n\ntests\\test_ui.py:454\n  C:\\Users\\Devansh\\Downloads\\intern_application_round1\\tests\\test_ui.py:454: PytestUnknownMarkWarning: Unknown pytest.mark.unit - is this a typo?  You can register custom marks to avoid this warning - for details, see https://docs.pytest.org/en/stable/how-to/mark.html\n    @pytest.mark.unit\n\ntests\\test_ui.py:476\n  C:\\Users\\Devansh\\Downloads\\intern_application_round1\\tests\\test_ui.py:476: PytestUnknownMarkWarning: Unknown pytest.mark.unit - is this a typo?  You can register custom marks to avoid this warning - for details, see https://docs.pytest.org/en/stable/how-to/mark.html\n    @pytest.mark.unit\n\ntests\\test_ui.py:504\n  C:\\Users\\Devansh\\Downloads\\intern_application_round1\\tests\\test_ui.py:504: PytestUnknownMarkWarning: Unknown pytest.mark.unit - is this a typo?  You can register custom marks to avoid this warning - for details, see https://docs.pytest.org/en/stable/how-to/mark.html\n    @pytest.mark.unit\n\ntests\\test_ui.py:530\n  C:\\Users\\Devansh\\Downloads\\intern_application_round1\\tests\\test_ui.py:530: PytestUnknownMarkWarning: Unknown pytest.mark.unit - is this a typo?  You can register custom marks to avoid this warning - for details, see https://docs.pytest.org/en/stable/how-to/mark.html\n    @pytest.mark.unit\n\ntests/test_performance.py::TestDatabasePerformance::test_bulk_insert_performance\n  C:\\Users\\Devansh\\Downloads\\intern_application_round1\\tests\\test_performance.py:37: DeprecationWarning: datetime.datetime.utcnow() is deprecated and scheduled for removal in a future version. Use timezone-aware objects to represent datetimes in UTC: datetime.datetime.now(datetime.UTC).\n    'created_utc': datetime.utcnow(),\n\ntests/test_performance.py::TestDatabasePerformance::test_bulk_insert_performance\ntests/test_performance.py::TestDatabasePerformance::test_query_performance\ntests/test_performance.py::TestDatabasePerformance::test_concurrent_database_access\ntests/test_performance.py::TestDatabasePerformance::test_concurrent_database_access\ntests/test_performance.py::TestDatabasePerformance::test_concurrent_database_access\ntests/test_performance.py::TestDatabasePerformance::test_concurrent_database_access\ntests/test_performance.py::TestDatabasePerformance::test_concurrent_database_access\ntests/test_performance.py::TestMemoryPerformance::test_memory_usage_during_processing\ntests/test_performance.py::TestScalabilityLimits::test_maximum_concurrent_sessions\n  C:\\Users\\Devansh\\AppData\\Roaming\\Python\\Python312\\site-packages\\sqlalchemy\\sql\\schema.py:3616: DeprecationWarning: datetime.datetime.utcnow() is deprecated and scheduled for removal in a future version. Use timezone-aware objects to represent datetimes in UTC: datetime.datetime.now(datetime.UTC).\n    return util.wrap_callable(lambda ctx: fn(), fn)  # type: ignore\n\ntests/test_performance.py::TestDatabasePerformance::test_query_performance\n  C:\\Users\\Devansh\\Downloads\\intern_application_round1\\tests\\test_performance.py:92: DeprecationWarning: datetime.datetime.utcnow() is deprecated and scheduled for removal in a future version. Use timezone-aware objects to represent datetimes in UTC: datetime.datetime.now(datetime.UTC).\n    'created_utc': datetime.utcnow() - timedelta(hours=j),\n\ntests/test_performance.py::TestDatabasePerformance::test_concurrent_database_access\ntests/test_performance.py::TestDatabasePerformance::test_concurrent_database_access\ntests/test_performance.py::TestDatabasePerformance::test_concurrent_database_access\ntests/test_performance.py::TestDatabasePerformance::test_concurrent_database_access\ntests/test_performance.py::TestDatabasePerformance::test_concurrent_database_access\n  C:\\Users\\Devansh\\Downloads\\intern_application_round1\\tests\\test_performance.py:146: DeprecationWarning: datetime.datetime.utcnow() is deprecated and scheduled for removal in a future version. Use timezone-aware objects to represent datetimes in UTC: datetime.datetime.now(datetime.UTC).\n    'created_utc': datetime.utcnow(),\n\ntests/test_performance.py: 100 warnings\n  C:\\Users\\Devansh\\Downloads\\intern_application_round1\\tests\\test_performance.py:213: DeprecationWarning: datetime.datetime.utcnow() is deprecated and scheduled for removal in a future version. Use timezone-aware objects to represent datetimes in UTC: datetime.datetime.now(datetime.UTC).\n    'created_utc': datetime.utcnow(),\n\ntests/test_performance.py::TestScrapingPerformance::test_rate_limiting_efficiency\n  C:\\Program Files\\Python312\\Lib\\json\\decoder.py:338: RuntimeWarning: coroutine 'AsyncMockMixin._execute_mock_call' was never awaited\n    end = _w(s, end).end()\n  Enable tracemalloc to get traceback where the object was allocated.\n  See https://docs.pytest.org/en/stable/how-to/capture-warnings.html#resource-warnings for more info.\n\ntests/test_performance.py: 2000 warnings\n  C:\\Users\\Devansh\\Downloads\\intern_application_round1\\tests\\test_performance.py:331: DeprecationWarning: datetime.datetime.utcnow() is deprecated and scheduled for removal in a future version. Use timezone-aware objects to represent datetimes in UTC: datetime.datetime.now(datetime.UTC).\n    'created_utc': datetime.utcnow() - timedelta(hours=i % 100),\n\ntests/test_performance.py: 2000 warnings\n  C:\\Users\\Devansh\\Downloads\\intern_application_round1\\analytics\\data_validator.py:222: DeprecationWarning: datetime.datetime.utcnow() is deprecated and scheduled for removal in a future version. Use timezone-aware objects to represent datetimes in UTC: datetime.datetime.now(datetime.UTC).\n    'validation_timestamp': datetime.utcnow().isoformat()\n\ntests/test_performance.py: 2000 warnings\n  C:\\Users\\Devansh\\Downloads\\intern_application_round1\\tests\\test_performance.py:379: DeprecationWarning: datetime.datetime.utcnow() is deprecated and scheduled for removal in a future version. Use timezone-aware objects to represent datetimes in UTC: datetime.datetime.now(datetime.UTC).\n    'created_utc': datetime.utcnow() - timedelta(hours=i % 72),\n\ntests/test_performance.py: 100 warnings\n  C:\\Users\\Devansh\\Downloads\\intern_application_round1\\tests\\test_performance.py:431: DeprecationWarning: datetime.datetime.utcnow() is deprecated and scheduled for removal in a future version. Use timezone-aware objects to represent datetimes in UTC: datetime.datetime.now(datetime.UTC).\n    'created_utc': datetime.utcnow(),\n\ntests/test_performance.py::TestScalabilityLimits::test_maximum_concurrent_sessions\n  C:\\Users\\Devansh\\Downloads\\intern_application_round1\\tests\\test_performance.py:527: DeprecationWarning: datetime.datetime.utcnow() is deprecated and scheduled for removal in a future version. Use timezone-aware objects to represent datetimes in UTC: datetime.datetime.now(datetime.UTC).\n    'created_utc': datetime.utcnow(),\n\n-- Docs: https://docs.pytest.org/en/stable/how-to/capture-warnings.html\n=========================== short test summary info ===========================\nFAILED tests/test_performance.py::TestDatabasePerformance::test_bulk_insert_performance\nFAILED tests/test_performance.py::TestDatabasePerformance::test_query_performance\nFAILED tests/test_performance.py::TestDatabasePerformance::test_concurrent_database_access\nFAILED tests/test_performance.py::TestScrapingPerformance::test_scraper_throughput\nFAILED tests/test_performance.py::TestScrapingPerformance::test_rate_limiting_efficiency\nFAILED tests/test_performance.py::TestAnalyticsPerformance::test_metrics_calculation_performance\nFAILED tests/test_performance.py::TestAnalyticsPerformance::test_data_validation_performance\nFAILED tests/test_performance.py::TestVisualizationPerformance::test_chart_generation_performance\nFAILED tests/test_performance.py::TestMemoryPerformance::test_memory_usage_during_processing\nFAILED tests/test_performance.py::TestMemoryPerformance::test_memory_leak_detection\nFAILED tests/test_performance.py::TestScalabilityLimits::test_maximum_concurrent_sessions\nFAILED tests/test_performance.py::TestScalabilityLimits::test_large_dataset_processing\n============= 12 failed, 167 deselected, 6335 warnings in 48.00s ==============\n",
      "stderr": "Windows fatal exception: access violation\n\nCurrent thread 0x0000757c (most recent call first):\n  File \"<frozen importlib._bootstrap>\", line 488 in _call_with_frames_removed\n  File \"<frozen importlib._bootstrap_external>\", line 1288 in create_module\n  File \"<frozen importlib._bootstrap>\", line 813 in module_from_spec\n  File \"<frozen importlib._bootstrap>\", line 921 in _load_unlocked\n  File \"<frozen importlib._bootstrap>\", line 1331 in _find_and_load_unlocked\n  File \"<frozen importlib._bootstrap>\", line 1360 in _find_and_load\n  File \"C:\\Users\\Devansh\\AppData\\Roaming\\Python\\Python312\\site-packages\\tensorflow\\python\\pywrap_tensorflow.py\", line 73 in <module>\n  File \"<frozen importlib._bootstrap>\", line 488 in _call_with_frames_removed\n  File \"<frozen importlib._bootstrap_external>\", line 994 in exec_module\n  File \"<frozen importlib._bootstrap>\", line 935 in _load_unlocked\n  File \"<frozen importlib._bootstrap>\", line 1331 in _find_and_load_unlocked\n  File \"<frozen importlib._bootstrap>\", line 1360 in _find_and_load\n  File \"<frozen importlib._bootstrap>\", line 488 in _call_with_frames_removed\n  File \"<frozen importlib._bootstrap>\", line 1415 in _handle_fromlist\n  File \"C:\\Users\\Devansh\\AppData\\Roaming\\Python\\Python312\\site-packages\\tensorflow\\__init__.py\", line 40 in <module>\n  File \"<frozen importlib._bootstrap>\", line 488 in _call_with_frames_removed\n  File \"<frozen importlib._bootstrap_external>\", line 994 in exec_module\n  File \"<frozen importlib._bootstrap>\", line 935 in _load_unlocked\n  File \"<frozen importlib._bootstrap>\", line 1331 in _find_and_load_unlocked\n  File \"<frozen importlib._bootstrap>\", line 1360 in _find_and_load\n  File \"C:\\Users\\Devansh\\AppData\\Roaming\\Python\\Python312\\site-packages\\transformers\\image_transforms.py\", line 47 in <module>\n  File \"<frozen importlib._bootstrap>\", line 488 in _call_with_frames_removed\n  File \"<frozen importlib._bootstrap_external>\", line 994 in exec_module\n  File \"<frozen importlib._bootstrap>\", line 935 in _load_unlocked\n  File \"<frozen importlib._bootstrap>\", line 1331 in _find_and_load_unlocked\n  File \"<frozen importlib._bootstrap>\", line 1360 in _find_and_load\n  File \"C:\\Users\\Devansh\\AppData\\Roaming\\Python\\Python312\\site-packages\\transformers\\image_processing_utils.py\", line 22 in <module>\n  File \"<frozen importlib._bootstrap>\", line 488 in _call_with_frames_removed\n  File \"<frozen importlib._bootstrap_external>\", line 994 in exec_module\n  File \"<frozen importlib._bootstrap>\", line 935 in _load_unlocked\n  File \"<frozen importlib._bootstrap>\", line 1331 in _find_and_load_unlocked\n  File \"<frozen importlib._bootstrap>\", line 1360 in _find_and_load\n  File \"C:\\Users\\Devansh\\AppData\\Roaming\\Python\\Python312\\site-packages\\transformers\\pipelines\\__init__.py\", line 26 in <module>\n  File \"<frozen importlib._bootstrap>\", line 488 in _call_with_frames_removed\n  File \"<frozen importlib._bootstrap_external>\", line 994 in exec_module\n  File \"<frozen importlib._bootstrap>\", line 935 in _load_unlocked\n  File \"<frozen importlib._bootstrap>\", line 1331 in _find_and_load_unlocked\n  File \"<frozen importlib._bootstrap>\", line 1360 in _find_and_load\n  File \"<frozen importlib._bootstrap>\", line 1387 in _gcd_import\n  File \"C:\\Program Files\\Python312\\Lib\\importlib\\__init__.py\", line 90 in import_module\n  File \"C:\\Users\\Devansh\\AppData\\Roaming\\Python\\Python312\\site-packages\\transformers\\utils\\import_utils.py\", line 2073 in _get_module\n  File \"C:\\Users\\Devansh\\AppData\\Roaming\\Python\\Python312\\site-packages\\transformers\\utils\\import_utils.py\", line 2045 in __getattr__\n  File \"<frozen importlib._bootstrap>\", line 1412 in _handle_fromlist\n  File \"C:\\Users\\Devansh\\Downloads\\intern_application_round1\\analytics\\advanced_sentiment.py\", line 12 in <module>\n  File \"<frozen importlib._bootstrap>\", line 488 in _call_with_frames_removed\n  File \"<frozen importlib._bootstrap_external>\", line 994 in exec_module\n  File \"<frozen importlib._bootstrap>\", line 935 in _load_unlocked\n  File \"<frozen importlib._bootstrap>\", line 1331 in _find_and_load_unlocked\n  File \"<frozen importlib._bootstrap>\", line 1360 in _find_and_load\n  File \"C:\\Users\\Devansh\\Downloads\\intern_application_round1\\scraper\\reddit_scraper.py\", line 26 in <module>\n  File \"<frozen importlib._bootstrap>\", line 488 in _call_with_frames_removed\n  File \"<frozen importlib._bootstrap_external>\", line 994 in exec_module\n  File \"<frozen importlib._bootstrap>\", line 935 in _load_unlocked\n  File \"<frozen importlib._bootstrap>\", line 1331 in _find_and_load_unlocked\n  File \"<frozen importlib._bootstrap>\", line 1360 in _find_and_load\n  File \"C:\\Users\\Devansh\\Downloads\\intern_application_round1\\tests\\test_integration.py\", line 13 in <module>\n  File \"C:\\Users\\Devansh\\AppData\\Roaming\\Python\\Python312\\site-packages\\_pytest\\assertion\\rewrite.py\", line 185 in exec_module\n  File \"<frozen importlib._bootstrap>\", line 935 in _load_unlocked\n  File \"<frozen importlib._bootstrap>\", line 1331 in _find_and_load_unlocked\n  File \"<frozen importlib._bootstrap>\", line 1360 in _find_and_load\n  File \"<frozen importlib._bootstrap>\", line 1387 in _gcd_import\n  File \"C:\\Program Files\\Python312\\Lib\\importlib\\__init__.py\", line 90 in import_module\n  File \"C:\\Users\\Devansh\\AppData\\Roaming\\Python\\Python312\\site-packages\\_pytest\\pathlib.py\", line 587 in import_path\n  File \"C:\\Users\\Devansh\\AppData\\Roaming\\Python\\Python312\\site-packages\\_pytest\\python.py\", line 493 in importtestmodule\n  File \"C:\\Users\\Devansh\\AppData\\Roaming\\Python\\Python312\\site-packages\\_pytest\\python.py\", line 546 in _getobj\n  File \"C:\\Users\\Devansh\\AppData\\Roaming\\Python\\Python312\\site-packages\\_pytest\\python.py\", line 284 in obj\n  File \"C:\\Users\\Devansh\\AppData\\Roaming\\Python\\Python312\\site-packages\\_pytest\\python.py\", line 562 in _register_setup_module_fixture\n  File \"C:\\Users\\Devansh\\AppData\\Roaming\\Python\\Python312\\site-packages\\_pytest\\python.py\", line 549 in collect\n  File \"C:\\Users\\Devansh\\AppData\\Roaming\\Python\\Python312\\site-packages\\_pytest\\runner.py\", line 389 in collect\n  File \"C:\\Users\\Devansh\\AppData\\Roaming\\Python\\Python312\\site-packages\\_pytest\\runner.py\", line 341 in from_call\n  File \"C:\\Users\\Devansh\\AppData\\Roaming\\Python\\Python312\\site-packages\\_pytest\\runner.py\", line 391 in pytest_make_collect_report\n  File \"C:\\Users\\Devansh\\AppData\\Roaming\\Python\\Python312\\site-packages\\pluggy\\_callers.py\", line 103 in _multicall\n  File \"C:\\Users\\Devansh\\AppData\\Roaming\\Python\\Python312\\site-packages\\pluggy\\_manager.py\", line 120 in _hookexec\n  File \"C:\\Users\\Devansh\\AppData\\Roaming\\Python\\Python312\\site-packages\\pluggy\\_hooks.py\", line 513 in __call__\n  File \"C:\\Users\\Devansh\\AppData\\Roaming\\Python\\Python312\\site-packages\\_pytest\\runner.py\", line 567 in collect_one_node\n  File \"C:\\Users\\Devansh\\AppData\\Roaming\\Python\\Python312\\site-packages\\_pytest\\main.py\", line 835 in _collect_one_node\n  File \"C:\\Users\\Devansh\\AppData\\Roaming\\Python\\Python312\\site-packages\\_pytest\\main.py\", line 970 in genitems\n  File \"C:\\Users\\Devansh\\AppData\\Roaming\\Python\\Python312\\site-packages\\_pytest\\main.py\", line 975 in genitems\n  File \"C:\\Users\\Devansh\\AppData\\Roaming\\Python\\Python312\\site-packages\\_pytest\\main.py\", line 809 in perform_collect\n  File \"C:\\Users\\Devansh\\AppData\\Roaming\\Python\\Python312\\site-packages\\_pytest\\main.py\", line 347 in pytest_collection\n  File \"C:\\Users\\Devansh\\AppData\\Roaming\\Python\\Python312\\site-packages\\pluggy\\_callers.py\", line 103 in _multicall\n  File \"C:\\Users\\Devansh\\AppData\\Roaming\\Python\\Python312\\site-packages\\pluggy\\_manager.py\", line 120 in _hookexec\n  File \"C:\\Users\\Devansh\\AppData\\Roaming\\Python\\Python312\\site-packages\\pluggy\\_hooks.py\", line 513 in __call__\n  File \"C:\\Users\\Devansh\\AppData\\Roaming\\Python\\Python312\\site-packages\\_pytest\\main.py\", line 336 in _main\n  File \"C:\\Users\\Devansh\\AppData\\Roaming\\Python\\Python312\\site-packages\\_pytest\\main.py\", line 283 in wrap_session\n  File \"C:\\Users\\Devansh\\AppData\\Roaming\\Python\\Python312\\site-packages\\_pytest\\main.py\", line 330 in pytest_cmdline_main\n  File \"C:\\Users\\Devansh\\AppData\\Roaming\\Python\\Python312\\site-packages\\pluggy\\_callers.py\", line 103 in _multicall\n  File \"C:\\Users\\Devansh\\AppData\\Roaming\\Python\\Python312\\site-packages\\pluggy\\_manager.py\", line 120 in _hookexec\n  File \"C:\\Users\\Devansh\\AppData\\Roaming\\Python\\Python312\\site-packages\\pluggy\\_hooks.py\", line 513 in __call__\n  File \"C:\\Users\\Devansh\\AppData\\Roaming\\Python\\Python312\\site-packages\\_pytest\\config\\__init__.py\", line 175 in main\n  File \"C:\\Users\\Devansh\\AppData\\Roaming\\Python\\Python312\\site-packages\\_pytest\\config\\__init__.py\", line 201 in console_main\n  File \"C:\\Users\\Devansh\\AppData\\Roaming\\Python\\Python312\\site-packages\\pytest\\__main__.py\", line 9 in <module>\n  File \"<frozen runpy>\", line 88 in _run_code\n  File \"<frozen runpy>\", line 198 in _run_module_as_main\n",
      "critical": false
    }
  },
  "system_status": "needs_attention"
}