{
  "timestamp": "2025-05-29T02:35:20.928988",
  "execution_time": 419.2391037940979,
  "total_tests": 70,
  "total_passed": 12,
  "total_failed": 49,
  "success_rate": 17.142857142857142,
  "overall_success": false,
  "results": {
    "smoke": {
      "success": true,
      "critical_failure": false
    },
    "unit": {
      "category": "unit",
      "description": "Unit Tests - Core Components",
      "success": false,
      "execution_time": 12.422871828079224,
      "statistics": {
        "total": 58,
        "passed": 12,
        "failed": 37,
        "skipped": 0,
        "errors": 9
      },
      "stdout": "============================= test session starts =============================\nplatform win32 -- Python 3.12.1, pytest-8.3.5, pluggy-1.5.0 -- C:\\Program Files\\Python312\\python.exe\ncachedir: .pytest_cache\nmetadata: {'Python': '3.12.1', 'Platform': 'Windows-10-10.0.19045-SP0', 'Packages': {'pytest': '8.3.5', 'pluggy': '1.5.0'}, 'Plugins': {'anyio': '4.8.0', 'asyncio': '0.21.1', 'cov': '4.1.0', 'html': '4.1.1', 'metadata': '3.1.1', 'xdist': '3.7.0'}}\nrootdir: C:\\Users\\Devansh\\Downloads\\intern_application_round1\nconfigfile: pytest.ini\nplugins: anyio-4.8.0, asyncio-0.21.1, cov-4.1.0, html-4.1.1, metadata-3.1.1, xdist-3.7.0\nasyncio: mode=Mode.STRICT\ncollecting ... collected 175 items / 117 deselected / 58 selected\n\ntests/test_analytics.py::TestMetricsAnalyzer::test_analyzer_initialization PASSED [  1%]\ntests/test_analytics.py::TestMetricsAnalyzer::test_calculate_basic_metrics PASSED [  3%]\ntests/test_analytics.py::TestMetricsAnalyzer::test_analyze_session_metrics PASSED [  5%]\ntests/test_analytics.py::TestMetricsAnalyzer::test_calculate_temporal_metrics FAILED [  6%]\ntests/test_analytics.py::TestMetricsAnalyzer::test_calculate_subreddit_metrics FAILED [  8%]\ntests/test_analytics.py::TestMetricsAnalyzer::test_calculate_sentiment_metrics FAILED [ 10%]\ntests/test_analytics.py::TestMetricsAnalyzer::test_calculate_engagement_metrics FAILED [ 12%]\ntests/test_analytics.py::TestMetricsAnalyzer::test_detect_trending_topics FAILED [ 13%]\ntests/test_analytics.py::TestMetricsAnalyzer::test_generate_comprehensive_metrics FAILED [ 15%]\ntests/test_analytics.py::TestMetricsAnalyzer::test_empty_mentions_handling FAILED [ 17%]\ntests/test_analytics.py::TestMetricsAnalyzer::test_malformed_data_handling FAILED [ 18%]\ntests/test_analytics.py::TestDataValidator::test_validator_initialization PASSED [ 20%]\ntests/test_analytics.py::TestDataValidator::test_validate_mention_valid_data PASSED [ 22%]\ntests/test_analytics.py::TestDataValidator::test_validate_mention_invalid_data PASSED [ 24%]\ntests/test_database.py::test_database_initialization PASSED              [ 25%]\ntests/test_database.py::test_create_search_session PASSED                [ 27%]\ntests/test_database.py::test_add_mention ERROR                           [ 29%]\ntests/test_database.py::test_get_mentions_by_session FAILED              [ 31%]\ntests/test_database.py::test_update_session_status FAILED                [ 32%]\ntests/test_database.py::test_get_session_statistics FAILED               [ 34%]\ntests/test_database.py::test_search_mentions FAILED                      [ 36%]\ntests/test_database.py::test_get_trending_subreddits FAILED              [ 37%]\ntests/test_database.py::test_get_sentiment_distribution FAILED           [ 39%]\ntests/test_database.py::test_get_time_series_data FAILED                 [ 41%]\ntests/test_database.py::test_cleanup_old_sessions FAILED                 [ 43%]\ntests/test_database.py::test_database_error_handling FAILED              [ 44%]\ntests/test_database.py::test_concurrent_database_access PASSED           [ 46%]\ntests/test_database.py::test_database_backup_restore FAILED              [ 48%]\ntests/test_database.py::test_async_database_operations PASSED            [ 50%]\ntests/test_database.py::TestSearchSession::test_search_session_creation FAILED [ 51%]\ntests/test_database.py::TestSearchSession::test_search_session_to_dict FAILED [ 53%]\ntests/test_database.py::TestRedditMention::test_reddit_mention_creation ERROR [ 55%]\ntests/test_database.py::TestRedditMention::test_reddit_mention_to_dict ERROR [ 56%]\ntests/test_database.py::TestRedditMention::test_reddit_mention_validation FAILED [ 58%]\ntests/test_scraper.py::TestRedditScraper::test_scraper_initialization PASSED [ 60%]\ntests/test_scraper.py::TestRedditScraper::test_sanitize_search_term PASSED [ 62%]\ntests/test_scraper.py::TestRedditScraper::test_calculate_relevance_score FAILED [ 63%]\ntests/test_scraper.py::TestScrapingConfiguration::test_build_search_patterns ERROR [ 65%]\ntests/test_scraper.py::TestScrapingConfiguration::test_filter_by_quality ERROR [ 67%]\ntests/test_scraper.py::TestScrapingConfiguration::test_deduplicate_mentions ERROR [ 68%]\ntests/test_scraper.py::TestScrapingConfiguration::test_validate_mention_data ERROR [ 70%]\ntests/test_scraper.py::TestScrapingConfiguration::test_error_handling ERROR [ 72%]\ntests/test_scraper.py::TestScrapingConfiguration::test_rate_limiting_configuration ERROR [ 74%]\ntests/test_ui.py::TestMetricsVisualizer::test_visualizer_initialization FAILED [ 75%]\ntests/test_ui.py::TestMetricsVisualizer::test_create_mentions_timeline FAILED [ 77%]\ntests/test_ui.py::TestMetricsVisualizer::test_create_sentiment_distribution FAILED [ 79%]\ntests/test_ui.py::TestMetricsVisualizer::test_create_subreddit_breakdown FAILED [ 81%]\ntests/test_ui.py::TestMetricsVisualizer::test_create_engagement_metrics FAILED [ 82%]\ntests/test_ui.py::TestMetricsVisualizer::test_create_trending_topics FAILED [ 84%]\ntests/test_ui.py::TestMetricsVisualizer::test_create_quality_metrics FAILED [ 86%]\ntests/test_ui.py::TestMetricsVisualizer::test_create_comprehensive_dashboard FAILED [ 87%]\ntests/test_ui.py::TestMetricsVisualizer::test_empty_data_handling FAILED [ 89%]\ntests/test_ui.py::TestMetricsVisualizer::test_malformed_data_handling FAILED [ 91%]\ntests/test_ui.py::TestMetricsVisualizer::test_color_scheme_consistency FAILED [ 93%]\ntests/test_ui.py::TestMetricsVisualizer::test_chart_interactivity FAILED [ 94%]\ntests/test_ui.py::TestMetricsVisualizer::test_responsive_design FAILED   [ 96%]\ntests/test_ui.py::TestRealtimeMonitor::test_monitor_initialization FAILED [ 98%]\ntests/test_ui.py::TestRealtimeMonitor::test_get_system_status FAILED     [100%]\n\n=================================== ERRORS ====================================\n_____________________ ERROR at setup of test_add_mention ______________________\nfile C:\\Users\\Devansh\\Downloads\\intern_application_round1\\tests\\test_database.py, line 38\n  @pytest.mark.unit\n  def test_add_mention(db_manager, sample_mention):\nE       fixture 'sample_mention' not found\n>       available fixtures: anyio_backend, anyio_backend_name, anyio_backend_options, async_test_client, cache, capfd, capfdbinary, caplog, capsys, capsysbinary, cov, data_validator, db_manager, doctest_namespace, event_loop, extra, extras, include_metadata_in_junit_xml, metadata, metrics_analyzer, mock_browser_context, mock_playwright_page, mock_redis, mock_requests, mock_textblob, monkeypatch, no_cover, performance_monitor, pytestconfig, record_property, record_testsuite_property, record_xml_attribute, recwarn, sample_mention_data, sample_mentions_list, temp_database, test_config, test_data_generator, testrun_uid, tmp_path, tmp_path_factory, tmpdir, tmpdir_factory, unused_tcp_port, unused_tcp_port_factory, unused_udp_port, unused_udp_port_factory, visualizer, worker_id\n>       use 'pytest --fixtures [testpath]' for help on them.\n\nC:\\Users\\Devansh\\Downloads\\intern_application_round1\\tests\\test_database.py:38\n______ ERROR at setup of TestRedditMention.test_reddit_mention_creation _______\nfile C:\\Users\\Devansh\\Downloads\\intern_application_round1\\tests\\test_database.py, line 367\n      @pytest.mark.unit\n      def test_reddit_mention_creation(self, sample_mention):\nE       fixture 'sample_mention' not found\n>       available fixtures: anyio_backend, anyio_backend_name, anyio_backend_options, async_test_client, cache, capfd, capfdbinary, caplog, capsys, capsysbinary, cov, data_validator, db_manager, doctest_namespace, event_loop, extra, extras, include_metadata_in_junit_xml, metadata, metrics_analyzer, mock_browser_context, mock_playwright_page, mock_redis, mock_requests, mock_textblob, monkeypatch, no_cover, performance_monitor, pytestconfig, record_property, record_testsuite_property, record_xml_attribute, recwarn, sample_mention_data, sample_mentions_list, temp_database, test_config, test_data_generator, testrun_uid, tmp_path, tmp_path_factory, tmpdir, tmpdir_factory, unused_tcp_port, unused_tcp_port_factory, unused_udp_port, unused_udp_port_factory, visualizer, worker_id\n>       use 'pytest --fixtures [testpath]' for help on them.\n\nC:\\Users\\Devansh\\Downloads\\intern_application_round1\\tests\\test_database.py:367\n_______ ERROR at setup of TestRedditMention.test_reddit_mention_to_dict _______\nfile C:\\Users\\Devansh\\Downloads\\intern_application_round1\\tests\\test_database.py, line 377\n      @pytest.mark.unit\n      def test_reddit_mention_to_dict(self, sample_mention):\nE       fixture 'sample_mention' not found\n>       available fixtures: anyio_backend, anyio_backend_name, anyio_backend_options, async_test_client, cache, capfd, capfdbinary, caplog, capsys, capsysbinary, cov, data_validator, db_manager, doctest_namespace, event_loop, extra, extras, include_metadata_in_junit_xml, metadata, metrics_analyzer, mock_browser_context, mock_playwright_page, mock_redis, mock_requests, mock_textblob, monkeypatch, no_cover, performance_monitor, pytestconfig, record_property, record_testsuite_property, record_xml_attribute, recwarn, sample_mention_data, sample_mentions_list, temp_database, test_config, test_data_generator, testrun_uid, tmp_path, tmp_path_factory, tmpdir, tmpdir_factory, unused_tcp_port, unused_tcp_port_factory, unused_udp_port, unused_udp_port_factory, visualizer, worker_id\n>       use 'pytest --fixtures [testpath]' for help on them.\n\nC:\\Users\\Devansh\\Downloads\\intern_application_round1\\tests\\test_database.py:377\n___ ERROR at setup of TestScrapingConfiguration.test_build_search_patterns ____\nfile C:\\Users\\Devansh\\Downloads\\intern_application_round1\\tests\\test_scraper.py, line 487\n      @pytest.mark.unit\n      def test_build_search_patterns(self, scraper):\nE       fixture 'scraper' not found\n>       available fixtures: anyio_backend, anyio_backend_name, anyio_backend_options, async_test_client, cache, capfd, capfdbinary, caplog, capsys, capsysbinary, cov, data_validator, db_manager, doctest_namespace, event_loop, extra, extras, include_metadata_in_junit_xml, metadata, metrics_analyzer, mock_browser_context, mock_playwright_page, mock_redis, mock_requests, mock_textblob, monkeypatch, no_cover, performance_monitor, pytestconfig, record_property, record_testsuite_property, record_xml_attribute, recwarn, sample_mention_data, sample_mentions_list, temp_database, test_config, test_data_generator, testrun_uid, tmp_path, tmp_path_factory, tmpdir, tmpdir_factory, unused_tcp_port, unused_tcp_port_factory, unused_udp_port, unused_udp_port_factory, visualizer, worker_id\n>       use 'pytest --fixtures [testpath]' for help on them.\n\nC:\\Users\\Devansh\\Downloads\\intern_application_round1\\tests\\test_scraper.py:487\n_____ ERROR at setup of TestScrapingConfiguration.test_filter_by_quality ______\nfile C:\\Users\\Devansh\\Downloads\\intern_application_round1\\tests\\test_scraper.py, line 498\n      @pytest.mark.unit\n      def test_filter_by_quality(self, scraper):\nE       fixture 'scraper' not found\n>       available fixtures: anyio_backend, anyio_backend_name, anyio_backend_options, async_test_client, cache, capfd, capfdbinary, caplog, capsys, capsysbinary, cov, data_validator, db_manager, doctest_namespace, event_loop, extra, extras, include_metadata_in_junit_xml, metadata, metrics_analyzer, mock_browser_context, mock_playwright_page, mock_redis, mock_requests, mock_textblob, monkeypatch, no_cover, performance_monitor, pytestconfig, record_property, record_testsuite_property, record_xml_attribute, recwarn, sample_mention_data, sample_mentions_list, temp_database, test_config, test_data_generator, testrun_uid, tmp_path, tmp_path_factory, tmpdir, tmpdir_factory, unused_tcp_port, unused_tcp_port_factory, unused_udp_port, unused_udp_port_factory, visualizer, worker_id\n>       use 'pytest --fixtures [testpath]' for help on them.\n\nC:\\Users\\Devansh\\Downloads\\intern_application_round1\\tests\\test_scraper.py:498\n____ ERROR at setup of TestScrapingConfiguration.test_deduplicate_mentions ____\nfile C:\\Users\\Devansh\\Downloads\\intern_application_round1\\tests\\test_scraper.py, line 513\n      @pytest.mark.unit\n      def test_deduplicate_mentions(self, scraper):\nE       fixture 'scraper' not found\n>       available fixtures: anyio_backend, anyio_backend_name, anyio_backend_options, async_test_client, cache, capfd, capfdbinary, caplog, capsys, capsysbinary, cov, data_validator, db_manager, doctest_namespace, event_loop, extra, extras, include_metadata_in_junit_xml, metadata, metrics_analyzer, mock_browser_context, mock_playwright_page, mock_redis, mock_requests, mock_textblob, monkeypatch, no_cover, performance_monitor, pytestconfig, record_property, record_testsuite_property, record_xml_attribute, recwarn, sample_mention_data, sample_mentions_list, temp_database, test_config, test_data_generator, testrun_uid, tmp_path, tmp_path_factory, tmpdir, tmpdir_factory, unused_tcp_port, unused_tcp_port_factory, unused_udp_port, unused_udp_port_factory, visualizer, worker_id\n>       use 'pytest --fixtures [testpath]' for help on them.\n\nC:\\Users\\Devansh\\Downloads\\intern_application_round1\\tests\\test_scraper.py:513\n___ ERROR at setup of TestScrapingConfiguration.test_validate_mention_data ____\nfile C:\\Users\\Devansh\\Downloads\\intern_application_round1\\tests\\test_scraper.py, line 529\n      @pytest.mark.unit\n      def test_validate_mention_data(self, scraper):\nE       fixture 'scraper' not found\n>       available fixtures: anyio_backend, anyio_backend_name, anyio_backend_options, async_test_client, cache, capfd, capfdbinary, caplog, capsys, capsysbinary, cov, data_validator, db_manager, doctest_namespace, event_loop, extra, extras, include_metadata_in_junit_xml, metadata, metrics_analyzer, mock_browser_context, mock_playwright_page, mock_redis, mock_requests, mock_textblob, monkeypatch, no_cover, performance_monitor, pytestconfig, record_property, record_testsuite_property, record_xml_attribute, recwarn, sample_mention_data, sample_mentions_list, temp_database, test_config, test_data_generator, testrun_uid, tmp_path, tmp_path_factory, tmpdir, tmpdir_factory, unused_tcp_port, unused_tcp_port_factory, unused_udp_port, unused_udp_port_factory, visualizer, worker_id\n>       use 'pytest --fixtures [testpath]' for help on them.\n\nC:\\Users\\Devansh\\Downloads\\intern_application_round1\\tests\\test_scraper.py:529\n_______ ERROR at setup of TestScrapingConfiguration.test_error_handling _______\nfile C:\\Users\\Devansh\\Downloads\\intern_application_round1\\tests\\test_scraper.py, line 565\n      @pytest.mark.unit\n      def test_error_handling(self, scraper):\nE       fixture 'scraper' not found\n>       available fixtures: anyio_backend, anyio_backend_name, anyio_backend_options, async_test_client, cache, capfd, capfdbinary, caplog, capsys, capsysbinary, cov, data_validator, db_manager, doctest_namespace, event_loop, extra, extras, include_metadata_in_junit_xml, metadata, metrics_analyzer, mock_browser_context, mock_playwright_page, mock_redis, mock_requests, mock_textblob, monkeypatch, no_cover, performance_monitor, pytestconfig, record_property, record_testsuite_property, record_xml_attribute, recwarn, sample_mention_data, sample_mentions_list, temp_database, test_config, test_data_generator, testrun_uid, tmp_path, tmp_path_factory, tmpdir, tmpdir_factory, unused_tcp_port, unused_tcp_port_factory, unused_udp_port, unused_udp_port_factory, visualizer, worker_id\n>       use 'pytest --fixtures [testpath]' for help on them.\n\nC:\\Users\\Devansh\\Downloads\\intern_application_round1\\tests\\test_scraper.py:565\n_ ERROR at setup of TestScrapingConfiguration.test_rate_limiting_configuration _\nfile C:\\Users\\Devansh\\Downloads\\intern_application_round1\\tests\\test_scraper.py, line 579\n      @pytest.mark.unit\n      def test_rate_limiting_configuration(self, scraper):\nE       fixture 'scraper' not found\n>       available fixtures: anyio_backend, anyio_backend_name, anyio_backend_options, async_test_client, cache, capfd, capfdbinary, caplog, capsys, capsysbinary, cov, data_validator, db_manager, doctest_namespace, event_loop, extra, extras, include_metadata_in_junit_xml, metadata, metrics_analyzer, mock_browser_context, mock_playwright_page, mock_redis, mock_requests, mock_textblob, monkeypatch, no_cover, performance_monitor, pytestconfig, record_property, record_testsuite_property, record_xml_attribute, recwarn, sample_mention_data, sample_mentions_list, temp_database, test_config, test_data_generator, testrun_uid, tmp_path, tmp_path_factory, tmpdir, tmpdir_factory, unused_tcp_port, unused_tcp_port_factory, unused_udp_port, unused_udp_port_factory, visualizer, worker_id\n>       use 'pytest --fixtures [testpath]' for help on them.\n\nC:\\Users\\Devansh\\Downloads\\intern_application_round1\\tests\\test_scraper.py:579\n================================== FAILURES ===================================\n_____________ TestMetricsAnalyzer.test_calculate_temporal_metrics _____________\ntests\\test_analytics.py:112: in test_calculate_temporal_metrics\n    metrics = metrics_analyzer.calculate_temporal_metrics(sample_mentions_list)\nE   AttributeError: 'MetricsAnalyzer' object has no attribute 'calculate_temporal_metrics'. Did you mean: '_calculate_temporal_metrics'?\n____________ TestMetricsAnalyzer.test_calculate_subreddit_metrics _____________\ntests\\test_analytics.py:130: in test_calculate_subreddit_metrics\n    metrics = metrics_analyzer.calculate_subreddit_metrics(sample_mentions_list)\nE   AttributeError: 'MetricsAnalyzer' object has no attribute 'calculate_subreddit_metrics'. Did you mean: '_calculate_subreddit_metrics'?\n____________ TestMetricsAnalyzer.test_calculate_sentiment_metrics _____________\ntests\\test_analytics.py:142: in test_calculate_sentiment_metrics\n    metrics = metrics_analyzer.calculate_sentiment_metrics(sample_mentions_list)\nE   AttributeError: 'MetricsAnalyzer' object has no attribute 'calculate_sentiment_metrics'. Did you mean: '_calculate_sentiment_metrics'?\n____________ TestMetricsAnalyzer.test_calculate_engagement_metrics ____________\ntests\\test_analytics.py:159: in test_calculate_engagement_metrics\n    metrics = metrics_analyzer.calculate_engagement_metrics(sample_mentions_list)\nE   AttributeError: 'MetricsAnalyzer' object has no attribute 'calculate_engagement_metrics'. Did you mean: '_calculate_engagement_metrics'?\n_______________ TestMetricsAnalyzer.test_detect_trending_topics _______________\ntests\\test_analytics.py:180: in test_detect_trending_topics\n    trending = metrics_analyzer.detect_trending_topics(sample_mentions_list)\nE   AttributeError: 'MetricsAnalyzer' object has no attribute 'detect_trending_topics'\n___________ TestMetricsAnalyzer.test_generate_comprehensive_metrics ___________\ntests\\test_analytics.py:192: in test_generate_comprehensive_metrics\n    metrics = metrics_analyzer.generate_comprehensive_metrics(sample_mentions_list)\nE   AttributeError: 'MetricsAnalyzer' object has no attribute 'generate_comprehensive_metrics'\n______________ TestMetricsAnalyzer.test_empty_mentions_handling _______________\ntests\\test_analytics.py:211: in test_empty_mentions_handling\n    metrics = metrics_analyzer.generate_comprehensive_metrics([])\nE   AttributeError: 'MetricsAnalyzer' object has no attribute 'generate_comprehensive_metrics'\n______________ TestMetricsAnalyzer.test_malformed_data_handling _______________\ntests\\test_analytics.py:229: in test_malformed_data_handling\n    metrics = metrics_analyzer.generate_comprehensive_metrics(malformed_mentions)\nE   AttributeError: 'MetricsAnalyzer' object has no attribute 'generate_comprehensive_metrics'\n________________________ test_get_mentions_by_session _________________________\n..\\..\\AppData\\Roaming\\Python\\Python312\\site-packages\\sqlalchemy\\engine\\base.py:1964: in _exec_single_context\n    self.dialect.do_execute(\n..\\..\\AppData\\Roaming\\Python\\Python312\\site-packages\\sqlalchemy\\engine\\default.py:942: in do_execute\n    cursor.execute(statement, parameters)\nE   sqlite3.IntegrityError: NOT NULL constraint failed: reddit_mentions.post_type\n\nThe above exception was the direct cause of the following exception:\ntests\\test_database.py:67: in test_get_mentions_by_session\n    db_manager.add_mention(mention_data)\ndatabase\\models.py:97: in add_mention\n    db.commit()\n..\\..\\AppData\\Roaming\\Python\\Python312\\site-packages\\sqlalchemy\\orm\\session.py:2032: in commit\n    trans.commit(_to_root=True)\n<string>:2: in commit\n    ???\n..\\..\\AppData\\Roaming\\Python\\Python312\\site-packages\\sqlalchemy\\orm\\state_changes.py:139: in _go\n    ret_value = fn(self, *arg, **kw)\n..\\..\\AppData\\Roaming\\Python\\Python312\\site-packages\\sqlalchemy\\orm\\session.py:1313: in commit\n    self._prepare_impl()\n<string>:2: in _prepare_impl\n    ???\n..\\..\\AppData\\Roaming\\Python\\Python312\\site-packages\\sqlalchemy\\orm\\state_changes.py:139: in _go\n    ret_value = fn(self, *arg, **kw)\n..\\..\\AppData\\Roaming\\Python\\Python312\\site-packages\\sqlalchemy\\orm\\session.py:1288: in _prepare_impl\n    self.session.flush()\n..\\..\\AppData\\Roaming\\Python\\Python312\\site-packages\\sqlalchemy\\orm\\session.py:4353: in flush\n    self._flush(objects)\n..\\..\\AppData\\Roaming\\Python\\Python312\\site-packages\\sqlalchemy\\orm\\session.py:4488: in _flush\n    with util.safe_reraise():\n..\\..\\AppData\\Roaming\\Python\\Python312\\site-packages\\sqlalchemy\\util\\langhelpers.py:146: in __exit__\n    raise exc_value.with_traceback(exc_tb)\n..\\..\\AppData\\Roaming\\Python\\Python312\\site-packages\\sqlalchemy\\orm\\session.py:4449: in _flush\n    flush_context.execute()\n..\\..\\AppData\\Roaming\\Python\\Python312\\site-packages\\sqlalchemy\\orm\\unitofwork.py:466: in execute\n    rec.execute(self)\n..\\..\\AppData\\Roaming\\Python\\Python312\\site-packages\\sqlalchemy\\orm\\unitofwork.py:642: in execute\n    util.preloaded.orm_persistence.save_obj(\n..\\..\\AppData\\Roaming\\Python\\Python312\\site-packages\\sqlalchemy\\orm\\persistence.py:93: in save_obj\n    _emit_insert_statements(\n..\\..\\AppData\\Roaming\\Python\\Python312\\site-packages\\sqlalchemy\\orm\\persistence.py:1233: in _emit_insert_statements\n    result = connection.execute(\n..\\..\\AppData\\Roaming\\Python\\Python312\\site-packages\\sqlalchemy\\engine\\base.py:1416: in execute\n    return meth(\n..\\..\\AppData\\Roaming\\Python\\Python312\\site-packages\\sqlalchemy\\sql\\elements.py:523: in _execute_on_connection\n    return connection._execute_clauseelement(\n..\\..\\AppData\\Roaming\\Python\\Python312\\site-packages\\sqlalchemy\\engine\\base.py:1638: in _execute_clauseelement\n    ret = self._execute_context(\n..\\..\\AppData\\Roaming\\Python\\Python312\\site-packages\\sqlalchemy\\engine\\base.py:1843: in _execute_context\n    return self._exec_single_context(\n..\\..\\AppData\\Roaming\\Python\\Python312\\site-packages\\sqlalchemy\\engine\\base.py:1983: in _exec_single_context\n    self._handle_dbapi_exception(\n..\\..\\AppData\\Roaming\\Python\\Python312\\site-packages\\sqlalchemy\\engine\\base.py:2352: in _handle_dbapi_exception\n    raise sqlalchemy_exception.with_traceback(exc_info[2]) from e\n..\\..\\AppData\\Roaming\\Python\\Python312\\site-packages\\sqlalchemy\\engine\\base.py:1964: in _exec_single_context\n    self.dialect.do_execute(\n..\\..\\AppData\\Roaming\\Python\\Python312\\site-packages\\sqlalchemy\\engine\\default.py:942: in do_execute\n    cursor.execute(statement, parameters)\nE   sqlalchemy.exc.IntegrityError: (sqlite3.IntegrityError) NOT NULL constraint failed: reddit_mentions.post_type\nE   [SQL: INSERT INTO reddit_mentions (session_id, reddit_id, post_type, title, content, author, subreddit, url, score, num_comments, upvote_ratio, created_utc, scraped_at, sentiment_score, relevance_score) VALUES (?, ?, ?, ?, ?, ?, ?, ?, ?, ?, ?, ?, ?, ?, ?)]\nE   [parameters: (1, 'test0', None, 'Test post 0 about OpenAI', 'This is a test post discussing OpenAI technology and its impact.', 'test_user', 'technology', 'https://reddit.com/r/technology/comments/test123', 10, 15, None, '2025-05-28 20:59:05.547336', '2025-05-28 20:59:05.547336', -0.5, 0.8)]\nE   (Background on this error at: https://sqlalche.me/e/20/gkpj)\n_________________________ test_update_session_status __________________________\ntests\\test_database.py:81: in test_update_session_status\n    db_manager.update_session_status(session_id, \"completed\")\nE   AttributeError: 'DatabaseManager' object has no attribute 'update_session_status'\n_________________________ test_get_session_statistics _________________________\ntests\\test_database.py:95: in test_get_session_statistics\n    db_manager.add_mention(session_id, mention)\nE   TypeError: DatabaseManager.add_mention() takes 2 positional arguments but 3 were given\n____________________________ test_search_mentions _____________________________\ntests\\test_database.py:112: in test_search_mentions\n    db_manager.add_mention(session_id, mention)\nE   TypeError: DatabaseManager.add_mention() takes 2 positional arguments but 3 were given\n________________________ test_get_trending_subreddits _________________________\ntests\\test_database.py:135: in test_get_trending_subreddits\n    db_manager.add_mention(session_id, mention)\nE   TypeError: DatabaseManager.add_mention() takes 2 positional arguments but 3 were given\n_______________________ test_get_sentiment_distribution _______________________\ntests\\test_database.py:154: in test_get_sentiment_distribution\n    db_manager.add_mention(session_id, mention)\nE   TypeError: DatabaseManager.add_mention() takes 2 positional arguments but 3 were given\n__________________________ test_get_time_series_data __________________________\ntests\\test_database.py:175: in test_get_time_series_data\n    db_manager.add_mention(session_id, mention)\nE   TypeError: DatabaseManager.add_mention() takes 2 positional arguments but 3 were given\n__________________________ test_cleanup_old_sessions __________________________\ntests\\test_database.py:195: in test_cleanup_old_sessions\n    with db_manager.Session() as session:\nE   AttributeError: 'DatabaseManager' object has no attribute 'Session'\n________________________ test_database_error_handling _________________________\ntests\\test_database.py:234: in test_database_error_handling\n    mention_id = db_manager.add_mention(session_id, invalid_mention)\nE   TypeError: DatabaseManager.add_mention() takes 2 positional arguments but 3 were given\n________________________ test_database_backup_restore _________________________\ntests\\test_database.py:290: in test_database_backup_restore\n    db_manager.add_mention(session_id, test_mention)\nE   TypeError: DatabaseManager.add_mention() takes 2 positional arguments but 3 were given\n_______________ TestSearchSession.test_search_session_creation ________________\ntests\\test_database.py:344: in test_search_session_creation\n    assert session.created_at is not None\nE   assert None is not None\nE    +  where None = <database.models.SearchSession object at 0x000002067DDAB080>.created_at\n________________ TestSearchSession.test_search_session_to_dict ________________\ntests\\test_database.py:355: in test_search_session_to_dict\n    session_dict = session.to_dict()\nE   AttributeError: 'SearchSession' object has no attribute 'to_dict'\n______________ TestRedditMention.test_reddit_mention_validation _______________\ntests\\test_database.py:401: in test_reddit_mention_validation\n    assert minimal_mention.score == 0\nE   assert None == 0\nE    +  where None = <database.models.RedditMention object at 0x000002067DDB0710>.score\n______________ TestRedditScraper.test_calculate_relevance_score _______________\ntests\\test_scraper.py:104: in test_calculate_relevance_score\n    score = scraper._calculate_relevance_score(high_relevance, \"OpenAI\")\nE   TypeError: RedditScraper._calculate_relevance_score() missing 1 required positional argument: 'search_term'\n----------------------------- Captured log setup ------------------------------\nWARNING  analytics.advanced_sentiment:advanced_sentiment.py:29 Transformers not available, falling back to TextBlob only\n____________ TestMetricsVisualizer.test_visualizer_initialization _____________\ntests\\test_ui.py:24: in test_visualizer_initialization\n    assert hasattr(visualizer, 'reddit_colors')\nE   AssertionError: assert False\nE    +  where False = hasattr(<ui.visualization.MetricsVisualizer object at 0x000002067F6C4DA0>, 'reddit_colors')\n_____________ TestMetricsVisualizer.test_create_mentions_timeline _____________\ntests\\test_ui.py:34: in test_create_mentions_timeline\n    fig = visualizer.create_mentions_timeline(sample_mentions_list)\nE   AttributeError: 'MetricsVisualizer' object has no attribute 'create_mentions_timeline'\n__________ TestMetricsVisualizer.test_create_sentiment_distribution ___________\ntests\\test_ui.py:44: in test_create_sentiment_distribution\n    fig = visualizer.create_sentiment_distribution(sample_mentions_list)\nE   AttributeError: 'MetricsVisualizer' object has no attribute 'create_sentiment_distribution'\n____________ TestMetricsVisualizer.test_create_subreddit_breakdown ____________\ntests\\test_ui.py:58: in test_create_subreddit_breakdown\n    fig = visualizer.create_subreddit_breakdown(sample_mentions_list)\nE   AttributeError: 'MetricsVisualizer' object has no attribute 'create_subreddit_breakdown'. Did you mean: 'create_subreddit_analysis'?\n____________ TestMetricsVisualizer.test_create_engagement_metrics _____________\ntests\\test_ui.py:67: in test_create_engagement_metrics\n    fig = visualizer.create_engagement_metrics(sample_mentions_list)\nE   AttributeError: 'MetricsVisualizer' object has no attribute 'create_engagement_metrics'. Did you mean: 'create_engagement_analysis'?\n______________ TestMetricsVisualizer.test_create_trending_topics ______________\ntests\\test_ui.py:81: in test_create_trending_topics\n    fig = visualizer.create_trending_topics(sample_mentions_list)\nE   AttributeError: 'MetricsVisualizer' object has no attribute 'create_trending_topics'\n______________ TestMetricsVisualizer.test_create_quality_metrics ______________\ntests\\test_ui.py:95: in test_create_quality_metrics\n    fig = visualizer.create_quality_metrics(sample_mentions_list)\nE   AttributeError: 'MetricsVisualizer' object has no attribute 'create_quality_metrics'\n__________ TestMetricsVisualizer.test_create_comprehensive_dashboard __________\ntests\\test_ui.py:114: in test_create_comprehensive_dashboard\n    dashboard = visualizer.create_comprehensive_dashboard(sample_mentions_list)\nE   AttributeError: 'MetricsVisualizer' object has no attribute 'create_comprehensive_dashboard'\n_______________ TestMetricsVisualizer.test_empty_data_handling ________________\ntests\\test_ui.py:132: in test_empty_data_handling\n    fig = visualizer.create_mentions_timeline(empty_mentions)\nE   AttributeError: 'MetricsVisualizer' object has no attribute 'create_mentions_timeline'\n_____________ TestMetricsVisualizer.test_malformed_data_handling ______________\ntests\\test_ui.py:153: in test_malformed_data_handling\n    fig = visualizer.create_sentiment_distribution(malformed_mentions)\nE   AttributeError: 'MetricsVisualizer' object has no attribute 'create_sentiment_distribution'\n_____________ TestMetricsVisualizer.test_color_scheme_consistency _____________\ntests\\test_ui.py:159: in test_color_scheme_consistency\n    dashboard = visualizer.create_comprehensive_dashboard(sample_mentions_list)\nE   AttributeError: 'MetricsVisualizer' object has no attribute 'create_comprehensive_dashboard'\n_______________ TestMetricsVisualizer.test_chart_interactivity ________________\ntests\\test_ui.py:170: in test_chart_interactivity\n    fig = visualizer.create_mentions_timeline(sample_mentions_list)\nE   AttributeError: 'MetricsVisualizer' object has no attribute 'create_mentions_timeline'\n________________ TestMetricsVisualizer.test_responsive_design _________________\ntests\\test_ui.py:179: in test_responsive_design\n    fig = visualizer.create_subreddit_breakdown(sample_mentions_list)\nE   AttributeError: 'MetricsVisualizer' object has no attribute 'create_subreddit_breakdown'. Did you mean: 'create_subreddit_analysis'?\n_______________ TestRealtimeMonitor.test_monitor_initialization _______________\ntests\\test_ui.py:198: in test_monitor_initialization\n    assert hasattr(realtime_monitor, 'system_monitor')\nE   AssertionError: assert False\nE    +  where False = hasattr(<ui.realtime_monitor.RealTimeMonitor object at 0x000002067C342EA0>, 'system_monitor')\n_________________ TestRealtimeMonitor.test_get_system_status __________________\ntests\\test_ui.py:204: in test_get_system_status\n    status = realtime_monitor.get_system_status()\nE   AttributeError: 'RealTimeMonitor' object has no attribute 'get_system_status'. Did you mean: 'emit_system_status'?\n============================== warnings summary ===============================\ndatabase\\models.py:10\n  C:\\Users\\Devansh\\Downloads\\intern_application_round1\\database\\models.py:10: MovedIn20Warning: The ``declarative_base()`` function is now available as sqlalchemy.orm.declarative_base(). (deprecated since: 2.0) (Background on SQLAlchemy 2.0 at: https://sqlalche.me/e/b8d9)\n    Base = declarative_base()\n\ntests\\test_analytics.py:30\n  C:\\Users\\Devansh\\Downloads\\intern_application_round1\\tests\\test_analytics.py:30: PytestUnknownMarkWarning: Unknown pytest.mark.smoke - is this a typo?  You can register custom marks to avoid this warning - for details, see https://docs.pytest.org/en/stable/how-to/mark.html\n    @pytest.mark.smoke\n\ntests\\test_analytics.py:31\n  C:\\Users\\Devansh\\Downloads\\intern_application_round1\\tests\\test_analytics.py:31: PytestUnknownMarkWarning: Unknown pytest.mark.unit - is this a typo?  You can register custom marks to avoid this warning - for details, see https://docs.pytest.org/en/stable/how-to/mark.html\n    @pytest.mark.unit\n\ntests\\test_analytics.py:38\n  C:\\Users\\Devansh\\Downloads\\intern_application_round1\\tests\\test_analytics.py:38: PytestUnknownMarkWarning: Unknown pytest.mark.smoke - is this a typo?  You can register custom marks to avoid this warning - for details, see https://docs.pytest.org/en/stable/how-to/mark.html\n    @pytest.mark.smoke\n\ntests\\test_analytics.py:39\n  C:\\Users\\Devansh\\Downloads\\intern_application_round1\\tests\\test_analytics.py:39: PytestUnknownMarkWarning: Unknown pytest.mark.unit - is this a typo?  You can register custom marks to avoid this warning - for details, see https://docs.pytest.org/en/stable/how-to/mark.html\n    @pytest.mark.unit\n\ntests\\test_analytics.py:71\n  C:\\Users\\Devansh\\Downloads\\intern_application_round1\\tests\\test_analytics.py:71: PytestUnknownMarkWarning: Unknown pytest.mark.smoke - is this a typo?  You can register custom marks to avoid this warning - for details, see https://docs.pytest.org/en/stable/how-to/mark.html\n    @pytest.mark.smoke\n\ntests\\test_analytics.py:72\n  C:\\Users\\Devansh\\Downloads\\intern_application_round1\\tests\\test_analytics.py:72: PytestUnknownMarkWarning: Unknown pytest.mark.unit - is this a typo?  You can register custom marks to avoid this warning - for details, see https://docs.pytest.org/en/stable/how-to/mark.html\n    @pytest.mark.unit\n\ntests\\test_analytics.py:104\n  C:\\Users\\Devansh\\Downloads\\intern_application_round1\\tests\\test_analytics.py:104: PytestUnknownMarkWarning: Unknown pytest.mark.unit - is this a typo?  You can register custom marks to avoid this warning - for details, see https://docs.pytest.org/en/stable/how-to/mark.html\n    @pytest.mark.unit\n\ntests\\test_analytics.py:122\n  C:\\Users\\Devansh\\Downloads\\intern_application_round1\\tests\\test_analytics.py:122: PytestUnknownMarkWarning: Unknown pytest.mark.unit - is this a typo?  You can register custom marks to avoid this warning - for details, see https://docs.pytest.org/en/stable/how-to/mark.html\n    @pytest.mark.unit\n\ntests\\test_analytics.py:139\n  C:\\Users\\Devansh\\Downloads\\intern_application_round1\\tests\\test_analytics.py:139: PytestUnknownMarkWarning: Unknown pytest.mark.unit - is this a typo?  You can register custom marks to avoid this warning - for details, see https://docs.pytest.org/en/stable/how-to/mark.html\n    @pytest.mark.unit\n\ntests\\test_analytics.py:156\n  C:\\Users\\Devansh\\Downloads\\intern_application_round1\\tests\\test_analytics.py:156: PytestUnknownMarkWarning: Unknown pytest.mark.unit - is this a typo?  You can register custom marks to avoid this warning - for details, see https://docs.pytest.org/en/stable/how-to/mark.html\n    @pytest.mark.unit\n\ntests\\test_analytics.py:172\n  C:\\Users\\Devansh\\Downloads\\intern_application_round1\\tests\\test_analytics.py:172: PytestUnknownMarkWarning: Unknown pytest.mark.unit - is this a typo?  You can register custom marks to avoid this warning - for details, see https://docs.pytest.org/en/stable/how-to/mark.html\n    @pytest.mark.unit\n\ntests\\test_analytics.py:189\n  C:\\Users\\Devansh\\Downloads\\intern_application_round1\\tests\\test_analytics.py:189: PytestUnknownMarkWarning: Unknown pytest.mark.unit - is this a typo?  You can register custom marks to avoid this warning - for details, see https://docs.pytest.org/en/stable/how-to/mark.html\n    @pytest.mark.unit\n\ntests\\test_analytics.py:208\n  C:\\Users\\Devansh\\Downloads\\intern_application_round1\\tests\\test_analytics.py:208: PytestUnknownMarkWarning: Unknown pytest.mark.unit - is this a typo?  You can register custom marks to avoid this warning - for details, see https://docs.pytest.org/en/stable/how-to/mark.html\n    @pytest.mark.unit\n\ntests\\test_analytics.py:218\n  C:\\Users\\Devansh\\Downloads\\intern_application_round1\\tests\\test_analytics.py:218: PytestUnknownMarkWarning: Unknown pytest.mark.unit - is this a typo?  You can register custom marks to avoid this warning - for details, see https://docs.pytest.org/en/stable/how-to/mark.html\n    @pytest.mark.unit\n\ntests\\test_analytics.py:237\n  C:\\Users\\Devansh\\Downloads\\intern_application_round1\\tests\\test_analytics.py:237: PytestUnknownMarkWarning: Unknown pytest.mark.unit - is this a typo?  You can register custom marks to avoid this warning - for details, see https://docs.pytest.org/en/stable/how-to/mark.html\n    @pytest.mark.unit\n\ntests\\test_analytics.py:245\n  C:\\Users\\Devansh\\Downloads\\intern_application_round1\\tests\\test_analytics.py:245: PytestUnknownMarkWarning: Unknown pytest.mark.unit - is this a typo?  You can register custom marks to avoid this warning - for details, see https://docs.pytest.org/en/stable/how-to/mark.html\n    @pytest.mark.unit\n\ntests\\test_analytics.py:257\n  C:\\Users\\Devansh\\Downloads\\intern_application_round1\\tests\\test_analytics.py:257: PytestUnknownMarkWarning: Unknown pytest.mark.unit - is this a typo?  You can register custom marks to avoid this warning - for details, see https://docs.pytest.org/en/stable/how-to/mark.html\n    @pytest.mark.unit\n\ntests\\test_database.py:13\n  C:\\Users\\Devansh\\Downloads\\intern_application_round1\\tests\\test_database.py:13: PytestUnknownMarkWarning: Unknown pytest.mark.smoke - is this a typo?  You can register custom marks to avoid this warning - for details, see https://docs.pytest.org/en/stable/how-to/mark.html\n    @pytest.mark.smoke\n\ntests\\test_database.py:14\n  C:\\Users\\Devansh\\Downloads\\intern_application_round1\\tests\\test_database.py:14: PytestUnknownMarkWarning: Unknown pytest.mark.unit - is this a typo?  You can register custom marks to avoid this warning - for details, see https://docs.pytest.org/en/stable/how-to/mark.html\n    @pytest.mark.unit\n\ntests\\test_database.py:22\n  C:\\Users\\Devansh\\Downloads\\intern_application_round1\\tests\\test_database.py:22: PytestUnknownMarkWarning: Unknown pytest.mark.smoke - is this a typo?  You can register custom marks to avoid this warning - for details, see https://docs.pytest.org/en/stable/how-to/mark.html\n    @pytest.mark.smoke\n\ntests\\test_database.py:23\n  C:\\Users\\Devansh\\Downloads\\intern_application_round1\\tests\\test_database.py:23: PytestUnknownMarkWarning: Unknown pytest.mark.unit - is this a typo?  You can register custom marks to avoid this warning - for details, see https://docs.pytest.org/en/stable/how-to/mark.html\n    @pytest.mark.unit\n\ntests\\test_database.py:38\n  C:\\Users\\Devansh\\Downloads\\intern_application_round1\\tests\\test_database.py:38: PytestUnknownMarkWarning: Unknown pytest.mark.unit - is this a typo?  You can register custom marks to avoid this warning - for details, see https://docs.pytest.org/en/stable/how-to/mark.html\n    @pytest.mark.unit\n\ntests\\test_database.py:58\n  C:\\Users\\Devansh\\Downloads\\intern_application_round1\\tests\\test_database.py:58: PytestUnknownMarkWarning: Unknown pytest.mark.unit - is this a typo?  You can register custom marks to avoid this warning - for details, see https://docs.pytest.org/en/stable/how-to/mark.html\n    @pytest.mark.unit\n\ntests\\test_database.py:75\n  C:\\Users\\Devansh\\Downloads\\intern_application_round1\\tests\\test_database.py:75: PytestUnknownMarkWarning: Unknown pytest.mark.unit - is this a typo?  You can register custom marks to avoid this warning - for details, see https://docs.pytest.org/en/stable/how-to/mark.html\n    @pytest.mark.unit\n\ntests\\test_database.py:88\n  C:\\Users\\Devansh\\Downloads\\intern_application_round1\\tests\\test_database.py:88: PytestUnknownMarkWarning: Unknown pytest.mark.unit - is this a typo?  You can register custom marks to avoid this warning - for details, see https://docs.pytest.org/en/stable/how-to/mark.html\n    @pytest.mark.unit\n\ntests\\test_database.py:105\n  C:\\Users\\Devansh\\Downloads\\intern_application_round1\\tests\\test_database.py:105: PytestUnknownMarkWarning: Unknown pytest.mark.unit - is this a typo?  You can register custom marks to avoid this warning - for details, see https://docs.pytest.org/en/stable/how-to/mark.html\n    @pytest.mark.unit\n\ntests\\test_database.py:128\n  C:\\Users\\Devansh\\Downloads\\intern_application_round1\\tests\\test_database.py:128: PytestUnknownMarkWarning: Unknown pytest.mark.unit - is this a typo?  You can register custom marks to avoid this warning - for details, see https://docs.pytest.org/en/stable/how-to/mark.html\n    @pytest.mark.unit\n\ntests\\test_database.py:147\n  C:\\Users\\Devansh\\Downloads\\intern_application_round1\\tests\\test_database.py:147: PytestUnknownMarkWarning: Unknown pytest.mark.unit - is this a typo?  You can register custom marks to avoid this warning - for details, see https://docs.pytest.org/en/stable/how-to/mark.html\n    @pytest.mark.unit\n\ntests\\test_database.py:168\n  C:\\Users\\Devansh\\Downloads\\intern_application_round1\\tests\\test_database.py:168: PytestUnknownMarkWarning: Unknown pytest.mark.unit - is this a typo?  You can register custom marks to avoid this warning - for details, see https://docs.pytest.org/en/stable/how-to/mark.html\n    @pytest.mark.unit\n\ntests\\test_database.py:188\n  C:\\Users\\Devansh\\Downloads\\intern_application_round1\\tests\\test_database.py:188: PytestUnknownMarkWarning: Unknown pytest.mark.unit - is this a typo?  You can register custom marks to avoid this warning - for details, see https://docs.pytest.org/en/stable/how-to/mark.html\n    @pytest.mark.unit\n\ntests\\test_database.py:217\n  C:\\Users\\Devansh\\Downloads\\intern_application_round1\\tests\\test_database.py:217: PytestUnknownMarkWarning: Unknown pytest.mark.unit - is this a typo?  You can register custom marks to avoid this warning - for details, see https://docs.pytest.org/en/stable/how-to/mark.html\n    @pytest.mark.unit\n\ntests\\test_database.py:238\n  C:\\Users\\Devansh\\Downloads\\intern_application_round1\\tests\\test_database.py:238: PytestUnknownMarkWarning: Unknown pytest.mark.unit - is this a typo?  You can register custom marks to avoid this warning - for details, see https://docs.pytest.org/en/stable/how-to/mark.html\n    @pytest.mark.unit\n\ntests\\test_database.py:271\n  C:\\Users\\Devansh\\Downloads\\intern_application_round1\\tests\\test_database.py:271: PytestUnknownMarkWarning: Unknown pytest.mark.unit - is this a typo?  You can register custom marks to avoid this warning - for details, see https://docs.pytest.org/en/stable/how-to/mark.html\n    @pytest.mark.unit\n\ntests\\test_database.py:308\n  C:\\Users\\Devansh\\Downloads\\intern_application_round1\\tests\\test_database.py:308: PytestUnknownMarkWarning: Unknown pytest.mark.unit - is this a typo?  You can register custom marks to avoid this warning - for details, see https://docs.pytest.org/en/stable/how-to/mark.html\n    @pytest.mark.unit\n\ntests\\test_database.py:334\n  C:\\Users\\Devansh\\Downloads\\intern_application_round1\\tests\\test_database.py:334: PytestUnknownMarkWarning: Unknown pytest.mark.unit - is this a typo?  You can register custom marks to avoid this warning - for details, see https://docs.pytest.org/en/stable/how-to/mark.html\n    @pytest.mark.unit\n\ntests\\test_database.py:347\n  C:\\Users\\Devansh\\Downloads\\intern_application_round1\\tests\\test_database.py:347: PytestUnknownMarkWarning: Unknown pytest.mark.unit - is this a typo?  You can register custom marks to avoid this warning - for details, see https://docs.pytest.org/en/stable/how-to/mark.html\n    @pytest.mark.unit\n\ntests\\test_database.py:367\n  C:\\Users\\Devansh\\Downloads\\intern_application_round1\\tests\\test_database.py:367: PytestUnknownMarkWarning: Unknown pytest.mark.unit - is this a typo?  You can register custom marks to avoid this warning - for details, see https://docs.pytest.org/en/stable/how-to/mark.html\n    @pytest.mark.unit\n\ntests\\test_database.py:377\n  C:\\Users\\Devansh\\Downloads\\intern_application_round1\\tests\\test_database.py:377: PytestUnknownMarkWarning: Unknown pytest.mark.unit - is this a typo?  You can register custom marks to avoid this warning - for details, see https://docs.pytest.org/en/stable/how-to/mark.html\n    @pytest.mark.unit\n\ntests\\test_database.py:388\n  C:\\Users\\Devansh\\Downloads\\intern_application_round1\\tests\\test_database.py:388: PytestUnknownMarkWarning: Unknown pytest.mark.unit - is this a typo?  You can register custom marks to avoid this warning - for details, see https://docs.pytest.org/en/stable/how-to/mark.html\n    @pytest.mark.unit\n\ntests\\test_integration.py:42\n  C:\\Users\\Devansh\\Downloads\\intern_application_round1\\tests\\test_integration.py:42: PytestUnknownMarkWarning: Unknown pytest.mark.integration - is this a typo?  You can register custom marks to avoid this warning - for details, see https://docs.pytest.org/en/stable/how-to/mark.html\n    @pytest.mark.integration\n\ntests\\test_integration.py:82\n  C:\\Users\\Devansh\\Downloads\\intern_application_round1\\tests\\test_integration.py:82: PytestUnknownMarkWarning: Unknown pytest.mark.integration - is this a typo?  You can register custom marks to avoid this warning - for details, see https://docs.pytest.org/en/stable/how-to/mark.html\n    @pytest.mark.integration\n\ntests\\test_integration.py:105\n  C:\\Users\\Devansh\\Downloads\\intern_application_round1\\tests\\test_integration.py:105: PytestUnknownMarkWarning: Unknown pytest.mark.integration - is this a typo?  You can register custom marks to avoid this warning - for details, see https://docs.pytest.org/en/stable/how-to/mark.html\n    @pytest.mark.integration\n\ntests\\test_integration.py:123\n  C:\\Users\\Devansh\\Downloads\\intern_application_round1\\tests\\test_integration.py:123: PytestUnknownMarkWarning: Unknown pytest.mark.integration - is this a typo?  You can register custom marks to avoid this warning - for details, see https://docs.pytest.org/en/stable/how-to/mark.html\n    @pytest.mark.integration\n\ntests\\test_integration.py:144\n  C:\\Users\\Devansh\\Downloads\\intern_application_round1\\tests\\test_integration.py:144: PytestUnknownMarkWarning: Unknown pytest.mark.integration - is this a typo?  You can register custom marks to avoid this warning - for details, see https://docs.pytest.org/en/stable/how-to/mark.html\n    @pytest.mark.integration\n\ntests\\test_integration.py:201\n  C:\\Users\\Devansh\\Downloads\\intern_application_round1\\tests\\test_integration.py:201: PytestUnknownMarkWarning: Unknown pytest.mark.integration - is this a typo?  You can register custom marks to avoid this warning - for details, see https://docs.pytest.org/en/stable/how-to/mark.html\n    @pytest.mark.integration\n\ntests\\test_performance.py:24\n  C:\\Users\\Devansh\\Downloads\\intern_application_round1\\tests\\test_performance.py:24: PytestUnknownMarkWarning: Unknown pytest.mark.performance - is this a typo?  You can register custom marks to avoid this warning - for details, see https://docs.pytest.org/en/stable/how-to/mark.html\n    @pytest.mark.performance\n\ntests\\test_performance.py:72\n  C:\\Users\\Devansh\\Downloads\\intern_application_round1\\tests\\test_performance.py:72: PytestUnknownMarkWarning: Unknown pytest.mark.performance - is this a typo?  You can register custom marks to avoid this warning - for details, see https://docs.pytest.org/en/stable/how-to/mark.html\n    @pytest.mark.performance\n\ntests\\test_performance.py:126\n  C:\\Users\\Devansh\\Downloads\\intern_application_round1\\tests\\test_performance.py:126: PytestUnknownMarkWarning: Unknown pytest.mark.performance - is this a typo?  You can register custom marks to avoid this warning - for details, see https://docs.pytest.org/en/stable/how-to/mark.html\n    @pytest.mark.performance\n\ntests\\test_performance.py:197\n  C:\\Users\\Devansh\\Downloads\\intern_application_round1\\tests\\test_performance.py:197: PytestUnknownMarkWarning: Unknown pytest.mark.performance - is this a typo?  You can register custom marks to avoid this warning - for details, see https://docs.pytest.org/en/stable/how-to/mark.html\n    @pytest.mark.performance\n\ntests\\test_performance.py:240\n  C:\\Users\\Devansh\\Downloads\\intern_application_round1\\tests\\test_performance.py:240: PytestUnknownMarkWarning: Unknown pytest.mark.performance - is this a typo?  You can register custom marks to avoid this warning - for details, see https://docs.pytest.org/en/stable/how-to/mark.html\n    @pytest.mark.performance\n\ntests\\test_performance.py:268\n  C:\\Users\\Devansh\\Downloads\\intern_application_round1\\tests\\test_performance.py:268: PytestUnknownMarkWarning: Unknown pytest.mark.performance - is this a typo?  You can register custom marks to avoid this warning - for details, see https://docs.pytest.org/en/stable/how-to/mark.html\n    @pytest.mark.performance\n\ntests\\test_performance.py:314\n  C:\\Users\\Devansh\\Downloads\\intern_application_round1\\tests\\test_performance.py:314: PytestUnknownMarkWarning: Unknown pytest.mark.performance - is this a typo?  You can register custom marks to avoid this warning - for details, see https://docs.pytest.org/en/stable/how-to/mark.html\n    @pytest.mark.performance\n\ntests\\test_performance.py:361\n  C:\\Users\\Devansh\\Downloads\\intern_application_round1\\tests\\test_performance.py:361: PytestUnknownMarkWarning: Unknown pytest.mark.performance - is this a typo?  You can register custom marks to avoid this warning - for details, see https://docs.pytest.org/en/stable/how-to/mark.html\n    @pytest.mark.performance\n\ntests\\test_performance.py:405\n  C:\\Users\\Devansh\\Downloads\\intern_application_round1\\tests\\test_performance.py:405: PytestUnknownMarkWarning: Unknown pytest.mark.performance - is this a typo?  You can register custom marks to avoid this warning - for details, see https://docs.pytest.org/en/stable/how-to/mark.html\n    @pytest.mark.performance\n\ntests\\test_performance.py:457\n  C:\\Users\\Devansh\\Downloads\\intern_application_round1\\tests\\test_performance.py:457: PytestUnknownMarkWarning: Unknown pytest.mark.performance - is this a typo?  You can register custom marks to avoid this warning - for details, see https://docs.pytest.org/en/stable/how-to/mark.html\n    @pytest.mark.performance\n\ntests\\test_performance.py:504\n  C:\\Users\\Devansh\\Downloads\\intern_application_round1\\tests\\test_performance.py:504: PytestUnknownMarkWarning: Unknown pytest.mark.performance - is this a typo?  You can register custom marks to avoid this warning - for details, see https://docs.pytest.org/en/stable/how-to/mark.html\n    @pytest.mark.performance\n\ntests\\test_performance.py:548\n  C:\\Users\\Devansh\\Downloads\\intern_application_round1\\tests\\test_performance.py:548: PytestUnknownMarkWarning: Unknown pytest.mark.performance - is this a typo?  You can register custom marks to avoid this warning - for details, see https://docs.pytest.org/en/stable/how-to/mark.html\n    @pytest.mark.performance\n\ntests\\test_runner.py:19\n  C:\\Users\\Devansh\\Downloads\\intern_application_round1\\tests\\test_runner.py:19: PytestCollectionWarning: cannot collect test class 'TestRunner' because it has a __init__ constructor (from: tests/test_runner.py)\n    class TestRunner:\n\ntests\\test_scraper.py:20\n  C:\\Users\\Devansh\\Downloads\\intern_application_round1\\tests\\test_scraper.py:20: PytestUnknownMarkWarning: Unknown pytest.mark.smoke - is this a typo?  You can register custom marks to avoid this warning - for details, see https://docs.pytest.org/en/stable/how-to/mark.html\n    @pytest.mark.smoke\n\ntests\\test_scraper.py:21\n  C:\\Users\\Devansh\\Downloads\\intern_application_round1\\tests\\test_scraper.py:21: PytestUnknownMarkWarning: Unknown pytest.mark.unit - is this a typo?  You can register custom marks to avoid this warning - for details, see https://docs.pytest.org/en/stable/how-to/mark.html\n    @pytest.mark.unit\n\ntests\\test_scraper.py:30\n  C:\\Users\\Devansh\\Downloads\\intern_application_round1\\tests\\test_scraper.py:30: PytestUnknownMarkWarning: Unknown pytest.mark.smoke - is this a typo?  You can register custom marks to avoid this warning - for details, see https://docs.pytest.org/en/stable/how-to/mark.html\n    @pytest.mark.smoke\n\ntests\\test_scraper.py:31\n  C:\\Users\\Devansh\\Downloads\\intern_application_round1\\tests\\test_scraper.py:31: PytestUnknownMarkWarning: Unknown pytest.mark.unit - is this a typo?  You can register custom marks to avoid this warning - for details, see https://docs.pytest.org/en/stable/how-to/mark.html\n    @pytest.mark.unit\n\ntests\\test_scraper.py:93\n  C:\\Users\\Devansh\\Downloads\\intern_application_round1\\tests\\test_scraper.py:93: PytestUnknownMarkWarning: Unknown pytest.mark.unit - is this a typo?  You can register custom marks to avoid this warning - for details, see https://docs.pytest.org/en/stable/how-to/mark.html\n    @pytest.mark.unit\n\ntests\\test_scraper.py:487\n  C:\\Users\\Devansh\\Downloads\\intern_application_round1\\tests\\test_scraper.py:487: PytestUnknownMarkWarning: Unknown pytest.mark.unit - is this a typo?  You can register custom marks to avoid this warning - for details, see https://docs.pytest.org/en/stable/how-to/mark.html\n    @pytest.mark.unit\n\ntests\\test_scraper.py:498\n  C:\\Users\\Devansh\\Downloads\\intern_application_round1\\tests\\test_scraper.py:498: PytestUnknownMarkWarning: Unknown pytest.mark.unit - is this a typo?  You can register custom marks to avoid this warning - for details, see https://docs.pytest.org/en/stable/how-to/mark.html\n    @pytest.mark.unit\n\ntests\\test_scraper.py:513\n  C:\\Users\\Devansh\\Downloads\\intern_application_round1\\tests\\test_scraper.py:513: PytestUnknownMarkWarning: Unknown pytest.mark.unit - is this a typo?  You can register custom marks to avoid this warning - for details, see https://docs.pytest.org/en/stable/how-to/mark.html\n    @pytest.mark.unit\n\ntests\\test_scraper.py:529\n  C:\\Users\\Devansh\\Downloads\\intern_application_round1\\tests\\test_scraper.py:529: PytestUnknownMarkWarning: Unknown pytest.mark.unit - is this a typo?  You can register custom marks to avoid this warning - for details, see https://docs.pytest.org/en/stable/how-to/mark.html\n    @pytest.mark.unit\n\ntests\\test_scraper.py:565\n  C:\\Users\\Devansh\\Downloads\\intern_application_round1\\tests\\test_scraper.py:565: PytestUnknownMarkWarning: Unknown pytest.mark.unit - is this a typo?  You can register custom marks to avoid this warning - for details, see https://docs.pytest.org/en/stable/how-to/mark.html\n    @pytest.mark.unit\n\ntests\\test_scraper.py:579\n  C:\\Users\\Devansh\\Downloads\\intern_application_round1\\tests\\test_scraper.py:579: PytestUnknownMarkWarning: Unknown pytest.mark.unit - is this a typo?  You can register custom marks to avoid this warning - for details, see https://docs.pytest.org/en/stable/how-to/mark.html\n    @pytest.mark.unit\n\ntests\\test_security.py:18\n  C:\\Users\\Devansh\\Downloads\\intern_application_round1\\tests\\test_security.py:18: PytestUnknownMarkWarning: Unknown pytest.mark.security - is this a typo?  You can register custom marks to avoid this warning - for details, see https://docs.pytest.org/en/stable/how-to/mark.html\n    @pytest.mark.security\n\ntests\\test_security.py:42\n  C:\\Users\\Devansh\\Downloads\\intern_application_round1\\tests\\test_security.py:42: PytestUnknownMarkWarning: Unknown pytest.mark.security - is this a typo?  You can register custom marks to avoid this warning - for details, see https://docs.pytest.org/en/stable/how-to/mark.html\n    @pytest.mark.security\n\ntests\\test_security.py:72\n  C:\\Users\\Devansh\\Downloads\\intern_application_round1\\tests\\test_security.py:72: PytestUnknownMarkWarning: Unknown pytest.mark.security - is this a typo?  You can register custom marks to avoid this warning - for details, see https://docs.pytest.org/en/stable/how-to/mark.html\n    @pytest.mark.security\n\ntests\\test_security.py:96\n  C:\\Users\\Devansh\\Downloads\\intern_application_round1\\tests\\test_security.py:96: PytestUnknownMarkWarning: Unknown pytest.mark.security - is this a typo?  You can register custom marks to avoid this warning - for details, see https://docs.pytest.org/en/stable/how-to/mark.html\n    @pytest.mark.security\n\ntests\\test_security.py:116\n  C:\\Users\\Devansh\\Downloads\\intern_application_round1\\tests\\test_security.py:116: PytestUnknownMarkWarning: Unknown pytest.mark.security - is this a typo?  You can register custom marks to avoid this warning - for details, see https://docs.pytest.org/en/stable/how-to/mark.html\n    @pytest.mark.security\n\ntests\\test_security.py:143\n  C:\\Users\\Devansh\\Downloads\\intern_application_round1\\tests\\test_security.py:143: PytestUnknownMarkWarning: Unknown pytest.mark.security - is this a typo?  You can register custom marks to avoid this warning - for details, see https://docs.pytest.org/en/stable/how-to/mark.html\n    @pytest.mark.security\n\ntests\\test_security.py:162\n  C:\\Users\\Devansh\\Downloads\\intern_application_round1\\tests\\test_security.py:162: PytestUnknownMarkWarning: Unknown pytest.mark.security - is this a typo?  You can register custom marks to avoid this warning - for details, see https://docs.pytest.org/en/stable/how-to/mark.html\n    @pytest.mark.security\n\ntests\\test_security.py:183\n  C:\\Users\\Devansh\\Downloads\\intern_application_round1\\tests\\test_security.py:183: PytestUnknownMarkWarning: Unknown pytest.mark.security - is this a typo?  You can register custom marks to avoid this warning - for details, see https://docs.pytest.org/en/stable/how-to/mark.html\n    @pytest.mark.security\n\ntests\\test_security.py:208\n  C:\\Users\\Devansh\\Downloads\\intern_application_round1\\tests\\test_security.py:208: PytestUnknownMarkWarning: Unknown pytest.mark.security - is this a typo?  You can register custom marks to avoid this warning - for details, see https://docs.pytest.org/en/stable/how-to/mark.html\n    @pytest.mark.security\n\ntests\\test_security.py:230\n  C:\\Users\\Devansh\\Downloads\\intern_application_round1\\tests\\test_security.py:230: PytestUnknownMarkWarning: Unknown pytest.mark.security - is this a typo?  You can register custom marks to avoid this warning - for details, see https://docs.pytest.org/en/stable/how-to/mark.html\n    @pytest.mark.security\n\ntests\\test_security.py:255\n  C:\\Users\\Devansh\\Downloads\\intern_application_round1\\tests\\test_security.py:255: PytestUnknownMarkWarning: Unknown pytest.mark.security - is this a typo?  You can register custom marks to avoid this warning - for details, see https://docs.pytest.org/en/stable/how-to/mark.html\n    @pytest.mark.security\n\ntests\\test_security.py:275\n  C:\\Users\\Devansh\\Downloads\\intern_application_round1\\tests\\test_security.py:275: PytestUnknownMarkWarning: Unknown pytest.mark.security - is this a typo?  You can register custom marks to avoid this warning - for details, see https://docs.pytest.org/en/stable/how-to/mark.html\n    @pytest.mark.security\n\ntests\\test_security.py:299\n  C:\\Users\\Devansh\\Downloads\\intern_application_round1\\tests\\test_security.py:299: PytestUnknownMarkWarning: Unknown pytest.mark.security - is this a typo?  You can register custom marks to avoid this warning - for details, see https://docs.pytest.org/en/stable/how-to/mark.html\n    @pytest.mark.security\n\ntests\\test_security.py:323\n  C:\\Users\\Devansh\\Downloads\\intern_application_round1\\tests\\test_security.py:323: PytestUnknownMarkWarning: Unknown pytest.mark.security - is this a typo?  You can register custom marks to avoid this warning - for details, see https://docs.pytest.org/en/stable/how-to/mark.html\n    @pytest.mark.security\n\ntests\\test_security.py:350\n  C:\\Users\\Devansh\\Downloads\\intern_application_round1\\tests\\test_security.py:350: PytestUnknownMarkWarning: Unknown pytest.mark.security - is this a typo?  You can register custom marks to avoid this warning - for details, see https://docs.pytest.org/en/stable/how-to/mark.html\n    @pytest.mark.security\n\ntests\\test_security.py:366\n  C:\\Users\\Devansh\\Downloads\\intern_application_round1\\tests\\test_security.py:366: PytestUnknownMarkWarning: Unknown pytest.mark.security - is this a typo?  You can register custom marks to avoid this warning - for details, see https://docs.pytest.org/en/stable/how-to/mark.html\n    @pytest.mark.security\n\ntests\\test_security.py:386\n  C:\\Users\\Devansh\\Downloads\\intern_application_round1\\tests\\test_security.py:386: PytestUnknownMarkWarning: Unknown pytest.mark.security - is this a typo?  You can register custom marks to avoid this warning - for details, see https://docs.pytest.org/en/stable/how-to/mark.html\n    @pytest.mark.security\n\ntests\\test_ui.py:19\n  C:\\Users\\Devansh\\Downloads\\intern_application_round1\\tests\\test_ui.py:19: PytestUnknownMarkWarning: Unknown pytest.mark.unit - is this a typo?  You can register custom marks to avoid this warning - for details, see https://docs.pytest.org/en/stable/how-to/mark.html\n    @pytest.mark.unit\n\ntests\\test_ui.py:26\n  C:\\Users\\Devansh\\Downloads\\intern_application_round1\\tests\\test_ui.py:26: PytestUnknownMarkWarning: Unknown pytest.mark.unit - is this a typo?  You can register custom marks to avoid this warning - for details, see https://docs.pytest.org/en/stable/how-to/mark.html\n    @pytest.mark.unit\n\ntests\\test_ui.py:41\n  C:\\Users\\Devansh\\Downloads\\intern_application_round1\\tests\\test_ui.py:41: PytestUnknownMarkWarning: Unknown pytest.mark.unit - is this a typo?  You can register custom marks to avoid this warning - for details, see https://docs.pytest.org/en/stable/how-to/mark.html\n    @pytest.mark.unit\n\ntests\\test_ui.py:50\n  C:\\Users\\Devansh\\Downloads\\intern_application_round1\\tests\\test_ui.py:50: PytestUnknownMarkWarning: Unknown pytest.mark.unit - is this a typo?  You can register custom marks to avoid this warning - for details, see https://docs.pytest.org/en/stable/how-to/mark.html\n    @pytest.mark.unit\n\ntests\\test_ui.py:64\n  C:\\Users\\Devansh\\Downloads\\intern_application_round1\\tests\\test_ui.py:64: PytestUnknownMarkWarning: Unknown pytest.mark.unit - is this a typo?  You can register custom marks to avoid this warning - for details, see https://docs.pytest.org/en/stable/how-to/mark.html\n    @pytest.mark.unit\n\ntests\\test_ui.py:73\n  C:\\Users\\Devansh\\Downloads\\intern_application_round1\\tests\\test_ui.py:73: PytestUnknownMarkWarning: Unknown pytest.mark.unit - is this a typo?  You can register custom marks to avoid this warning - for details, see https://docs.pytest.org/en/stable/how-to/mark.html\n    @pytest.mark.unit\n\ntests\\test_ui.py:87\n  C:\\Users\\Devansh\\Downloads\\intern_application_round1\\tests\\test_ui.py:87: PytestUnknownMarkWarning: Unknown pytest.mark.unit - is this a typo?  You can register custom marks to avoid this warning - for details, see https://docs.pytest.org/en/stable/how-to/mark.html\n    @pytest.mark.unit\n\ntests\\test_ui.py:101\n  C:\\Users\\Devansh\\Downloads\\intern_application_round1\\tests\\test_ui.py:101: PytestUnknownMarkWarning: Unknown pytest.mark.unit - is this a typo?  You can register custom marks to avoid this warning - for details, see https://docs.pytest.org/en/stable/how-to/mark.html\n    @pytest.mark.unit\n\ntests\\test_ui.py:126\n  C:\\Users\\Devansh\\Downloads\\intern_application_round1\\tests\\test_ui.py:126: PytestUnknownMarkWarning: Unknown pytest.mark.unit - is this a typo?  You can register custom marks to avoid this warning - for details, see https://docs.pytest.org/en/stable/how-to/mark.html\n    @pytest.mark.unit\n\ntests\\test_ui.py:142\n  C:\\Users\\Devansh\\Downloads\\intern_application_round1\\tests\\test_ui.py:142: PytestUnknownMarkWarning: Unknown pytest.mark.unit - is this a typo?  You can register custom marks to avoid this warning - for details, see https://docs.pytest.org/en/stable/how-to/mark.html\n    @pytest.mark.unit\n\ntests\\test_ui.py:156\n  C:\\Users\\Devansh\\Downloads\\intern_application_round1\\tests\\test_ui.py:156: PytestUnknownMarkWarning: Unknown pytest.mark.unit - is this a typo?  You can register custom marks to avoid this warning - for details, see https://docs.pytest.org/en/stable/how-to/mark.html\n    @pytest.mark.unit\n\ntests\\test_ui.py:167\n  C:\\Users\\Devansh\\Downloads\\intern_application_round1\\tests\\test_ui.py:167: PytestUnknownMarkWarning: Unknown pytest.mark.unit - is this a typo?  You can register custom marks to avoid this warning - for details, see https://docs.pytest.org/en/stable/how-to/mark.html\n    @pytest.mark.unit\n\ntests\\test_ui.py:176\n  C:\\Users\\Devansh\\Downloads\\intern_application_round1\\tests\\test_ui.py:176: PytestUnknownMarkWarning: Unknown pytest.mark.unit - is this a typo?  You can register custom marks to avoid this warning - for details, see https://docs.pytest.org/en/stable/how-to/mark.html\n    @pytest.mark.unit\n\ntests\\test_ui.py:194\n  C:\\Users\\Devansh\\Downloads\\intern_application_round1\\tests\\test_ui.py:194: PytestUnknownMarkWarning: Unknown pytest.mark.unit - is this a typo?  You can register custom marks to avoid this warning - for details, see https://docs.pytest.org/en/stable/how-to/mark.html\n    @pytest.mark.unit\n\ntests\\test_ui.py:201\n  C:\\Users\\Devansh\\Downloads\\intern_application_round1\\tests\\test_ui.py:201: PytestUnknownMarkWarning: Unknown pytest.mark.unit - is this a typo?  You can register custom marks to avoid this warning - for details, see https://docs.pytest.org/en/stable/how-to/mark.html\n    @pytest.mark.unit\n\ntests/test_analytics.py: 9 warnings\ntests/test_database.py: 6 warnings\ntests/test_ui.py: 10 warnings\n  C:\\Users\\Devansh\\Downloads\\intern_application_round1\\tests\\conftest.py:27: DeprecationWarning: datetime.datetime.utcnow() is deprecated and scheduled for removal in a future version. Use timezone-aware objects to represent datetimes in UTC: datetime.datetime.now(datetime.UTC).\n    'created_utc': datetime.utcnow(),\n\ntests/test_analytics.py: 9 warnings\ntests/test_database.py: 6 warnings\ntests/test_ui.py: 10 warnings\n  C:\\Users\\Devansh\\Downloads\\intern_application_round1\\tests\\conftest.py:30: DeprecationWarning: datetime.datetime.utcnow() is deprecated and scheduled for removal in a future version. Use timezone-aware objects to represent datetimes in UTC: datetime.datetime.now(datetime.UTC).\n    'scraped_at': datetime.utcnow()\n\ntests/test_analytics.py::TestMetricsAnalyzer::test_calculate_basic_metrics\ntests/test_analytics.py::TestMetricsAnalyzer::test_analyze_session_metrics\n  C:\\Users\\Devansh\\Downloads\\intern_application_round1\\analytics\\metrics_analyzer.py:88: DeprecationWarning: datetime.datetime.utcnow() is deprecated and scheduled for removal in a future version. Use timezone-aware objects to represent datetimes in UTC: datetime.datetime.now(datetime.UTC).\n    cutoff_date = datetime.utcnow() - timedelta(days=days)\n\ntests/test_analytics.py::TestMetricsAnalyzer::test_calculate_basic_metrics\ntests/test_analytics.py::TestMetricsAnalyzer::test_analyze_session_metrics\n  C:\\Users\\Devansh\\Downloads\\intern_application_round1\\analytics\\metrics_analyzer.py:166: DeprecationWarning: datetime.datetime.utcnow() is deprecated and scheduled for removal in a future version. Use timezone-aware objects to represent datetimes in UTC: datetime.datetime.now(datetime.UTC).\n    start=datetime.utcnow().date() - timedelta(days=days-1),\n\ntests/test_analytics.py::TestMetricsAnalyzer::test_calculate_basic_metrics\ntests/test_analytics.py::TestMetricsAnalyzer::test_analyze_session_metrics\n  C:\\Users\\Devansh\\Downloads\\intern_application_round1\\analytics\\metrics_analyzer.py:167: DeprecationWarning: datetime.datetime.utcnow() is deprecated and scheduled for removal in a future version. Use timezone-aware objects to represent datetimes in UTC: datetime.datetime.now(datetime.UTC).\n    end=datetime.utcnow().date(),\n\ntests/test_analytics.py::TestMetricsAnalyzer::test_calculate_basic_metrics\ntests/test_analytics.py::TestMetricsAnalyzer::test_analyze_session_metrics\n  C:\\Users\\Devansh\\Downloads\\intern_application_round1\\analytics\\metrics_analyzer.py:314: DeprecationWarning: datetime.datetime.utcnow() is deprecated and scheduled for removal in a future version. Use timezone-aware objects to represent datetimes in UTC: datetime.datetime.now(datetime.UTC).\n    now = datetime.utcnow()\n\ntests/test_analytics.py::TestMetricsAnalyzer::test_calculate_temporal_metrics\n  C:\\Users\\Devansh\\Downloads\\intern_application_round1\\tests\\test_analytics.py:108: DeprecationWarning: datetime.datetime.utcnow() is deprecated and scheduled for removal in a future version. Use timezone-aware objects to represent datetimes in UTC: datetime.datetime.now(datetime.UTC).\n    now = datetime.utcnow()\n\ntests/test_analytics.py::TestDataValidator::test_validate_mention_valid_data\ntests/test_analytics.py::TestDataValidator::test_validate_mention_invalid_data\n  C:\\Users\\Devansh\\Downloads\\intern_application_round1\\analytics\\data_validator.py:222: DeprecationWarning: datetime.datetime.utcnow() is deprecated and scheduled for removal in a future version. Use timezone-aware objects to represent datetimes in UTC: datetime.datetime.now(datetime.UTC).\n    'validation_timestamp': datetime.utcnow().isoformat()\n\ntests/test_database.py: 19 warnings\n  C:\\Users\\Devansh\\AppData\\Roaming\\Python\\Python312\\site-packages\\sqlalchemy\\sql\\schema.py:3616: DeprecationWarning: datetime.datetime.utcnow() is deprecated and scheduled for removal in a future version. Use timezone-aware objects to represent datetimes in UTC: datetime.datetime.now(datetime.UTC).\n    return util.wrap_callable(lambda ctx: fn(), fn)  # type: ignore\n\ntests/test_database.py::test_database_error_handling\n  C:\\Users\\Devansh\\Downloads\\intern_application_round1\\database\\models.py:104: DeprecationWarning: datetime.datetime.utcnow() is deprecated and scheduled for removal in a future version. Use timezone-aware objects to represent datetimes in UTC: datetime.datetime.now(datetime.UTC).\n    cutoff_date = datetime.utcnow().replace(hour=0, minute=0, second=0, microsecond=0)\n\ntests/test_database.py::test_database_backup_restore\n  C:\\Users\\Devansh\\Downloads\\intern_application_round1\\tests\\test_database.py:285: DeprecationWarning: datetime.datetime.utcnow() is deprecated and scheduled for removal in a future version. Use timezone-aware objects to represent datetimes in UTC: datetime.datetime.now(datetime.UTC).\n    'created_utc': datetime.utcnow(),\n\ntests/test_ui.py::TestMetricsVisualizer::test_create_mentions_timeline\n  C:\\Users\\Devansh\\Downloads\\intern_application_round1\\tests\\test_ui.py:30: DeprecationWarning: datetime.datetime.utcnow() is deprecated and scheduled for removal in a future version. Use timezone-aware objects to represent datetimes in UTC: datetime.datetime.now(datetime.UTC).\n    now = datetime.utcnow()\n\ntests/test_ui.py::TestMetricsVisualizer::test_create_comprehensive_dashboard\n  C:\\Users\\Devansh\\Downloads\\intern_application_round1\\tests\\test_ui.py:105: DeprecationWarning: datetime.datetime.utcnow() is deprecated and scheduled for removal in a future version. Use timezone-aware objects to represent datetimes in UTC: datetime.datetime.now(datetime.UTC).\n    now = datetime.utcnow()\n\n-- Docs: https://docs.pytest.org/en/stable/how-to/capture-warnings.html\n=========================== short test summary info ===========================\nFAILED tests/test_analytics.py::TestMetricsAnalyzer::test_calculate_temporal_metrics\nFAILED tests/test_analytics.py::TestMetricsAnalyzer::test_calculate_subreddit_metrics\nFAILED tests/test_analytics.py::TestMetricsAnalyzer::test_calculate_sentiment_metrics\nFAILED tests/test_analytics.py::TestMetricsAnalyzer::test_calculate_engagement_metrics\nFAILED tests/test_analytics.py::TestMetricsAnalyzer::test_detect_trending_topics\nFAILED tests/test_analytics.py::TestMetricsAnalyzer::test_generate_comprehensive_metrics\nFAILED tests/test_analytics.py::TestMetricsAnalyzer::test_empty_mentions_handling\nFAILED tests/test_analytics.py::TestMetricsAnalyzer::test_malformed_data_handling\nFAILED tests/test_database.py::test_get_mentions_by_session - sqlalchemy.exc....\nFAILED tests/test_database.py::test_update_session_status - AttributeError: '...\nFAILED tests/test_database.py::test_get_session_statistics - TypeError: Datab...\nFAILED tests/test_database.py::test_search_mentions - TypeError: DatabaseMana...\nFAILED tests/test_database.py::test_get_trending_subreddits - TypeError: Data...\nFAILED tests/test_database.py::test_get_sentiment_distribution - TypeError: D...\nFAILED tests/test_database.py::test_get_time_series_data - TypeError: Databas...\nFAILED tests/test_database.py::test_cleanup_old_sessions - AttributeError: 'D...\nFAILED tests/test_database.py::test_database_error_handling - TypeError: Data...\nFAILED tests/test_database.py::test_database_backup_restore - TypeError: Data...\nFAILED tests/test_database.py::TestSearchSession::test_search_session_creation\nFAILED tests/test_database.py::TestSearchSession::test_search_session_to_dict\nFAILED tests/test_database.py::TestRedditMention::test_reddit_mention_validation\nFAILED tests/test_scraper.py::TestRedditScraper::test_calculate_relevance_score\nFAILED tests/test_ui.py::TestMetricsVisualizer::test_visualizer_initialization\nFAILED tests/test_ui.py::TestMetricsVisualizer::test_create_mentions_timeline\nFAILED tests/test_ui.py::TestMetricsVisualizer::test_create_sentiment_distribution\nFAILED tests/test_ui.py::TestMetricsVisualizer::test_create_subreddit_breakdown\nFAILED tests/test_ui.py::TestMetricsVisualizer::test_create_engagement_metrics\nFAILED tests/test_ui.py::TestMetricsVisualizer::test_create_trending_topics\nFAILED tests/test_ui.py::TestMetricsVisualizer::test_create_quality_metrics\nFAILED tests/test_ui.py::TestMetricsVisualizer::test_create_comprehensive_dashboard\nFAILED tests/test_ui.py::TestMetricsVisualizer::test_empty_data_handling - At...\nFAILED tests/test_ui.py::TestMetricsVisualizer::test_malformed_data_handling\nFAILED tests/test_ui.py::TestMetricsVisualizer::test_color_scheme_consistency\nFAILED tests/test_ui.py::TestMetricsVisualizer::test_chart_interactivity - At...\nFAILED tests/test_ui.py::TestMetricsVisualizer::test_responsive_design - Attr...\nFAILED tests/test_ui.py::TestRealtimeMonitor::test_monitor_initialization - A...\nFAILED tests/test_ui.py::TestRealtimeMonitor::test_get_system_status - Attrib...\nERROR tests/test_database.py::test_add_mention\nERROR tests/test_database.py::TestRedditMention::test_reddit_mention_creation\nERROR tests/test_database.py::TestRedditMention::test_reddit_mention_to_dict\nERROR tests/test_scraper.py::TestScrapingConfiguration::test_build_search_patterns\nERROR tests/test_scraper.py::TestScrapingConfiguration::test_filter_by_quality\nERROR tests/test_scraper.py::TestScrapingConfiguration::test_deduplicate_mentions\nERROR tests/test_scraper.py::TestScrapingConfiguration::test_validate_mention_data\nERROR tests/test_scraper.py::TestScrapingConfiguration::test_error_handling\nERROR tests/test_scraper.py::TestScrapingConfiguration::test_rate_limiting_configuration\n=== 37 failed, 12 passed, 117 deselected, 186 warnings, 9 errors in 10.69s ====\n",
      "stderr": "Windows fatal exception: access violation\n\nCurrent thread 0x00007f84 (most recent call first):\n  File \"<frozen importlib._bootstrap>\", line 488 in _call_with_frames_removed\n  File \"<frozen importlib._bootstrap_external>\", line 1288 in create_module\n  File \"<frozen importlib._bootstrap>\", line 813 in module_from_spec\n  File \"<frozen importlib._bootstrap>\", line 921 in _load_unlocked\n  File \"<frozen importlib._bootstrap>\", line 1331 in _find_and_load_unlocked\n  File \"<frozen importlib._bootstrap>\", line 1360 in _find_and_load\n  File \"C:\\Users\\Devansh\\AppData\\Roaming\\Python\\Python312\\site-packages\\tensorflow\\python\\pywrap_tensorflow.py\", line 73 in <module>\n  File \"<frozen importlib._bootstrap>\", line 488 in _call_with_frames_removed\n  File \"<frozen importlib._bootstrap_external>\", line 994 in exec_module\n  File \"<frozen importlib._bootstrap>\", line 935 in _load_unlocked\n  File \"<frozen importlib._bootstrap>\", line 1331 in _find_and_load_unlocked\n  File \"<frozen importlib._bootstrap>\", line 1360 in _find_and_load\n  File \"<frozen importlib._bootstrap>\", line 488 in _call_with_frames_removed\n  File \"<frozen importlib._bootstrap>\", line 1415 in _handle_fromlist\n  File \"C:\\Users\\Devansh\\AppData\\Roaming\\Python\\Python312\\site-packages\\tensorflow\\__init__.py\", line 40 in <module>\n  File \"<frozen importlib._bootstrap>\", line 488 in _call_with_frames_removed\n  File \"<frozen importlib._bootstrap_external>\", line 994 in exec_module\n  File \"<frozen importlib._bootstrap>\", line 935 in _load_unlocked\n  File \"<frozen importlib._bootstrap>\", line 1331 in _find_and_load_unlocked\n  File \"<frozen importlib._bootstrap>\", line 1360 in _find_and_load\n  File \"C:\\Users\\Devansh\\AppData\\Roaming\\Python\\Python312\\site-packages\\transformers\\image_transforms.py\", line 47 in <module>\n  File \"<frozen importlib._bootstrap>\", line 488 in _call_with_frames_removed\n  File \"<frozen importlib._bootstrap_external>\", line 994 in exec_module\n  File \"<frozen importlib._bootstrap>\", line 935 in _load_unlocked\n  File \"<frozen importlib._bootstrap>\", line 1331 in _find_and_load_unlocked\n  File \"<frozen importlib._bootstrap>\", line 1360 in _find_and_load\n  File \"C:\\Users\\Devansh\\AppData\\Roaming\\Python\\Python312\\site-packages\\transformers\\image_processing_utils.py\", line 22 in <module>\n  File \"<frozen importlib._bootstrap>\", line 488 in _call_with_frames_removed\n  File \"<frozen importlib._bootstrap_external>\", line 994 in exec_module\n  File \"<frozen importlib._bootstrap>\", line 935 in _load_unlocked\n  File \"<frozen importlib._bootstrap>\", line 1331 in _find_and_load_unlocked\n  File \"<frozen importlib._bootstrap>\", line 1360 in _find_and_load\n  File \"C:\\Users\\Devansh\\AppData\\Roaming\\Python\\Python312\\site-packages\\transformers\\pipelines\\__init__.py\", line 26 in <module>\n  File \"<frozen importlib._bootstrap>\", line 488 in _call_with_frames_removed\n  File \"<frozen importlib._bootstrap_external>\", line 994 in exec_module\n  File \"<frozen importlib._bootstrap>\", line 935 in _load_unlocked\n  File \"<frozen importlib._bootstrap>\", line 1331 in _find_and_load_unlocked\n  File \"<frozen importlib._bootstrap>\", line 1360 in _find_and_load\n  File \"<frozen importlib._bootstrap>\", line 1387 in _gcd_import\n  File \"C:\\Program Files\\Python312\\Lib\\importlib\\__init__.py\", line 90 in import_module\n  File \"C:\\Users\\Devansh\\AppData\\Roaming\\Python\\Python312\\site-packages\\transformers\\utils\\import_utils.py\", line 2073 in _get_module\n  File \"C:\\Users\\Devansh\\AppData\\Roaming\\Python\\Python312\\site-packages\\transformers\\utils\\import_utils.py\", line 2045 in __getattr__\n  File \"<frozen importlib._bootstrap>\", line 1412 in _handle_fromlist\n  File \"C:\\Users\\Devansh\\Downloads\\intern_application_round1\\analytics\\advanced_sentiment.py\", line 12 in <module>\n  File \"<frozen importlib._bootstrap>\", line 488 in _call_with_frames_removed\n  File \"<frozen importlib._bootstrap_external>\", line 994 in exec_module\n  File \"<frozen importlib._bootstrap>\", line 935 in _load_unlocked\n  File \"<frozen importlib._bootstrap>\", line 1331 in _find_and_load_unlocked\n  File \"<frozen importlib._bootstrap>\", line 1360 in _find_and_load\n  File \"C:\\Users\\Devansh\\Downloads\\intern_application_round1\\tests\\test_analytics.py\", line 15 in <module>\n  File \"C:\\Users\\Devansh\\AppData\\Roaming\\Python\\Python312\\site-packages\\_pytest\\assertion\\rewrite.py\", line 185 in exec_module\n  File \"<frozen importlib._bootstrap>\", line 935 in _load_unlocked\n  File \"<frozen importlib._bootstrap>\", line 1331 in _find_and_load_unlocked\n  File \"<frozen importlib._bootstrap>\", line 1360 in _find_and_load\n  File \"<frozen importlib._bootstrap>\", line 1387 in _gcd_import\n  File \"C:\\Program Files\\Python312\\Lib\\importlib\\__init__.py\", line 90 in import_module\n  File \"C:\\Users\\Devansh\\AppData\\Roaming\\Python\\Python312\\site-packages\\_pytest\\pathlib.py\", line 587 in import_path\n  File \"C:\\Users\\Devansh\\AppData\\Roaming\\Python\\Python312\\site-packages\\_pytest\\python.py\", line 493 in importtestmodule\n  File \"C:\\Users\\Devansh\\AppData\\Roaming\\Python\\Python312\\site-packages\\_pytest\\python.py\", line 546 in _getobj\n  File \"C:\\Users\\Devansh\\AppData\\Roaming\\Python\\Python312\\site-packages\\_pytest\\python.py\", line 284 in obj\n  File \"C:\\Users\\Devansh\\AppData\\Roaming\\Python\\Python312\\site-packages\\_pytest\\python.py\", line 562 in _register_setup_module_fixture\n  File \"C:\\Users\\Devansh\\AppData\\Roaming\\Python\\Python312\\site-packages\\_pytest\\python.py\", line 549 in collect\n  File \"C:\\Users\\Devansh\\AppData\\Roaming\\Python\\Python312\\site-packages\\_pytest\\runner.py\", line 389 in collect\n  File \"C:\\Users\\Devansh\\AppData\\Roaming\\Python\\Python312\\site-packages\\_pytest\\runner.py\", line 341 in from_call\n  File \"C:\\Users\\Devansh\\AppData\\Roaming\\Python\\Python312\\site-packages\\_pytest\\runner.py\", line 391 in pytest_make_collect_report\n  File \"C:\\Users\\Devansh\\AppData\\Roaming\\Python\\Python312\\site-packages\\pluggy\\_callers.py\", line 103 in _multicall\n  File \"C:\\Users\\Devansh\\AppData\\Roaming\\Python\\Python312\\site-packages\\pluggy\\_manager.py\", line 120 in _hookexec\n  File \"C:\\Users\\Devansh\\AppData\\Roaming\\Python\\Python312\\site-packages\\pluggy\\_hooks.py\", line 513 in __call__\n  File \"C:\\Users\\Devansh\\AppData\\Roaming\\Python\\Python312\\site-packages\\_pytest\\runner.py\", line 567 in collect_one_node\n  File \"C:\\Users\\Devansh\\AppData\\Roaming\\Python\\Python312\\site-packages\\_pytest\\main.py\", line 835 in _collect_one_node\n  File \"C:\\Users\\Devansh\\AppData\\Roaming\\Python\\Python312\\site-packages\\_pytest\\main.py\", line 970 in genitems\n  File \"C:\\Users\\Devansh\\AppData\\Roaming\\Python\\Python312\\site-packages\\_pytest\\main.py\", line 975 in genitems\n  File \"C:\\Users\\Devansh\\AppData\\Roaming\\Python\\Python312\\site-packages\\_pytest\\main.py\", line 809 in perform_collect\n  File \"C:\\Users\\Devansh\\AppData\\Roaming\\Python\\Python312\\site-packages\\_pytest\\main.py\", line 347 in pytest_collection\n  File \"C:\\Users\\Devansh\\AppData\\Roaming\\Python\\Python312\\site-packages\\pluggy\\_callers.py\", line 103 in _multicall\n  File \"C:\\Users\\Devansh\\AppData\\Roaming\\Python\\Python312\\site-packages\\pluggy\\_manager.py\", line 120 in _hookexec\n  File \"C:\\Users\\Devansh\\AppData\\Roaming\\Python\\Python312\\site-packages\\pluggy\\_hooks.py\", line 513 in __call__\n  File \"C:\\Users\\Devansh\\AppData\\Roaming\\Python\\Python312\\site-packages\\_pytest\\main.py\", line 336 in _main\n  File \"C:\\Users\\Devansh\\AppData\\Roaming\\Python\\Python312\\site-packages\\_pytest\\main.py\", line 283 in wrap_session\n  File \"C:\\Users\\Devansh\\AppData\\Roaming\\Python\\Python312\\site-packages\\_pytest\\main.py\", line 330 in pytest_cmdline_main\n  File \"C:\\Users\\Devansh\\AppData\\Roaming\\Python\\Python312\\site-packages\\pluggy\\_callers.py\", line 103 in _multicall\n  File \"C:\\Users\\Devansh\\AppData\\Roaming\\Python\\Python312\\site-packages\\pluggy\\_manager.py\", line 120 in _hookexec\n  File \"C:\\Users\\Devansh\\AppData\\Roaming\\Python\\Python312\\site-packages\\pluggy\\_hooks.py\", line 513 in __call__\n  File \"C:\\Users\\Devansh\\AppData\\Roaming\\Python\\Python312\\site-packages\\_pytest\\config\\__init__.py\", line 175 in main\n  File \"C:\\Users\\Devansh\\AppData\\Roaming\\Python\\Python312\\site-packages\\_pytest\\config\\__init__.py\", line 201 in console_main\n  File \"C:\\Users\\Devansh\\AppData\\Roaming\\Python\\Python312\\site-packages\\pytest\\__main__.py\", line 9 in <module>\n  File \"<frozen runpy>\", line 88 in _run_code\n  File \"<frozen runpy>\", line 198 in _run_module_as_main\n",
      "critical": true
    },
    "integration": {
      "category": "integration",
      "description": "Integration Tests - Component Interaction",
      "success": false,
      "execution_time": 10.68399953842163,
      "statistics": {
        "total": 0,
        "passed": 0,
        "failed": 0,
        "skipped": 0,
        "errors": 0
      },
      "stdout": "============================= test session starts =============================\nplatform win32 -- Python 3.12.1, pytest-8.3.5, pluggy-1.5.0 -- C:\\Program Files\\Python312\\python.exe\ncachedir: .pytest_cache\nmetadata: {'Python': '3.12.1', 'Platform': 'Windows-10-10.0.19045-SP0', 'Packages': {'pytest': '8.3.5', 'pluggy': '1.5.0'}, 'Plugins': {'anyio': '4.8.0', 'asyncio': '0.21.1', 'cov': '4.1.0', 'html': '4.1.1', 'metadata': '3.1.1', 'xdist': '3.7.0'}}\nrootdir: C:\\Users\\Devansh\\Downloads\\intern_application_round1\nconfigfile: pytest.ini\nplugins: anyio-4.8.0, asyncio-0.21.1, cov-4.1.0, html-4.1.1, metadata-3.1.1, xdist-3.7.0\nasyncio: mode=Mode.STRICT\ncollecting ... collected 175 items / 169 deselected / 6 selected\n\ntests/test_integration.py::TestSystemIntegration::test_complete_workflow ERROR [ 16%]\ntests/test_integration.py::TestSystemIntegration::test_complete_workflow ERROR [ 16%]\ntests/test_integration.py::TestSystemIntegration::test_async_workflow ERROR [ 33%]\ntests/test_integration.py::TestSystemIntegration::test_async_workflow ERROR [ 33%]\ntests/test_integration.py::TestSystemIntegration::test_error_propagation ERROR [ 50%]\ntests/test_integration.py::TestSystemIntegration::test_error_propagation ERROR [ 50%]\ntests/test_integration.py::TestSystemIntegration::test_data_consistency ERROR [ 66%]\ntests/test_integration.py::TestSystemIntegration::test_data_consistency ERROR [ 66%]\ntests/test_integration.py::TestSystemIntegration::test_concurrent_access ERROR [ 83%]\ntests/test_integration.py::TestSystemIntegration::test_concurrent_access ERROR [ 83%]\ntests/test_integration.py::TestSystemIntegration::test_performance_integration ERROR [100%]\ntests/test_integration.py::TestSystemIntegration::test_performance_integration ERROR [100%]\n\n=================================== ERRORS ====================================\n_______ ERROR at setup of TestSystemIntegration.test_complete_workflow ________\ntests\\test_integration.py:30: in integrated_system\n    metrics_analyzer = MetricsAnalyzer()\nE   TypeError: MetricsAnalyzer.__init__() missing 1 required positional argument: 'db_manager'\n----------------------------- Captured log setup ------------------------------\nWARNING  analytics.advanced_sentiment:advanced_sentiment.py:29 Transformers not available, falling back to TextBlob only\n______ ERROR at teardown of TestSystemIntegration.test_complete_workflow ______\ntests\\conftest.py:55: in temp_database\n    shutil.rmtree(temp_dir)\nC:\\Program Files\\Python312\\Lib\\shutil.py:808: in rmtree\n    return _rmtree_unsafe(path, onexc)\nC:\\Program Files\\Python312\\Lib\\shutil.py:636: in _rmtree_unsafe\n    onexc(os.unlink, fullname, err)\nC:\\Program Files\\Python312\\Lib\\shutil.py:634: in _rmtree_unsafe\n    os.unlink(fullname)\nE   PermissionError: [WinError 32] The process cannot access the file because it is being used by another process: 'C:\\\\Users\\\\Devansh\\\\AppData\\\\Local\\\\Temp\\\\tmpnyucqu0i\\\\test.db'\n----------------------------- Captured log setup ------------------------------\nWARNING  analytics.advanced_sentiment:advanced_sentiment.py:29 Transformers not available, falling back to TextBlob only\n_________ ERROR at setup of TestSystemIntegration.test_async_workflow _________\ntests\\test_integration.py:30: in integrated_system\n    metrics_analyzer = MetricsAnalyzer()\nE   TypeError: MetricsAnalyzer.__init__() missing 1 required positional argument: 'db_manager'\n----------------------------- Captured log setup ------------------------------\nWARNING  analytics.advanced_sentiment:advanced_sentiment.py:29 Transformers not available, falling back to TextBlob only\n_______ ERROR at teardown of TestSystemIntegration.test_async_workflow ________\ntests\\conftest.py:55: in temp_database\n    shutil.rmtree(temp_dir)\nC:\\Program Files\\Python312\\Lib\\shutil.py:808: in rmtree\n    return _rmtree_unsafe(path, onexc)\nC:\\Program Files\\Python312\\Lib\\shutil.py:636: in _rmtree_unsafe\n    onexc(os.unlink, fullname, err)\nC:\\Program Files\\Python312\\Lib\\shutil.py:634: in _rmtree_unsafe\n    os.unlink(fullname)\nE   PermissionError: [WinError 32] The process cannot access the file because it is being used by another process: 'C:\\\\Users\\\\Devansh\\\\AppData\\\\Local\\\\Temp\\\\tmpi9s3u5ui\\\\test.db'\n----------------------------- Captured log setup ------------------------------\nWARNING  analytics.advanced_sentiment:advanced_sentiment.py:29 Transformers not available, falling back to TextBlob only\n_______ ERROR at setup of TestSystemIntegration.test_error_propagation ________\ntests\\test_integration.py:30: in integrated_system\n    metrics_analyzer = MetricsAnalyzer()\nE   TypeError: MetricsAnalyzer.__init__() missing 1 required positional argument: 'db_manager'\n----------------------------- Captured log setup ------------------------------\nWARNING  analytics.advanced_sentiment:advanced_sentiment.py:29 Transformers not available, falling back to TextBlob only\n______ ERROR at teardown of TestSystemIntegration.test_error_propagation ______\ntests\\conftest.py:55: in temp_database\n    shutil.rmtree(temp_dir)\nC:\\Program Files\\Python312\\Lib\\shutil.py:808: in rmtree\n    return _rmtree_unsafe(path, onexc)\nC:\\Program Files\\Python312\\Lib\\shutil.py:636: in _rmtree_unsafe\n    onexc(os.unlink, fullname, err)\nC:\\Program Files\\Python312\\Lib\\shutil.py:634: in _rmtree_unsafe\n    os.unlink(fullname)\nE   PermissionError: [WinError 32] The process cannot access the file because it is being used by another process: 'C:\\\\Users\\\\Devansh\\\\AppData\\\\Local\\\\Temp\\\\tmpa10k7z7i\\\\test.db'\n----------------------------- Captured log setup ------------------------------\nWARNING  analytics.advanced_sentiment:advanced_sentiment.py:29 Transformers not available, falling back to TextBlob only\n________ ERROR at setup of TestSystemIntegration.test_data_consistency ________\ntests\\test_integration.py:30: in integrated_system\n    metrics_analyzer = MetricsAnalyzer()\nE   TypeError: MetricsAnalyzer.__init__() missing 1 required positional argument: 'db_manager'\n----------------------------- Captured log setup ------------------------------\nWARNING  analytics.advanced_sentiment:advanced_sentiment.py:29 Transformers not available, falling back to TextBlob only\n______ ERROR at teardown of TestSystemIntegration.test_data_consistency _______\ntests\\conftest.py:55: in temp_database\n    shutil.rmtree(temp_dir)\nC:\\Program Files\\Python312\\Lib\\shutil.py:808: in rmtree\n    return _rmtree_unsafe(path, onexc)\nC:\\Program Files\\Python312\\Lib\\shutil.py:636: in _rmtree_unsafe\n    onexc(os.unlink, fullname, err)\nC:\\Program Files\\Python312\\Lib\\shutil.py:634: in _rmtree_unsafe\n    os.unlink(fullname)\nE   PermissionError: [WinError 32] The process cannot access the file because it is being used by another process: 'C:\\\\Users\\\\Devansh\\\\AppData\\\\Local\\\\Temp\\\\tmp6uq22ptq\\\\test.db'\n----------------------------- Captured log setup ------------------------------\nWARNING  analytics.advanced_sentiment:advanced_sentiment.py:29 Transformers not available, falling back to TextBlob only\n_______ ERROR at setup of TestSystemIntegration.test_concurrent_access ________\ntests\\test_integration.py:30: in integrated_system\n    metrics_analyzer = MetricsAnalyzer()\nE   TypeError: MetricsAnalyzer.__init__() missing 1 required positional argument: 'db_manager'\n----------------------------- Captured log setup ------------------------------\nWARNING  analytics.advanced_sentiment:advanced_sentiment.py:29 Transformers not available, falling back to TextBlob only\n______ ERROR at teardown of TestSystemIntegration.test_concurrent_access ______\ntests\\conftest.py:55: in temp_database\n    shutil.rmtree(temp_dir)\nC:\\Program Files\\Python312\\Lib\\shutil.py:808: in rmtree\n    return _rmtree_unsafe(path, onexc)\nC:\\Program Files\\Python312\\Lib\\shutil.py:636: in _rmtree_unsafe\n    onexc(os.unlink, fullname, err)\nC:\\Program Files\\Python312\\Lib\\shutil.py:634: in _rmtree_unsafe\n    os.unlink(fullname)\nE   PermissionError: [WinError 32] The process cannot access the file because it is being used by another process: 'C:\\\\Users\\\\Devansh\\\\AppData\\\\Local\\\\Temp\\\\tmp2trzwxh4\\\\test.db'\n----------------------------- Captured log setup ------------------------------\nWARNING  analytics.advanced_sentiment:advanced_sentiment.py:29 Transformers not available, falling back to TextBlob only\n____ ERROR at setup of TestSystemIntegration.test_performance_integration _____\ntests\\test_integration.py:30: in integrated_system\n    metrics_analyzer = MetricsAnalyzer()\nE   TypeError: MetricsAnalyzer.__init__() missing 1 required positional argument: 'db_manager'\n----------------------------- Captured log setup ------------------------------\nWARNING  analytics.advanced_sentiment:advanced_sentiment.py:29 Transformers not available, falling back to TextBlob only\n___ ERROR at teardown of TestSystemIntegration.test_performance_integration ___\ntests\\conftest.py:55: in temp_database\n    shutil.rmtree(temp_dir)\nC:\\Program Files\\Python312\\Lib\\shutil.py:808: in rmtree\n    return _rmtree_unsafe(path, onexc)\nC:\\Program Files\\Python312\\Lib\\shutil.py:636: in _rmtree_unsafe\n    onexc(os.unlink, fullname, err)\nC:\\Program Files\\Python312\\Lib\\shutil.py:634: in _rmtree_unsafe\n    os.unlink(fullname)\nE   PermissionError: [WinError 32] The process cannot access the file because it is being used by another process: 'C:\\\\Users\\\\Devansh\\\\AppData\\\\Local\\\\Temp\\\\tmpykj1u61d\\\\test.db'\n----------------------------- Captured log setup ------------------------------\nWARNING  analytics.advanced_sentiment:advanced_sentiment.py:29 Transformers not available, falling back to TextBlob only\n============================== warnings summary ===============================\ndatabase\\models.py:10\n  C:\\Users\\Devansh\\Downloads\\intern_application_round1\\database\\models.py:10: MovedIn20Warning: The ``declarative_base()`` function is now available as sqlalchemy.orm.declarative_base(). (deprecated since: 2.0) (Background on SQLAlchemy 2.0 at: https://sqlalche.me/e/b8d9)\n    Base = declarative_base()\n\ntests\\test_analytics.py:30\n  C:\\Users\\Devansh\\Downloads\\intern_application_round1\\tests\\test_analytics.py:30: PytestUnknownMarkWarning: Unknown pytest.mark.smoke - is this a typo?  You can register custom marks to avoid this warning - for details, see https://docs.pytest.org/en/stable/how-to/mark.html\n    @pytest.mark.smoke\n\ntests\\test_analytics.py:31\n  C:\\Users\\Devansh\\Downloads\\intern_application_round1\\tests\\test_analytics.py:31: PytestUnknownMarkWarning: Unknown pytest.mark.unit - is this a typo?  You can register custom marks to avoid this warning - for details, see https://docs.pytest.org/en/stable/how-to/mark.html\n    @pytest.mark.unit\n\ntests\\test_analytics.py:38\n  C:\\Users\\Devansh\\Downloads\\intern_application_round1\\tests\\test_analytics.py:38: PytestUnknownMarkWarning: Unknown pytest.mark.smoke - is this a typo?  You can register custom marks to avoid this warning - for details, see https://docs.pytest.org/en/stable/how-to/mark.html\n    @pytest.mark.smoke\n\ntests\\test_analytics.py:39\n  C:\\Users\\Devansh\\Downloads\\intern_application_round1\\tests\\test_analytics.py:39: PytestUnknownMarkWarning: Unknown pytest.mark.unit - is this a typo?  You can register custom marks to avoid this warning - for details, see https://docs.pytest.org/en/stable/how-to/mark.html\n    @pytest.mark.unit\n\ntests\\test_analytics.py:71\n  C:\\Users\\Devansh\\Downloads\\intern_application_round1\\tests\\test_analytics.py:71: PytestUnknownMarkWarning: Unknown pytest.mark.smoke - is this a typo?  You can register custom marks to avoid this warning - for details, see https://docs.pytest.org/en/stable/how-to/mark.html\n    @pytest.mark.smoke\n\ntests\\test_analytics.py:72\n  C:\\Users\\Devansh\\Downloads\\intern_application_round1\\tests\\test_analytics.py:72: PytestUnknownMarkWarning: Unknown pytest.mark.unit - is this a typo?  You can register custom marks to avoid this warning - for details, see https://docs.pytest.org/en/stable/how-to/mark.html\n    @pytest.mark.unit\n\ntests\\test_analytics.py:104\n  C:\\Users\\Devansh\\Downloads\\intern_application_round1\\tests\\test_analytics.py:104: PytestUnknownMarkWarning: Unknown pytest.mark.unit - is this a typo?  You can register custom marks to avoid this warning - for details, see https://docs.pytest.org/en/stable/how-to/mark.html\n    @pytest.mark.unit\n\ntests\\test_analytics.py:122\n  C:\\Users\\Devansh\\Downloads\\intern_application_round1\\tests\\test_analytics.py:122: PytestUnknownMarkWarning: Unknown pytest.mark.unit - is this a typo?  You can register custom marks to avoid this warning - for details, see https://docs.pytest.org/en/stable/how-to/mark.html\n    @pytest.mark.unit\n\ntests\\test_analytics.py:139\n  C:\\Users\\Devansh\\Downloads\\intern_application_round1\\tests\\test_analytics.py:139: PytestUnknownMarkWarning: Unknown pytest.mark.unit - is this a typo?  You can register custom marks to avoid this warning - for details, see https://docs.pytest.org/en/stable/how-to/mark.html\n    @pytest.mark.unit\n\ntests\\test_analytics.py:156\n  C:\\Users\\Devansh\\Downloads\\intern_application_round1\\tests\\test_analytics.py:156: PytestUnknownMarkWarning: Unknown pytest.mark.unit - is this a typo?  You can register custom marks to avoid this warning - for details, see https://docs.pytest.org/en/stable/how-to/mark.html\n    @pytest.mark.unit\n\ntests\\test_analytics.py:172\n  C:\\Users\\Devansh\\Downloads\\intern_application_round1\\tests\\test_analytics.py:172: PytestUnknownMarkWarning: Unknown pytest.mark.unit - is this a typo?  You can register custom marks to avoid this warning - for details, see https://docs.pytest.org/en/stable/how-to/mark.html\n    @pytest.mark.unit\n\ntests\\test_analytics.py:189\n  C:\\Users\\Devansh\\Downloads\\intern_application_round1\\tests\\test_analytics.py:189: PytestUnknownMarkWarning: Unknown pytest.mark.unit - is this a typo?  You can register custom marks to avoid this warning - for details, see https://docs.pytest.org/en/stable/how-to/mark.html\n    @pytest.mark.unit\n\ntests\\test_analytics.py:208\n  C:\\Users\\Devansh\\Downloads\\intern_application_round1\\tests\\test_analytics.py:208: PytestUnknownMarkWarning: Unknown pytest.mark.unit - is this a typo?  You can register custom marks to avoid this warning - for details, see https://docs.pytest.org/en/stable/how-to/mark.html\n    @pytest.mark.unit\n\ntests\\test_analytics.py:218\n  C:\\Users\\Devansh\\Downloads\\intern_application_round1\\tests\\test_analytics.py:218: PytestUnknownMarkWarning: Unknown pytest.mark.unit - is this a typo?  You can register custom marks to avoid this warning - for details, see https://docs.pytest.org/en/stable/how-to/mark.html\n    @pytest.mark.unit\n\ntests\\test_analytics.py:237\n  C:\\Users\\Devansh\\Downloads\\intern_application_round1\\tests\\test_analytics.py:237: PytestUnknownMarkWarning: Unknown pytest.mark.unit - is this a typo?  You can register custom marks to avoid this warning - for details, see https://docs.pytest.org/en/stable/how-to/mark.html\n    @pytest.mark.unit\n\ntests\\test_analytics.py:245\n  C:\\Users\\Devansh\\Downloads\\intern_application_round1\\tests\\test_analytics.py:245: PytestUnknownMarkWarning: Unknown pytest.mark.unit - is this a typo?  You can register custom marks to avoid this warning - for details, see https://docs.pytest.org/en/stable/how-to/mark.html\n    @pytest.mark.unit\n\ntests\\test_analytics.py:257\n  C:\\Users\\Devansh\\Downloads\\intern_application_round1\\tests\\test_analytics.py:257: PytestUnknownMarkWarning: Unknown pytest.mark.unit - is this a typo?  You can register custom marks to avoid this warning - for details, see https://docs.pytest.org/en/stable/how-to/mark.html\n    @pytest.mark.unit\n\ntests\\test_database.py:13\n  C:\\Users\\Devansh\\Downloads\\intern_application_round1\\tests\\test_database.py:13: PytestUnknownMarkWarning: Unknown pytest.mark.smoke - is this a typo?  You can register custom marks to avoid this warning - for details, see https://docs.pytest.org/en/stable/how-to/mark.html\n    @pytest.mark.smoke\n\ntests\\test_database.py:14\n  C:\\Users\\Devansh\\Downloads\\intern_application_round1\\tests\\test_database.py:14: PytestUnknownMarkWarning: Unknown pytest.mark.unit - is this a typo?  You can register custom marks to avoid this warning - for details, see https://docs.pytest.org/en/stable/how-to/mark.html\n    @pytest.mark.unit\n\ntests\\test_database.py:22\n  C:\\Users\\Devansh\\Downloads\\intern_application_round1\\tests\\test_database.py:22: PytestUnknownMarkWarning: Unknown pytest.mark.smoke - is this a typo?  You can register custom marks to avoid this warning - for details, see https://docs.pytest.org/en/stable/how-to/mark.html\n    @pytest.mark.smoke\n\ntests\\test_database.py:23\n  C:\\Users\\Devansh\\Downloads\\intern_application_round1\\tests\\test_database.py:23: PytestUnknownMarkWarning: Unknown pytest.mark.unit - is this a typo?  You can register custom marks to avoid this warning - for details, see https://docs.pytest.org/en/stable/how-to/mark.html\n    @pytest.mark.unit\n\ntests\\test_database.py:38\n  C:\\Users\\Devansh\\Downloads\\intern_application_round1\\tests\\test_database.py:38: PytestUnknownMarkWarning: Unknown pytest.mark.unit - is this a typo?  You can register custom marks to avoid this warning - for details, see https://docs.pytest.org/en/stable/how-to/mark.html\n    @pytest.mark.unit\n\ntests\\test_database.py:58\n  C:\\Users\\Devansh\\Downloads\\intern_application_round1\\tests\\test_database.py:58: PytestUnknownMarkWarning: Unknown pytest.mark.unit - is this a typo?  You can register custom marks to avoid this warning - for details, see https://docs.pytest.org/en/stable/how-to/mark.html\n    @pytest.mark.unit\n\ntests\\test_database.py:75\n  C:\\Users\\Devansh\\Downloads\\intern_application_round1\\tests\\test_database.py:75: PytestUnknownMarkWarning: Unknown pytest.mark.unit - is this a typo?  You can register custom marks to avoid this warning - for details, see https://docs.pytest.org/en/stable/how-to/mark.html\n    @pytest.mark.unit\n\ntests\\test_database.py:88\n  C:\\Users\\Devansh\\Downloads\\intern_application_round1\\tests\\test_database.py:88: PytestUnknownMarkWarning: Unknown pytest.mark.unit - is this a typo?  You can register custom marks to avoid this warning - for details, see https://docs.pytest.org/en/stable/how-to/mark.html\n    @pytest.mark.unit\n\ntests\\test_database.py:105\n  C:\\Users\\Devansh\\Downloads\\intern_application_round1\\tests\\test_database.py:105: PytestUnknownMarkWarning: Unknown pytest.mark.unit - is this a typo?  You can register custom marks to avoid this warning - for details, see https://docs.pytest.org/en/stable/how-to/mark.html\n    @pytest.mark.unit\n\ntests\\test_database.py:128\n  C:\\Users\\Devansh\\Downloads\\intern_application_round1\\tests\\test_database.py:128: PytestUnknownMarkWarning: Unknown pytest.mark.unit - is this a typo?  You can register custom marks to avoid this warning - for details, see https://docs.pytest.org/en/stable/how-to/mark.html\n    @pytest.mark.unit\n\ntests\\test_database.py:147\n  C:\\Users\\Devansh\\Downloads\\intern_application_round1\\tests\\test_database.py:147: PytestUnknownMarkWarning: Unknown pytest.mark.unit - is this a typo?  You can register custom marks to avoid this warning - for details, see https://docs.pytest.org/en/stable/how-to/mark.html\n    @pytest.mark.unit\n\ntests\\test_database.py:168\n  C:\\Users\\Devansh\\Downloads\\intern_application_round1\\tests\\test_database.py:168: PytestUnknownMarkWarning: Unknown pytest.mark.unit - is this a typo?  You can register custom marks to avoid this warning - for details, see https://docs.pytest.org/en/stable/how-to/mark.html\n    @pytest.mark.unit\n\ntests\\test_database.py:188\n  C:\\Users\\Devansh\\Downloads\\intern_application_round1\\tests\\test_database.py:188: PytestUnknownMarkWarning: Unknown pytest.mark.unit - is this a typo?  You can register custom marks to avoid this warning - for details, see https://docs.pytest.org/en/stable/how-to/mark.html\n    @pytest.mark.unit\n\ntests\\test_database.py:217\n  C:\\Users\\Devansh\\Downloads\\intern_application_round1\\tests\\test_database.py:217: PytestUnknownMarkWarning: Unknown pytest.mark.unit - is this a typo?  You can register custom marks to avoid this warning - for details, see https://docs.pytest.org/en/stable/how-to/mark.html\n    @pytest.mark.unit\n\ntests\\test_database.py:238\n  C:\\Users\\Devansh\\Downloads\\intern_application_round1\\tests\\test_database.py:238: PytestUnknownMarkWarning: Unknown pytest.mark.unit - is this a typo?  You can register custom marks to avoid this warning - for details, see https://docs.pytest.org/en/stable/how-to/mark.html\n    @pytest.mark.unit\n\ntests\\test_database.py:271\n  C:\\Users\\Devansh\\Downloads\\intern_application_round1\\tests\\test_database.py:271: PytestUnknownMarkWarning: Unknown pytest.mark.unit - is this a typo?  You can register custom marks to avoid this warning - for details, see https://docs.pytest.org/en/stable/how-to/mark.html\n    @pytest.mark.unit\n\ntests\\test_database.py:308\n  C:\\Users\\Devansh\\Downloads\\intern_application_round1\\tests\\test_database.py:308: PytestUnknownMarkWarning: Unknown pytest.mark.unit - is this a typo?  You can register custom marks to avoid this warning - for details, see https://docs.pytest.org/en/stable/how-to/mark.html\n    @pytest.mark.unit\n\ntests\\test_database.py:334\n  C:\\Users\\Devansh\\Downloads\\intern_application_round1\\tests\\test_database.py:334: PytestUnknownMarkWarning: Unknown pytest.mark.unit - is this a typo?  You can register custom marks to avoid this warning - for details, see https://docs.pytest.org/en/stable/how-to/mark.html\n    @pytest.mark.unit\n\ntests\\test_database.py:347\n  C:\\Users\\Devansh\\Downloads\\intern_application_round1\\tests\\test_database.py:347: PytestUnknownMarkWarning: Unknown pytest.mark.unit - is this a typo?  You can register custom marks to avoid this warning - for details, see https://docs.pytest.org/en/stable/how-to/mark.html\n    @pytest.mark.unit\n\ntests\\test_database.py:367\n  C:\\Users\\Devansh\\Downloads\\intern_application_round1\\tests\\test_database.py:367: PytestUnknownMarkWarning: Unknown pytest.mark.unit - is this a typo?  You can register custom marks to avoid this warning - for details, see https://docs.pytest.org/en/stable/how-to/mark.html\n    @pytest.mark.unit\n\ntests\\test_database.py:377\n  C:\\Users\\Devansh\\Downloads\\intern_application_round1\\tests\\test_database.py:377: PytestUnknownMarkWarning: Unknown pytest.mark.unit - is this a typo?  You can register custom marks to avoid this warning - for details, see https://docs.pytest.org/en/stable/how-to/mark.html\n    @pytest.mark.unit\n\ntests\\test_database.py:388\n  C:\\Users\\Devansh\\Downloads\\intern_application_round1\\tests\\test_database.py:388: PytestUnknownMarkWarning: Unknown pytest.mark.unit - is this a typo?  You can register custom marks to avoid this warning - for details, see https://docs.pytest.org/en/stable/how-to/mark.html\n    @pytest.mark.unit\n\ntests\\test_integration.py:42\n  C:\\Users\\Devansh\\Downloads\\intern_application_round1\\tests\\test_integration.py:42: PytestUnknownMarkWarning: Unknown pytest.mark.integration - is this a typo?  You can register custom marks to avoid this warning - for details, see https://docs.pytest.org/en/stable/how-to/mark.html\n    @pytest.mark.integration\n\ntests\\test_integration.py:82\n  C:\\Users\\Devansh\\Downloads\\intern_application_round1\\tests\\test_integration.py:82: PytestUnknownMarkWarning: Unknown pytest.mark.integration - is this a typo?  You can register custom marks to avoid this warning - for details, see https://docs.pytest.org/en/stable/how-to/mark.html\n    @pytest.mark.integration\n\ntests\\test_integration.py:105\n  C:\\Users\\Devansh\\Downloads\\intern_application_round1\\tests\\test_integration.py:105: PytestUnknownMarkWarning: Unknown pytest.mark.integration - is this a typo?  You can register custom marks to avoid this warning - for details, see https://docs.pytest.org/en/stable/how-to/mark.html\n    @pytest.mark.integration\n\ntests\\test_integration.py:123\n  C:\\Users\\Devansh\\Downloads\\intern_application_round1\\tests\\test_integration.py:123: PytestUnknownMarkWarning: Unknown pytest.mark.integration - is this a typo?  You can register custom marks to avoid this warning - for details, see https://docs.pytest.org/en/stable/how-to/mark.html\n    @pytest.mark.integration\n\ntests\\test_integration.py:144\n  C:\\Users\\Devansh\\Downloads\\intern_application_round1\\tests\\test_integration.py:144: PytestUnknownMarkWarning: Unknown pytest.mark.integration - is this a typo?  You can register custom marks to avoid this warning - for details, see https://docs.pytest.org/en/stable/how-to/mark.html\n    @pytest.mark.integration\n\ntests\\test_integration.py:201\n  C:\\Users\\Devansh\\Downloads\\intern_application_round1\\tests\\test_integration.py:201: PytestUnknownMarkWarning: Unknown pytest.mark.integration - is this a typo?  You can register custom marks to avoid this warning - for details, see https://docs.pytest.org/en/stable/how-to/mark.html\n    @pytest.mark.integration\n\ntests\\test_performance.py:24\n  C:\\Users\\Devansh\\Downloads\\intern_application_round1\\tests\\test_performance.py:24: PytestUnknownMarkWarning: Unknown pytest.mark.performance - is this a typo?  You can register custom marks to avoid this warning - for details, see https://docs.pytest.org/en/stable/how-to/mark.html\n    @pytest.mark.performance\n\ntests\\test_performance.py:72\n  C:\\Users\\Devansh\\Downloads\\intern_application_round1\\tests\\test_performance.py:72: PytestUnknownMarkWarning: Unknown pytest.mark.performance - is this a typo?  You can register custom marks to avoid this warning - for details, see https://docs.pytest.org/en/stable/how-to/mark.html\n    @pytest.mark.performance\n\ntests\\test_performance.py:126\n  C:\\Users\\Devansh\\Downloads\\intern_application_round1\\tests\\test_performance.py:126: PytestUnknownMarkWarning: Unknown pytest.mark.performance - is this a typo?  You can register custom marks to avoid this warning - for details, see https://docs.pytest.org/en/stable/how-to/mark.html\n    @pytest.mark.performance\n\ntests\\test_performance.py:197\n  C:\\Users\\Devansh\\Downloads\\intern_application_round1\\tests\\test_performance.py:197: PytestUnknownMarkWarning: Unknown pytest.mark.performance - is this a typo?  You can register custom marks to avoid this warning - for details, see https://docs.pytest.org/en/stable/how-to/mark.html\n    @pytest.mark.performance\n\ntests\\test_performance.py:240\n  C:\\Users\\Devansh\\Downloads\\intern_application_round1\\tests\\test_performance.py:240: PytestUnknownMarkWarning: Unknown pytest.mark.performance - is this a typo?  You can register custom marks to avoid this warning - for details, see https://docs.pytest.org/en/stable/how-to/mark.html\n    @pytest.mark.performance\n\ntests\\test_performance.py:268\n  C:\\Users\\Devansh\\Downloads\\intern_application_round1\\tests\\test_performance.py:268: PytestUnknownMarkWarning: Unknown pytest.mark.performance - is this a typo?  You can register custom marks to avoid this warning - for details, see https://docs.pytest.org/en/stable/how-to/mark.html\n    @pytest.mark.performance\n\ntests\\test_performance.py:314\n  C:\\Users\\Devansh\\Downloads\\intern_application_round1\\tests\\test_performance.py:314: PytestUnknownMarkWarning: Unknown pytest.mark.performance - is this a typo?  You can register custom marks to avoid this warning - for details, see https://docs.pytest.org/en/stable/how-to/mark.html\n    @pytest.mark.performance\n\ntests\\test_performance.py:361\n  C:\\Users\\Devansh\\Downloads\\intern_application_round1\\tests\\test_performance.py:361: PytestUnknownMarkWarning: Unknown pytest.mark.performance - is this a typo?  You can register custom marks to avoid this warning - for details, see https://docs.pytest.org/en/stable/how-to/mark.html\n    @pytest.mark.performance\n\ntests\\test_performance.py:405\n  C:\\Users\\Devansh\\Downloads\\intern_application_round1\\tests\\test_performance.py:405: PytestUnknownMarkWarning: Unknown pytest.mark.performance - is this a typo?  You can register custom marks to avoid this warning - for details, see https://docs.pytest.org/en/stable/how-to/mark.html\n    @pytest.mark.performance\n\ntests\\test_performance.py:457\n  C:\\Users\\Devansh\\Downloads\\intern_application_round1\\tests\\test_performance.py:457: PytestUnknownMarkWarning: Unknown pytest.mark.performance - is this a typo?  You can register custom marks to avoid this warning - for details, see https://docs.pytest.org/en/stable/how-to/mark.html\n    @pytest.mark.performance\n\ntests\\test_performance.py:504\n  C:\\Users\\Devansh\\Downloads\\intern_application_round1\\tests\\test_performance.py:504: PytestUnknownMarkWarning: Unknown pytest.mark.performance - is this a typo?  You can register custom marks to avoid this warning - for details, see https://docs.pytest.org/en/stable/how-to/mark.html\n    @pytest.mark.performance\n\ntests\\test_performance.py:548\n  C:\\Users\\Devansh\\Downloads\\intern_application_round1\\tests\\test_performance.py:548: PytestUnknownMarkWarning: Unknown pytest.mark.performance - is this a typo?  You can register custom marks to avoid this warning - for details, see https://docs.pytest.org/en/stable/how-to/mark.html\n    @pytest.mark.performance\n\ntests\\test_runner.py:19\n  C:\\Users\\Devansh\\Downloads\\intern_application_round1\\tests\\test_runner.py:19: PytestCollectionWarning: cannot collect test class 'TestRunner' because it has a __init__ constructor (from: tests/test_runner.py)\n    class TestRunner:\n\ntests\\test_scraper.py:20\n  C:\\Users\\Devansh\\Downloads\\intern_application_round1\\tests\\test_scraper.py:20: PytestUnknownMarkWarning: Unknown pytest.mark.smoke - is this a typo?  You can register custom marks to avoid this warning - for details, see https://docs.pytest.org/en/stable/how-to/mark.html\n    @pytest.mark.smoke\n\ntests\\test_scraper.py:21\n  C:\\Users\\Devansh\\Downloads\\intern_application_round1\\tests\\test_scraper.py:21: PytestUnknownMarkWarning: Unknown pytest.mark.unit - is this a typo?  You can register custom marks to avoid this warning - for details, see https://docs.pytest.org/en/stable/how-to/mark.html\n    @pytest.mark.unit\n\ntests\\test_scraper.py:30\n  C:\\Users\\Devansh\\Downloads\\intern_application_round1\\tests\\test_scraper.py:30: PytestUnknownMarkWarning: Unknown pytest.mark.smoke - is this a typo?  You can register custom marks to avoid this warning - for details, see https://docs.pytest.org/en/stable/how-to/mark.html\n    @pytest.mark.smoke\n\ntests\\test_scraper.py:31\n  C:\\Users\\Devansh\\Downloads\\intern_application_round1\\tests\\test_scraper.py:31: PytestUnknownMarkWarning: Unknown pytest.mark.unit - is this a typo?  You can register custom marks to avoid this warning - for details, see https://docs.pytest.org/en/stable/how-to/mark.html\n    @pytest.mark.unit\n\ntests\\test_scraper.py:93\n  C:\\Users\\Devansh\\Downloads\\intern_application_round1\\tests\\test_scraper.py:93: PytestUnknownMarkWarning: Unknown pytest.mark.unit - is this a typo?  You can register custom marks to avoid this warning - for details, see https://docs.pytest.org/en/stable/how-to/mark.html\n    @pytest.mark.unit\n\ntests\\test_scraper.py:487\n  C:\\Users\\Devansh\\Downloads\\intern_application_round1\\tests\\test_scraper.py:487: PytestUnknownMarkWarning: Unknown pytest.mark.unit - is this a typo?  You can register custom marks to avoid this warning - for details, see https://docs.pytest.org/en/stable/how-to/mark.html\n    @pytest.mark.unit\n\ntests\\test_scraper.py:498\n  C:\\Users\\Devansh\\Downloads\\intern_application_round1\\tests\\test_scraper.py:498: PytestUnknownMarkWarning: Unknown pytest.mark.unit - is this a typo?  You can register custom marks to avoid this warning - for details, see https://docs.pytest.org/en/stable/how-to/mark.html\n    @pytest.mark.unit\n\ntests\\test_scraper.py:513\n  C:\\Users\\Devansh\\Downloads\\intern_application_round1\\tests\\test_scraper.py:513: PytestUnknownMarkWarning: Unknown pytest.mark.unit - is this a typo?  You can register custom marks to avoid this warning - for details, see https://docs.pytest.org/en/stable/how-to/mark.html\n    @pytest.mark.unit\n\ntests\\test_scraper.py:529\n  C:\\Users\\Devansh\\Downloads\\intern_application_round1\\tests\\test_scraper.py:529: PytestUnknownMarkWarning: Unknown pytest.mark.unit - is this a typo?  You can register custom marks to avoid this warning - for details, see https://docs.pytest.org/en/stable/how-to/mark.html\n    @pytest.mark.unit\n\ntests\\test_scraper.py:565\n  C:\\Users\\Devansh\\Downloads\\intern_application_round1\\tests\\test_scraper.py:565: PytestUnknownMarkWarning: Unknown pytest.mark.unit - is this a typo?  You can register custom marks to avoid this warning - for details, see https://docs.pytest.org/en/stable/how-to/mark.html\n    @pytest.mark.unit\n\ntests\\test_scraper.py:579\n  C:\\Users\\Devansh\\Downloads\\intern_application_round1\\tests\\test_scraper.py:579: PytestUnknownMarkWarning: Unknown pytest.mark.unit - is this a typo?  You can register custom marks to avoid this warning - for details, see https://docs.pytest.org/en/stable/how-to/mark.html\n    @pytest.mark.unit\n\ntests\\test_security.py:18\n  C:\\Users\\Devansh\\Downloads\\intern_application_round1\\tests\\test_security.py:18: PytestUnknownMarkWarning: Unknown pytest.mark.security - is this a typo?  You can register custom marks to avoid this warning - for details, see https://docs.pytest.org/en/stable/how-to/mark.html\n    @pytest.mark.security\n\ntests\\test_security.py:42\n  C:\\Users\\Devansh\\Downloads\\intern_application_round1\\tests\\test_security.py:42: PytestUnknownMarkWarning: Unknown pytest.mark.security - is this a typo?  You can register custom marks to avoid this warning - for details, see https://docs.pytest.org/en/stable/how-to/mark.html\n    @pytest.mark.security\n\ntests\\test_security.py:72\n  C:\\Users\\Devansh\\Downloads\\intern_application_round1\\tests\\test_security.py:72: PytestUnknownMarkWarning: Unknown pytest.mark.security - is this a typo?  You can register custom marks to avoid this warning - for details, see https://docs.pytest.org/en/stable/how-to/mark.html\n    @pytest.mark.security\n\ntests\\test_security.py:96\n  C:\\Users\\Devansh\\Downloads\\intern_application_round1\\tests\\test_security.py:96: PytestUnknownMarkWarning: Unknown pytest.mark.security - is this a typo?  You can register custom marks to avoid this warning - for details, see https://docs.pytest.org/en/stable/how-to/mark.html\n    @pytest.mark.security\n\ntests\\test_security.py:116\n  C:\\Users\\Devansh\\Downloads\\intern_application_round1\\tests\\test_security.py:116: PytestUnknownMarkWarning: Unknown pytest.mark.security - is this a typo?  You can register custom marks to avoid this warning - for details, see https://docs.pytest.org/en/stable/how-to/mark.html\n    @pytest.mark.security\n\ntests\\test_security.py:143\n  C:\\Users\\Devansh\\Downloads\\intern_application_round1\\tests\\test_security.py:143: PytestUnknownMarkWarning: Unknown pytest.mark.security - is this a typo?  You can register custom marks to avoid this warning - for details, see https://docs.pytest.org/en/stable/how-to/mark.html\n    @pytest.mark.security\n\ntests\\test_security.py:162\n  C:\\Users\\Devansh\\Downloads\\intern_application_round1\\tests\\test_security.py:162: PytestUnknownMarkWarning: Unknown pytest.mark.security - is this a typo?  You can register custom marks to avoid this warning - for details, see https://docs.pytest.org/en/stable/how-to/mark.html\n    @pytest.mark.security\n\ntests\\test_security.py:183\n  C:\\Users\\Devansh\\Downloads\\intern_application_round1\\tests\\test_security.py:183: PytestUnknownMarkWarning: Unknown pytest.mark.security - is this a typo?  You can register custom marks to avoid this warning - for details, see https://docs.pytest.org/en/stable/how-to/mark.html\n    @pytest.mark.security\n\ntests\\test_security.py:208\n  C:\\Users\\Devansh\\Downloads\\intern_application_round1\\tests\\test_security.py:208: PytestUnknownMarkWarning: Unknown pytest.mark.security - is this a typo?  You can register custom marks to avoid this warning - for details, see https://docs.pytest.org/en/stable/how-to/mark.html\n    @pytest.mark.security\n\ntests\\test_security.py:230\n  C:\\Users\\Devansh\\Downloads\\intern_application_round1\\tests\\test_security.py:230: PytestUnknownMarkWarning: Unknown pytest.mark.security - is this a typo?  You can register custom marks to avoid this warning - for details, see https://docs.pytest.org/en/stable/how-to/mark.html\n    @pytest.mark.security\n\ntests\\test_security.py:255\n  C:\\Users\\Devansh\\Downloads\\intern_application_round1\\tests\\test_security.py:255: PytestUnknownMarkWarning: Unknown pytest.mark.security - is this a typo?  You can register custom marks to avoid this warning - for details, see https://docs.pytest.org/en/stable/how-to/mark.html\n    @pytest.mark.security\n\ntests\\test_security.py:275\n  C:\\Users\\Devansh\\Downloads\\intern_application_round1\\tests\\test_security.py:275: PytestUnknownMarkWarning: Unknown pytest.mark.security - is this a typo?  You can register custom marks to avoid this warning - for details, see https://docs.pytest.org/en/stable/how-to/mark.html\n    @pytest.mark.security\n\ntests\\test_security.py:299\n  C:\\Users\\Devansh\\Downloads\\intern_application_round1\\tests\\test_security.py:299: PytestUnknownMarkWarning: Unknown pytest.mark.security - is this a typo?  You can register custom marks to avoid this warning - for details, see https://docs.pytest.org/en/stable/how-to/mark.html\n    @pytest.mark.security\n\ntests\\test_security.py:323\n  C:\\Users\\Devansh\\Downloads\\intern_application_round1\\tests\\test_security.py:323: PytestUnknownMarkWarning: Unknown pytest.mark.security - is this a typo?  You can register custom marks to avoid this warning - for details, see https://docs.pytest.org/en/stable/how-to/mark.html\n    @pytest.mark.security\n\ntests\\test_security.py:350\n  C:\\Users\\Devansh\\Downloads\\intern_application_round1\\tests\\test_security.py:350: PytestUnknownMarkWarning: Unknown pytest.mark.security - is this a typo?  You can register custom marks to avoid this warning - for details, see https://docs.pytest.org/en/stable/how-to/mark.html\n    @pytest.mark.security\n\ntests\\test_security.py:366\n  C:\\Users\\Devansh\\Downloads\\intern_application_round1\\tests\\test_security.py:366: PytestUnknownMarkWarning: Unknown pytest.mark.security - is this a typo?  You can register custom marks to avoid this warning - for details, see https://docs.pytest.org/en/stable/how-to/mark.html\n    @pytest.mark.security\n\ntests\\test_security.py:386\n  C:\\Users\\Devansh\\Downloads\\intern_application_round1\\tests\\test_security.py:386: PytestUnknownMarkWarning: Unknown pytest.mark.security - is this a typo?  You can register custom marks to avoid this warning - for details, see https://docs.pytest.org/en/stable/how-to/mark.html\n    @pytest.mark.security\n\ntests\\test_ui.py:19\n  C:\\Users\\Devansh\\Downloads\\intern_application_round1\\tests\\test_ui.py:19: PytestUnknownMarkWarning: Unknown pytest.mark.unit - is this a typo?  You can register custom marks to avoid this warning - for details, see https://docs.pytest.org/en/stable/how-to/mark.html\n    @pytest.mark.unit\n\ntests\\test_ui.py:26\n  C:\\Users\\Devansh\\Downloads\\intern_application_round1\\tests\\test_ui.py:26: PytestUnknownMarkWarning: Unknown pytest.mark.unit - is this a typo?  You can register custom marks to avoid this warning - for details, see https://docs.pytest.org/en/stable/how-to/mark.html\n    @pytest.mark.unit\n\ntests\\test_ui.py:41\n  C:\\Users\\Devansh\\Downloads\\intern_application_round1\\tests\\test_ui.py:41: PytestUnknownMarkWarning: Unknown pytest.mark.unit - is this a typo?  You can register custom marks to avoid this warning - for details, see https://docs.pytest.org/en/stable/how-to/mark.html\n    @pytest.mark.unit\n\ntests\\test_ui.py:50\n  C:\\Users\\Devansh\\Downloads\\intern_application_round1\\tests\\test_ui.py:50: PytestUnknownMarkWarning: Unknown pytest.mark.unit - is this a typo?  You can register custom marks to avoid this warning - for details, see https://docs.pytest.org/en/stable/how-to/mark.html\n    @pytest.mark.unit\n\ntests\\test_ui.py:64\n  C:\\Users\\Devansh\\Downloads\\intern_application_round1\\tests\\test_ui.py:64: PytestUnknownMarkWarning: Unknown pytest.mark.unit - is this a typo?  You can register custom marks to avoid this warning - for details, see https://docs.pytest.org/en/stable/how-to/mark.html\n    @pytest.mark.unit\n\ntests\\test_ui.py:73\n  C:\\Users\\Devansh\\Downloads\\intern_application_round1\\tests\\test_ui.py:73: PytestUnknownMarkWarning: Unknown pytest.mark.unit - is this a typo?  You can register custom marks to avoid this warning - for details, see https://docs.pytest.org/en/stable/how-to/mark.html\n    @pytest.mark.unit\n\ntests\\test_ui.py:87\n  C:\\Users\\Devansh\\Downloads\\intern_application_round1\\tests\\test_ui.py:87: PytestUnknownMarkWarning: Unknown pytest.mark.unit - is this a typo?  You can register custom marks to avoid this warning - for details, see https://docs.pytest.org/en/stable/how-to/mark.html\n    @pytest.mark.unit\n\ntests\\test_ui.py:101\n  C:\\Users\\Devansh\\Downloads\\intern_application_round1\\tests\\test_ui.py:101: PytestUnknownMarkWarning: Unknown pytest.mark.unit - is this a typo?  You can register custom marks to avoid this warning - for details, see https://docs.pytest.org/en/stable/how-to/mark.html\n    @pytest.mark.unit\n\ntests\\test_ui.py:126\n  C:\\Users\\Devansh\\Downloads\\intern_application_round1\\tests\\test_ui.py:126: PytestUnknownMarkWarning: Unknown pytest.mark.unit - is this a typo?  You can register custom marks to avoid this warning - for details, see https://docs.pytest.org/en/stable/how-to/mark.html\n    @pytest.mark.unit\n\ntests\\test_ui.py:142\n  C:\\Users\\Devansh\\Downloads\\intern_application_round1\\tests\\test_ui.py:142: PytestUnknownMarkWarning: Unknown pytest.mark.unit - is this a typo?  You can register custom marks to avoid this warning - for details, see https://docs.pytest.org/en/stable/how-to/mark.html\n    @pytest.mark.unit\n\ntests\\test_ui.py:156\n  C:\\Users\\Devansh\\Downloads\\intern_application_round1\\tests\\test_ui.py:156: PytestUnknownMarkWarning: Unknown pytest.mark.unit - is this a typo?  You can register custom marks to avoid this warning - for details, see https://docs.pytest.org/en/stable/how-to/mark.html\n    @pytest.mark.unit\n\ntests\\test_ui.py:167\n  C:\\Users\\Devansh\\Downloads\\intern_application_round1\\tests\\test_ui.py:167: PytestUnknownMarkWarning: Unknown pytest.mark.unit - is this a typo?  You can register custom marks to avoid this warning - for details, see https://docs.pytest.org/en/stable/how-to/mark.html\n    @pytest.mark.unit\n\ntests\\test_ui.py:176\n  C:\\Users\\Devansh\\Downloads\\intern_application_round1\\tests\\test_ui.py:176: PytestUnknownMarkWarning: Unknown pytest.mark.unit - is this a typo?  You can register custom marks to avoid this warning - for details, see https://docs.pytest.org/en/stable/how-to/mark.html\n    @pytest.mark.unit\n\ntests\\test_ui.py:194\n  C:\\Users\\Devansh\\Downloads\\intern_application_round1\\tests\\test_ui.py:194: PytestUnknownMarkWarning: Unknown pytest.mark.unit - is this a typo?  You can register custom marks to avoid this warning - for details, see https://docs.pytest.org/en/stable/how-to/mark.html\n    @pytest.mark.unit\n\ntests\\test_ui.py:201\n  C:\\Users\\Devansh\\Downloads\\intern_application_round1\\tests\\test_ui.py:201: PytestUnknownMarkWarning: Unknown pytest.mark.unit - is this a typo?  You can register custom marks to avoid this warning - for details, see https://docs.pytest.org/en/stable/how-to/mark.html\n    @pytest.mark.unit\n\n-- Docs: https://docs.pytest.org/en/stable/how-to/capture-warnings.html\n=========================== short test summary info ===========================\nERROR tests/test_integration.py::TestSystemIntegration::test_complete_workflow\nERROR tests/test_integration.py::TestSystemIntegration::test_complete_workflow\nERROR tests/test_integration.py::TestSystemIntegration::test_async_workflow\nERROR tests/test_integration.py::TestSystemIntegration::test_async_workflow\nERROR tests/test_integration.py::TestSystemIntegration::test_error_propagation\nERROR tests/test_integration.py::TestSystemIntegration::test_error_propagation\nERROR tests/test_integration.py::TestSystemIntegration::test_data_consistency\nERROR tests/test_integration.py::TestSystemIntegration::test_data_consistency\nERROR tests/test_integration.py::TestSystemIntegration::test_concurrent_access\nERROR tests/test_integration.py::TestSystemIntegration::test_concurrent_access\nERROR tests/test_integration.py::TestSystemIntegration::test_performance_integration\nERROR tests/test_integration.py::TestSystemIntegration::test_performance_integration\n============== 169 deselected, 102 warnings, 12 errors in 9.09s ===============\n",
      "stderr": "Windows fatal exception: access violation\n\nCurrent thread 0x00002474 (most recent call first):\n  File \"<frozen importlib._bootstrap>\", line 488 in _call_with_frames_removed\n  File \"<frozen importlib._bootstrap_external>\", line 1288 in create_module\n  File \"<frozen importlib._bootstrap>\", line 813 in module_from_spec\n  File \"<frozen importlib._bootstrap>\", line 921 in _load_unlocked\n  File \"<frozen importlib._bootstrap>\", line 1331 in _find_and_load_unlocked\n  File \"<frozen importlib._bootstrap>\", line 1360 in _find_and_load\n  File \"C:\\Users\\Devansh\\AppData\\Roaming\\Python\\Python312\\site-packages\\tensorflow\\python\\pywrap_tensorflow.py\", line 73 in <module>\n  File \"<frozen importlib._bootstrap>\", line 488 in _call_with_frames_removed\n  File \"<frozen importlib._bootstrap_external>\", line 994 in exec_module\n  File \"<frozen importlib._bootstrap>\", line 935 in _load_unlocked\n  File \"<frozen importlib._bootstrap>\", line 1331 in _find_and_load_unlocked\n  File \"<frozen importlib._bootstrap>\", line 1360 in _find_and_load\n  File \"<frozen importlib._bootstrap>\", line 488 in _call_with_frames_removed\n  File \"<frozen importlib._bootstrap>\", line 1415 in _handle_fromlist\n  File \"C:\\Users\\Devansh\\AppData\\Roaming\\Python\\Python312\\site-packages\\tensorflow\\__init__.py\", line 40 in <module>\n  File \"<frozen importlib._bootstrap>\", line 488 in _call_with_frames_removed\n  File \"<frozen importlib._bootstrap_external>\", line 994 in exec_module\n  File \"<frozen importlib._bootstrap>\", line 935 in _load_unlocked\n  File \"<frozen importlib._bootstrap>\", line 1331 in _find_and_load_unlocked\n  File \"<frozen importlib._bootstrap>\", line 1360 in _find_and_load\n  File \"C:\\Users\\Devansh\\AppData\\Roaming\\Python\\Python312\\site-packages\\transformers\\image_transforms.py\", line 47 in <module>\n  File \"<frozen importlib._bootstrap>\", line 488 in _call_with_frames_removed\n  File \"<frozen importlib._bootstrap_external>\", line 994 in exec_module\n  File \"<frozen importlib._bootstrap>\", line 935 in _load_unlocked\n  File \"<frozen importlib._bootstrap>\", line 1331 in _find_and_load_unlocked\n  File \"<frozen importlib._bootstrap>\", line 1360 in _find_and_load\n  File \"C:\\Users\\Devansh\\AppData\\Roaming\\Python\\Python312\\site-packages\\transformers\\image_processing_utils.py\", line 22 in <module>\n  File \"<frozen importlib._bootstrap>\", line 488 in _call_with_frames_removed\n  File \"<frozen importlib._bootstrap_external>\", line 994 in exec_module\n  File \"<frozen importlib._bootstrap>\", line 935 in _load_unlocked\n  File \"<frozen importlib._bootstrap>\", line 1331 in _find_and_load_unlocked\n  File \"<frozen importlib._bootstrap>\", line 1360 in _find_and_load\n  File \"C:\\Users\\Devansh\\AppData\\Roaming\\Python\\Python312\\site-packages\\transformers\\pipelines\\__init__.py\", line 26 in <module>\n  File \"<frozen importlib._bootstrap>\", line 488 in _call_with_frames_removed\n  File \"<frozen importlib._bootstrap_external>\", line 994 in exec_module\n  File \"<frozen importlib._bootstrap>\", line 935 in _load_unlocked\n  File \"<frozen importlib._bootstrap>\", line 1331 in _find_and_load_unlocked\n  File \"<frozen importlib._bootstrap>\", line 1360 in _find_and_load\n  File \"<frozen importlib._bootstrap>\", line 1387 in _gcd_import\n  File \"C:\\Program Files\\Python312\\Lib\\importlib\\__init__.py\", line 90 in import_module\n  File \"C:\\Users\\Devansh\\AppData\\Roaming\\Python\\Python312\\site-packages\\transformers\\utils\\import_utils.py\", line 2073 in _get_module\n  File \"C:\\Users\\Devansh\\AppData\\Roaming\\Python\\Python312\\site-packages\\transformers\\utils\\import_utils.py\", line 2045 in __getattr__\n  File \"<frozen importlib._bootstrap>\", line 1412 in _handle_fromlist\n  File \"C:\\Users\\Devansh\\Downloads\\intern_application_round1\\analytics\\advanced_sentiment.py\", line 12 in <module>\n  File \"<frozen importlib._bootstrap>\", line 488 in _call_with_frames_removed\n  File \"<frozen importlib._bootstrap_external>\", line 994 in exec_module\n  File \"<frozen importlib._bootstrap>\", line 935 in _load_unlocked\n  File \"<frozen importlib._bootstrap>\", line 1331 in _find_and_load_unlocked\n  File \"<frozen importlib._bootstrap>\", line 1360 in _find_and_load\n  File \"C:\\Users\\Devansh\\Downloads\\intern_application_round1\\tests\\test_analytics.py\", line 15 in <module>\n  File \"C:\\Users\\Devansh\\AppData\\Roaming\\Python\\Python312\\site-packages\\_pytest\\assertion\\rewrite.py\", line 185 in exec_module\n  File \"<frozen importlib._bootstrap>\", line 935 in _load_unlocked\n  File \"<frozen importlib._bootstrap>\", line 1331 in _find_and_load_unlocked\n  File \"<frozen importlib._bootstrap>\", line 1360 in _find_and_load\n  File \"<frozen importlib._bootstrap>\", line 1387 in _gcd_import\n  File \"C:\\Program Files\\Python312\\Lib\\importlib\\__init__.py\", line 90 in import_module\n  File \"C:\\Users\\Devansh\\AppData\\Roaming\\Python\\Python312\\site-packages\\_pytest\\pathlib.py\", line 587 in import_path\n  File \"C:\\Users\\Devansh\\AppData\\Roaming\\Python\\Python312\\site-packages\\_pytest\\python.py\", line 493 in importtestmodule\n  File \"C:\\Users\\Devansh\\AppData\\Roaming\\Python\\Python312\\site-packages\\_pytest\\python.py\", line 546 in _getobj\n  File \"C:\\Users\\Devansh\\AppData\\Roaming\\Python\\Python312\\site-packages\\_pytest\\python.py\", line 284 in obj\n  File \"C:\\Users\\Devansh\\AppData\\Roaming\\Python\\Python312\\site-packages\\_pytest\\python.py\", line 562 in _register_setup_module_fixture\n  File \"C:\\Users\\Devansh\\AppData\\Roaming\\Python\\Python312\\site-packages\\_pytest\\python.py\", line 549 in collect\n  File \"C:\\Users\\Devansh\\AppData\\Roaming\\Python\\Python312\\site-packages\\_pytest\\runner.py\", line 389 in collect\n  File \"C:\\Users\\Devansh\\AppData\\Roaming\\Python\\Python312\\site-packages\\_pytest\\runner.py\", line 341 in from_call\n  File \"C:\\Users\\Devansh\\AppData\\Roaming\\Python\\Python312\\site-packages\\_pytest\\runner.py\", line 391 in pytest_make_collect_report\n  File \"C:\\Users\\Devansh\\AppData\\Roaming\\Python\\Python312\\site-packages\\pluggy\\_callers.py\", line 103 in _multicall\n  File \"C:\\Users\\Devansh\\AppData\\Roaming\\Python\\Python312\\site-packages\\pluggy\\_manager.py\", line 120 in _hookexec\n  File \"C:\\Users\\Devansh\\AppData\\Roaming\\Python\\Python312\\site-packages\\pluggy\\_hooks.py\", line 513 in __call__\n  File \"C:\\Users\\Devansh\\AppData\\Roaming\\Python\\Python312\\site-packages\\_pytest\\runner.py\", line 567 in collect_one_node\n  File \"C:\\Users\\Devansh\\AppData\\Roaming\\Python\\Python312\\site-packages\\_pytest\\main.py\", line 835 in _collect_one_node\n  File \"C:\\Users\\Devansh\\AppData\\Roaming\\Python\\Python312\\site-packages\\_pytest\\main.py\", line 970 in genitems\n  File \"C:\\Users\\Devansh\\AppData\\Roaming\\Python\\Python312\\site-packages\\_pytest\\main.py\", line 975 in genitems\n  File \"C:\\Users\\Devansh\\AppData\\Roaming\\Python\\Python312\\site-packages\\_pytest\\main.py\", line 809 in perform_collect\n  File \"C:\\Users\\Devansh\\AppData\\Roaming\\Python\\Python312\\site-packages\\_pytest\\main.py\", line 347 in pytest_collection\n  File \"C:\\Users\\Devansh\\AppData\\Roaming\\Python\\Python312\\site-packages\\pluggy\\_callers.py\", line 103 in _multicall\n  File \"C:\\Users\\Devansh\\AppData\\Roaming\\Python\\Python312\\site-packages\\pluggy\\_manager.py\", line 120 in _hookexec\n  File \"C:\\Users\\Devansh\\AppData\\Roaming\\Python\\Python312\\site-packages\\pluggy\\_hooks.py\", line 513 in __call__\n  File \"C:\\Users\\Devansh\\AppData\\Roaming\\Python\\Python312\\site-packages\\_pytest\\main.py\", line 336 in _main\n  File \"C:\\Users\\Devansh\\AppData\\Roaming\\Python\\Python312\\site-packages\\_pytest\\main.py\", line 283 in wrap_session\n  File \"C:\\Users\\Devansh\\AppData\\Roaming\\Python\\Python312\\site-packages\\_pytest\\main.py\", line 330 in pytest_cmdline_main\n  File \"C:\\Users\\Devansh\\AppData\\Roaming\\Python\\Python312\\site-packages\\pluggy\\_callers.py\", line 103 in _multicall\n  File \"C:\\Users\\Devansh\\AppData\\Roaming\\Python\\Python312\\site-packages\\pluggy\\_manager.py\", line 120 in _hookexec\n  File \"C:\\Users\\Devansh\\AppData\\Roaming\\Python\\Python312\\site-packages\\pluggy\\_hooks.py\", line 513 in __call__\n  File \"C:\\Users\\Devansh\\AppData\\Roaming\\Python\\Python312\\site-packages\\_pytest\\config\\__init__.py\", line 175 in main\n  File \"C:\\Users\\Devansh\\AppData\\Roaming\\Python\\Python312\\site-packages\\_pytest\\config\\__init__.py\", line 201 in console_main\n  File \"C:\\Users\\Devansh\\AppData\\Roaming\\Python\\Python312\\site-packages\\pytest\\__main__.py\", line 9 in <module>\n  File \"<frozen runpy>\", line 88 in _run_code\n  File \"<frozen runpy>\", line 198 in _run_module_as_main\n",
      "critical": true
    },
    "security": {
      "category": "security",
      "description": "Security Tests - Vulnerability Assessment",
      "success": false,
      "execution_time": 300,
      "error": "timeout",
      "critical": true
    },
    "performance": {
      "category": "performance",
      "description": "Performance Tests - Load & Stress Testing",
      "success": false,
      "execution_time": 62.65694189071655,
      "statistics": {
        "total": 12,
        "passed": 0,
        "failed": 12,
        "skipped": 0,
        "errors": 0
      },
      "stdout": "============================= test session starts =============================\nplatform win32 -- Python 3.12.1, pytest-8.3.5, pluggy-1.5.0 -- C:\\Program Files\\Python312\\python.exe\ncachedir: .pytest_cache\nmetadata: {'Python': '3.12.1', 'Platform': 'Windows-10-10.0.19045-SP0', 'Packages': {'pytest': '8.3.5', 'pluggy': '1.5.0'}, 'Plugins': {'anyio': '4.8.0', 'asyncio': '0.21.1', 'cov': '4.1.0', 'html': '4.1.1', 'metadata': '3.1.1', 'xdist': '3.7.0'}}\nrootdir: C:\\Users\\Devansh\\Downloads\\intern_application_round1\nconfigfile: pytest.ini\nplugins: anyio-4.8.0, asyncio-0.21.1, cov-4.1.0, html-4.1.1, metadata-3.1.1, xdist-3.7.0\nasyncio: mode=Mode.STRICT\ncollecting ... collected 175 items / 163 deselected / 12 selected\n\ntests/test_performance.py::TestDatabasePerformance::test_bulk_insert_performance FAILED [  8%]\ntests/test_performance.py::TestDatabasePerformance::test_query_performance FAILED [ 16%]\ntests/test_performance.py::TestDatabasePerformance::test_concurrent_database_access FAILED [ 25%]\ntests/test_performance.py::TestScrapingPerformance::test_scraper_throughput FAILED [ 33%]\ntests/test_performance.py::TestScrapingPerformance::test_rate_limiting_efficiency FAILED [ 41%]\ntests/test_performance.py::TestAnalyticsPerformance::test_metrics_calculation_performance FAILED [ 50%]\ntests/test_performance.py::TestAnalyticsPerformance::test_data_validation_performance FAILED [ 58%]\ntests/test_performance.py::TestVisualizationPerformance::test_chart_generation_performance FAILED [ 66%]\ntests/test_performance.py::TestMemoryPerformance::test_memory_usage_during_processing FAILED [ 75%]\ntests/test_performance.py::TestMemoryPerformance::test_memory_leak_detection FAILED [ 83%]\ntests/test_performance.py::TestScalabilityLimits::test_maximum_concurrent_sessions FAILED [ 91%]\ntests/test_performance.py::TestScalabilityLimits::test_large_dataset_processing FAILED [100%]\n\n================================== FAILURES ===================================\n____________ TestDatabasePerformance.test_bulk_insert_performance _____________\ntests\\test_performance.py:55: in test_bulk_insert_performance\n    db_manager.add_mention(session_id, mention)\nE   TypeError: DatabaseManager.add_mention() takes 2 positional arguments but 3 were given\n_______________ TestDatabasePerformance.test_query_performance ________________\ntests\\test_performance.py:96: in test_query_performance\n    db_manager.add_mention(session_id, mention)\nE   TypeError: DatabaseManager.add_mention() takes 2 positional arguments but 3 were given\n___________ TestDatabasePerformance.test_concurrent_database_access ___________\ntests\\test_performance.py:181: in test_concurrent_database_access\n    assert len(errors) == 0, f\"Errors occurred: {errors}\"\nE   AssertionError: Errors occurred: [{'worker_id': 0, 'error': 'DatabaseManager.add_mention() takes 2 positional arguments but 3 were given'}, {'worker_id': 4, 'error': 'DatabaseManager.add_mention() takes 2 positional arguments but 3 were given'}, {'worker_id': 3, 'error': 'DatabaseManager.add_mention() takes 2 positional arguments but 3 were given'}, {'worker_id': 2, 'error': 'DatabaseManager.add_mention() takes 2 positional arguments but 3 were given'}, {'worker_id': 1, 'error': 'DatabaseManager.add_mention() takes 2 positional arguments but 3 were given'}]\nE   assert 5 == 0\nE    +  where 5 = len([{'error': 'DatabaseManager.add_mention() takes 2 positional arguments but 3 were given', 'worker_id': 0}, {'error': 'DatabaseManager.add_mention() takes 2 positional arguments but 3 were given', 'worker_id': 4}, {'error': 'DatabaseManager.add_mention() takes 2 positional arguments but 3 were given', 'worker_id': 3}, {'error': 'DatabaseManager.add_mention() takes 2 positional arguments but 3 were given', 'worker_id': 2}, {'error': 'DatabaseManager.add_mention() takes 2 positional arguments but 3 were given', 'worker_id': 1}])\n_______________ TestScrapingPerformance.test_scraper_throughput _______________\ntests\\test_performance.py:228: in test_scraper_throughput\n    assert len(results) == len(mock_mentions)\nE   TypeError: object of type 'coroutine' has no len()\n------------------------------ Captured log call ------------------------------\nWARNING  analytics.advanced_sentiment:advanced_sentiment.py:29 Transformers not available, falling back to TextBlob only\n____________ TestScrapingPerformance.test_rate_limiting_efficiency ____________\ntests\\test_performance.py:249: in test_rate_limiting_efficiency\n    with scraper.throttler:\nE   TypeError: 'Throttler' object does not support the context manager protocol\n------------------------------ Captured log call ------------------------------\nWARNING  analytics.advanced_sentiment:advanced_sentiment.py:29 Transformers not available, falling back to TextBlob only\n________ TestAnalyticsPerformance.test_metrics_calculation_performance ________\ntests\\test_performance.py:271: in test_metrics_calculation_performance\n    analyzer = MetricsAnalyzer()\nE   TypeError: MetricsAnalyzer.__init__() missing 1 required positional argument: 'db_manager'\n__________ TestAnalyticsPerformance.test_data_validation_performance __________\ntests\\test_performance.py:346: in test_data_validation_performance\n    assert isinstance(quality_metrics, dict)\nE   AssertionError: assert False\nE    +  where False = isinstance(QualityMetrics(total_records=2000, valid_records=1900, duplicate_records=55, spam_records=1200, low_quality_records=0, average_quality_score=0.8205121545829053, quality_distribution={<DataQuality.FAIR: 'fair'>: 42, <DataQuality.GOOD: 'good'>: 1958}, common_issues=[('not_in_whitelist', 2000), ('invalid_date_format', 2000), ('spam_pattern_repetitive', 1200), ('low_language_confidence', 830), ('missing_required_field', 300)]), dict)\n_______ TestVisualizationPerformance.test_chart_generation_performance ________\ntests\\test_performance.py:388: in test_chart_generation_performance\n    dashboard = visualizer.create_comprehensive_dashboard(large_dataset)\nE   AttributeError: 'MetricsVisualizer' object has no attribute 'create_comprehensive_dashboard'\n__________ TestMemoryPerformance.test_memory_usage_during_processing __________\ntests\\test_performance.py:439: in test_memory_usage_during_processing\n    db_manager.add_mention(session_id, mention)\nE   TypeError: DatabaseManager.add_mention() takes 2 positional arguments but 3 were given\n______________ TestMemoryPerformance.test_memory_leak_detection _______________\ntests\\test_performance.py:463: in test_memory_leak_detection\n    analyzer = MetricsAnalyzer()\nE   TypeError: MetricsAnalyzer.__init__() missing 1 required positional argument: 'db_manager'\n___________ TestScalabilityLimits.test_maximum_concurrent_sessions ____________\ntests\\test_performance.py:531: in test_maximum_concurrent_sessions\n    db_manager.add_mention(session_id, mention)\nE   TypeError: DatabaseManager.add_mention() takes 2 positional arguments but 3 were given\n_____________ TestScalabilityLimits.test_large_dataset_processing _____________\ntests\\test_performance.py:551: in test_large_dataset_processing\n    analyzer = MetricsAnalyzer()\nE   TypeError: MetricsAnalyzer.__init__() missing 1 required positional argument: 'db_manager'\n============================== warnings summary ===============================\ndatabase\\models.py:10\n  C:\\Users\\Devansh\\Downloads\\intern_application_round1\\database\\models.py:10: MovedIn20Warning: The ``declarative_base()`` function is now available as sqlalchemy.orm.declarative_base(). (deprecated since: 2.0) (Background on SQLAlchemy 2.0 at: https://sqlalche.me/e/b8d9)\n    Base = declarative_base()\n\ntests\\test_analytics.py:30\n  C:\\Users\\Devansh\\Downloads\\intern_application_round1\\tests\\test_analytics.py:30: PytestUnknownMarkWarning: Unknown pytest.mark.smoke - is this a typo?  You can register custom marks to avoid this warning - for details, see https://docs.pytest.org/en/stable/how-to/mark.html\n    @pytest.mark.smoke\n\ntests\\test_analytics.py:31\n  C:\\Users\\Devansh\\Downloads\\intern_application_round1\\tests\\test_analytics.py:31: PytestUnknownMarkWarning: Unknown pytest.mark.unit - is this a typo?  You can register custom marks to avoid this warning - for details, see https://docs.pytest.org/en/stable/how-to/mark.html\n    @pytest.mark.unit\n\ntests\\test_analytics.py:38\n  C:\\Users\\Devansh\\Downloads\\intern_application_round1\\tests\\test_analytics.py:38: PytestUnknownMarkWarning: Unknown pytest.mark.smoke - is this a typo?  You can register custom marks to avoid this warning - for details, see https://docs.pytest.org/en/stable/how-to/mark.html\n    @pytest.mark.smoke\n\ntests\\test_analytics.py:39\n  C:\\Users\\Devansh\\Downloads\\intern_application_round1\\tests\\test_analytics.py:39: PytestUnknownMarkWarning: Unknown pytest.mark.unit - is this a typo?  You can register custom marks to avoid this warning - for details, see https://docs.pytest.org/en/stable/how-to/mark.html\n    @pytest.mark.unit\n\ntests\\test_analytics.py:71\n  C:\\Users\\Devansh\\Downloads\\intern_application_round1\\tests\\test_analytics.py:71: PytestUnknownMarkWarning: Unknown pytest.mark.smoke - is this a typo?  You can register custom marks to avoid this warning - for details, see https://docs.pytest.org/en/stable/how-to/mark.html\n    @pytest.mark.smoke\n\ntests\\test_analytics.py:72\n  C:\\Users\\Devansh\\Downloads\\intern_application_round1\\tests\\test_analytics.py:72: PytestUnknownMarkWarning: Unknown pytest.mark.unit - is this a typo?  You can register custom marks to avoid this warning - for details, see https://docs.pytest.org/en/stable/how-to/mark.html\n    @pytest.mark.unit\n\ntests\\test_analytics.py:104\n  C:\\Users\\Devansh\\Downloads\\intern_application_round1\\tests\\test_analytics.py:104: PytestUnknownMarkWarning: Unknown pytest.mark.unit - is this a typo?  You can register custom marks to avoid this warning - for details, see https://docs.pytest.org/en/stable/how-to/mark.html\n    @pytest.mark.unit\n\ntests\\test_analytics.py:122\n  C:\\Users\\Devansh\\Downloads\\intern_application_round1\\tests\\test_analytics.py:122: PytestUnknownMarkWarning: Unknown pytest.mark.unit - is this a typo?  You can register custom marks to avoid this warning - for details, see https://docs.pytest.org/en/stable/how-to/mark.html\n    @pytest.mark.unit\n\ntests\\test_analytics.py:139\n  C:\\Users\\Devansh\\Downloads\\intern_application_round1\\tests\\test_analytics.py:139: PytestUnknownMarkWarning: Unknown pytest.mark.unit - is this a typo?  You can register custom marks to avoid this warning - for details, see https://docs.pytest.org/en/stable/how-to/mark.html\n    @pytest.mark.unit\n\ntests\\test_analytics.py:156\n  C:\\Users\\Devansh\\Downloads\\intern_application_round1\\tests\\test_analytics.py:156: PytestUnknownMarkWarning: Unknown pytest.mark.unit - is this a typo?  You can register custom marks to avoid this warning - for details, see https://docs.pytest.org/en/stable/how-to/mark.html\n    @pytest.mark.unit\n\ntests\\test_analytics.py:172\n  C:\\Users\\Devansh\\Downloads\\intern_application_round1\\tests\\test_analytics.py:172: PytestUnknownMarkWarning: Unknown pytest.mark.unit - is this a typo?  You can register custom marks to avoid this warning - for details, see https://docs.pytest.org/en/stable/how-to/mark.html\n    @pytest.mark.unit\n\ntests\\test_analytics.py:189\n  C:\\Users\\Devansh\\Downloads\\intern_application_round1\\tests\\test_analytics.py:189: PytestUnknownMarkWarning: Unknown pytest.mark.unit - is this a typo?  You can register custom marks to avoid this warning - for details, see https://docs.pytest.org/en/stable/how-to/mark.html\n    @pytest.mark.unit\n\ntests\\test_analytics.py:208\n  C:\\Users\\Devansh\\Downloads\\intern_application_round1\\tests\\test_analytics.py:208: PytestUnknownMarkWarning: Unknown pytest.mark.unit - is this a typo?  You can register custom marks to avoid this warning - for details, see https://docs.pytest.org/en/stable/how-to/mark.html\n    @pytest.mark.unit\n\ntests\\test_analytics.py:218\n  C:\\Users\\Devansh\\Downloads\\intern_application_round1\\tests\\test_analytics.py:218: PytestUnknownMarkWarning: Unknown pytest.mark.unit - is this a typo?  You can register custom marks to avoid this warning - for details, see https://docs.pytest.org/en/stable/how-to/mark.html\n    @pytest.mark.unit\n\ntests\\test_analytics.py:237\n  C:\\Users\\Devansh\\Downloads\\intern_application_round1\\tests\\test_analytics.py:237: PytestUnknownMarkWarning: Unknown pytest.mark.unit - is this a typo?  You can register custom marks to avoid this warning - for details, see https://docs.pytest.org/en/stable/how-to/mark.html\n    @pytest.mark.unit\n\ntests\\test_analytics.py:245\n  C:\\Users\\Devansh\\Downloads\\intern_application_round1\\tests\\test_analytics.py:245: PytestUnknownMarkWarning: Unknown pytest.mark.unit - is this a typo?  You can register custom marks to avoid this warning - for details, see https://docs.pytest.org/en/stable/how-to/mark.html\n    @pytest.mark.unit\n\ntests\\test_analytics.py:257\n  C:\\Users\\Devansh\\Downloads\\intern_application_round1\\tests\\test_analytics.py:257: PytestUnknownMarkWarning: Unknown pytest.mark.unit - is this a typo?  You can register custom marks to avoid this warning - for details, see https://docs.pytest.org/en/stable/how-to/mark.html\n    @pytest.mark.unit\n\ntests\\test_database.py:13\n  C:\\Users\\Devansh\\Downloads\\intern_application_round1\\tests\\test_database.py:13: PytestUnknownMarkWarning: Unknown pytest.mark.smoke - is this a typo?  You can register custom marks to avoid this warning - for details, see https://docs.pytest.org/en/stable/how-to/mark.html\n    @pytest.mark.smoke\n\ntests\\test_database.py:14\n  C:\\Users\\Devansh\\Downloads\\intern_application_round1\\tests\\test_database.py:14: PytestUnknownMarkWarning: Unknown pytest.mark.unit - is this a typo?  You can register custom marks to avoid this warning - for details, see https://docs.pytest.org/en/stable/how-to/mark.html\n    @pytest.mark.unit\n\ntests\\test_database.py:22\n  C:\\Users\\Devansh\\Downloads\\intern_application_round1\\tests\\test_database.py:22: PytestUnknownMarkWarning: Unknown pytest.mark.smoke - is this a typo?  You can register custom marks to avoid this warning - for details, see https://docs.pytest.org/en/stable/how-to/mark.html\n    @pytest.mark.smoke\n\ntests\\test_database.py:23\n  C:\\Users\\Devansh\\Downloads\\intern_application_round1\\tests\\test_database.py:23: PytestUnknownMarkWarning: Unknown pytest.mark.unit - is this a typo?  You can register custom marks to avoid this warning - for details, see https://docs.pytest.org/en/stable/how-to/mark.html\n    @pytest.mark.unit\n\ntests\\test_database.py:38\n  C:\\Users\\Devansh\\Downloads\\intern_application_round1\\tests\\test_database.py:38: PytestUnknownMarkWarning: Unknown pytest.mark.unit - is this a typo?  You can register custom marks to avoid this warning - for details, see https://docs.pytest.org/en/stable/how-to/mark.html\n    @pytest.mark.unit\n\ntests\\test_database.py:58\n  C:\\Users\\Devansh\\Downloads\\intern_application_round1\\tests\\test_database.py:58: PytestUnknownMarkWarning: Unknown pytest.mark.unit - is this a typo?  You can register custom marks to avoid this warning - for details, see https://docs.pytest.org/en/stable/how-to/mark.html\n    @pytest.mark.unit\n\ntests\\test_database.py:75\n  C:\\Users\\Devansh\\Downloads\\intern_application_round1\\tests\\test_database.py:75: PytestUnknownMarkWarning: Unknown pytest.mark.unit - is this a typo?  You can register custom marks to avoid this warning - for details, see https://docs.pytest.org/en/stable/how-to/mark.html\n    @pytest.mark.unit\n\ntests\\test_database.py:88\n  C:\\Users\\Devansh\\Downloads\\intern_application_round1\\tests\\test_database.py:88: PytestUnknownMarkWarning: Unknown pytest.mark.unit - is this a typo?  You can register custom marks to avoid this warning - for details, see https://docs.pytest.org/en/stable/how-to/mark.html\n    @pytest.mark.unit\n\ntests\\test_database.py:105\n  C:\\Users\\Devansh\\Downloads\\intern_application_round1\\tests\\test_database.py:105: PytestUnknownMarkWarning: Unknown pytest.mark.unit - is this a typo?  You can register custom marks to avoid this warning - for details, see https://docs.pytest.org/en/stable/how-to/mark.html\n    @pytest.mark.unit\n\ntests\\test_database.py:128\n  C:\\Users\\Devansh\\Downloads\\intern_application_round1\\tests\\test_database.py:128: PytestUnknownMarkWarning: Unknown pytest.mark.unit - is this a typo?  You can register custom marks to avoid this warning - for details, see https://docs.pytest.org/en/stable/how-to/mark.html\n    @pytest.mark.unit\n\ntests\\test_database.py:147\n  C:\\Users\\Devansh\\Downloads\\intern_application_round1\\tests\\test_database.py:147: PytestUnknownMarkWarning: Unknown pytest.mark.unit - is this a typo?  You can register custom marks to avoid this warning - for details, see https://docs.pytest.org/en/stable/how-to/mark.html\n    @pytest.mark.unit\n\ntests\\test_database.py:168\n  C:\\Users\\Devansh\\Downloads\\intern_application_round1\\tests\\test_database.py:168: PytestUnknownMarkWarning: Unknown pytest.mark.unit - is this a typo?  You can register custom marks to avoid this warning - for details, see https://docs.pytest.org/en/stable/how-to/mark.html\n    @pytest.mark.unit\n\ntests\\test_database.py:188\n  C:\\Users\\Devansh\\Downloads\\intern_application_round1\\tests\\test_database.py:188: PytestUnknownMarkWarning: Unknown pytest.mark.unit - is this a typo?  You can register custom marks to avoid this warning - for details, see https://docs.pytest.org/en/stable/how-to/mark.html\n    @pytest.mark.unit\n\ntests\\test_database.py:217\n  C:\\Users\\Devansh\\Downloads\\intern_application_round1\\tests\\test_database.py:217: PytestUnknownMarkWarning: Unknown pytest.mark.unit - is this a typo?  You can register custom marks to avoid this warning - for details, see https://docs.pytest.org/en/stable/how-to/mark.html\n    @pytest.mark.unit\n\ntests\\test_database.py:238\n  C:\\Users\\Devansh\\Downloads\\intern_application_round1\\tests\\test_database.py:238: PytestUnknownMarkWarning: Unknown pytest.mark.unit - is this a typo?  You can register custom marks to avoid this warning - for details, see https://docs.pytest.org/en/stable/how-to/mark.html\n    @pytest.mark.unit\n\ntests\\test_database.py:271\n  C:\\Users\\Devansh\\Downloads\\intern_application_round1\\tests\\test_database.py:271: PytestUnknownMarkWarning: Unknown pytest.mark.unit - is this a typo?  You can register custom marks to avoid this warning - for details, see https://docs.pytest.org/en/stable/how-to/mark.html\n    @pytest.mark.unit\n\ntests\\test_database.py:308\n  C:\\Users\\Devansh\\Downloads\\intern_application_round1\\tests\\test_database.py:308: PytestUnknownMarkWarning: Unknown pytest.mark.unit - is this a typo?  You can register custom marks to avoid this warning - for details, see https://docs.pytest.org/en/stable/how-to/mark.html\n    @pytest.mark.unit\n\ntests\\test_database.py:334\n  C:\\Users\\Devansh\\Downloads\\intern_application_round1\\tests\\test_database.py:334: PytestUnknownMarkWarning: Unknown pytest.mark.unit - is this a typo?  You can register custom marks to avoid this warning - for details, see https://docs.pytest.org/en/stable/how-to/mark.html\n    @pytest.mark.unit\n\ntests\\test_database.py:347\n  C:\\Users\\Devansh\\Downloads\\intern_application_round1\\tests\\test_database.py:347: PytestUnknownMarkWarning: Unknown pytest.mark.unit - is this a typo?  You can register custom marks to avoid this warning - for details, see https://docs.pytest.org/en/stable/how-to/mark.html\n    @pytest.mark.unit\n\ntests\\test_database.py:367\n  C:\\Users\\Devansh\\Downloads\\intern_application_round1\\tests\\test_database.py:367: PytestUnknownMarkWarning: Unknown pytest.mark.unit - is this a typo?  You can register custom marks to avoid this warning - for details, see https://docs.pytest.org/en/stable/how-to/mark.html\n    @pytest.mark.unit\n\ntests\\test_database.py:377\n  C:\\Users\\Devansh\\Downloads\\intern_application_round1\\tests\\test_database.py:377: PytestUnknownMarkWarning: Unknown pytest.mark.unit - is this a typo?  You can register custom marks to avoid this warning - for details, see https://docs.pytest.org/en/stable/how-to/mark.html\n    @pytest.mark.unit\n\ntests\\test_database.py:388\n  C:\\Users\\Devansh\\Downloads\\intern_application_round1\\tests\\test_database.py:388: PytestUnknownMarkWarning: Unknown pytest.mark.unit - is this a typo?  You can register custom marks to avoid this warning - for details, see https://docs.pytest.org/en/stable/how-to/mark.html\n    @pytest.mark.unit\n\ntests\\test_integration.py:42\n  C:\\Users\\Devansh\\Downloads\\intern_application_round1\\tests\\test_integration.py:42: PytestUnknownMarkWarning: Unknown pytest.mark.integration - is this a typo?  You can register custom marks to avoid this warning - for details, see https://docs.pytest.org/en/stable/how-to/mark.html\n    @pytest.mark.integration\n\ntests\\test_integration.py:82\n  C:\\Users\\Devansh\\Downloads\\intern_application_round1\\tests\\test_integration.py:82: PytestUnknownMarkWarning: Unknown pytest.mark.integration - is this a typo?  You can register custom marks to avoid this warning - for details, see https://docs.pytest.org/en/stable/how-to/mark.html\n    @pytest.mark.integration\n\ntests\\test_integration.py:105\n  C:\\Users\\Devansh\\Downloads\\intern_application_round1\\tests\\test_integration.py:105: PytestUnknownMarkWarning: Unknown pytest.mark.integration - is this a typo?  You can register custom marks to avoid this warning - for details, see https://docs.pytest.org/en/stable/how-to/mark.html\n    @pytest.mark.integration\n\ntests\\test_integration.py:123\n  C:\\Users\\Devansh\\Downloads\\intern_application_round1\\tests\\test_integration.py:123: PytestUnknownMarkWarning: Unknown pytest.mark.integration - is this a typo?  You can register custom marks to avoid this warning - for details, see https://docs.pytest.org/en/stable/how-to/mark.html\n    @pytest.mark.integration\n\ntests\\test_integration.py:144\n  C:\\Users\\Devansh\\Downloads\\intern_application_round1\\tests\\test_integration.py:144: PytestUnknownMarkWarning: Unknown pytest.mark.integration - is this a typo?  You can register custom marks to avoid this warning - for details, see https://docs.pytest.org/en/stable/how-to/mark.html\n    @pytest.mark.integration\n\ntests\\test_integration.py:201\n  C:\\Users\\Devansh\\Downloads\\intern_application_round1\\tests\\test_integration.py:201: PytestUnknownMarkWarning: Unknown pytest.mark.integration - is this a typo?  You can register custom marks to avoid this warning - for details, see https://docs.pytest.org/en/stable/how-to/mark.html\n    @pytest.mark.integration\n\ntests\\test_performance.py:24\n  C:\\Users\\Devansh\\Downloads\\intern_application_round1\\tests\\test_performance.py:24: PytestUnknownMarkWarning: Unknown pytest.mark.performance - is this a typo?  You can register custom marks to avoid this warning - for details, see https://docs.pytest.org/en/stable/how-to/mark.html\n    @pytest.mark.performance\n\ntests\\test_performance.py:72\n  C:\\Users\\Devansh\\Downloads\\intern_application_round1\\tests\\test_performance.py:72: PytestUnknownMarkWarning: Unknown pytest.mark.performance - is this a typo?  You can register custom marks to avoid this warning - for details, see https://docs.pytest.org/en/stable/how-to/mark.html\n    @pytest.mark.performance\n\ntests\\test_performance.py:126\n  C:\\Users\\Devansh\\Downloads\\intern_application_round1\\tests\\test_performance.py:126: PytestUnknownMarkWarning: Unknown pytest.mark.performance - is this a typo?  You can register custom marks to avoid this warning - for details, see https://docs.pytest.org/en/stable/how-to/mark.html\n    @pytest.mark.performance\n\ntests\\test_performance.py:197\n  C:\\Users\\Devansh\\Downloads\\intern_application_round1\\tests\\test_performance.py:197: PytestUnknownMarkWarning: Unknown pytest.mark.performance - is this a typo?  You can register custom marks to avoid this warning - for details, see https://docs.pytest.org/en/stable/how-to/mark.html\n    @pytest.mark.performance\n\ntests\\test_performance.py:240\n  C:\\Users\\Devansh\\Downloads\\intern_application_round1\\tests\\test_performance.py:240: PytestUnknownMarkWarning: Unknown pytest.mark.performance - is this a typo?  You can register custom marks to avoid this warning - for details, see https://docs.pytest.org/en/stable/how-to/mark.html\n    @pytest.mark.performance\n\ntests\\test_performance.py:268\n  C:\\Users\\Devansh\\Downloads\\intern_application_round1\\tests\\test_performance.py:268: PytestUnknownMarkWarning: Unknown pytest.mark.performance - is this a typo?  You can register custom marks to avoid this warning - for details, see https://docs.pytest.org/en/stable/how-to/mark.html\n    @pytest.mark.performance\n\ntests\\test_performance.py:314\n  C:\\Users\\Devansh\\Downloads\\intern_application_round1\\tests\\test_performance.py:314: PytestUnknownMarkWarning: Unknown pytest.mark.performance - is this a typo?  You can register custom marks to avoid this warning - for details, see https://docs.pytest.org/en/stable/how-to/mark.html\n    @pytest.mark.performance\n\ntests\\test_performance.py:361\n  C:\\Users\\Devansh\\Downloads\\intern_application_round1\\tests\\test_performance.py:361: PytestUnknownMarkWarning: Unknown pytest.mark.performance - is this a typo?  You can register custom marks to avoid this warning - for details, see https://docs.pytest.org/en/stable/how-to/mark.html\n    @pytest.mark.performance\n\ntests\\test_performance.py:405\n  C:\\Users\\Devansh\\Downloads\\intern_application_round1\\tests\\test_performance.py:405: PytestUnknownMarkWarning: Unknown pytest.mark.performance - is this a typo?  You can register custom marks to avoid this warning - for details, see https://docs.pytest.org/en/stable/how-to/mark.html\n    @pytest.mark.performance\n\ntests\\test_performance.py:457\n  C:\\Users\\Devansh\\Downloads\\intern_application_round1\\tests\\test_performance.py:457: PytestUnknownMarkWarning: Unknown pytest.mark.performance - is this a typo?  You can register custom marks to avoid this warning - for details, see https://docs.pytest.org/en/stable/how-to/mark.html\n    @pytest.mark.performance\n\ntests\\test_performance.py:504\n  C:\\Users\\Devansh\\Downloads\\intern_application_round1\\tests\\test_performance.py:504: PytestUnknownMarkWarning: Unknown pytest.mark.performance - is this a typo?  You can register custom marks to avoid this warning - for details, see https://docs.pytest.org/en/stable/how-to/mark.html\n    @pytest.mark.performance\n\ntests\\test_performance.py:548\n  C:\\Users\\Devansh\\Downloads\\intern_application_round1\\tests\\test_performance.py:548: PytestUnknownMarkWarning: Unknown pytest.mark.performance - is this a typo?  You can register custom marks to avoid this warning - for details, see https://docs.pytest.org/en/stable/how-to/mark.html\n    @pytest.mark.performance\n\ntests\\test_runner.py:19\n  C:\\Users\\Devansh\\Downloads\\intern_application_round1\\tests\\test_runner.py:19: PytestCollectionWarning: cannot collect test class 'TestRunner' because it has a __init__ constructor (from: tests/test_runner.py)\n    class TestRunner:\n\ntests\\test_scraper.py:20\n  C:\\Users\\Devansh\\Downloads\\intern_application_round1\\tests\\test_scraper.py:20: PytestUnknownMarkWarning: Unknown pytest.mark.smoke - is this a typo?  You can register custom marks to avoid this warning - for details, see https://docs.pytest.org/en/stable/how-to/mark.html\n    @pytest.mark.smoke\n\ntests\\test_scraper.py:21\n  C:\\Users\\Devansh\\Downloads\\intern_application_round1\\tests\\test_scraper.py:21: PytestUnknownMarkWarning: Unknown pytest.mark.unit - is this a typo?  You can register custom marks to avoid this warning - for details, see https://docs.pytest.org/en/stable/how-to/mark.html\n    @pytest.mark.unit\n\ntests\\test_scraper.py:30\n  C:\\Users\\Devansh\\Downloads\\intern_application_round1\\tests\\test_scraper.py:30: PytestUnknownMarkWarning: Unknown pytest.mark.smoke - is this a typo?  You can register custom marks to avoid this warning - for details, see https://docs.pytest.org/en/stable/how-to/mark.html\n    @pytest.mark.smoke\n\ntests\\test_scraper.py:31\n  C:\\Users\\Devansh\\Downloads\\intern_application_round1\\tests\\test_scraper.py:31: PytestUnknownMarkWarning: Unknown pytest.mark.unit - is this a typo?  You can register custom marks to avoid this warning - for details, see https://docs.pytest.org/en/stable/how-to/mark.html\n    @pytest.mark.unit\n\ntests\\test_scraper.py:93\n  C:\\Users\\Devansh\\Downloads\\intern_application_round1\\tests\\test_scraper.py:93: PytestUnknownMarkWarning: Unknown pytest.mark.unit - is this a typo?  You can register custom marks to avoid this warning - for details, see https://docs.pytest.org/en/stable/how-to/mark.html\n    @pytest.mark.unit\n\ntests\\test_scraper.py:487\n  C:\\Users\\Devansh\\Downloads\\intern_application_round1\\tests\\test_scraper.py:487: PytestUnknownMarkWarning: Unknown pytest.mark.unit - is this a typo?  You can register custom marks to avoid this warning - for details, see https://docs.pytest.org/en/stable/how-to/mark.html\n    @pytest.mark.unit\n\ntests\\test_scraper.py:498\n  C:\\Users\\Devansh\\Downloads\\intern_application_round1\\tests\\test_scraper.py:498: PytestUnknownMarkWarning: Unknown pytest.mark.unit - is this a typo?  You can register custom marks to avoid this warning - for details, see https://docs.pytest.org/en/stable/how-to/mark.html\n    @pytest.mark.unit\n\ntests\\test_scraper.py:513\n  C:\\Users\\Devansh\\Downloads\\intern_application_round1\\tests\\test_scraper.py:513: PytestUnknownMarkWarning: Unknown pytest.mark.unit - is this a typo?  You can register custom marks to avoid this warning - for details, see https://docs.pytest.org/en/stable/how-to/mark.html\n    @pytest.mark.unit\n\ntests\\test_scraper.py:529\n  C:\\Users\\Devansh\\Downloads\\intern_application_round1\\tests\\test_scraper.py:529: PytestUnknownMarkWarning: Unknown pytest.mark.unit - is this a typo?  You can register custom marks to avoid this warning - for details, see https://docs.pytest.org/en/stable/how-to/mark.html\n    @pytest.mark.unit\n\ntests\\test_scraper.py:565\n  C:\\Users\\Devansh\\Downloads\\intern_application_round1\\tests\\test_scraper.py:565: PytestUnknownMarkWarning: Unknown pytest.mark.unit - is this a typo?  You can register custom marks to avoid this warning - for details, see https://docs.pytest.org/en/stable/how-to/mark.html\n    @pytest.mark.unit\n\ntests\\test_scraper.py:579\n  C:\\Users\\Devansh\\Downloads\\intern_application_round1\\tests\\test_scraper.py:579: PytestUnknownMarkWarning: Unknown pytest.mark.unit - is this a typo?  You can register custom marks to avoid this warning - for details, see https://docs.pytest.org/en/stable/how-to/mark.html\n    @pytest.mark.unit\n\ntests\\test_security.py:18\n  C:\\Users\\Devansh\\Downloads\\intern_application_round1\\tests\\test_security.py:18: PytestUnknownMarkWarning: Unknown pytest.mark.security - is this a typo?  You can register custom marks to avoid this warning - for details, see https://docs.pytest.org/en/stable/how-to/mark.html\n    @pytest.mark.security\n\ntests\\test_security.py:42\n  C:\\Users\\Devansh\\Downloads\\intern_application_round1\\tests\\test_security.py:42: PytestUnknownMarkWarning: Unknown pytest.mark.security - is this a typo?  You can register custom marks to avoid this warning - for details, see https://docs.pytest.org/en/stable/how-to/mark.html\n    @pytest.mark.security\n\ntests\\test_security.py:72\n  C:\\Users\\Devansh\\Downloads\\intern_application_round1\\tests\\test_security.py:72: PytestUnknownMarkWarning: Unknown pytest.mark.security - is this a typo?  You can register custom marks to avoid this warning - for details, see https://docs.pytest.org/en/stable/how-to/mark.html\n    @pytest.mark.security\n\ntests\\test_security.py:96\n  C:\\Users\\Devansh\\Downloads\\intern_application_round1\\tests\\test_security.py:96: PytestUnknownMarkWarning: Unknown pytest.mark.security - is this a typo?  You can register custom marks to avoid this warning - for details, see https://docs.pytest.org/en/stable/how-to/mark.html\n    @pytest.mark.security\n\ntests\\test_security.py:116\n  C:\\Users\\Devansh\\Downloads\\intern_application_round1\\tests\\test_security.py:116: PytestUnknownMarkWarning: Unknown pytest.mark.security - is this a typo?  You can register custom marks to avoid this warning - for details, see https://docs.pytest.org/en/stable/how-to/mark.html\n    @pytest.mark.security\n\ntests\\test_security.py:143\n  C:\\Users\\Devansh\\Downloads\\intern_application_round1\\tests\\test_security.py:143: PytestUnknownMarkWarning: Unknown pytest.mark.security - is this a typo?  You can register custom marks to avoid this warning - for details, see https://docs.pytest.org/en/stable/how-to/mark.html\n    @pytest.mark.security\n\ntests\\test_security.py:162\n  C:\\Users\\Devansh\\Downloads\\intern_application_round1\\tests\\test_security.py:162: PytestUnknownMarkWarning: Unknown pytest.mark.security - is this a typo?  You can register custom marks to avoid this warning - for details, see https://docs.pytest.org/en/stable/how-to/mark.html\n    @pytest.mark.security\n\ntests\\test_security.py:183\n  C:\\Users\\Devansh\\Downloads\\intern_application_round1\\tests\\test_security.py:183: PytestUnknownMarkWarning: Unknown pytest.mark.security - is this a typo?  You can register custom marks to avoid this warning - for details, see https://docs.pytest.org/en/stable/how-to/mark.html\n    @pytest.mark.security\n\ntests\\test_security.py:208\n  C:\\Users\\Devansh\\Downloads\\intern_application_round1\\tests\\test_security.py:208: PytestUnknownMarkWarning: Unknown pytest.mark.security - is this a typo?  You can register custom marks to avoid this warning - for details, see https://docs.pytest.org/en/stable/how-to/mark.html\n    @pytest.mark.security\n\ntests\\test_security.py:230\n  C:\\Users\\Devansh\\Downloads\\intern_application_round1\\tests\\test_security.py:230: PytestUnknownMarkWarning: Unknown pytest.mark.security - is this a typo?  You can register custom marks to avoid this warning - for details, see https://docs.pytest.org/en/stable/how-to/mark.html\n    @pytest.mark.security\n\ntests\\test_security.py:255\n  C:\\Users\\Devansh\\Downloads\\intern_application_round1\\tests\\test_security.py:255: PytestUnknownMarkWarning: Unknown pytest.mark.security - is this a typo?  You can register custom marks to avoid this warning - for details, see https://docs.pytest.org/en/stable/how-to/mark.html\n    @pytest.mark.security\n\ntests\\test_security.py:275\n  C:\\Users\\Devansh\\Downloads\\intern_application_round1\\tests\\test_security.py:275: PytestUnknownMarkWarning: Unknown pytest.mark.security - is this a typo?  You can register custom marks to avoid this warning - for details, see https://docs.pytest.org/en/stable/how-to/mark.html\n    @pytest.mark.security\n\ntests\\test_security.py:299\n  C:\\Users\\Devansh\\Downloads\\intern_application_round1\\tests\\test_security.py:299: PytestUnknownMarkWarning: Unknown pytest.mark.security - is this a typo?  You can register custom marks to avoid this warning - for details, see https://docs.pytest.org/en/stable/how-to/mark.html\n    @pytest.mark.security\n\ntests\\test_security.py:323\n  C:\\Users\\Devansh\\Downloads\\intern_application_round1\\tests\\test_security.py:323: PytestUnknownMarkWarning: Unknown pytest.mark.security - is this a typo?  You can register custom marks to avoid this warning - for details, see https://docs.pytest.org/en/stable/how-to/mark.html\n    @pytest.mark.security\n\ntests\\test_security.py:350\n  C:\\Users\\Devansh\\Downloads\\intern_application_round1\\tests\\test_security.py:350: PytestUnknownMarkWarning: Unknown pytest.mark.security - is this a typo?  You can register custom marks to avoid this warning - for details, see https://docs.pytest.org/en/stable/how-to/mark.html\n    @pytest.mark.security\n\ntests\\test_security.py:366\n  C:\\Users\\Devansh\\Downloads\\intern_application_round1\\tests\\test_security.py:366: PytestUnknownMarkWarning: Unknown pytest.mark.security - is this a typo?  You can register custom marks to avoid this warning - for details, see https://docs.pytest.org/en/stable/how-to/mark.html\n    @pytest.mark.security\n\ntests\\test_security.py:386\n  C:\\Users\\Devansh\\Downloads\\intern_application_round1\\tests\\test_security.py:386: PytestUnknownMarkWarning: Unknown pytest.mark.security - is this a typo?  You can register custom marks to avoid this warning - for details, see https://docs.pytest.org/en/stable/how-to/mark.html\n    @pytest.mark.security\n\ntests\\test_ui.py:19\n  C:\\Users\\Devansh\\Downloads\\intern_application_round1\\tests\\test_ui.py:19: PytestUnknownMarkWarning: Unknown pytest.mark.unit - is this a typo?  You can register custom marks to avoid this warning - for details, see https://docs.pytest.org/en/stable/how-to/mark.html\n    @pytest.mark.unit\n\ntests\\test_ui.py:26\n  C:\\Users\\Devansh\\Downloads\\intern_application_round1\\tests\\test_ui.py:26: PytestUnknownMarkWarning: Unknown pytest.mark.unit - is this a typo?  You can register custom marks to avoid this warning - for details, see https://docs.pytest.org/en/stable/how-to/mark.html\n    @pytest.mark.unit\n\ntests\\test_ui.py:41\n  C:\\Users\\Devansh\\Downloads\\intern_application_round1\\tests\\test_ui.py:41: PytestUnknownMarkWarning: Unknown pytest.mark.unit - is this a typo?  You can register custom marks to avoid this warning - for details, see https://docs.pytest.org/en/stable/how-to/mark.html\n    @pytest.mark.unit\n\ntests\\test_ui.py:50\n  C:\\Users\\Devansh\\Downloads\\intern_application_round1\\tests\\test_ui.py:50: PytestUnknownMarkWarning: Unknown pytest.mark.unit - is this a typo?  You can register custom marks to avoid this warning - for details, see https://docs.pytest.org/en/stable/how-to/mark.html\n    @pytest.mark.unit\n\ntests\\test_ui.py:64\n  C:\\Users\\Devansh\\Downloads\\intern_application_round1\\tests\\test_ui.py:64: PytestUnknownMarkWarning: Unknown pytest.mark.unit - is this a typo?  You can register custom marks to avoid this warning - for details, see https://docs.pytest.org/en/stable/how-to/mark.html\n    @pytest.mark.unit\n\ntests\\test_ui.py:73\n  C:\\Users\\Devansh\\Downloads\\intern_application_round1\\tests\\test_ui.py:73: PytestUnknownMarkWarning: Unknown pytest.mark.unit - is this a typo?  You can register custom marks to avoid this warning - for details, see https://docs.pytest.org/en/stable/how-to/mark.html\n    @pytest.mark.unit\n\ntests\\test_ui.py:87\n  C:\\Users\\Devansh\\Downloads\\intern_application_round1\\tests\\test_ui.py:87: PytestUnknownMarkWarning: Unknown pytest.mark.unit - is this a typo?  You can register custom marks to avoid this warning - for details, see https://docs.pytest.org/en/stable/how-to/mark.html\n    @pytest.mark.unit\n\ntests\\test_ui.py:101\n  C:\\Users\\Devansh\\Downloads\\intern_application_round1\\tests\\test_ui.py:101: PytestUnknownMarkWarning: Unknown pytest.mark.unit - is this a typo?  You can register custom marks to avoid this warning - for details, see https://docs.pytest.org/en/stable/how-to/mark.html\n    @pytest.mark.unit\n\ntests\\test_ui.py:126\n  C:\\Users\\Devansh\\Downloads\\intern_application_round1\\tests\\test_ui.py:126: PytestUnknownMarkWarning: Unknown pytest.mark.unit - is this a typo?  You can register custom marks to avoid this warning - for details, see https://docs.pytest.org/en/stable/how-to/mark.html\n    @pytest.mark.unit\n\ntests\\test_ui.py:142\n  C:\\Users\\Devansh\\Downloads\\intern_application_round1\\tests\\test_ui.py:142: PytestUnknownMarkWarning: Unknown pytest.mark.unit - is this a typo?  You can register custom marks to avoid this warning - for details, see https://docs.pytest.org/en/stable/how-to/mark.html\n    @pytest.mark.unit\n\ntests\\test_ui.py:156\n  C:\\Users\\Devansh\\Downloads\\intern_application_round1\\tests\\test_ui.py:156: PytestUnknownMarkWarning: Unknown pytest.mark.unit - is this a typo?  You can register custom marks to avoid this warning - for details, see https://docs.pytest.org/en/stable/how-to/mark.html\n    @pytest.mark.unit\n\ntests\\test_ui.py:167\n  C:\\Users\\Devansh\\Downloads\\intern_application_round1\\tests\\test_ui.py:167: PytestUnknownMarkWarning: Unknown pytest.mark.unit - is this a typo?  You can register custom marks to avoid this warning - for details, see https://docs.pytest.org/en/stable/how-to/mark.html\n    @pytest.mark.unit\n\ntests\\test_ui.py:176\n  C:\\Users\\Devansh\\Downloads\\intern_application_round1\\tests\\test_ui.py:176: PytestUnknownMarkWarning: Unknown pytest.mark.unit - is this a typo?  You can register custom marks to avoid this warning - for details, see https://docs.pytest.org/en/stable/how-to/mark.html\n    @pytest.mark.unit\n\ntests\\test_ui.py:194\n  C:\\Users\\Devansh\\Downloads\\intern_application_round1\\tests\\test_ui.py:194: PytestUnknownMarkWarning: Unknown pytest.mark.unit - is this a typo?  You can register custom marks to avoid this warning - for details, see https://docs.pytest.org/en/stable/how-to/mark.html\n    @pytest.mark.unit\n\ntests\\test_ui.py:201\n  C:\\Users\\Devansh\\Downloads\\intern_application_round1\\tests\\test_ui.py:201: PytestUnknownMarkWarning: Unknown pytest.mark.unit - is this a typo?  You can register custom marks to avoid this warning - for details, see https://docs.pytest.org/en/stable/how-to/mark.html\n    @pytest.mark.unit\n\ntests/test_performance.py::TestDatabasePerformance::test_bulk_insert_performance\n  C:\\Users\\Devansh\\Downloads\\intern_application_round1\\tests\\test_performance.py:37: DeprecationWarning: datetime.datetime.utcnow() is deprecated and scheduled for removal in a future version. Use timezone-aware objects to represent datetimes in UTC: datetime.datetime.now(datetime.UTC).\n    'created_utc': datetime.utcnow(),\n\ntests/test_performance.py::TestDatabasePerformance::test_bulk_insert_performance\ntests/test_performance.py::TestDatabasePerformance::test_query_performance\ntests/test_performance.py::TestDatabasePerformance::test_concurrent_database_access\ntests/test_performance.py::TestDatabasePerformance::test_concurrent_database_access\ntests/test_performance.py::TestDatabasePerformance::test_concurrent_database_access\ntests/test_performance.py::TestDatabasePerformance::test_concurrent_database_access\ntests/test_performance.py::TestDatabasePerformance::test_concurrent_database_access\ntests/test_performance.py::TestMemoryPerformance::test_memory_usage_during_processing\ntests/test_performance.py::TestScalabilityLimits::test_maximum_concurrent_sessions\n  C:\\Users\\Devansh\\AppData\\Roaming\\Python\\Python312\\site-packages\\sqlalchemy\\sql\\schema.py:3616: DeprecationWarning: datetime.datetime.utcnow() is deprecated and scheduled for removal in a future version. Use timezone-aware objects to represent datetimes in UTC: datetime.datetime.now(datetime.UTC).\n    return util.wrap_callable(lambda ctx: fn(), fn)  # type: ignore\n\ntests/test_performance.py::TestDatabasePerformance::test_query_performance\n  C:\\Users\\Devansh\\Downloads\\intern_application_round1\\tests\\test_performance.py:92: DeprecationWarning: datetime.datetime.utcnow() is deprecated and scheduled for removal in a future version. Use timezone-aware objects to represent datetimes in UTC: datetime.datetime.now(datetime.UTC).\n    'created_utc': datetime.utcnow() - timedelta(hours=j),\n\ntests/test_performance.py::TestDatabasePerformance::test_concurrent_database_access\ntests/test_performance.py::TestDatabasePerformance::test_concurrent_database_access\ntests/test_performance.py::TestDatabasePerformance::test_concurrent_database_access\ntests/test_performance.py::TestDatabasePerformance::test_concurrent_database_access\ntests/test_performance.py::TestDatabasePerformance::test_concurrent_database_access\n  C:\\Users\\Devansh\\Downloads\\intern_application_round1\\tests\\test_performance.py:146: DeprecationWarning: datetime.datetime.utcnow() is deprecated and scheduled for removal in a future version. Use timezone-aware objects to represent datetimes in UTC: datetime.datetime.now(datetime.UTC).\n    'created_utc': datetime.utcnow(),\n\ntests/test_performance.py: 100 warnings\n  C:\\Users\\Devansh\\Downloads\\intern_application_round1\\tests\\test_performance.py:213: DeprecationWarning: datetime.datetime.utcnow() is deprecated and scheduled for removal in a future version. Use timezone-aware objects to represent datetimes in UTC: datetime.datetime.now(datetime.UTC).\n    'created_utc': datetime.utcnow(),\n\ntests/test_performance.py::TestScrapingPerformance::test_rate_limiting_efficiency\n  C:\\Program Files\\Python312\\Lib\\json\\decoder.py:338: RuntimeWarning: coroutine 'AsyncMockMixin._execute_mock_call' was never awaited\n    end = _w(s, end).end()\n  Enable tracemalloc to get traceback where the object was allocated.\n  See https://docs.pytest.org/en/stable/how-to/capture-warnings.html#resource-warnings for more info.\n\ntests/test_performance.py: 2000 warnings\n  C:\\Users\\Devansh\\Downloads\\intern_application_round1\\tests\\test_performance.py:331: DeprecationWarning: datetime.datetime.utcnow() is deprecated and scheduled for removal in a future version. Use timezone-aware objects to represent datetimes in UTC: datetime.datetime.now(datetime.UTC).\n    'created_utc': datetime.utcnow() - timedelta(hours=i % 100),\n\ntests/test_performance.py: 2000 warnings\n  C:\\Users\\Devansh\\Downloads\\intern_application_round1\\analytics\\data_validator.py:222: DeprecationWarning: datetime.datetime.utcnow() is deprecated and scheduled for removal in a future version. Use timezone-aware objects to represent datetimes in UTC: datetime.datetime.now(datetime.UTC).\n    'validation_timestamp': datetime.utcnow().isoformat()\n\ntests/test_performance.py: 2000 warnings\n  C:\\Users\\Devansh\\Downloads\\intern_application_round1\\tests\\test_performance.py:379: DeprecationWarning: datetime.datetime.utcnow() is deprecated and scheduled for removal in a future version. Use timezone-aware objects to represent datetimes in UTC: datetime.datetime.now(datetime.UTC).\n    'created_utc': datetime.utcnow() - timedelta(hours=i % 72),\n\ntests/test_performance.py: 100 warnings\n  C:\\Users\\Devansh\\Downloads\\intern_application_round1\\tests\\test_performance.py:431: DeprecationWarning: datetime.datetime.utcnow() is deprecated and scheduled for removal in a future version. Use timezone-aware objects to represent datetimes in UTC: datetime.datetime.now(datetime.UTC).\n    'created_utc': datetime.utcnow(),\n\ntests/test_performance.py::TestScalabilityLimits::test_maximum_concurrent_sessions\n  C:\\Users\\Devansh\\Downloads\\intern_application_round1\\tests\\test_performance.py:527: DeprecationWarning: datetime.datetime.utcnow() is deprecated and scheduled for removal in a future version. Use timezone-aware objects to represent datetimes in UTC: datetime.datetime.now(datetime.UTC).\n    'created_utc': datetime.utcnow(),\n\n-- Docs: https://docs.pytest.org/en/stable/how-to/capture-warnings.html\n=========================== short test summary info ===========================\nFAILED tests/test_performance.py::TestDatabasePerformance::test_bulk_insert_performance\nFAILED tests/test_performance.py::TestDatabasePerformance::test_query_performance\nFAILED tests/test_performance.py::TestDatabasePerformance::test_concurrent_database_access\nFAILED tests/test_performance.py::TestScrapingPerformance::test_scraper_throughput\nFAILED tests/test_performance.py::TestScrapingPerformance::test_rate_limiting_efficiency\nFAILED tests/test_performance.py::TestAnalyticsPerformance::test_metrics_calculation_performance\nFAILED tests/test_performance.py::TestAnalyticsPerformance::test_data_validation_performance\nFAILED tests/test_performance.py::TestVisualizationPerformance::test_chart_generation_performance\nFAILED tests/test_performance.py::TestMemoryPerformance::test_memory_usage_during_processing\nFAILED tests/test_performance.py::TestMemoryPerformance::test_memory_leak_detection\nFAILED tests/test_performance.py::TestScalabilityLimits::test_maximum_concurrent_sessions\nFAILED tests/test_performance.py::TestScalabilityLimits::test_large_dataset_processing\n======== 12 failed, 163 deselected, 6320 warnings in 60.92s (0:01:00) =========\n",
      "stderr": "Windows fatal exception: access violation\n\nCurrent thread 0x00003d5c (most recent call first):\n  File \"<frozen importlib._bootstrap>\", line 488 in _call_with_frames_removed\n  File \"<frozen importlib._bootstrap_external>\", line 1288 in create_module\n  File \"<frozen importlib._bootstrap>\", line 813 in module_from_spec\n  File \"<frozen importlib._bootstrap>\", line 921 in _load_unlocked\n  File \"<frozen importlib._bootstrap>\", line 1331 in _find_and_load_unlocked\n  File \"<frozen importlib._bootstrap>\", line 1360 in _find_and_load\n  File \"C:\\Users\\Devansh\\AppData\\Roaming\\Python\\Python312\\site-packages\\tensorflow\\python\\pywrap_tensorflow.py\", line 73 in <module>\n  File \"<frozen importlib._bootstrap>\", line 488 in _call_with_frames_removed\n  File \"<frozen importlib._bootstrap_external>\", line 994 in exec_module\n  File \"<frozen importlib._bootstrap>\", line 935 in _load_unlocked\n  File \"<frozen importlib._bootstrap>\", line 1331 in _find_and_load_unlocked\n  File \"<frozen importlib._bootstrap>\", line 1360 in _find_and_load\n  File \"<frozen importlib._bootstrap>\", line 488 in _call_with_frames_removed\n  File \"<frozen importlib._bootstrap>\", line 1415 in _handle_fromlist\n  File \"C:\\Users\\Devansh\\AppData\\Roaming\\Python\\Python312\\site-packages\\tensorflow\\__init__.py\", line 40 in <module>\n  File \"<frozen importlib._bootstrap>\", line 488 in _call_with_frames_removed\n  File \"<frozen importlib._bootstrap_external>\", line 994 in exec_module\n  File \"<frozen importlib._bootstrap>\", line 935 in _load_unlocked\n  File \"<frozen importlib._bootstrap>\", line 1331 in _find_and_load_unlocked\n  File \"<frozen importlib._bootstrap>\", line 1360 in _find_and_load\n  File \"C:\\Users\\Devansh\\AppData\\Roaming\\Python\\Python312\\site-packages\\transformers\\image_transforms.py\", line 47 in <module>\n  File \"<frozen importlib._bootstrap>\", line 488 in _call_with_frames_removed\n  File \"<frozen importlib._bootstrap_external>\", line 994 in exec_module\n  File \"<frozen importlib._bootstrap>\", line 935 in _load_unlocked\n  File \"<frozen importlib._bootstrap>\", line 1331 in _find_and_load_unlocked\n  File \"<frozen importlib._bootstrap>\", line 1360 in _find_and_load\n  File \"C:\\Users\\Devansh\\AppData\\Roaming\\Python\\Python312\\site-packages\\transformers\\image_processing_utils.py\", line 22 in <module>\n  File \"<frozen importlib._bootstrap>\", line 488 in _call_with_frames_removed\n  File \"<frozen importlib._bootstrap_external>\", line 994 in exec_module\n  File \"<frozen importlib._bootstrap>\", line 935 in _load_unlocked\n  File \"<frozen importlib._bootstrap>\", line 1331 in _find_and_load_unlocked\n  File \"<frozen importlib._bootstrap>\", line 1360 in _find_and_load\n  File \"C:\\Users\\Devansh\\AppData\\Roaming\\Python\\Python312\\site-packages\\transformers\\pipelines\\__init__.py\", line 26 in <module>\n  File \"<frozen importlib._bootstrap>\", line 488 in _call_with_frames_removed\n  File \"<frozen importlib._bootstrap_external>\", line 994 in exec_module\n  File \"<frozen importlib._bootstrap>\", line 935 in _load_unlocked\n  File \"<frozen importlib._bootstrap>\", line 1331 in _find_and_load_unlocked\n  File \"<frozen importlib._bootstrap>\", line 1360 in _find_and_load\n  File \"<frozen importlib._bootstrap>\", line 1387 in _gcd_import\n  File \"C:\\Program Files\\Python312\\Lib\\importlib\\__init__.py\", line 90 in import_module\n  File \"C:\\Users\\Devansh\\AppData\\Roaming\\Python\\Python312\\site-packages\\transformers\\utils\\import_utils.py\", line 2073 in _get_module\n  File \"C:\\Users\\Devansh\\AppData\\Roaming\\Python\\Python312\\site-packages\\transformers\\utils\\import_utils.py\", line 2045 in __getattr__\n  File \"<frozen importlib._bootstrap>\", line 1412 in _handle_fromlist\n  File \"C:\\Users\\Devansh\\Downloads\\intern_application_round1\\analytics\\advanced_sentiment.py\", line 12 in <module>\n  File \"<frozen importlib._bootstrap>\", line 488 in _call_with_frames_removed\n  File \"<frozen importlib._bootstrap_external>\", line 994 in exec_module\n  File \"<frozen importlib._bootstrap>\", line 935 in _load_unlocked\n  File \"<frozen importlib._bootstrap>\", line 1331 in _find_and_load_unlocked\n  File \"<frozen importlib._bootstrap>\", line 1360 in _find_and_load\n  File \"C:\\Users\\Devansh\\Downloads\\intern_application_round1\\tests\\test_analytics.py\", line 15 in <module>\n  File \"C:\\Users\\Devansh\\AppData\\Roaming\\Python\\Python312\\site-packages\\_pytest\\assertion\\rewrite.py\", line 185 in exec_module\n  File \"<frozen importlib._bootstrap>\", line 935 in _load_unlocked\n  File \"<frozen importlib._bootstrap>\", line 1331 in _find_and_load_unlocked\n  File \"<frozen importlib._bootstrap>\", line 1360 in _find_and_load\n  File \"<frozen importlib._bootstrap>\", line 1387 in _gcd_import\n  File \"C:\\Program Files\\Python312\\Lib\\importlib\\__init__.py\", line 90 in import_module\n  File \"C:\\Users\\Devansh\\AppData\\Roaming\\Python\\Python312\\site-packages\\_pytest\\pathlib.py\", line 587 in import_path\n  File \"C:\\Users\\Devansh\\AppData\\Roaming\\Python\\Python312\\site-packages\\_pytest\\python.py\", line 493 in importtestmodule\n  File \"C:\\Users\\Devansh\\AppData\\Roaming\\Python\\Python312\\site-packages\\_pytest\\python.py\", line 546 in _getobj\n  File \"C:\\Users\\Devansh\\AppData\\Roaming\\Python\\Python312\\site-packages\\_pytest\\python.py\", line 284 in obj\n  File \"C:\\Users\\Devansh\\AppData\\Roaming\\Python\\Python312\\site-packages\\_pytest\\python.py\", line 562 in _register_setup_module_fixture\n  File \"C:\\Users\\Devansh\\AppData\\Roaming\\Python\\Python312\\site-packages\\_pytest\\python.py\", line 549 in collect\n  File \"C:\\Users\\Devansh\\AppData\\Roaming\\Python\\Python312\\site-packages\\_pytest\\runner.py\", line 389 in collect\n  File \"C:\\Users\\Devansh\\AppData\\Roaming\\Python\\Python312\\site-packages\\_pytest\\runner.py\", line 341 in from_call\n  File \"C:\\Users\\Devansh\\AppData\\Roaming\\Python\\Python312\\site-packages\\_pytest\\runner.py\", line 391 in pytest_make_collect_report\n  File \"C:\\Users\\Devansh\\AppData\\Roaming\\Python\\Python312\\site-packages\\pluggy\\_callers.py\", line 103 in _multicall\n  File \"C:\\Users\\Devansh\\AppData\\Roaming\\Python\\Python312\\site-packages\\pluggy\\_manager.py\", line 120 in _hookexec\n  File \"C:\\Users\\Devansh\\AppData\\Roaming\\Python\\Python312\\site-packages\\pluggy\\_hooks.py\", line 513 in __call__\n  File \"C:\\Users\\Devansh\\AppData\\Roaming\\Python\\Python312\\site-packages\\_pytest\\runner.py\", line 567 in collect_one_node\n  File \"C:\\Users\\Devansh\\AppData\\Roaming\\Python\\Python312\\site-packages\\_pytest\\main.py\", line 835 in _collect_one_node\n  File \"C:\\Users\\Devansh\\AppData\\Roaming\\Python\\Python312\\site-packages\\_pytest\\main.py\", line 970 in genitems\n  File \"C:\\Users\\Devansh\\AppData\\Roaming\\Python\\Python312\\site-packages\\_pytest\\main.py\", line 975 in genitems\n  File \"C:\\Users\\Devansh\\AppData\\Roaming\\Python\\Python312\\site-packages\\_pytest\\main.py\", line 809 in perform_collect\n  File \"C:\\Users\\Devansh\\AppData\\Roaming\\Python\\Python312\\site-packages\\_pytest\\main.py\", line 347 in pytest_collection\n  File \"C:\\Users\\Devansh\\AppData\\Roaming\\Python\\Python312\\site-packages\\pluggy\\_callers.py\", line 103 in _multicall\n  File \"C:\\Users\\Devansh\\AppData\\Roaming\\Python\\Python312\\site-packages\\pluggy\\_manager.py\", line 120 in _hookexec\n  File \"C:\\Users\\Devansh\\AppData\\Roaming\\Python\\Python312\\site-packages\\pluggy\\_hooks.py\", line 513 in __call__\n  File \"C:\\Users\\Devansh\\AppData\\Roaming\\Python\\Python312\\site-packages\\_pytest\\main.py\", line 336 in _main\n  File \"C:\\Users\\Devansh\\AppData\\Roaming\\Python\\Python312\\site-packages\\_pytest\\main.py\", line 283 in wrap_session\n  File \"C:\\Users\\Devansh\\AppData\\Roaming\\Python\\Python312\\site-packages\\_pytest\\main.py\", line 330 in pytest_cmdline_main\n  File \"C:\\Users\\Devansh\\AppData\\Roaming\\Python\\Python312\\site-packages\\pluggy\\_callers.py\", line 103 in _multicall\n  File \"C:\\Users\\Devansh\\AppData\\Roaming\\Python\\Python312\\site-packages\\pluggy\\_manager.py\", line 120 in _hookexec\n  File \"C:\\Users\\Devansh\\AppData\\Roaming\\Python\\Python312\\site-packages\\pluggy\\_hooks.py\", line 513 in __call__\n  File \"C:\\Users\\Devansh\\AppData\\Roaming\\Python\\Python312\\site-packages\\_pytest\\config\\__init__.py\", line 175 in main\n  File \"C:\\Users\\Devansh\\AppData\\Roaming\\Python\\Python312\\site-packages\\_pytest\\config\\__init__.py\", line 201 in console_main\n  File \"C:\\Users\\Devansh\\AppData\\Roaming\\Python\\Python312\\site-packages\\pytest\\__main__.py\", line 9 in <module>\n  File \"<frozen runpy>\", line 88 in _run_code\n  File \"<frozen runpy>\", line 198 in _run_module_as_main\n",
      "critical": false
    }
  },
  "system_status": "needs_attention"
}