<!DOCTYPE html>
<html>
  <head>
    <meta charset="utf-8"/>
    <title id="head-title">test_report_20250529_014032.html</title>
      <style type="text/css">body {
  font-family: Helvetica, Arial, sans-serif;
  font-size: 12px;
  /* do not increase min-width as some may use split screens */
  min-width: 800px;
  color: #999;
}

h1 {
  font-size: 24px;
  color: black;
}

h2 {
  font-size: 16px;
  color: black;
}

p {
  color: black;
}

a {
  color: #999;
}

table {
  border-collapse: collapse;
}

/******************************
 * SUMMARY INFORMATION
 ******************************/
#environment td {
  padding: 5px;
  border: 1px solid #e6e6e6;
  vertical-align: top;
}
#environment tr:nth-child(odd) {
  background-color: #f6f6f6;
}
#environment ul {
  margin: 0;
  padding: 0 20px;
}

/******************************
 * TEST RESULT COLORS
 ******************************/
span.passed,
.passed .col-result {
  color: green;
}

span.skipped,
span.xfailed,
span.rerun,
.skipped .col-result,
.xfailed .col-result,
.rerun .col-result {
  color: orange;
}

span.error,
span.failed,
span.xpassed,
.error .col-result,
.failed .col-result,
.xpassed .col-result {
  color: red;
}

.col-links__extra {
  margin-right: 3px;
}

/******************************
 * RESULTS TABLE
 *
 * 1. Table Layout
 * 2. Extra
 * 3. Sorting items
 *
 ******************************/
/*------------------
 * 1. Table Layout
 *------------------*/
#results-table {
  border: 1px solid #e6e6e6;
  color: #999;
  font-size: 12px;
  width: 100%;
}
#results-table th,
#results-table td {
  padding: 5px;
  border: 1px solid #e6e6e6;
  text-align: left;
}
#results-table th {
  font-weight: bold;
}

/*------------------
 * 2. Extra
 *------------------*/
.logwrapper {
  max-height: 230px;
  overflow-y: scroll;
  background-color: #e6e6e6;
}
.logwrapper.expanded {
  max-height: none;
}
.logwrapper.expanded .logexpander:after {
  content: "collapse [-]";
}
.logwrapper .logexpander {
  z-index: 1;
  position: sticky;
  top: 10px;
  width: max-content;
  border: 1px solid;
  border-radius: 3px;
  padding: 5px 7px;
  margin: 10px 0 10px calc(100% - 80px);
  cursor: pointer;
  background-color: #e6e6e6;
}
.logwrapper .logexpander:after {
  content: "expand [+]";
}
.logwrapper .logexpander:hover {
  color: #000;
  border-color: #000;
}
.logwrapper .log {
  min-height: 40px;
  position: relative;
  top: -50px;
  height: calc(100% + 50px);
  border: 1px solid #e6e6e6;
  color: black;
  display: block;
  font-family: "Courier New", Courier, monospace;
  padding: 5px;
  padding-right: 80px;
  white-space: pre-wrap;
}

div.media {
  border: 1px solid #e6e6e6;
  float: right;
  height: 240px;
  margin: 0 5px;
  overflow: hidden;
  width: 320px;
}

.media-container {
  display: grid;
  grid-template-columns: 25px auto 25px;
  align-items: center;
  flex: 1 1;
  overflow: hidden;
  height: 200px;
}

.media-container--fullscreen {
  grid-template-columns: 0px auto 0px;
}

.media-container__nav--right,
.media-container__nav--left {
  text-align: center;
  cursor: pointer;
}

.media-container__viewport {
  cursor: pointer;
  text-align: center;
  height: inherit;
}
.media-container__viewport img,
.media-container__viewport video {
  object-fit: cover;
  width: 100%;
  max-height: 100%;
}

.media__name,
.media__counter {
  display: flex;
  flex-direction: row;
  justify-content: space-around;
  flex: 0 0 25px;
  align-items: center;
}

.collapsible td:not(.col-links) {
  cursor: pointer;
}
.collapsible td:not(.col-links):hover::after {
  color: #bbb;
  font-style: italic;
  cursor: pointer;
}

.col-result {
  width: 130px;
}
.col-result:hover::after {
  content: " (hide details)";
}

.col-result.collapsed:hover::after {
  content: " (show details)";
}

#environment-header h2:hover::after {
  content: " (hide details)";
  color: #bbb;
  font-style: italic;
  cursor: pointer;
  font-size: 12px;
}

#environment-header.collapsed h2:hover::after {
  content: " (show details)";
  color: #bbb;
  font-style: italic;
  cursor: pointer;
  font-size: 12px;
}

/*------------------
 * 3. Sorting items
 *------------------*/
.sortable {
  cursor: pointer;
}
.sortable.desc:after {
  content: " ";
  position: relative;
  left: 5px;
  bottom: -12.5px;
  border: 10px solid #4caf50;
  border-bottom: 0;
  border-left-color: transparent;
  border-right-color: transparent;
}
.sortable.asc:after {
  content: " ";
  position: relative;
  left: 5px;
  bottom: 12.5px;
  border: 10px solid #4caf50;
  border-top: 0;
  border-left-color: transparent;
  border-right-color: transparent;
}

.hidden, .summary__reload__button.hidden {
  display: none;
}

.summary__data {
  flex: 0 0 550px;
}
.summary__reload {
  flex: 1 1;
  display: flex;
  justify-content: center;
}
.summary__reload__button {
  flex: 0 0 300px;
  display: flex;
  color: white;
  font-weight: bold;
  background-color: #4caf50;
  text-align: center;
  justify-content: center;
  align-items: center;
  border-radius: 3px;
  cursor: pointer;
}
.summary__reload__button:hover {
  background-color: #46a049;
}
.summary__spacer {
  flex: 0 0 550px;
}

.controls {
  display: flex;
  justify-content: space-between;
}

.filters,
.collapse {
  display: flex;
  align-items: center;
}
.filters button,
.collapse button {
  color: #999;
  border: none;
  background: none;
  cursor: pointer;
  text-decoration: underline;
}
.filters button:hover,
.collapse button:hover {
  color: #ccc;
}

.filter__label {
  margin-right: 10px;
}

      </style>
    
  </head>
  <body>
    <h1 id="title">test_report_20250529_014032.html</h1>
    <p>Report generated on 29-May-2025 at 01:42:08 by <a href="https://pypi.python.org/pypi/pytest-html">pytest-html</a>
        v4.1.1</p>
    <div id="environment-header">
      <h2>Environment</h2>
    </div>
    <table id="environment"></table>
    <!-- TEMPLATES -->
      <template id="template_environment_row">
      <tr>
        <td></td>
        <td></td>
      </tr>
    </template>
    <template id="template_results-table__body--empty">
      <tbody class="results-table-row">
        <tr id="not-found-message">
          <td colspan="4">No results found. Check the filters.</th>
        </tr>
    </template>
    <template id="template_results-table__tbody">
      <tbody class="results-table-row">
        <tr class="collapsible">
        </tr>
        <tr class="extras-row">
          <td class="extra" colspan="4">
            <div class="extraHTML"></div>
            <div class="media">
              <div class="media-container">
                  <div class="media-container__nav--left"><</div>
                  <div class="media-container__viewport">
                    <img src="" />
                    <video controls>
                      <source src="" type="video/mp4">
                    </video>
                  </div>
                  <div class="media-container__nav--right">></div>
                </div>
                <div class="media__name"></div>
                <div class="media__counter"></div>
            </div>
            <div class="logwrapper">
              <div class="logexpander"></div>
              <div class="log"></div>
            </div>
          </td>
        </tr>
      </tbody>
    </template>
    <!-- END TEMPLATES -->
    <div class="summary">
      <div class="summary__data">
        <h2>Summary</h2>
        <div class="additional-summary prefix">
        </div>
        <p class="run-count">106 tests took 00:01:18.</p>
        <p class="filter">(Un)check the boxes to filter the results.</p>
        <div class="summary__reload">
          <div class="summary__reload__button hidden" onclick="location.reload()">
            <div>There are still tests running. <br />Reload this page to get the latest results!</div>
          </div>
        </div>
        <div class="summary__spacer"></div>
        <div class="controls">
          <div class="filters">
            <input checked="true" class="filter" name="filter_checkbox" type="checkbox" data-test-result="failed" />
            <span class="failed">63 Failed,</span>
            <input checked="true" class="filter" name="filter_checkbox" type="checkbox" data-test-result="passed" />
            <span class="passed">43 Passed,</span>
            <input checked="true" class="filter" name="filter_checkbox" type="checkbox" data-test-result="skipped" disabled/>
            <span class="skipped">0 Skipped,</span>
            <input checked="true" class="filter" name="filter_checkbox" type="checkbox" data-test-result="xfailed" disabled/>
            <span class="xfailed">0 Expected failures,</span>
            <input checked="true" class="filter" name="filter_checkbox" type="checkbox" data-test-result="xpassed" disabled/>
            <span class="xpassed">0 Unexpected passes,</span>
            <input checked="true" class="filter" name="filter_checkbox" type="checkbox" data-test-result="error" />
            <span class="error">5 Errors,</span>
            <input checked="true" class="filter" name="filter_checkbox" type="checkbox" data-test-result="rerun" disabled/>
            <span class="rerun">0 Reruns</span>
          </div>
          <div class="collapse">
            <button id="show_all_details">Show all details</button>&nbsp;/&nbsp;<button id="hide_all_details">Hide all details</button>
          </div>
        </div>
      </div>
      <div class="additional-summary summary">
      </div>
      <div class="additional-summary postfix">
      </div>
    </div>
    <table id="results-table">
      <thead id="results-table-head">
        <tr>
          <th class="sortable" data-column-type="result">Result</th>
          <th class="sortable" data-column-type="testId">Test</th>
          <th class="sortable" data-column-type="duration">Duration</th>
          <th>Links</th>
        </tr>
      </thead>
    </table>
  </body>
  <footer>
    <div id="data-container" data-jsonblob="{&#34;environment&#34;: {&#34;Python&#34;: &#34;3.12.1&#34;, &#34;Platform&#34;: &#34;Windows-10-10.0.19045-SP0&#34;, &#34;Packages&#34;: {&#34;pytest&#34;: &#34;8.3.5&#34;, &#34;pluggy&#34;: &#34;1.5.0&#34;}, &#34;Plugins&#34;: {&#34;anyio&#34;: &#34;4.8.0&#34;, &#34;asyncio&#34;: &#34;0.21.1&#34;, &#34;cov&#34;: &#34;4.1.0&#34;, &#34;html&#34;: &#34;4.1.1&#34;, &#34;metadata&#34;: &#34;3.1.1&#34;, &#34;xdist&#34;: &#34;3.7.0&#34;}}, &#34;tests&#34;: {&#34;tests/test_database.py::TestDatabaseManager::test_database_initialization&#34;: [{&#34;extras&#34;: [], &#34;result&#34;: &#34;Passed&#34;, &#34;testId&#34;: &#34;tests/test_database.py::TestDatabaseManager::test_database_initialization&#34;, &#34;duration&#34;: &#34;41 ms&#34;, &#34;resultsTableRow&#34;: [&#34;&lt;td class=\&#34;col-result\&#34;&gt;Passed&lt;/td&gt;&#34;, &#34;&lt;td class=\&#34;col-testId\&#34;&gt;tests/test_database.py::TestDatabaseManager::test_database_initialization&lt;/td&gt;&#34;, &#34;&lt;td class=\&#34;col-duration\&#34;&gt;41 ms&lt;/td&gt;&#34;, &#34;&lt;td class=\&#34;col-links\&#34;&gt;&lt;/td&gt;&#34;], &#34;log&#34;: &#34;No log output captured.&#34;}], &#34;tests/test_database.py::TestDatabaseManager::test_create_search_session&#34;: [{&#34;extras&#34;: [], &#34;result&#34;: &#34;Passed&#34;, &#34;testId&#34;: &#34;tests/test_database.py::TestDatabaseManager::test_create_search_session&#34;, &#34;duration&#34;: &#34;15 ms&#34;, &#34;resultsTableRow&#34;: [&#34;&lt;td class=\&#34;col-result\&#34;&gt;Passed&lt;/td&gt;&#34;, &#34;&lt;td class=\&#34;col-testId\&#34;&gt;tests/test_database.py::TestDatabaseManager::test_create_search_session&lt;/td&gt;&#34;, &#34;&lt;td class=\&#34;col-duration\&#34;&gt;15 ms&lt;/td&gt;&#34;, &#34;&lt;td class=\&#34;col-links\&#34;&gt;&lt;/td&gt;&#34;], &#34;log&#34;: &#34;No log output captured.&#34;}], &#34;tests/test_database.py::TestDatabaseManager::test_add_mention&#34;: [{&#34;extras&#34;: [], &#34;result&#34;: &#34;Failed&#34;, &#34;testId&#34;: &#34;tests/test_database.py::TestDatabaseManager::test_add_mention&#34;, &#34;duration&#34;: &#34;11 ms&#34;, &#34;resultsTableRow&#34;: [&#34;&lt;td class=\&#34;col-result\&#34;&gt;Failed&lt;/td&gt;&#34;, &#34;&lt;td class=\&#34;col-testId\&#34;&gt;tests/test_database.py::TestDatabaseManager::test_add_mention&lt;/td&gt;&#34;, &#34;&lt;td class=\&#34;col-duration\&#34;&gt;11 ms&lt;/td&gt;&#34;, &#34;&lt;td class=\&#34;col-links\&#34;&gt;&lt;/td&gt;&#34;], &#34;log&#34;: &#34;self = &amp;lt;tests.test_database.TestDatabaseManager object at 0x00000135389B8650&amp;gt;\ndb_manager = &amp;lt;database.models.DatabaseManager object at 0x0000013570B22750&amp;gt;\nsample_mention_data = {&amp;#x27;author&amp;#x27;: &amp;#x27;test_user&amp;#x27;, &amp;#x27;content&amp;#x27;: &amp;#x27;This is a test post discussing OpenAI technology and its impact.&amp;#x27;, &amp;#x27;created_utc&amp;#x27;: datetime.datetime(2025, 5, 28, 20, 10, 47, 743469), &amp;#x27;num_comments&amp;#x27;: 15, ...}\n\n    def test_add_mention(self, db_manager, sample_mention_data):\n        &amp;quot;&amp;quot;&amp;quot;Test adding Reddit mentions.&amp;quot;&amp;quot;&amp;quot;\n        # Create session first\n        session_id = db_manager.create_search_session(&amp;quot;test&amp;quot;)\n    \n        # Add mention\n&amp;gt;       mention_id = db_manager.add_mention(session_id, sample_mention_data)\nE       TypeError: DatabaseManager.add_mention() takes 2 positional arguments but 3 were given\n\ntests\\test_database.py:51: TypeError\n&#34;}], &#34;tests/test_database.py::TestDatabaseManager::test_get_mentions_by_session&#34;: [{&#34;extras&#34;: [], &#34;result&#34;: &#34;Failed&#34;, &#34;testId&#34;: &#34;tests/test_database.py::TestDatabaseManager::test_get_mentions_by_session&#34;, &#34;duration&#34;: &#34;11 ms&#34;, &#34;resultsTableRow&#34;: [&#34;&lt;td class=\&#34;col-result\&#34;&gt;Failed&lt;/td&gt;&#34;, &#34;&lt;td class=\&#34;col-testId\&#34;&gt;tests/test_database.py::TestDatabaseManager::test_get_mentions_by_session&lt;/td&gt;&#34;, &#34;&lt;td class=\&#34;col-duration\&#34;&gt;11 ms&lt;/td&gt;&#34;, &#34;&lt;td class=\&#34;col-links\&#34;&gt;&lt;/td&gt;&#34;], &#34;log&#34;: &#34;self = &amp;lt;tests.test_database.TestDatabaseManager object at 0x00000135389B8800&amp;gt;\ndb_manager = &amp;lt;database.models.DatabaseManager object at 0x0000013570BDC7A0&amp;gt;\nsample_mentions_list = [{&amp;#x27;author&amp;#x27;: &amp;#x27;test_user&amp;#x27;, &amp;#x27;content&amp;#x27;: &amp;#x27;This is a test post discussing OpenAI technology and its impact.&amp;#x27;, &amp;#x27;created_utc&amp;#x27;:...ogy and its impact.&amp;#x27;, &amp;#x27;created_utc&amp;#x27;: datetime.datetime(2025, 5, 28, 20, 10, 47, 763469), &amp;#x27;num_comments&amp;#x27;: 15, ...}, ...]\n\n    def test_get_mentions_by_session(self, db_manager, sample_mentions_list):\n        &amp;quot;&amp;quot;&amp;quot;Test retrieving mentions by session.&amp;quot;&amp;quot;&amp;quot;\n        # Create session\n        session_id = db_manager.create_search_session(&amp;quot;test&amp;quot;)\n    \n        # Add multiple mentions\n        for mention_data in sample_mentions_list:\n&amp;gt;           db_manager.add_mention(session_id, mention_data)\nE           TypeError: DatabaseManager.add_mention() takes 2 positional arguments but 3 were given\n\ntests\\test_database.py:71: TypeError\n&#34;}], &#34;tests/test_database.py::TestDatabaseManager::test_get_recent_sessions&#34;: [{&#34;extras&#34;: [], &#34;result&#34;: &#34;Failed&#34;, &#34;testId&#34;: &#34;tests/test_database.py::TestDatabaseManager::test_get_recent_sessions&#34;, &#34;duration&#34;: &#34;20 ms&#34;, &#34;resultsTableRow&#34;: [&#34;&lt;td class=\&#34;col-result\&#34;&gt;Failed&lt;/td&gt;&#34;, &#34;&lt;td class=\&#34;col-testId\&#34;&gt;tests/test_database.py::TestDatabaseManager::test_get_recent_sessions&lt;/td&gt;&#34;, &#34;&lt;td class=\&#34;col-duration\&#34;&gt;20 ms&lt;/td&gt;&#34;, &#34;&lt;td class=\&#34;col-links\&#34;&gt;&lt;/td&gt;&#34;], &#34;log&#34;: &#34;self = &amp;lt;tests.test_database.TestDatabaseManager object at 0x00000135389B89E0&amp;gt;\ndb_manager = &amp;lt;database.models.DatabaseManager object at 0x0000013570B234D0&amp;gt;\n\n    def test_get_recent_sessions(self, db_manager):\n        &amp;quot;&amp;quot;&amp;quot;Test retrieving recent search sessions.&amp;quot;&amp;quot;&amp;quot;\n        # Create multiple sessions\n        session_ids = []\n        for i in range(5):\n            session_id = db_manager.create_search_session(f&amp;quot;test_{i}&amp;quot;)\n            session_ids.append(session_id)\n    \n        # Get recent sessions\n&amp;gt;       recent_sessions = db_manager.get_recent_sessions(limit=3)\nE       AttributeError: &amp;#x27;DatabaseManager&amp;#x27; object has no attribute &amp;#x27;get_recent_sessions&amp;#x27;. Did you mean: &amp;#x27;get_latest_session&amp;#x27;?\n\ntests\\test_database.py:88: AttributeError\n&#34;}], &#34;tests/test_database.py::TestDatabaseManager::test_duplicate_reddit_id_handling&#34;: [{&#34;extras&#34;: [], &#34;result&#34;: &#34;Failed&#34;, &#34;testId&#34;: &#34;tests/test_database.py::TestDatabaseManager::test_duplicate_reddit_id_handling&#34;, &#34;duration&#34;: &#34;11 ms&#34;, &#34;resultsTableRow&#34;: [&#34;&lt;td class=\&#34;col-result\&#34;&gt;Failed&lt;/td&gt;&#34;, &#34;&lt;td class=\&#34;col-testId\&#34;&gt;tests/test_database.py::TestDatabaseManager::test_duplicate_reddit_id_handling&lt;/td&gt;&#34;, &#34;&lt;td class=\&#34;col-duration\&#34;&gt;11 ms&lt;/td&gt;&#34;, &#34;&lt;td class=\&#34;col-links\&#34;&gt;&lt;/td&gt;&#34;], &#34;log&#34;: &#34;self = &amp;lt;tests.test_database.TestDatabaseManager object at 0x00000135389B8B60&amp;gt;\ndb_manager = &amp;lt;database.models.DatabaseManager object at 0x000001356FAFE6C0&amp;gt;\nsample_mention_data = {&amp;#x27;author&amp;#x27;: &amp;#x27;test_user&amp;#x27;, &amp;#x27;content&amp;#x27;: &amp;#x27;This is a test post discussing OpenAI technology and its impact.&amp;#x27;, &amp;#x27;created_utc&amp;#x27;: datetime.datetime(2025, 5, 28, 20, 10, 47, 812467), &amp;#x27;num_comments&amp;#x27;: 15, ...}\n\n    def test_duplicate_reddit_id_handling(self, db_manager, sample_mention_data):\n        &amp;quot;&amp;quot;&amp;quot;Test handling of duplicate Reddit IDs.&amp;quot;&amp;quot;&amp;quot;\n        session_id = db_manager.create_search_session(&amp;quot;test&amp;quot;)\n    \n        # Add mention first time\n&amp;gt;       mention_id_1 = db_manager.add_mention(session_id, sample_mention_data)\nE       TypeError: DatabaseManager.add_mention() takes 2 positional arguments but 3 were given\n\ntests\\test_database.py:99: TypeError\n&#34;}], &#34;tests/test_database.py::TestDatabaseManager::test_session_context_manager&#34;: [{&#34;extras&#34;: [], &#34;result&#34;: &#34;Passed&#34;, &#34;testId&#34;: &#34;tests/test_database.py::TestDatabaseManager::test_session_context_manager&#34;, &#34;duration&#34;: &#34;16 ms&#34;, &#34;resultsTableRow&#34;: [&#34;&lt;td class=\&#34;col-result\&#34;&gt;Passed&lt;/td&gt;&#34;, &#34;&lt;td class=\&#34;col-testId\&#34;&gt;tests/test_database.py::TestDatabaseManager::test_session_context_manager&lt;/td&gt;&#34;, &#34;&lt;td class=\&#34;col-duration\&#34;&gt;16 ms&lt;/td&gt;&#34;, &#34;&lt;td class=\&#34;col-links\&#34;&gt;&lt;/td&gt;&#34;], &#34;log&#34;: &#34;No log output captured.&#34;}], &#34;tests/test_database.py::TestDatabaseManager::test_database_cleanup&#34;: [{&#34;extras&#34;: [], &#34;result&#34;: &#34;Failed&#34;, &#34;testId&#34;: &#34;tests/test_database.py::TestDatabaseManager::test_database_cleanup&#34;, &#34;duration&#34;: &#34;17 ms&#34;, &#34;resultsTableRow&#34;: [&#34;&lt;td class=\&#34;col-result\&#34;&gt;Failed&lt;/td&gt;&#34;, &#34;&lt;td class=\&#34;col-testId\&#34;&gt;tests/test_database.py::TestDatabaseManager::test_database_cleanup&lt;/td&gt;&#34;, &#34;&lt;td class=\&#34;col-duration\&#34;&gt;17 ms&lt;/td&gt;&#34;, &#34;&lt;td class=\&#34;col-links\&#34;&gt;&lt;/td&gt;&#34;], &#34;log&#34;: &#34;self = &amp;lt;tests.test_database.TestDatabaseManager object at 0x00000135389B8E90&amp;gt;\ndb_manager = &amp;lt;database.models.DatabaseManager object at 0x0000013570BDEB70&amp;gt;\nsample_mentions_list = [{&amp;#x27;author&amp;#x27;: &amp;#x27;test_user&amp;#x27;, &amp;#x27;content&amp;#x27;: &amp;#x27;This is a test post discussing OpenAI technology and its impact.&amp;#x27;, &amp;#x27;created_utc&amp;#x27;:...ogy and its impact.&amp;#x27;, &amp;#x27;created_utc&amp;#x27;: datetime.datetime(2025, 5, 28, 20, 10, 47, 849468), &amp;#x27;num_comments&amp;#x27;: 15, ...}, ...]\n\n    def test_database_cleanup(self, db_manager, sample_mentions_list):\n        &amp;quot;&amp;quot;&amp;quot;Test database cleanup operations.&amp;quot;&amp;quot;&amp;quot;\n        # Create old session\n        session_id = db_manager.create_search_session(&amp;quot;old_test&amp;quot;)\n    \n        # Manually set old timestamp\n        with db_manager.get_session() as session:\n            search_session = session.query(SearchSession).filter_by(id=session_id).first()\n            search_session.created_at = datetime.utcnow() - timedelta(days=35)\n            session.commit()\n    \n        # Add mentions to old session\n        for mention_data in sample_mentions_list[:3]:\n&amp;gt;           db_manager.add_mention(session_id, mention_data)\nE           TypeError: DatabaseManager.add_mention() takes 2 positional arguments but 3 were given\n\ntests\\test_database.py:137: TypeError\n&#34;}], &#34;tests/test_database.py::TestSearchSession::test_search_session_creation&#34;: [{&#34;extras&#34;: [], &#34;result&#34;: &#34;Failed&#34;, &#34;testId&#34;: &#34;tests/test_database.py::TestSearchSession::test_search_session_creation&#34;, &#34;duration&#34;: &#34;1 ms&#34;, &#34;resultsTableRow&#34;: [&#34;&lt;td class=\&#34;col-result\&#34;&gt;Failed&lt;/td&gt;&#34;, &#34;&lt;td class=\&#34;col-testId\&#34;&gt;tests/test_database.py::TestSearchSession::test_search_session_creation&lt;/td&gt;&#34;, &#34;&lt;td class=\&#34;col-duration\&#34;&gt;1 ms&lt;/td&gt;&#34;, &#34;&lt;td class=\&#34;col-links\&#34;&gt;&lt;/td&gt;&#34;], &#34;log&#34;: &#34;self = &amp;lt;tests.test_database.TestSearchSession object at 0x00000135389B91C0&amp;gt;\n\n    def test_search_session_creation(self):\n        &amp;quot;&amp;quot;&amp;quot;Test SearchSession model creation.&amp;quot;&amp;quot;&amp;quot;\n        session = SearchSession(search_term=&amp;quot;OpenAI&amp;quot;)\n    \n        assert session.search_term == &amp;quot;OpenAI&amp;quot;\n&amp;gt;       assert session.created_at is not None\nE       assert None is not None\nE        +  where None = &amp;lt;database.models.SearchSession object at 0x0000013570BF5880&amp;gt;.created_at\n\ntests\\test_database.py:162: AssertionError\n&#34;}], &#34;tests/test_database.py::TestSearchSession::test_search_session_repr&#34;: [{&#34;extras&#34;: [], &#34;result&#34;: &#34;Failed&#34;, &#34;testId&#34;: &#34;tests/test_database.py::TestSearchSession::test_search_session_repr&#34;, &#34;duration&#34;: &#34;1 ms&#34;, &#34;resultsTableRow&#34;: [&#34;&lt;td class=\&#34;col-result\&#34;&gt;Failed&lt;/td&gt;&#34;, &#34;&lt;td class=\&#34;col-testId\&#34;&gt;tests/test_database.py::TestSearchSession::test_search_session_repr&lt;/td&gt;&#34;, &#34;&lt;td class=\&#34;col-duration\&#34;&gt;1 ms&lt;/td&gt;&#34;, &#34;&lt;td class=\&#34;col-links\&#34;&gt;&lt;/td&gt;&#34;], &#34;log&#34;: &#34;self = &amp;lt;tests.test_database.TestSearchSession object at 0x00000135389B92E0&amp;gt;\n\n    def test_search_session_repr(self):\n        &amp;quot;&amp;quot;&amp;quot;Test SearchSession string representation.&amp;quot;&amp;quot;&amp;quot;\n        session = SearchSession(id=1, search_term=&amp;quot;OpenAI&amp;quot;)\n        repr_str = repr(session)\n    \n        assert &amp;quot;SearchSession&amp;quot; in repr_str\n&amp;gt;       assert &amp;quot;OpenAI&amp;quot; in repr_str\nE       AssertionError: assert &amp;#x27;OpenAI&amp;#x27; in &amp;#x27;&amp;lt;database.models.SearchSession object at 0x0000013570BF61E0&amp;gt;&amp;#x27;\n\ntests\\test_database.py:171: AssertionError\n&#34;}], &#34;tests/test_database.py::TestRedditMention::test_reddit_mention_creation&#34;: [{&#34;extras&#34;: [], &#34;result&#34;: &#34;Failed&#34;, &#34;testId&#34;: &#34;tests/test_database.py::TestRedditMention::test_reddit_mention_creation&#34;, &#34;duration&#34;: &#34;1 ms&#34;, &#34;resultsTableRow&#34;: [&#34;&lt;td class=\&#34;col-result\&#34;&gt;Failed&lt;/td&gt;&#34;, &#34;&lt;td class=\&#34;col-testId\&#34;&gt;tests/test_database.py::TestRedditMention::test_reddit_mention_creation&lt;/td&gt;&#34;, &#34;&lt;td class=\&#34;col-duration\&#34;&gt;1 ms&lt;/td&gt;&#34;, &#34;&lt;td class=\&#34;col-links\&#34;&gt;&lt;/td&gt;&#34;], &#34;log&#34;: &#34;self = &amp;lt;tests.test_database.TestRedditMention object at 0x00000135389B93D0&amp;gt;\nsample_mention_data = {&amp;#x27;author&amp;#x27;: &amp;#x27;test_user&amp;#x27;, &amp;#x27;content&amp;#x27;: &amp;#x27;This is a test post discussing OpenAI technology and its impact.&amp;#x27;, &amp;#x27;created_utc&amp;#x27;: datetime.datetime(2025, 5, 28, 20, 10, 47, 882467), &amp;#x27;num_comments&amp;#x27;: 15, ...}\n\n    def test_reddit_mention_creation(self, sample_mention_data):\n        &amp;quot;&amp;quot;&amp;quot;Test RedditMention model creation.&amp;quot;&amp;quot;&amp;quot;\n        mention = RedditMention(\n            session_id=1,\n            **sample_mention_data\n        )\n    \n        assert mention.session_id == 1\n        assert mention.reddit_id == sample_mention_data[&amp;#x27;reddit_id&amp;#x27;]\n        assert mention.title == sample_mention_data[&amp;#x27;title&amp;#x27;]\n&amp;gt;       assert mention.created_at is not None\nE       AttributeError: &amp;#x27;RedditMention&amp;#x27; object has no attribute &amp;#x27;created_at&amp;#x27;. Did you mean: &amp;#x27;created_utc&amp;#x27;?\n\ntests\\test_database.py:187: AttributeError\n&#34;}], &#34;tests/test_database.py::TestRedditMention::test_reddit_mention_to_dict&#34;: [{&#34;extras&#34;: [], &#34;result&#34;: &#34;Failed&#34;, &#34;testId&#34;: &#34;tests/test_database.py::TestRedditMention::test_reddit_mention_to_dict&#34;, &#34;duration&#34;: &#34;1 ms&#34;, &#34;resultsTableRow&#34;: [&#34;&lt;td class=\&#34;col-result\&#34;&gt;Failed&lt;/td&gt;&#34;, &#34;&lt;td class=\&#34;col-testId\&#34;&gt;tests/test_database.py::TestRedditMention::test_reddit_mention_to_dict&lt;/td&gt;&#34;, &#34;&lt;td class=\&#34;col-duration\&#34;&gt;1 ms&lt;/td&gt;&#34;, &#34;&lt;td class=\&#34;col-links\&#34;&gt;&lt;/td&gt;&#34;], &#34;log&#34;: &#34;self = &amp;lt;tests.test_database.TestRedditMention object at 0x00000135389B9490&amp;gt;\nsample_mention_data = {&amp;#x27;author&amp;#x27;: &amp;#x27;test_user&amp;#x27;, &amp;#x27;content&amp;#x27;: &amp;#x27;This is a test post discussing OpenAI technology and its impact.&amp;#x27;, &amp;#x27;created_utc&amp;#x27;: datetime.datetime(2025, 5, 28, 20, 10, 47, 892466), &amp;#x27;num_comments&amp;#x27;: 15, ...}\n\n    def test_reddit_mention_to_dict(self, sample_mention_data):\n        &amp;quot;&amp;quot;&amp;quot;Test RedditMention to_dict method.&amp;quot;&amp;quot;&amp;quot;\n        mention = RedditMention(\n            session_id=1,\n            **sample_mention_data\n        )\n    \n&amp;gt;       mention_dict = mention.to_dict()\nE       AttributeError: &amp;#x27;RedditMention&amp;#x27; object has no attribute &amp;#x27;to_dict&amp;#x27;\n\ntests\\test_database.py:196: AttributeError\n&#34;}], &#34;tests/test_database.py::TestRedditMention::test_reddit_mention_repr&#34;: [{&#34;extras&#34;: [], &#34;result&#34;: &#34;Failed&#34;, &#34;testId&#34;: &#34;tests/test_database.py::TestRedditMention::test_reddit_mention_repr&#34;, &#34;duration&#34;: &#34;1 ms&#34;, &#34;resultsTableRow&#34;: [&#34;&lt;td class=\&#34;col-result\&#34;&gt;Failed&lt;/td&gt;&#34;, &#34;&lt;td class=\&#34;col-testId\&#34;&gt;tests/test_database.py::TestRedditMention::test_reddit_mention_repr&lt;/td&gt;&#34;, &#34;&lt;td class=\&#34;col-duration\&#34;&gt;1 ms&lt;/td&gt;&#34;, &#34;&lt;td class=\&#34;col-links\&#34;&gt;&lt;/td&gt;&#34;], &#34;log&#34;: &#34;self = &amp;lt;tests.test_database.TestRedditMention object at 0x00000135389B96D0&amp;gt;\nsample_mention_data = {&amp;#x27;author&amp;#x27;: &amp;#x27;test_user&amp;#x27;, &amp;#x27;content&amp;#x27;: &amp;#x27;This is a test post discussing OpenAI technology and its impact.&amp;#x27;, &amp;#x27;created_utc&amp;#x27;: datetime.datetime(2025, 5, 28, 20, 10, 47, 902466), &amp;#x27;num_comments&amp;#x27;: 15, ...}\n\n    def test_reddit_mention_repr(self, sample_mention_data):\n        &amp;quot;&amp;quot;&amp;quot;Test RedditMention string representation.&amp;quot;&amp;quot;&amp;quot;\n        mention = RedditMention(\n            id=1,\n            session_id=1,\n            **sample_mention_data\n        )\n    \n        repr_str = repr(mention)\n        assert &amp;quot;RedditMention&amp;quot; in repr_str\n&amp;gt;       assert sample_mention_data[&amp;#x27;reddit_id&amp;#x27;] in repr_str\nE       AssertionError: assert &amp;#x27;test123&amp;#x27; in &amp;#x27;&amp;lt;database.models.RedditMention object at 0x0000013570C80620&amp;gt;&amp;#x27;\n\ntests\\test_database.py:213: AssertionError\n&#34;}], &#34;tests/test_database.py::TestDatabasePerformance::test_bulk_insert_performance&#34;: [{&#34;extras&#34;: [], &#34;result&#34;: &#34;Failed&#34;, &#34;testId&#34;: &#34;tests/test_database.py::TestDatabasePerformance::test_bulk_insert_performance&#34;, &#34;duration&#34;: &#34;12 ms&#34;, &#34;resultsTableRow&#34;: [&#34;&lt;td class=\&#34;col-result\&#34;&gt;Failed&lt;/td&gt;&#34;, &#34;&lt;td class=\&#34;col-testId\&#34;&gt;tests/test_database.py::TestDatabasePerformance::test_bulk_insert_performance&lt;/td&gt;&#34;, &#34;&lt;td class=\&#34;col-duration\&#34;&gt;12 ms&lt;/td&gt;&#34;, &#34;&lt;td class=\&#34;col-links\&#34;&gt;&lt;/td&gt;&#34;], &#34;log&#34;: &#34;self = &amp;lt;tests.test_database.TestDatabasePerformance object at 0x00000135389B99D0&amp;gt;\ndb_manager = &amp;lt;database.models.DatabaseManager object at 0x0000013570C81100&amp;gt;\nsample_mentions_list = [{&amp;#x27;author&amp;#x27;: &amp;#x27;test_user&amp;#x27;, &amp;#x27;content&amp;#x27;: &amp;#x27;This is a test post discussing OpenAI technology and its impact.&amp;#x27;, &amp;#x27;created_utc&amp;#x27;:...ogy and its impact.&amp;#x27;, &amp;#x27;created_utc&amp;#x27;: datetime.datetime(2025, 5, 28, 20, 10, 47, 916468), &amp;#x27;num_comments&amp;#x27;: 15, ...}, ...]\nperformance_monitor = &amp;lt;tests.conftest.performance_monitor.&amp;lt;locals&amp;gt;.PerformanceMonitor object at 0x0000013570C81FD0&amp;gt;\n\n    def test_bulk_insert_performance(self, db_manager, sample_mentions_list, performance_monitor):\n        &amp;quot;&amp;quot;&amp;quot;Test bulk insert performance.&amp;quot;&amp;quot;&amp;quot;\n        session_id = db_manager.create_search_session(&amp;quot;performance_test&amp;quot;)\n    \n        # Extend sample data for performance testing\n        large_dataset = []\n        for i in range(100):\n            for mention in sample_mentions_list:\n                mention_copy = mention.copy()\n                mention_copy[&amp;#x27;reddit_id&amp;#x27;] = f&amp;quot;{mention[&amp;#x27;reddit_id&amp;#x27;]}_{i}&amp;quot;\n                large_dataset.append(mention_copy)\n    \n        performance_monitor.start()\n    \n        # Insert all mentions\n        for mention_data in large_dataset:\n&amp;gt;           db_manager.add_mention(session_id, mention_data)\nE           TypeError: DatabaseManager.add_mention() takes 2 positional arguments but 3 were given\n\ntests\\test_database.py:235: TypeError\n&#34;}], &#34;tests/test_database.py::TestDatabasePerformance::test_query_performance&#34;: [{&#34;extras&#34;: [], &#34;result&#34;: &#34;Failed&#34;, &#34;testId&#34;: &#34;tests/test_database.py::TestDatabasePerformance::test_query_performance&#34;, &#34;duration&#34;: &#34;11 ms&#34;, &#34;resultsTableRow&#34;: [&#34;&lt;td class=\&#34;col-result\&#34;&gt;Failed&lt;/td&gt;&#34;, &#34;&lt;td class=\&#34;col-testId\&#34;&gt;tests/test_database.py::TestDatabasePerformance::test_query_performance&lt;/td&gt;&#34;, &#34;&lt;td class=\&#34;col-duration\&#34;&gt;11 ms&lt;/td&gt;&#34;, &#34;&lt;td class=\&#34;col-links\&#34;&gt;&lt;/td&gt;&#34;], &#34;log&#34;: &#34;self = &amp;lt;tests.test_database.TestDatabasePerformance object at 0x00000135389B9C40&amp;gt;\ndb_manager = &amp;lt;database.models.DatabaseManager object at 0x0000013570BF5700&amp;gt;\nsample_mentions_list = [{&amp;#x27;author&amp;#x27;: &amp;#x27;test_user&amp;#x27;, &amp;#x27;content&amp;#x27;: &amp;#x27;This is a test post discussing OpenAI technology and its impact.&amp;#x27;, &amp;#x27;created_utc&amp;#x27;:...ogy and its impact.&amp;#x27;, &amp;#x27;created_utc&amp;#x27;: datetime.datetime(2025, 5, 28, 20, 10, 47, 936467), &amp;#x27;num_comments&amp;#x27;: 15, ...}, ...]\nperformance_monitor = &amp;lt;tests.conftest.performance_monitor.&amp;lt;locals&amp;gt;.PerformanceMonitor object at 0x000001356FA8BEF0&amp;gt;\n\n    def test_query_performance(self, db_manager, sample_mentions_list, performance_monitor):\n        &amp;quot;&amp;quot;&amp;quot;Test query performance with large dataset.&amp;quot;&amp;quot;&amp;quot;\n        # Create multiple sessions with mentions\n        session_ids = []\n        for i in range(10):\n            session_id = db_manager.create_search_session(f&amp;quot;query_test_{i}&amp;quot;)\n            session_ids.append(session_id)\n    \n            for mention_data in sample_mentions_list:\n                mention_copy = mention_data.copy()\n                mention_copy[&amp;#x27;reddit_id&amp;#x27;] = f&amp;quot;{mention_data[&amp;#x27;reddit_id&amp;#x27;]}_{i}&amp;quot;\n&amp;gt;               db_manager.add_mention(session_id, mention_copy)\nE               TypeError: DatabaseManager.add_mention() takes 2 positional arguments but 3 were given\n\ntests\\test_database.py:258: TypeError\n&#34;}], &#34;tests/test_database.py::TestDatabaseIntegration::test_concurrent_operations&#34;: [{&#34;extras&#34;: [], &#34;result&#34;: &#34;Failed&#34;, &#34;testId&#34;: &#34;tests/test_database.py::TestDatabaseIntegration::test_concurrent_operations&#34;, &#34;duration&#34;: &#34;25 ms&#34;, &#34;resultsTableRow&#34;: [&#34;&lt;td class=\&#34;col-result\&#34;&gt;Failed&lt;/td&gt;&#34;, &#34;&lt;td class=\&#34;col-testId\&#34;&gt;tests/test_database.py::TestDatabaseIntegration::test_concurrent_operations&lt;/td&gt;&#34;, &#34;&lt;td class=\&#34;col-duration\&#34;&gt;25 ms&lt;/td&gt;&#34;, &#34;&lt;td class=\&#34;col-links\&#34;&gt;&lt;/td&gt;&#34;], &#34;log&#34;: &#34;self = &amp;lt;tests.test_database.TestDatabaseIntegration object at 0x00000135389B9E80&amp;gt;\ndb_manager = &amp;lt;database.models.DatabaseManager object at 0x00000135389B9A60&amp;gt;\nsample_mention_data = {&amp;#x27;author&amp;#x27;: &amp;#x27;test_user&amp;#x27;, &amp;#x27;content&amp;#x27;: &amp;#x27;This is a test post discussing OpenAI technology and its impact.&amp;#x27;, &amp;#x27;created_utc&amp;#x27;: datetime.datetime(2025, 5, 28, 20, 10, 47, 957466), &amp;#x27;num_comments&amp;#x27;: 15, ...}\n\n    @pytest.mark.asyncio\n    async def test_concurrent_operations(self, db_manager, sample_mention_data):\n        &amp;quot;&amp;quot;&amp;quot;Test concurrent database operations.&amp;quot;&amp;quot;&amp;quot;\n        async def create_session_and_mentions(term_suffix):\n            session_id = db_manager.create_search_session(f&amp;quot;concurrent_test_{term_suffix}&amp;quot;)\n    \n            for i in range(5):\n                mention_data = sample_mention_data.copy()\n                mention_data[&amp;#x27;reddit_id&amp;#x27;] = f&amp;quot;concurrent_{term_suffix}_{i}&amp;quot;\n                db_manager.add_mention(session_id, mention_data)\n    \n            return session_id\n    \n        # Run concurrent operations\n        tasks = [create_session_and_mentions(i) for i in range(5)]\n&amp;gt;       session_ids = await asyncio.gather(*tasks)\n\ntests\\test_database.py:295: \n_ _ _ _ _ _ _ _ _ _ _ _ _ _ _ _ _ _ _ _ _ _ _ _ _ _ _ _ _ _ _ _ _ _ _ _ _ _ _ _\n\nterm_suffix = 0\n\n    async def create_session_and_mentions(term_suffix):\n        session_id = db_manager.create_search_session(f&amp;quot;concurrent_test_{term_suffix}&amp;quot;)\n    \n        for i in range(5):\n            mention_data = sample_mention_data.copy()\n            mention_data[&amp;#x27;reddit_id&amp;#x27;] = f&amp;quot;concurrent_{term_suffix}_{i}&amp;quot;\n&amp;gt;           db_manager.add_mention(session_id, mention_data)\nE           TypeError: DatabaseManager.add_mention() takes 2 positional arguments but 3 were given\n\ntests\\test_database.py:289: TypeError\n&#34;}], &#34;tests/test_database.py::TestDatabaseIntegration::test_transaction_rollback&#34;: [{&#34;extras&#34;: [], &#34;result&#34;: &#34;Passed&#34;, &#34;testId&#34;: &#34;tests/test_database.py::TestDatabaseIntegration::test_transaction_rollback&#34;, &#34;duration&#34;: &#34;16 ms&#34;, &#34;resultsTableRow&#34;: [&#34;&lt;td class=\&#34;col-result\&#34;&gt;Passed&lt;/td&gt;&#34;, &#34;&lt;td class=\&#34;col-testId\&#34;&gt;tests/test_database.py::TestDatabaseIntegration::test_transaction_rollback&lt;/td&gt;&#34;, &#34;&lt;td class=\&#34;col-duration\&#34;&gt;16 ms&lt;/td&gt;&#34;, &#34;&lt;td class=\&#34;col-links\&#34;&gt;&lt;/td&gt;&#34;], &#34;log&#34;: &#34;No log output captured.&#34;}], &#34;tests/test_scraper.py::TestRedditScraper::test_scraper_initialization&#34;: [{&#34;extras&#34;: [], &#34;result&#34;: &#34;Passed&#34;, &#34;testId&#34;: &#34;tests/test_scraper.py::TestRedditScraper::test_scraper_initialization&#34;, &#34;duration&#34;: &#34;41 ms&#34;, &#34;resultsTableRow&#34;: [&#34;&lt;td class=\&#34;col-result\&#34;&gt;Passed&lt;/td&gt;&#34;, &#34;&lt;td class=\&#34;col-testId\&#34;&gt;tests/test_scraper.py::TestRedditScraper::test_scraper_initialization&lt;/td&gt;&#34;, &#34;&lt;td class=\&#34;col-duration\&#34;&gt;41 ms&lt;/td&gt;&#34;, &#34;&lt;td class=\&#34;col-links\&#34;&gt;&lt;/td&gt;&#34;], &#34;log&#34;: &#34;------------------------------ Captured log setup ------------------------------\nWARNING  analytics.advanced_sentiment:advanced_sentiment.py:29 Transformers not available, falling back to TextBlob only\n&#34;}], &#34;tests/test_scraper.py::TestRedditScraper::test_sanitize_search_term&#34;: [{&#34;extras&#34;: [], &#34;result&#34;: &#34;Passed&#34;, &#34;testId&#34;: &#34;tests/test_scraper.py::TestRedditScraper::test_sanitize_search_term&#34;, &#34;duration&#34;: &#34;37 ms&#34;, &#34;resultsTableRow&#34;: [&#34;&lt;td class=\&#34;col-result\&#34;&gt;Passed&lt;/td&gt;&#34;, &#34;&lt;td class=\&#34;col-testId\&#34;&gt;tests/test_scraper.py::TestRedditScraper::test_sanitize_search_term&lt;/td&gt;&#34;, &#34;&lt;td class=\&#34;col-duration\&#34;&gt;37 ms&lt;/td&gt;&#34;, &#34;&lt;td class=\&#34;col-links\&#34;&gt;&lt;/td&gt;&#34;], &#34;log&#34;: &#34;------------------------------ Captured log setup ------------------------------\nWARNING  analytics.advanced_sentiment:advanced_sentiment.py:29 Transformers not available, falling back to TextBlob only\n&#34;}], &#34;tests/test_scraper.py::TestRedditScraper::test_generate_cache_key&#34;: [{&#34;extras&#34;: [], &#34;result&#34;: &#34;Passed&#34;, &#34;testId&#34;: &#34;tests/test_scraper.py::TestRedditScraper::test_generate_cache_key&#34;, &#34;duration&#34;: &#34;36 ms&#34;, &#34;resultsTableRow&#34;: [&#34;&lt;td class=\&#34;col-result\&#34;&gt;Passed&lt;/td&gt;&#34;, &#34;&lt;td class=\&#34;col-testId\&#34;&gt;tests/test_scraper.py::TestRedditScraper::test_generate_cache_key&lt;/td&gt;&#34;, &#34;&lt;td class=\&#34;col-duration\&#34;&gt;36 ms&lt;/td&gt;&#34;, &#34;&lt;td class=\&#34;col-links\&#34;&gt;&lt;/td&gt;&#34;], &#34;log&#34;: &#34;------------------------------ Captured log setup ------------------------------\nWARNING  analytics.advanced_sentiment:advanced_sentiment.py:29 Transformers not available, falling back to TextBlob only\n&#34;}], &#34;tests/test_scraper.py::TestRedditScraper::test_extract_reddit_id&#34;: [{&#34;extras&#34;: [], &#34;result&#34;: &#34;Passed&#34;, &#34;testId&#34;: &#34;tests/test_scraper.py::TestRedditScraper::test_extract_reddit_id&#34;, &#34;duration&#34;: &#34;36 ms&#34;, &#34;resultsTableRow&#34;: [&#34;&lt;td class=\&#34;col-result\&#34;&gt;Passed&lt;/td&gt;&#34;, &#34;&lt;td class=\&#34;col-testId\&#34;&gt;tests/test_scraper.py::TestRedditScraper::test_extract_reddit_id&lt;/td&gt;&#34;, &#34;&lt;td class=\&#34;col-duration\&#34;&gt;36 ms&lt;/td&gt;&#34;, &#34;&lt;td class=\&#34;col-links\&#34;&gt;&lt;/td&gt;&#34;], &#34;log&#34;: &#34;------------------------------ Captured log setup ------------------------------\nWARNING  analytics.advanced_sentiment:advanced_sentiment.py:29 Transformers not available, falling back to TextBlob only\n&#34;}], &#34;tests/test_scraper.py::TestRedditScraper::test_parse_score&#34;: [{&#34;extras&#34;: [], &#34;result&#34;: &#34;Passed&#34;, &#34;testId&#34;: &#34;tests/test_scraper.py::TestRedditScraper::test_parse_score&#34;, &#34;duration&#34;: &#34;35 ms&#34;, &#34;resultsTableRow&#34;: [&#34;&lt;td class=\&#34;col-result\&#34;&gt;Passed&lt;/td&gt;&#34;, &#34;&lt;td class=\&#34;col-testId\&#34;&gt;tests/test_scraper.py::TestRedditScraper::test_parse_score&lt;/td&gt;&#34;, &#34;&lt;td class=\&#34;col-duration\&#34;&gt;35 ms&lt;/td&gt;&#34;, &#34;&lt;td class=\&#34;col-links\&#34;&gt;&lt;/td&gt;&#34;], &#34;log&#34;: &#34;------------------------------ Captured log setup ------------------------------\nWARNING  analytics.advanced_sentiment:advanced_sentiment.py:29 Transformers not available, falling back to TextBlob only\n&#34;}], &#34;tests/test_scraper.py::TestRedditScraper::test_parse_comment_count&#34;: [{&#34;extras&#34;: [], &#34;result&#34;: &#34;Passed&#34;, &#34;testId&#34;: &#34;tests/test_scraper.py::TestRedditScraper::test_parse_comment_count&#34;, &#34;duration&#34;: &#34;36 ms&#34;, &#34;resultsTableRow&#34;: [&#34;&lt;td class=\&#34;col-result\&#34;&gt;Passed&lt;/td&gt;&#34;, &#34;&lt;td class=\&#34;col-testId\&#34;&gt;tests/test_scraper.py::TestRedditScraper::test_parse_comment_count&lt;/td&gt;&#34;, &#34;&lt;td class=\&#34;col-duration\&#34;&gt;36 ms&lt;/td&gt;&#34;, &#34;&lt;td class=\&#34;col-links\&#34;&gt;&lt;/td&gt;&#34;], &#34;log&#34;: &#34;------------------------------ Captured log setup ------------------------------\nWARNING  analytics.advanced_sentiment:advanced_sentiment.py:29 Transformers not available, falling back to TextBlob only\n&#34;}], &#34;tests/test_scraper.py::TestRedditScraper::test_calculate_relevance_score&#34;: [{&#34;extras&#34;: [], &#34;result&#34;: &#34;Passed&#34;, &#34;testId&#34;: &#34;tests/test_scraper.py::TestRedditScraper::test_calculate_relevance_score&#34;, &#34;duration&#34;: &#34;35 ms&#34;, &#34;resultsTableRow&#34;: [&#34;&lt;td class=\&#34;col-result\&#34;&gt;Passed&lt;/td&gt;&#34;, &#34;&lt;td class=\&#34;col-testId\&#34;&gt;tests/test_scraper.py::TestRedditScraper::test_calculate_relevance_score&lt;/td&gt;&#34;, &#34;&lt;td class=\&#34;col-duration\&#34;&gt;35 ms&lt;/td&gt;&#34;, &#34;&lt;td class=\&#34;col-links\&#34;&gt;&lt;/td&gt;&#34;], &#34;log&#34;: &#34;------------------------------ Captured log setup ------------------------------\nWARNING  analytics.advanced_sentiment:advanced_sentiment.py:29 Transformers not available, falling back to TextBlob only\n&#34;}], &#34;tests/test_scraper.py::TestRedditScraper::test_calculate_basic_sentiment&#34;: [{&#34;extras&#34;: [], &#34;result&#34;: &#34;Passed&#34;, &#34;testId&#34;: &#34;tests/test_scraper.py::TestRedditScraper::test_calculate_basic_sentiment&#34;, &#34;duration&#34;: &#34;58 ms&#34;, &#34;resultsTableRow&#34;: [&#34;&lt;td class=\&#34;col-result\&#34;&gt;Passed&lt;/td&gt;&#34;, &#34;&lt;td class=\&#34;col-testId\&#34;&gt;tests/test_scraper.py::TestRedditScraper::test_calculate_basic_sentiment&lt;/td&gt;&#34;, &#34;&lt;td class=\&#34;col-duration\&#34;&gt;58 ms&lt;/td&gt;&#34;, &#34;&lt;td class=\&#34;col-links\&#34;&gt;&lt;/td&gt;&#34;], &#34;log&#34;: &#34;------------------------------ Captured log setup ------------------------------\nWARNING  analytics.advanced_sentiment:advanced_sentiment.py:29 Transformers not available, falling back to TextBlob only\n&#34;}], &#34;tests/test_scraper.py::TestRedditScraper::test_is_relevant&#34;: [{&#34;extras&#34;: [], &#34;result&#34;: &#34;Passed&#34;, &#34;testId&#34;: &#34;tests/test_scraper.py::TestRedditScraper::test_is_relevant&#34;, &#34;duration&#34;: &#34;169 ms&#34;, &#34;resultsTableRow&#34;: [&#34;&lt;td class=\&#34;col-result\&#34;&gt;Passed&lt;/td&gt;&#34;, &#34;&lt;td class=\&#34;col-testId\&#34;&gt;tests/test_scraper.py::TestRedditScraper::test_is_relevant&lt;/td&gt;&#34;, &#34;&lt;td class=\&#34;col-duration\&#34;&gt;169 ms&lt;/td&gt;&#34;, &#34;&lt;td class=\&#34;col-links\&#34;&gt;&lt;/td&gt;&#34;], &#34;log&#34;: &#34;------------------------------ Captured log setup ------------------------------\nWARNING  analytics.advanced_sentiment:advanced_sentiment.py:29 Transformers not available, falling back to TextBlob only\n&#34;}], &#34;tests/test_scraper.py::TestRedditScraper::test_remove_duplicates&#34;: [{&#34;extras&#34;: [], &#34;result&#34;: &#34;Passed&#34;, &#34;testId&#34;: &#34;tests/test_scraper.py::TestRedditScraper::test_remove_duplicates&#34;, &#34;duration&#34;: &#34;37 ms&#34;, &#34;resultsTableRow&#34;: [&#34;&lt;td class=\&#34;col-result\&#34;&gt;Passed&lt;/td&gt;&#34;, &#34;&lt;td class=\&#34;col-testId\&#34;&gt;tests/test_scraper.py::TestRedditScraper::test_remove_duplicates&lt;/td&gt;&#34;, &#34;&lt;td class=\&#34;col-duration\&#34;&gt;37 ms&lt;/td&gt;&#34;, &#34;&lt;td class=\&#34;col-links\&#34;&gt;&lt;/td&gt;&#34;], &#34;log&#34;: &#34;------------------------------ Captured log setup ------------------------------\nWARNING  analytics.advanced_sentiment:advanced_sentiment.py:29 Transformers not available, falling back to TextBlob only\n&#34;}], &#34;tests/test_scraper.py::TestScrapingWithMocks::test_extract_post_data_success&#34;: [{&#34;extras&#34;: [], &#34;result&#34;: &#34;Passed&#34;, &#34;testId&#34;: &#34;tests/test_scraper.py::TestScrapingWithMocks::test_extract_post_data_success&#34;, &#34;duration&#34;: &#34;48 ms&#34;, &#34;resultsTableRow&#34;: [&#34;&lt;td class=\&#34;col-result\&#34;&gt;Passed&lt;/td&gt;&#34;, &#34;&lt;td class=\&#34;col-testId\&#34;&gt;tests/test_scraper.py::TestScrapingWithMocks::test_extract_post_data_success&lt;/td&gt;&#34;, &#34;&lt;td class=\&#34;col-duration\&#34;&gt;48 ms&lt;/td&gt;&#34;, &#34;&lt;td class=\&#34;col-links\&#34;&gt;&lt;/td&gt;&#34;], &#34;log&#34;: &#34;------------------------------ Captured log setup ------------------------------\nWARNING  analytics.advanced_sentiment:advanced_sentiment.py:29 Transformers not available, falling back to TextBlob only\n&#34;}], &#34;tests/test_scraper.py::TestScrapingWithMocks::test_extract_post_data_missing_elements&#34;: [{&#34;extras&#34;: [], &#34;result&#34;: &#34;Passed&#34;, &#34;testId&#34;: &#34;tests/test_scraper.py::TestScrapingWithMocks::test_extract_post_data_missing_elements&#34;, &#34;duration&#34;: &#34;36 ms&#34;, &#34;resultsTableRow&#34;: [&#34;&lt;td class=\&#34;col-result\&#34;&gt;Passed&lt;/td&gt;&#34;, &#34;&lt;td class=\&#34;col-testId\&#34;&gt;tests/test_scraper.py::TestScrapingWithMocks::test_extract_post_data_missing_elements&lt;/td&gt;&#34;, &#34;&lt;td class=\&#34;col-duration\&#34;&gt;36 ms&lt;/td&gt;&#34;, &#34;&lt;td class=\&#34;col-links\&#34;&gt;&lt;/td&gt;&#34;], &#34;log&#34;: &#34;------------------------------ Captured log setup ------------------------------\nWARNING  analytics.advanced_sentiment:advanced_sentiment.py:29 Transformers not available, falling back to TextBlob only\n&#34;}], &#34;tests/test_scraper.py::TestScrapingWithMocks::test_handle_popups&#34;: [{&#34;extras&#34;: [], &#34;result&#34;: &#34;Passed&#34;, &#34;testId&#34;: &#34;tests/test_scraper.py::TestScrapingWithMocks::test_handle_popups&#34;, &#34;duration&#34;: &#34;00:00:03&#34;, &#34;resultsTableRow&#34;: [&#34;&lt;td class=\&#34;col-result\&#34;&gt;Passed&lt;/td&gt;&#34;, &#34;&lt;td class=\&#34;col-testId\&#34;&gt;tests/test_scraper.py::TestScrapingWithMocks::test_handle_popups&lt;/td&gt;&#34;, &#34;&lt;td class=\&#34;col-duration\&#34;&gt;00:00:03&lt;/td&gt;&#34;, &#34;&lt;td class=\&#34;col-links\&#34;&gt;&lt;/td&gt;&#34;], &#34;log&#34;: &#34;------------------------------ Captured log setup ------------------------------\nWARNING  analytics.advanced_sentiment:advanced_sentiment.py:29 Transformers not available, falling back to TextBlob only\n&#34;}], &#34;tests/test_scraper.py::TestScrapingWithMocks::test_scrape_mentions_with_cache_hit&#34;: [{&#34;extras&#34;: [], &#34;result&#34;: &#34;Passed&#34;, &#34;testId&#34;: &#34;tests/test_scraper.py::TestScrapingWithMocks::test_scrape_mentions_with_cache_hit&#34;, &#34;duration&#34;: &#34;39 ms&#34;, &#34;resultsTableRow&#34;: [&#34;&lt;td class=\&#34;col-result\&#34;&gt;Passed&lt;/td&gt;&#34;, &#34;&lt;td class=\&#34;col-testId\&#34;&gt;tests/test_scraper.py::TestScrapingWithMocks::test_scrape_mentions_with_cache_hit&lt;/td&gt;&#34;, &#34;&lt;td class=\&#34;col-duration\&#34;&gt;39 ms&lt;/td&gt;&#34;, &#34;&lt;td class=\&#34;col-links\&#34;&gt;&lt;/td&gt;&#34;], &#34;log&#34;: &#34;------------------------------ Captured log setup ------------------------------\nWARNING  analytics.advanced_sentiment:advanced_sentiment.py:29 Transformers not available, falling back to TextBlob only\n&#34;}], &#34;tests/test_scraper.py::TestScrapingWithMocks::test_scrape_mentions_error_handling&#34;: [{&#34;extras&#34;: [], &#34;result&#34;: &#34;Passed&#34;, &#34;testId&#34;: &#34;tests/test_scraper.py::TestScrapingWithMocks::test_scrape_mentions_error_handling&#34;, &#34;duration&#34;: &#34;39 ms&#34;, &#34;resultsTableRow&#34;: [&#34;&lt;td class=\&#34;col-result\&#34;&gt;Passed&lt;/td&gt;&#34;, &#34;&lt;td class=\&#34;col-testId\&#34;&gt;tests/test_scraper.py::TestScrapingWithMocks::test_scrape_mentions_error_handling&lt;/td&gt;&#34;, &#34;&lt;td class=\&#34;col-duration\&#34;&gt;39 ms&lt;/td&gt;&#34;, &#34;&lt;td class=\&#34;col-links\&#34;&gt;&lt;/td&gt;&#34;], &#34;log&#34;: &#34;------------------------------ Captured log setup ------------------------------\nWARNING  analytics.advanced_sentiment:advanced_sentiment.py:29 Transformers not available, falling back to TextBlob only\n\n------------------------------ Captured log call -------------------------------\nERROR    scraper.reddit_scraper:reddit_scraper.py:343 Scraping failed for &amp;#x27;OpenAI&amp;#x27;: Playwright error\n\n&#34;}], &#34;tests/test_scraper.py::TestScrapingWithMocks::test_circuit_breaker_functionality&#34;: [{&#34;extras&#34;: [], &#34;result&#34;: &#34;Passed&#34;, &#34;testId&#34;: &#34;tests/test_scraper.py::TestScrapingWithMocks::test_circuit_breaker_functionality&#34;, &#34;duration&#34;: &#34;38 ms&#34;, &#34;resultsTableRow&#34;: [&#34;&lt;td class=\&#34;col-result\&#34;&gt;Passed&lt;/td&gt;&#34;, &#34;&lt;td class=\&#34;col-testId\&#34;&gt;tests/test_scraper.py::TestScrapingWithMocks::test_circuit_breaker_functionality&lt;/td&gt;&#34;, &#34;&lt;td class=\&#34;col-duration\&#34;&gt;38 ms&lt;/td&gt;&#34;, &#34;&lt;td class=\&#34;col-links\&#34;&gt;&lt;/td&gt;&#34;], &#34;log&#34;: &#34;------------------------------ Captured log setup ------------------------------\nWARNING  analytics.advanced_sentiment:advanced_sentiment.py:29 Transformers not available, falling back to TextBlob only\n\n------------------------------ Captured log call -------------------------------\nWARNING  scraper.reddit_scraper:reddit_scraper.py:244 Circuit breaker opened due to repeated failures\nWARNING  scraper.reddit_scraper:reddit_scraper.py:244 Circuit breaker opened due to repeated failures\n\n&#34;}], &#34;tests/test_scraper.py::TestScrapingPerformance::test_rate_limiting&#34;: [{&#34;extras&#34;: [], &#34;result&#34;: &#34;Passed&#34;, &#34;testId&#34;: &#34;tests/test_scraper.py::TestScrapingPerformance::test_rate_limiting&#34;, &#34;duration&#34;: &#34;00:00:02&#34;, &#34;resultsTableRow&#34;: [&#34;&lt;td class=\&#34;col-result\&#34;&gt;Passed&lt;/td&gt;&#34;, &#34;&lt;td class=\&#34;col-testId\&#34;&gt;tests/test_scraper.py::TestScrapingPerformance::test_rate_limiting&lt;/td&gt;&#34;, &#34;&lt;td class=\&#34;col-duration\&#34;&gt;00:00:02&lt;/td&gt;&#34;, &#34;&lt;td class=\&#34;col-links\&#34;&gt;&lt;/td&gt;&#34;], &#34;log&#34;: &#34;------------------------------ Captured log call -------------------------------\nWARNING  analytics.advanced_sentiment:advanced_sentiment.py:29 Transformers not available, falling back to TextBlob only\n\n&#34;}], &#34;tests/test_scraper.py::TestScrapingPerformance::test_concurrent_scraping_limits&#34;: [{&#34;extras&#34;: [], &#34;result&#34;: &#34;Passed&#34;, &#34;testId&#34;: &#34;tests/test_scraper.py::TestScrapingPerformance::test_concurrent_scraping_limits&#34;, &#34;duration&#34;: &#34;141 ms&#34;, &#34;resultsTableRow&#34;: [&#34;&lt;td class=\&#34;col-result\&#34;&gt;Passed&lt;/td&gt;&#34;, &#34;&lt;td class=\&#34;col-testId\&#34;&gt;tests/test_scraper.py::TestScrapingPerformance::test_concurrent_scraping_limits&lt;/td&gt;&#34;, &#34;&lt;td class=\&#34;col-duration\&#34;&gt;141 ms&lt;/td&gt;&#34;, &#34;&lt;td class=\&#34;col-links\&#34;&gt;&lt;/td&gt;&#34;], &#34;log&#34;: &#34;------------------------------ Captured log call -------------------------------\nWARNING  analytics.advanced_sentiment:advanced_sentiment.py:29 Transformers not available, falling back to TextBlob only\n\n&#34;}], &#34;tests/test_scraper.py::TestScrapingIntegration::test_full_scraping_pipeline_mock&#34;: [{&#34;extras&#34;: [], &#34;result&#34;: &#34;Failed&#34;, &#34;testId&#34;: &#34;tests/test_scraper.py::TestScrapingIntegration::test_full_scraping_pipeline_mock&#34;, &#34;duration&#34;: &#34;00:01:03&#34;, &#34;resultsTableRow&#34;: [&#34;&lt;td class=\&#34;col-result\&#34;&gt;Failed&lt;/td&gt;&#34;, &#34;&lt;td class=\&#34;col-testId\&#34;&gt;tests/test_scraper.py::TestScrapingIntegration::test_full_scraping_pipeline_mock&lt;/td&gt;&#34;, &#34;&lt;td class=\&#34;col-duration\&#34;&gt;00:01:03&lt;/td&gt;&#34;, &#34;&lt;td class=\&#34;col-links\&#34;&gt;&lt;/td&gt;&#34;], &#34;log&#34;: &#34;self = &amp;lt;scraper.reddit_scraper.RedditScraper object at 0x000001357111DDF0&amp;gt;\nsearch_term = &amp;#x27;OpenAI&amp;#x27;, session_id = 1, max_pages = 1, progress_callback = None\nuse_advanced_patterns = True, quality_threshold = 0.3\n\n    async def scrape_mentions(\n        self,\n        search_term: str,\n        session_id: int,\n        max_pages: int = 5,\n        progress_callback: Optional[Callable] = None,\n        use_advanced_patterns: bool = True,\n        quality_threshold: float = 0.3\n    ) -&amp;gt; List[Dict[str, Any]]:\n        &amp;quot;&amp;quot;&amp;quot;\n        Enhanced scraping with comprehensive error handling and quality filtering.\n        &amp;quot;&amp;quot;&amp;quot;\n        # Input validation and sanitization\n        search_term = self._sanitize_search_term(search_term)\n        if not search_term:\n            raise ValueError(&amp;quot;Invalid search term after sanitization&amp;quot;)\n    \n        # Check circuit breaker\n        if not self._check_circuit_breaker():\n            raise ScrapingError(&amp;quot;Circuit breaker is open, scraping temporarily disabled&amp;quot;)\n    \n        # Initialize metrics\n        metrics = ScrapingMetrics(start_time=datetime.utcnow())\n    \n        # Check cache with enhanced key\n        cache_key = self._generate_cache_key(search_term, max_pages, quality_threshold)\n        if self.cache_manager:\n            cached_mentions = self.cache_manager.get_search_results(cache_key)\n            if cached_mentions:\n                metrics.cache_hits = 1\n                self.logger.info(f&amp;quot;Found {len(cached_mentions)} cached mentions for &amp;#x27;{search_term}&amp;#x27;&amp;quot;)\n                if self.monitor:\n                    self.monitor.emit_cache_hit(search_term, len(cached_mentions))\n                return cached_mentions\n    \n        all_mentions = []\n    \n        try:\n            # Enhanced browser setup with stealth mode\n            async with async_playwright() as p:\n                browser = await self._create_stealth_browser(p)\n    \n                try:\n                    context = await self._create_browser_context(browser)\n                    page = await context.new_page()\n    \n                    # Set up page monitoring\n                    await self._setup_page_monitoring(page)\n    \n                    # Progressive scraping strategy\n                    if use_advanced_patterns:\n                        mentions = await self._progressive_scraping(\n                            page, search_term, session_id, max_pages,\n                            progress_callback, metrics, quality_threshold\n                        )\n                    else:\n                        mentions = await self._basic_scraping(\n                            page, search_term, session_id, max_pages,\n                            progress_callback, metrics\n                        )\n    \n                    all_mentions.extend(mentions)\n    \n                finally:\n                    await browser.close()\n    \n            # Post-processing and quality enhancement\n            if progress_callback:\n                progress_callback(&amp;quot;\ud83d\udd0d Processing and enhancing mentions...&amp;quot;, 0.9)\n    \n&amp;gt;           enhanced_mentions = await self._post_process_mentions(\n                all_mentions, search_term, quality_threshold, metrics\n            )\nE           AttributeError: &amp;#x27;RedditScraper&amp;#x27; object has no attribute &amp;#x27;_post_process_mentions&amp;#x27;\n\nscraper\\reddit_scraper.py:316: AttributeError\n\nThe above exception was the direct cause of the following exception:\n\nself = &amp;lt;tests.test_scraper.TestScrapingIntegration object at 0x000001356BE97F50&amp;gt;\ndb_manager = &amp;lt;database.models.DatabaseManager object at 0x000001357111F680&amp;gt;\nsample_mentions_list = [{&amp;#x27;author&amp;#x27;: &amp;#x27;test_user&amp;#x27;, &amp;#x27;content&amp;#x27;: &amp;#x27;This is a test post discussing OpenAI technology and its impact.&amp;#x27;, &amp;#x27;created_utc&amp;#x27;:...ogy and its impact.&amp;#x27;, &amp;#x27;created_utc&amp;#x27;: datetime.datetime(2025, 5, 28, 20, 10, 54, 159980), &amp;#x27;num_comments&amp;#x27;: 15, ...}, ...]\n\n    @pytest.mark.asyncio\n    async def test_full_scraping_pipeline_mock(self, db_manager, sample_mentions_list):\n        &amp;quot;&amp;quot;&amp;quot;Test full scraping pipeline with mocked browser.&amp;quot;&amp;quot;&amp;quot;\n        scraper = RedditScraper(db_manager)\n    \n        # Mock the entire browser interaction\n        with patch(&amp;#x27;scraper.reddit_scraper.async_playwright&amp;#x27;) as mock_playwright:\n            # Setup mock browser\n            mock_browser = AsyncMock()\n            mock_context = AsyncMock()\n            mock_page = AsyncMock()\n    \n            mock_playwright.return_value.__aenter__.return_value.chromium.launch.return_value = mock_browser\n            mock_browser.new_context.return_value = mock_context\n            mock_context.new_page.return_value = mock_page\n    \n            # Mock page interactions\n            mock_page.goto = AsyncMock()\n            mock_page.wait_for_selector = AsyncMock()\n            mock_page.query_selector_all.return_value = []  # No posts found\n    \n            # Run scraping\n&amp;gt;           result = await scraper.scrape_mentions(&amp;quot;OpenAI&amp;quot;, 1, max_pages=1)\n\ntests\\test_scraper.py:382: \n_ _ _ _ _ _ _ _ _ _ _ _ _ _ _ _ _ _ _ _ _ _ _ _ _ _ _ _ _ _ _ _ _ _ _ _ _ _ _ _\n\nself = &amp;lt;scraper.reddit_scraper.RedditScraper object at 0x000001357111DDF0&amp;gt;\nsearch_term = &amp;#x27;OpenAI&amp;#x27;, session_id = 1, max_pages = 1, progress_callback = None\nuse_advanced_patterns = True, quality_threshold = 0.3\n\n    async def scrape_mentions(\n        self,\n        search_term: str,\n        session_id: int,\n        max_pages: int = 5,\n        progress_callback: Optional[Callable] = None,\n        use_advanced_patterns: bool = True,\n        quality_threshold: float = 0.3\n    ) -&amp;gt; List[Dict[str, Any]]:\n        &amp;quot;&amp;quot;&amp;quot;\n        Enhanced scraping with comprehensive error handling and quality filtering.\n        &amp;quot;&amp;quot;&amp;quot;\n        # Input validation and sanitization\n        search_term = self._sanitize_search_term(search_term)\n        if not search_term:\n            raise ValueError(&amp;quot;Invalid search term after sanitization&amp;quot;)\n    \n        # Check circuit breaker\n        if not self._check_circuit_breaker():\n            raise ScrapingError(&amp;quot;Circuit breaker is open, scraping temporarily disabled&amp;quot;)\n    \n        # Initialize metrics\n        metrics = ScrapingMetrics(start_time=datetime.utcnow())\n    \n        # Check cache with enhanced key\n        cache_key = self._generate_cache_key(search_term, max_pages, quality_threshold)\n        if self.cache_manager:\n            cached_mentions = self.cache_manager.get_search_results(cache_key)\n            if cached_mentions:\n                metrics.cache_hits = 1\n                self.logger.info(f&amp;quot;Found {len(cached_mentions)} cached mentions for &amp;#x27;{search_term}&amp;#x27;&amp;quot;)\n                if self.monitor:\n                    self.monitor.emit_cache_hit(search_term, len(cached_mentions))\n                return cached_mentions\n    \n        all_mentions = []\n    \n        try:\n            # Enhanced browser setup with stealth mode\n            async with async_playwright() as p:\n                browser = await self._create_stealth_browser(p)\n    \n                try:\n                    context = await self._create_browser_context(browser)\n                    page = await context.new_page()\n    \n                    # Set up page monitoring\n                    await self._setup_page_monitoring(page)\n    \n                    # Progressive scraping strategy\n                    if use_advanced_patterns:\n                        mentions = await self._progressive_scraping(\n                            page, search_term, session_id, max_pages,\n                            progress_callback, metrics, quality_threshold\n                        )\n                    else:\n                        mentions = await self._basic_scraping(\n                            page, search_term, session_id, max_pages,\n                            progress_callback, metrics\n                        )\n    \n                    all_mentions.extend(mentions)\n    \n                finally:\n                    await browser.close()\n    \n            # Post-processing and quality enhancement\n            if progress_callback:\n                progress_callback(&amp;quot;\ud83d\udd0d Processing and enhancing mentions...&amp;quot;, 0.9)\n    \n            enhanced_mentions = await self._post_process_mentions(\n                all_mentions, search_term, quality_threshold, metrics\n            )\n    \n            # Cache results with enhanced key\n            if self.cache_manager and enhanced_mentions:\n                self.cache_manager.set_search_results(cache_key, enhanced_mentions)\n    \n            # Record success\n            self._record_success()\n            metrics.end_time = datetime.utcnow()\n            metrics.mentions_found = len(enhanced_mentions)\n    \n            # Log comprehensive metrics\n            self._log_scraping_metrics(metrics, search_term)\n    \n            if progress_callback:\n                progress_callback(f&amp;quot;\u2705 Completed! Found {len(enhanced_mentions)} high-quality mentions&amp;quot;, 1.0)\n    \n            return enhanced_mentions\n    \n        except Exception as e:\n            self._record_failure()\n            metrics.end_time = datetime.utcnow()\n            metrics.errors_encountered += 1\n    \n            error_msg = f&amp;quot;Scraping failed for &amp;#x27;{search_term}&amp;#x27;: {str(e)}&amp;quot;\n            self.logger.error(error_msg)\n    \n            if self.monitor:\n                self.monitor.emit_search_failed(session_id, error_msg)\n    \n            if progress_callback:\n                progress_callback(f&amp;quot;\u274c Error: {error_msg}&amp;quot;, 1.0)\n    \n            # Return partial results if any\n            if all_mentions:\n                self.logger.info(f&amp;quot;Returning {len(all_mentions)} partial results despite error&amp;quot;)\n                return all_mentions\n    \n&amp;gt;           raise ScrapingError(error_msg) from e\nE           scraper.reddit_scraper.ScrapingError: Scraping failed for &amp;#x27;OpenAI&amp;#x27;: &amp;#x27;RedditScraper&amp;#x27; object has no attribute &amp;#x27;_post_process_mentions&amp;#x27;\n\nscraper\\reddit_scraper.py:356: ScrapingError\n\n------------------------------ Captured log call -------------------------------\nWARNING  analytics.advanced_sentiment:advanced_sentiment.py:29 Transformers not available, falling back to TextBlob only\nERROR    scraper.reddit_scraper:reddit_scraper.py:343 Scraping failed for &amp;#x27;OpenAI&amp;#x27;: &amp;#x27;RedditScraper&amp;#x27; object has no attribute &amp;#x27;_post_process_mentions&amp;#x27;\n\n&#34;}], &#34;tests/test_scraper.py::TestScrapingIntegration::test_post_processing_pipeline&#34;: [{&#34;extras&#34;: [], &#34;result&#34;: &#34;Failed&#34;, &#34;testId&#34;: &#34;tests/test_scraper.py::TestScrapingIntegration::test_post_processing_pipeline&#34;, &#34;duration&#34;: &#34;37 ms&#34;, &#34;resultsTableRow&#34;: [&#34;&lt;td class=\&#34;col-result\&#34;&gt;Failed&lt;/td&gt;&#34;, &#34;&lt;td class=\&#34;col-testId\&#34;&gt;tests/test_scraper.py::TestScrapingIntegration::test_post_processing_pipeline&lt;/td&gt;&#34;, &#34;&lt;td class=\&#34;col-duration\&#34;&gt;37 ms&lt;/td&gt;&#34;, &#34;&lt;td class=\&#34;col-links\&#34;&gt;&lt;/td&gt;&#34;], &#34;log&#34;: &#34;self = &amp;lt;tests.test_scraper.TestScrapingIntegration object at 0x000001356BE97770&amp;gt;\ndb_manager = &amp;lt;database.models.DatabaseManager object at 0x0000013571971B50&amp;gt;\nsample_mentions_list = [{&amp;#x27;author&amp;#x27;: &amp;#x27;test_user&amp;#x27;, &amp;#x27;content&amp;#x27;: &amp;#x27;This is a test post discussing OpenAI technology and its impact.&amp;#x27;, &amp;#x27;created_utc&amp;#x27;:...ogy and its impact.&amp;#x27;, &amp;#x27;created_utc&amp;#x27;: datetime.datetime(2025, 5, 28, 20, 11, 57, 109522), &amp;#x27;num_comments&amp;#x27;: 15, ...}, ...]\n\n    @pytest.mark.asyncio\n    async def test_post_processing_pipeline(self, db_manager, sample_mentions_list):\n        &amp;quot;&amp;quot;&amp;quot;Test post-processing pipeline.&amp;quot;&amp;quot;&amp;quot;\n        scraper = RedditScraper(db_manager)\n    \n        # Test the post-processing method directly\n&amp;gt;       enhanced_mentions = await scraper._post_process_mentions(\n            sample_mentions_list, &amp;quot;OpenAI&amp;quot;, 0.3, None\n        )\nE       AttributeError: &amp;#x27;RedditScraper&amp;#x27; object has no attribute &amp;#x27;_post_process_mentions&amp;#x27;\n\ntests\\test_scraper.py:396: AttributeError\n\n------------------------------ Captured log call -------------------------------\nWARNING  analytics.advanced_sentiment:advanced_sentiment.py:29 Transformers not available, falling back to TextBlob only\n\n&#34;}], &#34;tests/test_scraper.py::TestScrapingIntegration::test_error_recovery&#34;: [{&#34;extras&#34;: [], &#34;result&#34;: &#34;Failed&#34;, &#34;testId&#34;: &#34;tests/test_scraper.py::TestScrapingIntegration::test_error_recovery&#34;, &#34;duration&#34;: &#34;37 ms&#34;, &#34;resultsTableRow&#34;: [&#34;&lt;td class=\&#34;col-result\&#34;&gt;Failed&lt;/td&gt;&#34;, &#34;&lt;td class=\&#34;col-testId\&#34;&gt;tests/test_scraper.py::TestScrapingIntegration::test_error_recovery&lt;/td&gt;&#34;, &#34;&lt;td class=\&#34;col-duration\&#34;&gt;37 ms&lt;/td&gt;&#34;, &#34;&lt;td class=\&#34;col-links\&#34;&gt;&lt;/td&gt;&#34;], &#34;log&#34;: &#34;self = &amp;lt;tests.test_scraper.TestScrapingIntegration object at 0x000001356BE96EA0&amp;gt;\ndb_manager = &amp;lt;database.models.DatabaseManager object at 0x000001357270B110&amp;gt;\n\n    @pytest.mark.asyncio\n    async def test_error_recovery(self, db_manager):\n        &amp;quot;&amp;quot;&amp;quot;Test error recovery mechanisms.&amp;quot;&amp;quot;&amp;quot;\n        scraper = RedditScraper(db_manager)\n    \n        # Test with invalid search term\n&amp;gt;       result = await scraper.scrape_mentions(&amp;quot;&amp;quot;, 1)\n\ntests\\test_scraper.py:415: \n_ _ _ _ _ _ _ _ _ _ _ _ _ _ _ _ _ _ _ _ _ _ _ _ _ _ _ _ _ _ _ _ _ _ _ _ _ _ _ _\n\nself = &amp;lt;scraper.reddit_scraper.RedditScraper object at 0x000001357270B0B0&amp;gt;\nsearch_term = &amp;#x27;&amp;#x27;, session_id = 1, max_pages = 5, progress_callback = None\nuse_advanced_patterns = True, quality_threshold = 0.3\n\n    async def scrape_mentions(\n        self,\n        search_term: str,\n        session_id: int,\n        max_pages: int = 5,\n        progress_callback: Optional[Callable] = None,\n        use_advanced_patterns: bool = True,\n        quality_threshold: float = 0.3\n    ) -&amp;gt; List[Dict[str, Any]]:\n        &amp;quot;&amp;quot;&amp;quot;\n        Enhanced scraping with comprehensive error handling and quality filtering.\n        &amp;quot;&amp;quot;&amp;quot;\n        # Input validation and sanitization\n        search_term = self._sanitize_search_term(search_term)\n        if not search_term:\n&amp;gt;           raise ValueError(&amp;quot;Invalid search term after sanitization&amp;quot;)\nE           ValueError: Invalid search term after sanitization\n\nscraper\\reddit_scraper.py:261: ValueError\n\n------------------------------ Captured log call -------------------------------\nWARNING  analytics.advanced_sentiment:advanced_sentiment.py:29 Transformers not available, falling back to TextBlob only\n\n&#34;}], &#34;tests/test_scraper.py::TestScrapingConfiguration::test_proxy_configuration&#34;: [{&#34;extras&#34;: [], &#34;result&#34;: &#34;Passed&#34;, &#34;testId&#34;: &#34;tests/test_scraper.py::TestScrapingConfiguration::test_proxy_configuration&#34;, &#34;duration&#34;: &#34;38 ms&#34;, &#34;resultsTableRow&#34;: [&#34;&lt;td class=\&#34;col-result\&#34;&gt;Passed&lt;/td&gt;&#34;, &#34;&lt;td class=\&#34;col-testId\&#34;&gt;tests/test_scraper.py::TestScrapingConfiguration::test_proxy_configuration&lt;/td&gt;&#34;, &#34;&lt;td class=\&#34;col-duration\&#34;&gt;38 ms&lt;/td&gt;&#34;, &#34;&lt;td class=\&#34;col-links\&#34;&gt;&lt;/td&gt;&#34;], &#34;log&#34;: &#34;------------------------------ Captured log call -------------------------------\nWARNING  analytics.advanced_sentiment:advanced_sentiment.py:29 Transformers not available, falling back to TextBlob only\n\n&#34;}], &#34;tests/test_scraper.py::TestScrapingConfiguration::test_user_agent_rotation&#34;: [{&#34;extras&#34;: [], &#34;result&#34;: &#34;Passed&#34;, &#34;testId&#34;: &#34;tests/test_scraper.py::TestScrapingConfiguration::test_user_agent_rotation&#34;, &#34;duration&#34;: &#34;38 ms&#34;, &#34;resultsTableRow&#34;: [&#34;&lt;td class=\&#34;col-result\&#34;&gt;Passed&lt;/td&gt;&#34;, &#34;&lt;td class=\&#34;col-testId\&#34;&gt;tests/test_scraper.py::TestScrapingConfiguration::test_user_agent_rotation&lt;/td&gt;&#34;, &#34;&lt;td class=\&#34;col-duration\&#34;&gt;38 ms&lt;/td&gt;&#34;, &#34;&lt;td class=\&#34;col-links\&#34;&gt;&lt;/td&gt;&#34;], &#34;log&#34;: &#34;------------------------------ Captured log call -------------------------------\nWARNING  analytics.advanced_sentiment:advanced_sentiment.py:29 Transformers not available, falling back to TextBlob only\n\n&#34;}], &#34;tests/test_scraper.py::TestScrapingConfiguration::test_search_patterns_configuration&#34;: [{&#34;extras&#34;: [], &#34;result&#34;: &#34;Passed&#34;, &#34;testId&#34;: &#34;tests/test_scraper.py::TestScrapingConfiguration::test_search_patterns_configuration&#34;, &#34;duration&#34;: &#34;35 ms&#34;, &#34;resultsTableRow&#34;: [&#34;&lt;td class=\&#34;col-result\&#34;&gt;Passed&lt;/td&gt;&#34;, &#34;&lt;td class=\&#34;col-testId\&#34;&gt;tests/test_scraper.py::TestScrapingConfiguration::test_search_patterns_configuration&lt;/td&gt;&#34;, &#34;&lt;td class=\&#34;col-duration\&#34;&gt;35 ms&lt;/td&gt;&#34;, &#34;&lt;td class=\&#34;col-links\&#34;&gt;&lt;/td&gt;&#34;], &#34;log&#34;: &#34;------------------------------ Captured log call -------------------------------\nWARNING  analytics.advanced_sentiment:advanced_sentiment.py:29 Transformers not available, falling back to TextBlob only\n\n&#34;}], &#34;tests/test_scraper.py::TestScrapingConfiguration::test_subreddit_categories&#34;: [{&#34;extras&#34;: [], &#34;result&#34;: &#34;Passed&#34;, &#34;testId&#34;: &#34;tests/test_scraper.py::TestScrapingConfiguration::test_subreddit_categories&#34;, &#34;duration&#34;: &#34;36 ms&#34;, &#34;resultsTableRow&#34;: [&#34;&lt;td class=\&#34;col-result\&#34;&gt;Passed&lt;/td&gt;&#34;, &#34;&lt;td class=\&#34;col-testId\&#34;&gt;tests/test_scraper.py::TestScrapingConfiguration::test_subreddit_categories&lt;/td&gt;&#34;, &#34;&lt;td class=\&#34;col-duration\&#34;&gt;36 ms&lt;/td&gt;&#34;, &#34;&lt;td class=\&#34;col-links\&#34;&gt;&lt;/td&gt;&#34;], &#34;log&#34;: &#34;------------------------------ Captured log call -------------------------------\nWARNING  analytics.advanced_sentiment:advanced_sentiment.py:29 Transformers not available, falling back to TextBlob only\n\n&#34;}], &#34;tests/test_analytics.py::TestMetricsAnalyzer::test_analyzer_initialization&#34;: [{&#34;extras&#34;: [], &#34;result&#34;: &#34;Passed&#34;, &#34;testId&#34;: &#34;tests/test_analytics.py::TestMetricsAnalyzer::test_analyzer_initialization&#34;, &#34;duration&#34;: &#34;7 ms&#34;, &#34;resultsTableRow&#34;: [&#34;&lt;td class=\&#34;col-result\&#34;&gt;Passed&lt;/td&gt;&#34;, &#34;&lt;td class=\&#34;col-testId\&#34;&gt;tests/test_analytics.py::TestMetricsAnalyzer::test_analyzer_initialization&lt;/td&gt;&#34;, &#34;&lt;td class=\&#34;col-duration\&#34;&gt;7 ms&lt;/td&gt;&#34;, &#34;&lt;td class=\&#34;col-links\&#34;&gt;&lt;/td&gt;&#34;], &#34;log&#34;: &#34;No log output captured.&#34;}], &#34;tests/test_analytics.py::TestMetricsAnalyzer::test_analyze_session_metrics&#34;: [{&#34;extras&#34;: [], &#34;result&#34;: &#34;Passed&#34;, &#34;testId&#34;: &#34;tests/test_analytics.py::TestMetricsAnalyzer::test_analyze_session_metrics&#34;, &#34;duration&#34;: &#34;43 ms&#34;, &#34;resultsTableRow&#34;: [&#34;&lt;td class=\&#34;col-result\&#34;&gt;Passed&lt;/td&gt;&#34;, &#34;&lt;td class=\&#34;col-testId\&#34;&gt;tests/test_analytics.py::TestMetricsAnalyzer::test_analyze_session_metrics&lt;/td&gt;&#34;, &#34;&lt;td class=\&#34;col-duration\&#34;&gt;43 ms&lt;/td&gt;&#34;, &#34;&lt;td class=\&#34;col-links\&#34;&gt;&lt;/td&gt;&#34;], &#34;log&#34;: &#34;No log output captured.&#34;}], &#34;tests/test_analytics.py::TestMetricsAnalyzer::test_calculate_temporal_metrics&#34;: [{&#34;extras&#34;: [], &#34;result&#34;: &#34;Failed&#34;, &#34;testId&#34;: &#34;tests/test_analytics.py::TestMetricsAnalyzer::test_calculate_temporal_metrics&#34;, &#34;duration&#34;: &#34;7 ms&#34;, &#34;resultsTableRow&#34;: [&#34;&lt;td class=\&#34;col-result\&#34;&gt;Failed&lt;/td&gt;&#34;, &#34;&lt;td class=\&#34;col-testId\&#34;&gt;tests/test_analytics.py::TestMetricsAnalyzer::test_calculate_temporal_metrics&lt;/td&gt;&#34;, &#34;&lt;td class=\&#34;col-duration\&#34;&gt;7 ms&lt;/td&gt;&#34;, &#34;&lt;td class=\&#34;col-links\&#34;&gt;&lt;/td&gt;&#34;], &#34;log&#34;: &#34;self = &amp;lt;tests.test_analytics.TestMetricsAnalyzer object at 0x000001356BEDD100&amp;gt;\nmetrics_analyzer = &amp;lt;analytics.metrics_analyzer.MetricsAnalyzer object at 0x0000013571981B20&amp;gt;\nsample_mentions_list = [{&amp;#x27;author&amp;#x27;: &amp;#x27;test_user&amp;#x27;, &amp;#x27;content&amp;#x27;: &amp;#x27;This is a test post discussing OpenAI technology and its impact.&amp;#x27;, &amp;#x27;created_utc&amp;#x27;:...ogy and its impact.&amp;#x27;, &amp;#x27;created_utc&amp;#x27;: datetime.datetime(2025, 5, 28, 15, 11, 57, 424315), &amp;#x27;num_comments&amp;#x27;: 15, ...}, ...]\n\n    def test_calculate_temporal_metrics(self, metrics_analyzer, sample_mentions_list):\n        &amp;quot;&amp;quot;&amp;quot;Test temporal metrics calculation.&amp;quot;&amp;quot;&amp;quot;\n        # Add timestamps to mentions\n        now = datetime.utcnow()\n        for i, mention in enumerate(sample_mentions_list):\n            mention[&amp;#x27;created_utc&amp;#x27;] = now - timedelta(hours=i)\n    \n&amp;gt;       metrics = metrics_analyzer.calculate_temporal_metrics(sample_mentions_list)\nE       AttributeError: &amp;#x27;MetricsAnalyzer&amp;#x27; object has no attribute &amp;#x27;calculate_temporal_metrics&amp;#x27;. Did you mean: &amp;#x27;_calculate_temporal_metrics&amp;#x27;?\n\ntests\\test_analytics.py:70: AttributeError\n&#34;}], &#34;tests/test_analytics.py::TestMetricsAnalyzer::test_calculate_subreddit_metrics&#34;: [{&#34;extras&#34;: [], &#34;result&#34;: &#34;Failed&#34;, &#34;testId&#34;: &#34;tests/test_analytics.py::TestMetricsAnalyzer::test_calculate_subreddit_metrics&#34;, &#34;duration&#34;: &#34;8 ms&#34;, &#34;resultsTableRow&#34;: [&#34;&lt;td class=\&#34;col-result\&#34;&gt;Failed&lt;/td&gt;&#34;, &#34;&lt;td class=\&#34;col-testId\&#34;&gt;tests/test_analytics.py::TestMetricsAnalyzer::test_calculate_subreddit_metrics&lt;/td&gt;&#34;, &#34;&lt;td class=\&#34;col-duration\&#34;&gt;8 ms&lt;/td&gt;&#34;, &#34;&lt;td class=\&#34;col-links\&#34;&gt;&lt;/td&gt;&#34;], &#34;log&#34;: &#34;self = &amp;lt;tests.test_analytics.TestMetricsAnalyzer object at 0x000001356BEDD370&amp;gt;\nmetrics_analyzer = &amp;lt;analytics.metrics_analyzer.MetricsAnalyzer object at 0x0000013571982750&amp;gt;\nsample_mentions_list = [{&amp;#x27;author&amp;#x27;: &amp;#x27;test_user&amp;#x27;, &amp;#x27;content&amp;#x27;: &amp;#x27;This is a test post discussing OpenAI technology and its impact.&amp;#x27;, &amp;#x27;created_utc&amp;#x27;:...ogy and its impact.&amp;#x27;, &amp;#x27;created_utc&amp;#x27;: datetime.datetime(2025, 5, 28, 20, 11, 57, 595314), &amp;#x27;num_comments&amp;#x27;: 15, ...}, ...]\n\n    def test_calculate_subreddit_metrics(self, metrics_analyzer, sample_mentions_list):\n        &amp;quot;&amp;quot;&amp;quot;Test subreddit metrics calculation.&amp;quot;&amp;quot;&amp;quot;\n        # Add different subreddits\n        subreddits = [&amp;#x27;technology&amp;#x27;, &amp;#x27;programming&amp;#x27;, &amp;#x27;artificial&amp;#x27;, &amp;#x27;MachineLearning&amp;#x27;]\n        for i, mention in enumerate(sample_mentions_list):\n            mention[&amp;#x27;subreddit&amp;#x27;] = subreddits[i % len(subreddits)]\n    \n&amp;gt;       metrics = metrics_analyzer.calculate_subreddit_metrics(sample_mentions_list)\nE       AttributeError: &amp;#x27;MetricsAnalyzer&amp;#x27; object has no attribute &amp;#x27;calculate_subreddit_metrics&amp;#x27;. Did you mean: &amp;#x27;_calculate_subreddit_metrics&amp;#x27;?\n\ntests\\test_analytics.py:87: AttributeError\n&#34;}], &#34;tests/test_analytics.py::TestMetricsAnalyzer::test_calculate_sentiment_metrics&#34;: [{&#34;extras&#34;: [], &#34;result&#34;: &#34;Failed&#34;, &#34;testId&#34;: &#34;tests/test_analytics.py::TestMetricsAnalyzer::test_calculate_sentiment_metrics&#34;, &#34;duration&#34;: &#34;8 ms&#34;, &#34;resultsTableRow&#34;: [&#34;&lt;td class=\&#34;col-result\&#34;&gt;Failed&lt;/td&gt;&#34;, &#34;&lt;td class=\&#34;col-testId\&#34;&gt;tests/test_analytics.py::TestMetricsAnalyzer::test_calculate_sentiment_metrics&lt;/td&gt;&#34;, &#34;&lt;td class=\&#34;col-duration\&#34;&gt;8 ms&lt;/td&gt;&#34;, &#34;&lt;td class=\&#34;col-links\&#34;&gt;&lt;/td&gt;&#34;], &#34;log&#34;: &#34;self = &amp;lt;tests.test_analytics.TestMetricsAnalyzer object at 0x000001356BEDD5E0&amp;gt;\nmetrics_analyzer = &amp;lt;analytics.metrics_analyzer.MetricsAnalyzer object at 0x0000013571BE07A0&amp;gt;\nsample_mentions_list = [{&amp;#x27;author&amp;#x27;: &amp;#x27;test_user&amp;#x27;, &amp;#x27;content&amp;#x27;: &amp;#x27;This is a test post discussing OpenAI technology and its impact.&amp;#x27;, &amp;#x27;created_utc&amp;#x27;:...ogy and its impact.&amp;#x27;, &amp;#x27;created_utc&amp;#x27;: datetime.datetime(2025, 5, 28, 20, 11, 57, 615313), &amp;#x27;num_comments&amp;#x27;: 15, ...}, ...]\n\n    def test_calculate_sentiment_metrics(self, metrics_analyzer, sample_mentions_list):\n        &amp;quot;&amp;quot;&amp;quot;Test sentiment metrics calculation.&amp;quot;&amp;quot;&amp;quot;\n&amp;gt;       metrics = metrics_analyzer.calculate_sentiment_metrics(sample_mentions_list)\nE       AttributeError: &amp;#x27;MetricsAnalyzer&amp;#x27; object has no attribute &amp;#x27;calculate_sentiment_metrics&amp;#x27;. Did you mean: &amp;#x27;_calculate_sentiment_metrics&amp;#x27;?\n\ntests\\test_analytics.py:98: AttributeError\n&#34;}], &#34;tests/test_analytics.py::TestMetricsAnalyzer::test_calculate_engagement_metrics&#34;: [{&#34;extras&#34;: [], &#34;result&#34;: &#34;Failed&#34;, &#34;testId&#34;: &#34;tests/test_analytics.py::TestMetricsAnalyzer::test_calculate_engagement_metrics&#34;, &#34;duration&#34;: &#34;7 ms&#34;, &#34;resultsTableRow&#34;: [&#34;&lt;td class=\&#34;col-result\&#34;&gt;Failed&lt;/td&gt;&#34;, &#34;&lt;td class=\&#34;col-testId\&#34;&gt;tests/test_analytics.py::TestMetricsAnalyzer::test_calculate_engagement_metrics&lt;/td&gt;&#34;, &#34;&lt;td class=\&#34;col-duration\&#34;&gt;7 ms&lt;/td&gt;&#34;, &#34;&lt;td class=\&#34;col-links\&#34;&gt;&lt;/td&gt;&#34;], &#34;log&#34;: &#34;self = &amp;lt;tests.test_analytics.TestMetricsAnalyzer object at 0x000001356BEDD880&amp;gt;\nmetrics_analyzer = &amp;lt;analytics.metrics_analyzer.MetricsAnalyzer object at 0x0000013571BE1BB0&amp;gt;\nsample_mentions_list = [{&amp;#x27;author&amp;#x27;: &amp;#x27;test_user&amp;#x27;, &amp;#x27;content&amp;#x27;: &amp;#x27;This is a test post discussing OpenAI technology and its impact.&amp;#x27;, &amp;#x27;created_utc&amp;#x27;:...ogy and its impact.&amp;#x27;, &amp;#x27;created_utc&amp;#x27;: datetime.datetime(2025, 5, 28, 20, 11, 57, 633314), &amp;#x27;num_comments&amp;#x27;: 15, ...}, ...]\n\n    def test_calculate_engagement_metrics(self, metrics_analyzer, sample_mentions_list):\n        &amp;quot;&amp;quot;&amp;quot;Test engagement metrics calculation.&amp;quot;&amp;quot;&amp;quot;\n&amp;gt;       metrics = metrics_analyzer.calculate_engagement_metrics(sample_mentions_list)\nE       AttributeError: &amp;#x27;MetricsAnalyzer&amp;#x27; object has no attribute &amp;#x27;calculate_engagement_metrics&amp;#x27;. Did you mean: &amp;#x27;_calculate_engagement_metrics&amp;#x27;?\n\ntests\\test_analytics.py:114: AttributeError\n&#34;}], &#34;tests/test_analytics.py::TestMetricsAnalyzer::test_detect_trending_topics&#34;: [{&#34;extras&#34;: [], &#34;result&#34;: &#34;Failed&#34;, &#34;testId&#34;: &#34;tests/test_analytics.py::TestMetricsAnalyzer::test_detect_trending_topics&#34;, &#34;duration&#34;: &#34;7 ms&#34;, &#34;resultsTableRow&#34;: [&#34;&lt;td class=\&#34;col-result\&#34;&gt;Failed&lt;/td&gt;&#34;, &#34;&lt;td class=\&#34;col-testId\&#34;&gt;tests/test_analytics.py::TestMetricsAnalyzer::test_detect_trending_topics&lt;/td&gt;&#34;, &#34;&lt;td class=\&#34;col-duration\&#34;&gt;7 ms&lt;/td&gt;&#34;, &#34;&lt;td class=\&#34;col-links\&#34;&gt;&lt;/td&gt;&#34;], &#34;log&#34;: &#34;self = &amp;lt;tests.test_analytics.TestMetricsAnalyzer object at 0x000001356BEDDAF0&amp;gt;\nmetrics_analyzer = &amp;lt;analytics.metrics_analyzer.MetricsAnalyzer object at 0x00000135719834D0&amp;gt;\nsample_mentions_list = [{&amp;#x27;author&amp;#x27;: &amp;#x27;test_user&amp;#x27;, &amp;#x27;content&amp;#x27;: &amp;#x27;This is a test post discussing OpenAI technology and its impact.&amp;#x27;, &amp;#x27;created_utc&amp;#x27;:...ogy and its impact.&amp;#x27;, &amp;#x27;created_utc&amp;#x27;: datetime.datetime(2025, 5, 28, 20, 11, 57, 651313), &amp;#x27;num_comments&amp;#x27;: 15, ...}, ...]\n\n    def test_detect_trending_topics(self, metrics_analyzer, sample_mentions_list):\n        &amp;quot;&amp;quot;&amp;quot;Test trending topic detection.&amp;quot;&amp;quot;&amp;quot;\n        # Add keywords to titles\n        keywords = [&amp;#x27;AI&amp;#x27;, &amp;#x27;machine learning&amp;#x27;, &amp;#x27;neural networks&amp;#x27;, &amp;#x27;deep learning&amp;#x27;]\n        for i, mention in enumerate(sample_mentions_list):\n            mention[&amp;#x27;title&amp;#x27;] = f&amp;quot;Post about {keywords[i % len(keywords)]} technology&amp;quot;\n    \n&amp;gt;       trending = metrics_analyzer.detect_trending_topics(sample_mentions_list)\nE       AttributeError: &amp;#x27;MetricsAnalyzer&amp;#x27; object has no attribute &amp;#x27;detect_trending_topics&amp;#x27;\n\ntests\\test_analytics.py:134: AttributeError\n&#34;}], &#34;tests/test_analytics.py::TestMetricsAnalyzer::test_generate_comprehensive_metrics&#34;: [{&#34;extras&#34;: [], &#34;result&#34;: &#34;Failed&#34;, &#34;testId&#34;: &#34;tests/test_analytics.py::TestMetricsAnalyzer::test_generate_comprehensive_metrics&#34;, &#34;duration&#34;: &#34;7 ms&#34;, &#34;resultsTableRow&#34;: [&#34;&lt;td class=\&#34;col-result\&#34;&gt;Failed&lt;/td&gt;&#34;, &#34;&lt;td class=\&#34;col-testId\&#34;&gt;tests/test_analytics.py::TestMetricsAnalyzer::test_generate_comprehensive_metrics&lt;/td&gt;&#34;, &#34;&lt;td class=\&#34;col-duration\&#34;&gt;7 ms&lt;/td&gt;&#34;, &#34;&lt;td class=\&#34;col-links\&#34;&gt;&lt;/td&gt;&#34;], &#34;log&#34;: &#34;self = &amp;lt;tests.test_analytics.TestMetricsAnalyzer object at 0x000001356BEDDD60&amp;gt;\nmetrics_analyzer = &amp;lt;analytics.metrics_analyzer.MetricsAnalyzer object at 0x00000135719804D0&amp;gt;\nsample_mentions_list = [{&amp;#x27;author&amp;#x27;: &amp;#x27;test_user&amp;#x27;, &amp;#x27;content&amp;#x27;: &amp;#x27;This is a test post discussing OpenAI technology and its impact.&amp;#x27;, &amp;#x27;created_utc&amp;#x27;:...ogy and its impact.&amp;#x27;, &amp;#x27;created_utc&amp;#x27;: datetime.datetime(2025, 5, 28, 20, 11, 57, 673315), &amp;#x27;num_comments&amp;#x27;: 15, ...}, ...]\n\n    def test_generate_comprehensive_metrics(self, metrics_analyzer, sample_mentions_list):\n        &amp;quot;&amp;quot;&amp;quot;Test comprehensive metrics generation.&amp;quot;&amp;quot;&amp;quot;\n&amp;gt;       metrics = metrics_analyzer.generate_comprehensive_metrics(sample_mentions_list)\nE       AttributeError: &amp;#x27;MetricsAnalyzer&amp;#x27; object has no attribute &amp;#x27;generate_comprehensive_metrics&amp;#x27;\n\ntests\\test_analytics.py:145: AttributeError\n&#34;}], &#34;tests/test_analytics.py::TestMetricsAnalyzer::test_empty_mentions_handling&#34;: [{&#34;extras&#34;: [], &#34;result&#34;: &#34;Failed&#34;, &#34;testId&#34;: &#34;tests/test_analytics.py::TestMetricsAnalyzer::test_empty_mentions_handling&#34;, &#34;duration&#34;: &#34;7 ms&#34;, &#34;resultsTableRow&#34;: [&#34;&lt;td class=\&#34;col-result\&#34;&gt;Failed&lt;/td&gt;&#34;, &#34;&lt;td class=\&#34;col-testId\&#34;&gt;tests/test_analytics.py::TestMetricsAnalyzer::test_empty_mentions_handling&lt;/td&gt;&#34;, &#34;&lt;td class=\&#34;col-duration\&#34;&gt;7 ms&lt;/td&gt;&#34;, &#34;&lt;td class=\&#34;col-links\&#34;&gt;&lt;/td&gt;&#34;], &#34;log&#34;: &#34;self = &amp;lt;tests.test_analytics.TestMetricsAnalyzer object at 0x000001356BEDDF70&amp;gt;\nmetrics_analyzer = &amp;lt;analytics.metrics_analyzer.MetricsAnalyzer object at 0x0000013571C125A0&amp;gt;\n\n    def test_empty_mentions_handling(self, metrics_analyzer):\n        &amp;quot;&amp;quot;&amp;quot;Test handling of empty mentions list.&amp;quot;&amp;quot;&amp;quot;\n&amp;gt;       metrics = metrics_analyzer.generate_comprehensive_metrics([])\nE       AttributeError: &amp;#x27;MetricsAnalyzer&amp;#x27; object has no attribute &amp;#x27;generate_comprehensive_metrics&amp;#x27;\n\ntests\\test_analytics.py:163: AttributeError\n&#34;}], &#34;tests/test_analytics.py::TestMetricsAnalyzer::test_malformed_data_handling&#34;: [{&#34;extras&#34;: [], &#34;result&#34;: &#34;Failed&#34;, &#34;testId&#34;: &#34;tests/test_analytics.py::TestMetricsAnalyzer::test_malformed_data_handling&#34;, &#34;duration&#34;: &#34;7 ms&#34;, &#34;resultsTableRow&#34;: [&#34;&lt;td class=\&#34;col-result\&#34;&gt;Failed&lt;/td&gt;&#34;, &#34;&lt;td class=\&#34;col-testId\&#34;&gt;tests/test_analytics.py::TestMetricsAnalyzer::test_malformed_data_handling&lt;/td&gt;&#34;, &#34;&lt;td class=\&#34;col-duration\&#34;&gt;7 ms&lt;/td&gt;&#34;, &#34;&lt;td class=\&#34;col-links\&#34;&gt;&lt;/td&gt;&#34;], &#34;log&#34;: &#34;self = &amp;lt;tests.test_analytics.TestMetricsAnalyzer object at 0x000001356BEDE180&amp;gt;\nmetrics_analyzer = &amp;lt;analytics.metrics_analyzer.MetricsAnalyzer object at 0x0000013571C11910&amp;gt;\n\n    def test_malformed_data_handling(self, metrics_analyzer):\n        &amp;quot;&amp;quot;&amp;quot;Test handling of malformed data.&amp;quot;&amp;quot;&amp;quot;\n        malformed_mentions = [\n            {&amp;#x27;title&amp;#x27;: &amp;#x27;Valid post&amp;#x27;, &amp;#x27;score&amp;#x27;: 10},  # Missing fields\n            {&amp;#x27;reddit_id&amp;#x27;: &amp;#x27;test&amp;#x27;, &amp;#x27;score&amp;#x27;: &amp;#x27;invalid&amp;#x27;},  # Invalid score type\n            {},  # Empty mention\n            None  # None mention\n        ]\n    \n        # Should handle gracefully without crashing\n&amp;gt;       metrics = metrics_analyzer.generate_comprehensive_metrics(malformed_mentions)\nE       AttributeError: &amp;#x27;MetricsAnalyzer&amp;#x27; object has no attribute &amp;#x27;generate_comprehensive_metrics&amp;#x27;\n\ntests\\test_analytics.py:180: AttributeError\n&#34;}], &#34;tests/test_analytics.py::TestDataValidator::test_validator_initialization&#34;: [{&#34;extras&#34;: [], &#34;result&#34;: &#34;Passed&#34;, &#34;testId&#34;: &#34;tests/test_analytics.py::TestDataValidator::test_validator_initialization&#34;, &#34;duration&#34;: &#34;1 ms&#34;, &#34;resultsTableRow&#34;: [&#34;&lt;td class=\&#34;col-result\&#34;&gt;Passed&lt;/td&gt;&#34;, &#34;&lt;td class=\&#34;col-testId\&#34;&gt;tests/test_analytics.py::TestDataValidator::test_validator_initialization&lt;/td&gt;&#34;, &#34;&lt;td class=\&#34;col-duration\&#34;&gt;1 ms&lt;/td&gt;&#34;, &#34;&lt;td class=\&#34;col-links\&#34;&gt;&lt;/td&gt;&#34;], &#34;log&#34;: &#34;No log output captured.&#34;}], &#34;tests/test_analytics.py::TestDataValidator::test_validate_mention_valid_data&#34;: [{&#34;extras&#34;: [], &#34;result&#34;: &#34;Passed&#34;, &#34;testId&#34;: &#34;tests/test_analytics.py::TestDataValidator::test_validate_mention_valid_data&#34;, &#34;duration&#34;: &#34;178 ms&#34;, &#34;resultsTableRow&#34;: [&#34;&lt;td class=\&#34;col-result\&#34;&gt;Passed&lt;/td&gt;&#34;, &#34;&lt;td class=\&#34;col-testId\&#34;&gt;tests/test_analytics.py::TestDataValidator::test_validate_mention_valid_data&lt;/td&gt;&#34;, &#34;&lt;td class=\&#34;col-duration\&#34;&gt;178 ms&lt;/td&gt;&#34;, &#34;&lt;td class=\&#34;col-links\&#34;&gt;&lt;/td&gt;&#34;], &#34;log&#34;: &#34;No log output captured.&#34;}], &#34;tests/test_analytics.py::TestDataValidator::test_validate_mention_invalid_data&#34;: [{&#34;extras&#34;: [], &#34;result&#34;: &#34;Passed&#34;, &#34;testId&#34;: &#34;tests/test_analytics.py::TestDataValidator::test_validate_mention_invalid_data&#34;, &#34;duration&#34;: &#34;8 ms&#34;, &#34;resultsTableRow&#34;: [&#34;&lt;td class=\&#34;col-result\&#34;&gt;Passed&lt;/td&gt;&#34;, &#34;&lt;td class=\&#34;col-testId\&#34;&gt;tests/test_analytics.py::TestDataValidator::test_validate_mention_invalid_data&lt;/td&gt;&#34;, &#34;&lt;td class=\&#34;col-duration\&#34;&gt;8 ms&lt;/td&gt;&#34;, &#34;&lt;td class=\&#34;col-links\&#34;&gt;&lt;/td&gt;&#34;], &#34;log&#34;: &#34;No log output captured.&#34;}], &#34;tests/test_analytics.py::TestDataValidator::test_validate_mention_spam_detection&#34;: [{&#34;extras&#34;: [], &#34;result&#34;: &#34;Passed&#34;, &#34;testId&#34;: &#34;tests/test_analytics.py::TestDataValidator::test_validate_mention_spam_detection&#34;, &#34;duration&#34;: &#34;9 ms&#34;, &#34;resultsTableRow&#34;: [&#34;&lt;td class=\&#34;col-result\&#34;&gt;Passed&lt;/td&gt;&#34;, &#34;&lt;td class=\&#34;col-testId\&#34;&gt;tests/test_analytics.py::TestDataValidator::test_validate_mention_spam_detection&lt;/td&gt;&#34;, &#34;&lt;td class=\&#34;col-duration\&#34;&gt;9 ms&lt;/td&gt;&#34;, &#34;&lt;td class=\&#34;col-links\&#34;&gt;&lt;/td&gt;&#34;], &#34;log&#34;: &#34;No log output captured.&#34;}], &#34;tests/test_analytics.py::TestDataValidator::test_validate_dataset&#34;: [{&#34;extras&#34;: [], &#34;result&#34;: &#34;Passed&#34;, &#34;testId&#34;: &#34;tests/test_analytics.py::TestDataValidator::test_validate_dataset&#34;, &#34;duration&#34;: &#34;113 ms&#34;, &#34;resultsTableRow&#34;: [&#34;&lt;td class=\&#34;col-result\&#34;&gt;Passed&lt;/td&gt;&#34;, &#34;&lt;td class=\&#34;col-testId\&#34;&gt;tests/test_analytics.py::TestDataValidator::test_validate_dataset&lt;/td&gt;&#34;, &#34;&lt;td class=\&#34;col-duration\&#34;&gt;113 ms&lt;/td&gt;&#34;, &#34;&lt;td class=\&#34;col-links\&#34;&gt;&lt;/td&gt;&#34;], &#34;log&#34;: &#34;No log output captured.&#34;}], &#34;tests/test_analytics.py::TestDataValidator::test_duplicate_detection&#34;: [{&#34;extras&#34;: [], &#34;result&#34;: &#34;Passed&#34;, &#34;testId&#34;: &#34;tests/test_analytics.py::TestDataValidator::test_duplicate_detection&#34;, &#34;duration&#34;: &#34;1 ms&#34;, &#34;resultsTableRow&#34;: [&#34;&lt;td class=\&#34;col-result\&#34;&gt;Passed&lt;/td&gt;&#34;, &#34;&lt;td class=\&#34;col-testId\&#34;&gt;tests/test_analytics.py::TestDataValidator::test_duplicate_detection&lt;/td&gt;&#34;, &#34;&lt;td class=\&#34;col-duration\&#34;&gt;1 ms&lt;/td&gt;&#34;, &#34;&lt;td class=\&#34;col-links\&#34;&gt;&lt;/td&gt;&#34;], &#34;log&#34;: &#34;No log output captured.&#34;}], &#34;tests/test_analytics.py::TestDataValidator::test_language_analysis&#34;: [{&#34;extras&#34;: [], &#34;result&#34;: &#34;Passed&#34;, &#34;testId&#34;: &#34;tests/test_analytics.py::TestDataValidator::test_language_analysis&#34;, &#34;duration&#34;: &#34;7 ms&#34;, &#34;resultsTableRow&#34;: [&#34;&lt;td class=\&#34;col-result\&#34;&gt;Passed&lt;/td&gt;&#34;, &#34;&lt;td class=\&#34;col-testId\&#34;&gt;tests/test_analytics.py::TestDataValidator::test_language_analysis&lt;/td&gt;&#34;, &#34;&lt;td class=\&#34;col-duration\&#34;&gt;7 ms&lt;/td&gt;&#34;, &#34;&lt;td class=\&#34;col-links\&#34;&gt;&lt;/td&gt;&#34;], &#34;log&#34;: &#34;No log output captured.&#34;}], &#34;tests/test_analytics.py::TestDataValidator::test_content_quality_analysis&#34;: [{&#34;extras&#34;: [], &#34;result&#34;: &#34;Passed&#34;, &#34;testId&#34;: &#34;tests/test_analytics.py::TestDataValidator::test_content_quality_analysis&#34;, &#34;duration&#34;: &#34;1 ms&#34;, &#34;resultsTableRow&#34;: [&#34;&lt;td class=\&#34;col-result\&#34;&gt;Passed&lt;/td&gt;&#34;, &#34;&lt;td class=\&#34;col-testId\&#34;&gt;tests/test_analytics.py::TestDataValidator::test_content_quality_analysis&lt;/td&gt;&#34;, &#34;&lt;td class=\&#34;col-duration\&#34;&gt;1 ms&lt;/td&gt;&#34;, &#34;&lt;td class=\&#34;col-links\&#34;&gt;&lt;/td&gt;&#34;], &#34;log&#34;: &#34;No log output captured.&#34;}], &#34;tests/test_analytics.py::TestDataValidator::test_quality_metrics_calculation&#34;: [{&#34;extras&#34;: [], &#34;result&#34;: &#34;Passed&#34;, &#34;testId&#34;: &#34;tests/test_analytics.py::TestDataValidator::test_quality_metrics_calculation&#34;, &#34;duration&#34;: &#34;92 ms&#34;, &#34;resultsTableRow&#34;: [&#34;&lt;td class=\&#34;col-result\&#34;&gt;Passed&lt;/td&gt;&#34;, &#34;&lt;td class=\&#34;col-testId\&#34;&gt;tests/test_analytics.py::TestDataValidator::test_quality_metrics_calculation&lt;/td&gt;&#34;, &#34;&lt;td class=\&#34;col-duration\&#34;&gt;92 ms&lt;/td&gt;&#34;, &#34;&lt;td class=\&#34;col-links\&#34;&gt;&lt;/td&gt;&#34;], &#34;log&#34;: &#34;No log output captured.&#34;}], &#34;tests/test_analytics.py::TestAdvancedSentimentAnalyzer::test_analyzer_initialization&#34;: [{&#34;extras&#34;: [], &#34;result&#34;: &#34;Failed&#34;, &#34;testId&#34;: &#34;tests/test_analytics.py::TestAdvancedSentimentAnalyzer::test_analyzer_initialization&#34;, &#34;duration&#34;: &#34;1 ms&#34;, &#34;resultsTableRow&#34;: [&#34;&lt;td class=\&#34;col-result\&#34;&gt;Failed&lt;/td&gt;&#34;, &#34;&lt;td class=\&#34;col-testId\&#34;&gt;tests/test_analytics.py::TestAdvancedSentimentAnalyzer::test_analyzer_initialization&lt;/td&gt;&#34;, &#34;&lt;td class=\&#34;col-duration\&#34;&gt;1 ms&lt;/td&gt;&#34;, &#34;&lt;td class=\&#34;col-links\&#34;&gt;&lt;/td&gt;&#34;], &#34;log&#34;: &#34;self = &amp;lt;tests.test_analytics.TestAdvancedSentimentAnalyzer object at 0x000001356BEDF200&amp;gt;\nsentiment_analyzer = &amp;lt;analytics.advanced_sentiment.AdvancedSentimentAnalyzer object at 0x000001357561B110&amp;gt;\n\n    def test_analyzer_initialization(self, sentiment_analyzer):\n        &amp;quot;&amp;quot;&amp;quot;Test sentiment analyzer initialization.&amp;quot;&amp;quot;&amp;quot;\n        assert sentiment_analyzer is not None\n&amp;gt;       assert hasattr(sentiment_analyzer, &amp;#x27;providers&amp;#x27;)\nE       AssertionError: assert False\nE        +  where False = hasattr(&amp;lt;analytics.advanced_sentiment.AdvancedSentimentAnalyzer object at 0x000001357561B110&amp;gt;, &amp;#x27;providers&amp;#x27;)\n\ntests\\test_analytics.py:344: AssertionError\n\n------------------------------ Captured log setup ------------------------------\nWARNING  analytics.advanced_sentiment:advanced_sentiment.py:29 Transformers not available, falling back to TextBlob only\n&#34;}], &#34;tests/test_analytics.py::TestAdvancedSentimentAnalyzer::test_is_available&#34;: [{&#34;extras&#34;: [], &#34;result&#34;: &#34;Passed&#34;, &#34;testId&#34;: &#34;tests/test_analytics.py::TestAdvancedSentimentAnalyzer::test_is_available&#34;, &#34;duration&#34;: &#34;1 ms&#34;, &#34;resultsTableRow&#34;: [&#34;&lt;td class=\&#34;col-result\&#34;&gt;Passed&lt;/td&gt;&#34;, &#34;&lt;td class=\&#34;col-testId\&#34;&gt;tests/test_analytics.py::TestAdvancedSentimentAnalyzer::test_is_available&lt;/td&gt;&#34;, &#34;&lt;td class=\&#34;col-duration\&#34;&gt;1 ms&lt;/td&gt;&#34;, &#34;&lt;td class=\&#34;col-links\&#34;&gt;&lt;/td&gt;&#34;], &#34;log&#34;: &#34;------------------------------ Captured log setup ------------------------------\nWARNING  analytics.advanced_sentiment:advanced_sentiment.py:29 Transformers not available, falling back to TextBlob only\n&#34;}], &#34;tests/test_analytics.py::TestAdvancedSentimentAnalyzer::test_analyze_sentiment_positive&#34;: [{&#34;extras&#34;: [], &#34;result&#34;: &#34;Passed&#34;, &#34;testId&#34;: &#34;tests/test_analytics.py::TestAdvancedSentimentAnalyzer::test_analyze_sentiment_positive&#34;, &#34;duration&#34;: &#34;2 ms&#34;, &#34;resultsTableRow&#34;: [&#34;&lt;td class=\&#34;col-result\&#34;&gt;Passed&lt;/td&gt;&#34;, &#34;&lt;td class=\&#34;col-testId\&#34;&gt;tests/test_analytics.py::TestAdvancedSentimentAnalyzer::test_analyze_sentiment_positive&lt;/td&gt;&#34;, &#34;&lt;td class=\&#34;col-duration\&#34;&gt;2 ms&lt;/td&gt;&#34;, &#34;&lt;td class=\&#34;col-links\&#34;&gt;&lt;/td&gt;&#34;], &#34;log&#34;: &#34;------------------------------ Captured log setup ------------------------------\nWARNING  analytics.advanced_sentiment:advanced_sentiment.py:29 Transformers not available, falling back to TextBlob only\n&#34;}], &#34;tests/test_analytics.py::TestAdvancedSentimentAnalyzer::test_analyze_sentiment_negative&#34;: [{&#34;extras&#34;: [], &#34;result&#34;: &#34;Passed&#34;, &#34;testId&#34;: &#34;tests/test_analytics.py::TestAdvancedSentimentAnalyzer::test_analyze_sentiment_negative&#34;, &#34;duration&#34;: &#34;1 ms&#34;, &#34;resultsTableRow&#34;: [&#34;&lt;td class=\&#34;col-result\&#34;&gt;Passed&lt;/td&gt;&#34;, &#34;&lt;td class=\&#34;col-testId\&#34;&gt;tests/test_analytics.py::TestAdvancedSentimentAnalyzer::test_analyze_sentiment_negative&lt;/td&gt;&#34;, &#34;&lt;td class=\&#34;col-duration\&#34;&gt;1 ms&lt;/td&gt;&#34;, &#34;&lt;td class=\&#34;col-links\&#34;&gt;&lt;/td&gt;&#34;], &#34;log&#34;: &#34;------------------------------ Captured log setup ------------------------------\nWARNING  analytics.advanced_sentiment:advanced_sentiment.py:29 Transformers not available, falling back to TextBlob only\n&#34;}], &#34;tests/test_analytics.py::TestAdvancedSentimentAnalyzer::test_analyze_sentiment_empty&#34;: [{&#34;extras&#34;: [], &#34;result&#34;: &#34;Passed&#34;, &#34;testId&#34;: &#34;tests/test_analytics.py::TestAdvancedSentimentAnalyzer::test_analyze_sentiment_empty&#34;, &#34;duration&#34;: &#34;1 ms&#34;, &#34;resultsTableRow&#34;: [&#34;&lt;td class=\&#34;col-result\&#34;&gt;Passed&lt;/td&gt;&#34;, &#34;&lt;td class=\&#34;col-testId\&#34;&gt;tests/test_analytics.py::TestAdvancedSentimentAnalyzer::test_analyze_sentiment_empty&lt;/td&gt;&#34;, &#34;&lt;td class=\&#34;col-duration\&#34;&gt;1 ms&lt;/td&gt;&#34;, &#34;&lt;td class=\&#34;col-links\&#34;&gt;&lt;/td&gt;&#34;], &#34;log&#34;: &#34;------------------------------ Captured log setup ------------------------------\nWARNING  analytics.advanced_sentiment:advanced_sentiment.py:29 Transformers not available, falling back to TextBlob only\n&#34;}], &#34;tests/test_analytics.py::TestAdvancedSentimentAnalyzer::test_analyze_batch&#34;: [{&#34;extras&#34;: [], &#34;result&#34;: &#34;Passed&#34;, &#34;testId&#34;: &#34;tests/test_analytics.py::TestAdvancedSentimentAnalyzer::test_analyze_batch&#34;, &#34;duration&#34;: &#34;1 ms&#34;, &#34;resultsTableRow&#34;: [&#34;&lt;td class=\&#34;col-result\&#34;&gt;Passed&lt;/td&gt;&#34;, &#34;&lt;td class=\&#34;col-testId\&#34;&gt;tests/test_analytics.py::TestAdvancedSentimentAnalyzer::test_analyze_batch&lt;/td&gt;&#34;, &#34;&lt;td class=\&#34;col-duration\&#34;&gt;1 ms&lt;/td&gt;&#34;, &#34;&lt;td class=\&#34;col-links\&#34;&gt;&lt;/td&gt;&#34;], &#34;log&#34;: &#34;------------------------------ Captured log setup ------------------------------\nWARNING  analytics.advanced_sentiment:advanced_sentiment.py:29 Transformers not available, falling back to TextBlob only\n&#34;}], &#34;tests/test_analytics.py::TestAdvancedSentimentAnalyzer::test_textblob_analysis&#34;: [{&#34;extras&#34;: [], &#34;result&#34;: &#34;Failed&#34;, &#34;testId&#34;: &#34;tests/test_analytics.py::TestAdvancedSentimentAnalyzer::test_textblob_analysis&#34;, &#34;duration&#34;: &#34;1 ms&#34;, &#34;resultsTableRow&#34;: [&#34;&lt;td class=\&#34;col-result\&#34;&gt;Failed&lt;/td&gt;&#34;, &#34;&lt;td class=\&#34;col-testId\&#34;&gt;tests/test_analytics.py::TestAdvancedSentimentAnalyzer::test_textblob_analysis&lt;/td&gt;&#34;, &#34;&lt;td class=\&#34;col-duration\&#34;&gt;1 ms&lt;/td&gt;&#34;, &#34;&lt;td class=\&#34;col-links\&#34;&gt;&lt;/td&gt;&#34;], &#34;log&#34;: &#34;self = &amp;lt;tests.test_analytics.TestAdvancedSentimentAnalyzer object at 0x000001356BEDC980&amp;gt;\nsentiment_analyzer = &amp;lt;analytics.advanced_sentiment.AdvancedSentimentAnalyzer object at 0x000001357564E990&amp;gt;\n\n    def test_textblob_analysis(self, sentiment_analyzer):\n        &amp;quot;&amp;quot;&amp;quot;Test TextBlob sentiment analysis.&amp;quot;&amp;quot;&amp;quot;\n        text = &amp;quot;This is a great product!&amp;quot;\n    \n&amp;gt;       result = sentiment_analyzer._analyze_textblob(text)\nE       AttributeError: &amp;#x27;AdvancedSentimentAnalyzer&amp;#x27; object has no attribute &amp;#x27;_analyze_textblob&amp;#x27;\n\ntests\\test_analytics.py:409: AttributeError\n\n------------------------------ Captured log setup ------------------------------\nWARNING  analytics.advanced_sentiment:advanced_sentiment.py:29 Transformers not available, falling back to TextBlob only\n&#34;}], &#34;tests/test_analytics.py::TestAdvancedSentimentAnalyzer::test_vader_analysis&#34;: [{&#34;extras&#34;: [], &#34;result&#34;: &#34;Failed&#34;, &#34;testId&#34;: &#34;tests/test_analytics.py::TestAdvancedSentimentAnalyzer::test_vader_analysis&#34;, &#34;duration&#34;: &#34;1 ms&#34;, &#34;resultsTableRow&#34;: [&#34;&lt;td class=\&#34;col-result\&#34;&gt;Failed&lt;/td&gt;&#34;, &#34;&lt;td class=\&#34;col-testId\&#34;&gt;tests/test_analytics.py::TestAdvancedSentimentAnalyzer::test_vader_analysis&lt;/td&gt;&#34;, &#34;&lt;td class=\&#34;col-duration\&#34;&gt;1 ms&lt;/td&gt;&#34;, &#34;&lt;td class=\&#34;col-links\&#34;&gt;&lt;/td&gt;&#34;], &#34;log&#34;: &#34;self = &amp;lt;tests.test_analytics.TestAdvancedSentimentAnalyzer object at 0x000001356BEDF470&amp;gt;\nsentiment_analyzer = &amp;lt;analytics.advanced_sentiment.AdvancedSentimentAnalyzer object at 0x000001357564C3E0&amp;gt;\n\n    def test_vader_analysis(self, sentiment_analyzer):\n        &amp;quot;&amp;quot;&amp;quot;Test VADER sentiment analysis.&amp;quot;&amp;quot;&amp;quot;\n        text = &amp;quot;This is a great product!&amp;quot;\n    \n&amp;gt;       if sentiment_analyzer._is_vader_available():\nE       AttributeError: &amp;#x27;AdvancedSentimentAnalyzer&amp;#x27; object has no attribute &amp;#x27;_is_vader_available&amp;#x27;\n\ntests\\test_analytics.py:421: AttributeError\n\n------------------------------ Captured log setup ------------------------------\nWARNING  analytics.advanced_sentiment:advanced_sentiment.py:29 Transformers not available, falling back to TextBlob only\n&#34;}], &#34;tests/test_analytics.py::TestAdvancedSentimentAnalyzer::test_emotion_detection&#34;: [{&#34;extras&#34;: [], &#34;result&#34;: &#34;Failed&#34;, &#34;testId&#34;: &#34;tests/test_analytics.py::TestAdvancedSentimentAnalyzer::test_emotion_detection&#34;, &#34;duration&#34;: &#34;1 ms&#34;, &#34;resultsTableRow&#34;: [&#34;&lt;td class=\&#34;col-result\&#34;&gt;Failed&lt;/td&gt;&#34;, &#34;&lt;td class=\&#34;col-testId\&#34;&gt;tests/test_analytics.py::TestAdvancedSentimentAnalyzer::test_emotion_detection&lt;/td&gt;&#34;, &#34;&lt;td class=\&#34;col-duration\&#34;&gt;1 ms&lt;/td&gt;&#34;, &#34;&lt;td class=\&#34;col-links\&#34;&gt;&lt;/td&gt;&#34;], &#34;log&#34;: &#34;self = &amp;lt;tests.test_analytics.TestAdvancedSentimentAnalyzer object at 0x000001356BEDF650&amp;gt;\nsentiment_analyzer = &amp;lt;analytics.advanced_sentiment.AdvancedSentimentAnalyzer object at 0x000001357564E390&amp;gt;\n\n    def test_emotion_detection(self, sentiment_analyzer):\n        &amp;quot;&amp;quot;&amp;quot;Test emotion detection.&amp;quot;&amp;quot;&amp;quot;\n        emotional_texts = {\n            &amp;quot;I&amp;#x27;m so happy and excited!&amp;quot;: &amp;quot;joy&amp;quot;,\n            &amp;quot;I&amp;#x27;m really angry about this!&amp;quot;: &amp;quot;anger&amp;quot;,\n            &amp;quot;This makes me so sad.&amp;quot;: &amp;quot;sadness&amp;quot;,\n            &amp;quot;I&amp;#x27;m terrified and scared.&amp;quot;: &amp;quot;fear&amp;quot;\n        }\n    \n        for text, expected_emotion in emotional_texts.items():\n&amp;gt;           emotions = sentiment_analyzer._detect_emotions(text)\nE           AttributeError: &amp;#x27;AdvancedSentimentAnalyzer&amp;#x27; object has no attribute &amp;#x27;_detect_emotions&amp;#x27;\n\ntests\\test_analytics.py:439: AttributeError\n\n------------------------------ Captured log setup ------------------------------\nWARNING  analytics.advanced_sentiment:advanced_sentiment.py:29 Transformers not available, falling back to TextBlob only\n&#34;}], &#34;tests/test_analytics.py::TestAnalyticsIntegration::test_full_analytics_pipeline&#34;: [{&#34;extras&#34;: [], &#34;result&#34;: &#34;Failed&#34;, &#34;testId&#34;: &#34;tests/test_analytics.py::TestAnalyticsIntegration::test_full_analytics_pipeline&#34;, &#34;duration&#34;: &#34;98 ms&#34;, &#34;resultsTableRow&#34;: [&#34;&lt;td class=\&#34;col-result\&#34;&gt;Failed&lt;/td&gt;&#34;, &#34;&lt;td class=\&#34;col-testId\&#34;&gt;tests/test_analytics.py::TestAnalyticsIntegration::test_full_analytics_pipeline&lt;/td&gt;&#34;, &#34;&lt;td class=\&#34;col-duration\&#34;&gt;98 ms&lt;/td&gt;&#34;, &#34;&lt;td class=\&#34;col-links\&#34;&gt;&lt;/td&gt;&#34;], &#34;log&#34;: &#34;self = &amp;lt;tests.test_analytics.TestAnalyticsIntegration object at 0x000001356BEDF920&amp;gt;\nmetrics_analyzer = &amp;lt;analytics.metrics_analyzer.MetricsAnalyzer object at 0x000001357564E090&amp;gt;\ndata_validator = &amp;lt;analytics.data_validator.DataValidator object at 0x000001357564DCA0&amp;gt;\nsample_mentions_list = [{&amp;#x27;_quality_level&amp;#x27;: &amp;#x27;good&amp;#x27;, &amp;#x27;_quality_score&amp;#x27;: 0.7187496804763758, &amp;#x27;_validation_issues&amp;#x27;: 2, &amp;#x27;author&amp;#x27;: &amp;#x27;test_user&amp;#x27;, ...}...quality_level&amp;#x27;: &amp;#x27;good&amp;#x27;, &amp;#x27;_quality_score&amp;#x27;: 0.768749473773954, &amp;#x27;_validation_issues&amp;#x27;: 2, &amp;#x27;author&amp;#x27;: &amp;#x27;test_user&amp;#x27;, ...}, ...]\n\n    def test_full_analytics_pipeline(self, metrics_analyzer, data_validator, sample_mentions_list):\n        &amp;quot;&amp;quot;&amp;quot;Test full analytics pipeline.&amp;quot;&amp;quot;&amp;quot;\n        # Step 1: Validate data\n        validated_mentions, quality_metrics = data_validator.validate_dataset(sample_mentions_list)\n    \n        # Step 2: Generate metrics\n&amp;gt;       analytics_metrics = metrics_analyzer.generate_comprehensive_metrics(validated_mentions)\nE       AttributeError: &amp;#x27;MetricsAnalyzer&amp;#x27; object has no attribute &amp;#x27;generate_comprehensive_metrics&amp;#x27;\n\ntests\\test_analytics.py:456: AttributeError\n&#34;}], &#34;tests/test_analytics.py::TestAnalyticsIntegration::test_analytics_with_empty_data&#34;: [{&#34;extras&#34;: [], &#34;result&#34;: &#34;Failed&#34;, &#34;testId&#34;: &#34;tests/test_analytics.py::TestAnalyticsIntegration::test_analytics_with_empty_data&#34;, &#34;duration&#34;: &#34;7 ms&#34;, &#34;resultsTableRow&#34;: [&#34;&lt;td class=\&#34;col-result\&#34;&gt;Failed&lt;/td&gt;&#34;, &#34;&lt;td class=\&#34;col-testId\&#34;&gt;tests/test_analytics.py::TestAnalyticsIntegration::test_analytics_with_empty_data&lt;/td&gt;&#34;, &#34;&lt;td class=\&#34;col-duration\&#34;&gt;7 ms&lt;/td&gt;&#34;, &#34;&lt;td class=\&#34;col-links\&#34;&gt;&lt;/td&gt;&#34;], &#34;log&#34;: &#34;self = &amp;lt;tests.test_analytics.TestAnalyticsIntegration object at 0x000001356BEDFB90&amp;gt;\nmetrics_analyzer = &amp;lt;analytics.metrics_analyzer.MetricsAnalyzer object at 0x0000013573BF0980&amp;gt;\ndata_validator = &amp;lt;analytics.data_validator.DataValidator object at 0x0000013573BF16A0&amp;gt;\n\n    def test_analytics_with_empty_data(self, metrics_analyzer, data_validator):\n        &amp;quot;&amp;quot;&amp;quot;Test analytics pipeline with empty data.&amp;quot;&amp;quot;&amp;quot;\n        empty_mentions = []\n    \n        # Should handle empty data gracefully\n        validated_mentions, quality_metrics = data_validator.validate_dataset(empty_mentions)\n&amp;gt;       analytics_metrics = metrics_analyzer.generate_comprehensive_metrics(validated_mentions)\nE       AttributeError: &amp;#x27;MetricsAnalyzer&amp;#x27; object has no attribute &amp;#x27;generate_comprehensive_metrics&amp;#x27;\n\ntests\\test_analytics.py:473: AttributeError\n&#34;}], &#34;tests/test_analytics.py::TestAnalyticsIntegration::test_analytics_performance&#34;: [{&#34;extras&#34;: [], &#34;result&#34;: &#34;Failed&#34;, &#34;testId&#34;: &#34;tests/test_analytics.py::TestAnalyticsIntegration::test_analytics_performance&#34;, &#34;duration&#34;: &#34;00:00:08&#34;, &#34;resultsTableRow&#34;: [&#34;&lt;td class=\&#34;col-result\&#34;&gt;Failed&lt;/td&gt;&#34;, &#34;&lt;td class=\&#34;col-testId\&#34;&gt;tests/test_analytics.py::TestAnalyticsIntegration::test_analytics_performance&lt;/td&gt;&#34;, &#34;&lt;td class=\&#34;col-duration\&#34;&gt;00:00:08&lt;/td&gt;&#34;, &#34;&lt;td class=\&#34;col-links\&#34;&gt;&lt;/td&gt;&#34;], &#34;log&#34;: &#34;self = &amp;lt;tests.test_analytics.TestAnalyticsIntegration object at 0x000001356BEDFE00&amp;gt;\nmetrics_analyzer = &amp;lt;analytics.metrics_analyzer.MetricsAnalyzer object at 0x0000013573534260&amp;gt;\ndata_validator = &amp;lt;analytics.data_validator.DataValidator object at 0x0000013573536FC0&amp;gt;\nperformance_monitor = &amp;lt;tests.conftest.performance_monitor.&amp;lt;locals&amp;gt;.PerformanceMonitor object at 0x0000013573BFCE60&amp;gt;\n\n    def test_analytics_performance(self, metrics_analyzer, data_validator, performance_monitor):\n        &amp;quot;&amp;quot;&amp;quot;Test analytics performance with large dataset.&amp;quot;&amp;quot;&amp;quot;\n        # Create large dataset\n        large_dataset = []\n        base_mention = {\n            &amp;#x27;reddit_id&amp;#x27;: &amp;#x27;test&amp;#x27;,\n            &amp;#x27;title&amp;#x27;: &amp;#x27;Test post about technology&amp;#x27;,\n            &amp;#x27;content&amp;#x27;: &amp;#x27;This is a test post discussing various technology topics.&amp;#x27;,\n            &amp;#x27;author&amp;#x27;: &amp;#x27;test_user&amp;#x27;,\n            &amp;#x27;subreddit&amp;#x27;: &amp;#x27;technology&amp;#x27;,\n            &amp;#x27;score&amp;#x27;: 42,\n            &amp;#x27;num_comments&amp;#x27;: 15,\n            &amp;#x27;created_utc&amp;#x27;: datetime.utcnow(),\n            &amp;#x27;sentiment_score&amp;#x27;: 0.5,\n            &amp;#x27;relevance_score&amp;#x27;: 0.8\n        }\n    \n        for i in range(1000):\n            mention = base_mention.copy()\n            mention[&amp;#x27;reddit_id&amp;#x27;] = f&amp;#x27;test_{i}&amp;#x27;\n            mention[&amp;#x27;title&amp;#x27;] = f&amp;#x27;Test post {i} about technology&amp;#x27;\n            large_dataset.append(mention)\n    \n        performance_monitor.start()\n    \n        # Run analytics pipeline\n        validated_mentions, quality_metrics = data_validator.validate_dataset(large_dataset)\n&amp;gt;       analytics_metrics = metrics_analyzer.generate_comprehensive_metrics(validated_mentions)\nE       AttributeError: &amp;#x27;MetricsAnalyzer&amp;#x27; object has no attribute &amp;#x27;generate_comprehensive_metrics&amp;#x27;\n\ntests\\test_analytics.py:506: AttributeError\n&#34;}], &#34;tests/test_analytics.py::TestAnalyticsEdgeCases::test_metrics_with_extreme_values&#34;: [{&#34;extras&#34;: [], &#34;result&#34;: &#34;Failed&#34;, &#34;testId&#34;: &#34;tests/test_analytics.py::TestAnalyticsEdgeCases::test_metrics_with_extreme_values&#34;, &#34;duration&#34;: &#34;7 ms&#34;, &#34;resultsTableRow&#34;: [&#34;&lt;td class=\&#34;col-result\&#34;&gt;Failed&lt;/td&gt;&#34;, &#34;&lt;td class=\&#34;col-testId\&#34;&gt;tests/test_analytics.py::TestAnalyticsEdgeCases::test_metrics_with_extreme_values&lt;/td&gt;&#34;, &#34;&lt;td class=\&#34;col-duration\&#34;&gt;7 ms&lt;/td&gt;&#34;, &#34;&lt;td class=\&#34;col-links\&#34;&gt;&lt;/td&gt;&#34;], &#34;log&#34;: &#34;self = &amp;lt;tests.test_analytics.TestAnalyticsEdgeCases object at 0x000001356BEFC0E0&amp;gt;\nmetrics_analyzer = &amp;lt;analytics.metrics_analyzer.MetricsAnalyzer object at 0x00000135732F5FA0&amp;gt;\n\n    def test_metrics_with_extreme_values(self, metrics_analyzer):\n        &amp;quot;&amp;quot;&amp;quot;Test metrics calculation with extreme values.&amp;quot;&amp;quot;&amp;quot;\n        extreme_mentions = [\n            {\n                &amp;#x27;reddit_id&amp;#x27;: &amp;#x27;extreme1&amp;#x27;,\n                &amp;#x27;title&amp;#x27;: &amp;#x27;Post with extreme score&amp;#x27;,\n                &amp;#x27;score&amp;#x27;: 999999,  # Very high score\n                &amp;#x27;num_comments&amp;#x27;: 50000,  # Very high comments\n                &amp;#x27;sentiment_score&amp;#x27;: 1.0,  # Maximum sentiment\n                &amp;#x27;created_utc&amp;#x27;: datetime.utcnow()\n            },\n            {\n                &amp;#x27;reddit_id&amp;#x27;: &amp;#x27;extreme2&amp;#x27;,\n                &amp;#x27;title&amp;#x27;: &amp;#x27;Post with negative score&amp;#x27;,\n                &amp;#x27;score&amp;#x27;: -1000,  # Negative score\n                &amp;#x27;num_comments&amp;#x27;: 0,  # No comments\n                &amp;#x27;sentiment_score&amp;#x27;: -1.0,  # Minimum sentiment\n                &amp;#x27;created_utc&amp;#x27;: datetime.utcnow()\n            }\n        ]\n    \n        # Should handle extreme values without crashing\n&amp;gt;       metrics = metrics_analyzer.generate_comprehensive_metrics(extreme_mentions)\nE       AttributeError: &amp;#x27;MetricsAnalyzer&amp;#x27; object has no attribute &amp;#x27;generate_comprehensive_metrics&amp;#x27;\n\ntests\\test_analytics.py:543: AttributeError\n&#34;}], &#34;tests/test_analytics.py::TestAnalyticsEdgeCases::test_validation_with_unicode_content&#34;: [{&#34;extras&#34;: [], &#34;result&#34;: &#34;Passed&#34;, &#34;testId&#34;: &#34;tests/test_analytics.py::TestAnalyticsEdgeCases::test_validation_with_unicode_content&#34;, &#34;duration&#34;: &#34;25 ms&#34;, &#34;resultsTableRow&#34;: [&#34;&lt;td class=\&#34;col-result\&#34;&gt;Passed&lt;/td&gt;&#34;, &#34;&lt;td class=\&#34;col-testId\&#34;&gt;tests/test_analytics.py::TestAnalyticsEdgeCases::test_validation_with_unicode_content&lt;/td&gt;&#34;, &#34;&lt;td class=\&#34;col-duration\&#34;&gt;25 ms&lt;/td&gt;&#34;, &#34;&lt;td class=\&#34;col-links\&#34;&gt;&lt;/td&gt;&#34;], &#34;log&#34;: &#34;No log output captured.&#34;}], &#34;tests/test_analytics.py::TestAnalyticsEdgeCases::test_analytics_with_missing_timestamps&#34;: [{&#34;extras&#34;: [], &#34;result&#34;: &#34;Failed&#34;, &#34;testId&#34;: &#34;tests/test_analytics.py::TestAnalyticsEdgeCases::test_analytics_with_missing_timestamps&#34;, &#34;duration&#34;: &#34;7 ms&#34;, &#34;resultsTableRow&#34;: [&#34;&lt;td class=\&#34;col-result\&#34;&gt;Failed&lt;/td&gt;&#34;, &#34;&lt;td class=\&#34;col-testId\&#34;&gt;tests/test_analytics.py::TestAnalyticsEdgeCases::test_analytics_with_missing_timestamps&lt;/td&gt;&#34;, &#34;&lt;td class=\&#34;col-duration\&#34;&gt;7 ms&lt;/td&gt;&#34;, &#34;&lt;td class=\&#34;col-links\&#34;&gt;&lt;/td&gt;&#34;], &#34;log&#34;: &#34;self = &amp;lt;tests.test_analytics.TestAnalyticsEdgeCases object at 0x000001356BEFC530&amp;gt;\nmetrics_analyzer = &amp;lt;analytics.metrics_analyzer.MetricsAnalyzer object at 0x00000135733AE810&amp;gt;\n\n    def test_analytics_with_missing_timestamps(self, metrics_analyzer):\n        &amp;quot;&amp;quot;&amp;quot;Test analytics with missing or invalid timestamps.&amp;quot;&amp;quot;&amp;quot;\n        mentions_no_timestamps = [\n            {\n                &amp;#x27;reddit_id&amp;#x27;: &amp;#x27;no_time1&amp;#x27;,\n                &amp;#x27;title&amp;#x27;: &amp;#x27;Post without timestamp&amp;#x27;,\n                &amp;#x27;score&amp;#x27;: 10\n                # Missing created_utc\n            },\n            {\n                &amp;#x27;reddit_id&amp;#x27;: &amp;#x27;bad_time1&amp;#x27;,\n                &amp;#x27;title&amp;#x27;: &amp;#x27;Post with bad timestamp&amp;#x27;,\n                &amp;#x27;score&amp;#x27;: 15,\n                &amp;#x27;created_utc&amp;#x27;: &amp;#x27;invalid_timestamp&amp;#x27;\n            }\n        ]\n    \n        # Should handle missing timestamps gracefully\n&amp;gt;       metrics = metrics_analyzer.generate_comprehensive_metrics(mentions_no_timestamps)\nE       AttributeError: &amp;#x27;MetricsAnalyzer&amp;#x27; object has no attribute &amp;#x27;generate_comprehensive_metrics&amp;#x27;\n\ntests\\test_analytics.py:586: AttributeError\n&#34;}], &#34;tests/test_ui.py::TestMetricsVisualizer::test_visualizer_initialization&#34;: [{&#34;extras&#34;: [], &#34;result&#34;: &#34;Failed&#34;, &#34;testId&#34;: &#34;tests/test_ui.py::TestMetricsVisualizer::test_visualizer_initialization&#34;, &#34;duration&#34;: &#34;1 ms&#34;, &#34;resultsTableRow&#34;: [&#34;&lt;td class=\&#34;col-result\&#34;&gt;Failed&lt;/td&gt;&#34;, &#34;&lt;td class=\&#34;col-testId\&#34;&gt;tests/test_ui.py::TestMetricsVisualizer::test_visualizer_initialization&lt;/td&gt;&#34;, &#34;&lt;td class=\&#34;col-duration\&#34;&gt;1 ms&lt;/td&gt;&#34;, &#34;&lt;td class=\&#34;col-links\&#34;&gt;&lt;/td&gt;&#34;], &#34;log&#34;: &#34;self = &amp;lt;tests.test_ui.TestMetricsVisualizer object at 0x000001356F9CE480&amp;gt;\nvisualizer = &amp;lt;ui.visualization.MetricsVisualizer object at 0x00000135733ACA40&amp;gt;\n\n    def test_visualizer_initialization(self, visualizer):\n        &amp;quot;&amp;quot;&amp;quot;Test visualizer initialization.&amp;quot;&amp;quot;&amp;quot;\n        assert visualizer is not None\n        assert hasattr(visualizer, &amp;#x27;color_scheme&amp;#x27;)\n&amp;gt;       assert hasattr(visualizer, &amp;#x27;reddit_colors&amp;#x27;)\nE       AssertionError: assert False\nE        +  where False = hasattr(&amp;lt;ui.visualization.MetricsVisualizer object at 0x00000135733ACA40&amp;gt;, &amp;#x27;reddit_colors&amp;#x27;)\n\ntests\\test_ui.py:23: AssertionError\n&#34;}], &#34;tests/test_ui.py::TestMetricsVisualizer::test_create_mentions_timeline&#34;: [{&#34;extras&#34;: [], &#34;result&#34;: &#34;Failed&#34;, &#34;testId&#34;: &#34;tests/test_ui.py::TestMetricsVisualizer::test_create_mentions_timeline&#34;, &#34;duration&#34;: &#34;1 ms&#34;, &#34;resultsTableRow&#34;: [&#34;&lt;td class=\&#34;col-result\&#34;&gt;Failed&lt;/td&gt;&#34;, &#34;&lt;td class=\&#34;col-testId\&#34;&gt;tests/test_ui.py::TestMetricsVisualizer::test_create_mentions_timeline&lt;/td&gt;&#34;, &#34;&lt;td class=\&#34;col-duration\&#34;&gt;1 ms&lt;/td&gt;&#34;, &#34;&lt;td class=\&#34;col-links\&#34;&gt;&lt;/td&gt;&#34;], &#34;log&#34;: &#34;self = &amp;lt;tests.test_ui.TestMetricsVisualizer object at 0x000001356F9CDB20&amp;gt;\nvisualizer = &amp;lt;ui.visualization.MetricsVisualizer object at 0x00000135735588F0&amp;gt;\nsample_mentions_list = [{&amp;#x27;author&amp;#x27;: &amp;#x27;test_user&amp;#x27;, &amp;#x27;content&amp;#x27;: &amp;#x27;This is a test post discussing OpenAI technology and its impact.&amp;#x27;, &amp;#x27;created_utc&amp;#x27;:...logy and its impact.&amp;#x27;, &amp;#x27;created_utc&amp;#x27;: datetime.datetime(2025, 5, 28, 15, 12, 6, 373635), &amp;#x27;num_comments&amp;#x27;: 15, ...}, ...]\n\n    def test_create_mentions_timeline(self, visualizer, sample_mentions_list):\n        &amp;quot;&amp;quot;&amp;quot;Test mentions timeline creation.&amp;quot;&amp;quot;&amp;quot;\n        # Add timestamps to mentions\n        now = datetime.utcnow()\n        for i, mention in enumerate(sample_mentions_list):\n            mention[&amp;#x27;created_utc&amp;#x27;] = now - timedelta(hours=i)\n    \n&amp;gt;       fig = visualizer.create_mentions_timeline(sample_mentions_list)\nE       AttributeError: &amp;#x27;MetricsVisualizer&amp;#x27; object has no attribute &amp;#x27;create_mentions_timeline&amp;#x27;\n\ntests\\test_ui.py:32: AttributeError\n&#34;}], &#34;tests/test_ui.py::TestMetricsVisualizer::test_create_sentiment_distribution&#34;: [{&#34;extras&#34;: [], &#34;result&#34;: &#34;Failed&#34;, &#34;testId&#34;: &#34;tests/test_ui.py::TestMetricsVisualizer::test_create_sentiment_distribution&#34;, &#34;duration&#34;: &#34;1 ms&#34;, &#34;resultsTableRow&#34;: [&#34;&lt;td class=\&#34;col-result\&#34;&gt;Failed&lt;/td&gt;&#34;, &#34;&lt;td class=\&#34;col-testId\&#34;&gt;tests/test_ui.py::TestMetricsVisualizer::test_create_sentiment_distribution&lt;/td&gt;&#34;, &#34;&lt;td class=\&#34;col-duration\&#34;&gt;1 ms&lt;/td&gt;&#34;, &#34;&lt;td class=\&#34;col-links\&#34;&gt;&lt;/td&gt;&#34;], &#34;log&#34;: &#34;self = &amp;lt;tests.test_ui.TestMetricsVisualizer object at 0x000001356F9CD730&amp;gt;\nvisualizer = &amp;lt;ui.visualization.MetricsVisualizer object at 0x0000013573538890&amp;gt;\nsample_mentions_list = [{&amp;#x27;author&amp;#x27;: &amp;#x27;test_user&amp;#x27;, &amp;#x27;content&amp;#x27;: &amp;#x27;This is a test post discussing OpenAI technology and its impact.&amp;#x27;, &amp;#x27;created_utc&amp;#x27;:...logy and its impact.&amp;#x27;, &amp;#x27;created_utc&amp;#x27;: datetime.datetime(2025, 5, 28, 20, 12, 6, 385635), &amp;#x27;num_comments&amp;#x27;: 15, ...}, ...]\n\n    def test_create_sentiment_distribution(self, visualizer, sample_mentions_list):\n        &amp;quot;&amp;quot;&amp;quot;Test sentiment distribution chart.&amp;quot;&amp;quot;&amp;quot;\n&amp;gt;       fig = visualizer.create_sentiment_distribution(sample_mentions_list)\nE       AttributeError: &amp;#x27;MetricsVisualizer&amp;#x27; object has no attribute &amp;#x27;create_sentiment_distribution&amp;#x27;\n\ntests\\test_ui.py:41: AttributeError\n&#34;}], &#34;tests/test_ui.py::TestMetricsVisualizer::test_create_subreddit_breakdown&#34;: [{&#34;extras&#34;: [], &#34;result&#34;: &#34;Failed&#34;, &#34;testId&#34;: &#34;tests/test_ui.py::TestMetricsVisualizer::test_create_subreddit_breakdown&#34;, &#34;duration&#34;: &#34;1 ms&#34;, &#34;resultsTableRow&#34;: [&#34;&lt;td class=\&#34;col-result\&#34;&gt;Failed&lt;/td&gt;&#34;, &#34;&lt;td class=\&#34;col-testId\&#34;&gt;tests/test_ui.py::TestMetricsVisualizer::test_create_subreddit_breakdown&lt;/td&gt;&#34;, &#34;&lt;td class=\&#34;col-duration\&#34;&gt;1 ms&lt;/td&gt;&#34;, &#34;&lt;td class=\&#34;col-links\&#34;&gt;&lt;/td&gt;&#34;], &#34;log&#34;: &#34;self = &amp;lt;tests.test_ui.TestMetricsVisualizer object at 0x000001356F9CE720&amp;gt;\nvisualizer = &amp;lt;ui.visualization.MetricsVisualizer object at 0x0000013573BEEDB0&amp;gt;\nsample_mentions_list = [{&amp;#x27;author&amp;#x27;: &amp;#x27;test_user&amp;#x27;, &amp;#x27;content&amp;#x27;: &amp;#x27;This is a test post discussing OpenAI technology and its impact.&amp;#x27;, &amp;#x27;created_utc&amp;#x27;:...logy and its impact.&amp;#x27;, &amp;#x27;created_utc&amp;#x27;: datetime.datetime(2025, 5, 28, 20, 12, 6, 398635), &amp;#x27;num_comments&amp;#x27;: 15, ...}, ...]\n\n    def test_create_subreddit_breakdown(self, visualizer, sample_mentions_list):\n        &amp;quot;&amp;quot;&amp;quot;Test subreddit breakdown chart.&amp;quot;&amp;quot;&amp;quot;\n        # Add subreddits to mentions\n        subreddits = [&amp;#x27;technology&amp;#x27;, &amp;#x27;programming&amp;#x27;, &amp;#x27;artificial&amp;#x27;, &amp;#x27;MachineLearning&amp;#x27;]\n        for i, mention in enumerate(sample_mentions_list):\n            mention[&amp;#x27;subreddit&amp;#x27;] = subreddits[i % len(subreddits)]\n    \n&amp;gt;       fig = visualizer.create_subreddit_breakdown(sample_mentions_list)\nE       AttributeError: &amp;#x27;MetricsVisualizer&amp;#x27; object has no attribute &amp;#x27;create_subreddit_breakdown&amp;#x27;. Did you mean: &amp;#x27;create_subreddit_analysis&amp;#x27;?\n\ntests\\test_ui.py:54: AttributeError\n&#34;}], &#34;tests/test_ui.py::TestMetricsVisualizer::test_create_engagement_metrics&#34;: [{&#34;extras&#34;: [], &#34;result&#34;: &#34;Failed&#34;, &#34;testId&#34;: &#34;tests/test_ui.py::TestMetricsVisualizer::test_create_engagement_metrics&#34;, &#34;duration&#34;: &#34;1 ms&#34;, &#34;resultsTableRow&#34;: [&#34;&lt;td class=\&#34;col-result\&#34;&gt;Failed&lt;/td&gt;&#34;, &#34;&lt;td class=\&#34;col-testId\&#34;&gt;tests/test_ui.py::TestMetricsVisualizer::test_create_engagement_metrics&lt;/td&gt;&#34;, &#34;&lt;td class=\&#34;col-duration\&#34;&gt;1 ms&lt;/td&gt;&#34;, &#34;&lt;td class=\&#34;col-links\&#34;&gt;&lt;/td&gt;&#34;], &#34;log&#34;: &#34;self = &amp;lt;tests.test_ui.TestMetricsVisualizer object at 0x000001356F9CE900&amp;gt;\nvisualizer = &amp;lt;ui.visualization.MetricsVisualizer object at 0x0000013573BEEE10&amp;gt;\nsample_mentions_list = [{&amp;#x27;author&amp;#x27;: &amp;#x27;test_user&amp;#x27;, &amp;#x27;content&amp;#x27;: &amp;#x27;This is a test post discussing OpenAI technology and its impact.&amp;#x27;, &amp;#x27;created_utc&amp;#x27;:...logy and its impact.&amp;#x27;, &amp;#x27;created_utc&amp;#x27;: datetime.datetime(2025, 5, 28, 20, 12, 6, 410637), &amp;#x27;num_comments&amp;#x27;: 15, ...}, ...]\n\n    def test_create_engagement_metrics(self, visualizer, sample_mentions_list):\n        &amp;quot;&amp;quot;&amp;quot;Test engagement metrics visualization.&amp;quot;&amp;quot;&amp;quot;\n&amp;gt;       fig = visualizer.create_engagement_metrics(sample_mentions_list)\nE       AttributeError: &amp;#x27;MetricsVisualizer&amp;#x27; object has no attribute &amp;#x27;create_engagement_metrics&amp;#x27;. Did you mean: &amp;#x27;create_engagement_analysis&amp;#x27;?\n\ntests\\test_ui.py:62: AttributeError\n&#34;}], &#34;tests/test_ui.py::TestMetricsVisualizer::test_create_trending_topics&#34;: [{&#34;extras&#34;: [], &#34;result&#34;: &#34;Failed&#34;, &#34;testId&#34;: &#34;tests/test_ui.py::TestMetricsVisualizer::test_create_trending_topics&#34;, &#34;duration&#34;: &#34;1 ms&#34;, &#34;resultsTableRow&#34;: [&#34;&lt;td class=\&#34;col-result\&#34;&gt;Failed&lt;/td&gt;&#34;, &#34;&lt;td class=\&#34;col-testId\&#34;&gt;tests/test_ui.py::TestMetricsVisualizer::test_create_trending_topics&lt;/td&gt;&#34;, &#34;&lt;td class=\&#34;col-duration\&#34;&gt;1 ms&lt;/td&gt;&#34;, &#34;&lt;td class=\&#34;col-links\&#34;&gt;&lt;/td&gt;&#34;], &#34;log&#34;: &#34;self = &amp;lt;tests.test_ui.TestMetricsVisualizer object at 0x000001356F9CEAE0&amp;gt;\nvisualizer = &amp;lt;ui.visualization.MetricsVisualizer object at 0x0000013573BED160&amp;gt;\nsample_mentions_list = [{&amp;#x27;author&amp;#x27;: &amp;#x27;test_user&amp;#x27;, &amp;#x27;content&amp;#x27;: &amp;#x27;This is a test post discussing OpenAI technology and its impact.&amp;#x27;, &amp;#x27;created_utc&amp;#x27;:...logy and its impact.&amp;#x27;, &amp;#x27;created_utc&amp;#x27;: datetime.datetime(2025, 5, 28, 20, 12, 6, 421635), &amp;#x27;num_comments&amp;#x27;: 15, ...}, ...]\n\n    def test_create_trending_topics(self, visualizer, sample_mentions_list):\n        &amp;quot;&amp;quot;&amp;quot;Test trending topics visualization.&amp;quot;&amp;quot;&amp;quot;\n        # Add keywords to titles\n        keywords = [&amp;#x27;AI&amp;#x27;, &amp;#x27;machine learning&amp;#x27;, &amp;#x27;neural networks&amp;#x27;, &amp;#x27;deep learning&amp;#x27;]\n        for i, mention in enumerate(sample_mentions_list):\n            mention[&amp;#x27;title&amp;#x27;] = f&amp;quot;Post about {keywords[i % len(keywords)]} technology&amp;quot;\n    \n&amp;gt;       fig = visualizer.create_trending_topics(sample_mentions_list)\nE       AttributeError: &amp;#x27;MetricsVisualizer&amp;#x27; object has no attribute &amp;#x27;create_trending_topics&amp;#x27;\n\ntests\\test_ui.py:75: AttributeError\n&#34;}], &#34;tests/test_ui.py::TestMetricsVisualizer::test_create_quality_metrics&#34;: [{&#34;extras&#34;: [], &#34;result&#34;: &#34;Failed&#34;, &#34;testId&#34;: &#34;tests/test_ui.py::TestMetricsVisualizer::test_create_quality_metrics&#34;, &#34;duration&#34;: &#34;1 ms&#34;, &#34;resultsTableRow&#34;: [&#34;&lt;td class=\&#34;col-result\&#34;&gt;Failed&lt;/td&gt;&#34;, &#34;&lt;td class=\&#34;col-testId\&#34;&gt;tests/test_ui.py::TestMetricsVisualizer::test_create_quality_metrics&lt;/td&gt;&#34;, &#34;&lt;td class=\&#34;col-duration\&#34;&gt;1 ms&lt;/td&gt;&#34;, &#34;&lt;td class=\&#34;col-links\&#34;&gt;&lt;/td&gt;&#34;], &#34;log&#34;: &#34;self = &amp;lt;tests.test_ui.TestMetricsVisualizer object at 0x000001356F9CECC0&amp;gt;\nvisualizer = &amp;lt;ui.visualization.MetricsVisualizer object at 0x0000013573BE9430&amp;gt;\nsample_mentions_list = [{&amp;#x27;author&amp;#x27;: &amp;#x27;test_user&amp;#x27;, &amp;#x27;content&amp;#x27;: &amp;#x27;This is a test post discussing OpenAI technology and its impact.&amp;#x27;, &amp;#x27;created_utc&amp;#x27;:...logy and its impact.&amp;#x27;, &amp;#x27;created_utc&amp;#x27;: datetime.datetime(2025, 5, 28, 20, 12, 6, 434635), &amp;#x27;num_comments&amp;#x27;: 15, ...}, ...]\n\n    def test_create_quality_metrics(self, visualizer, sample_mentions_list):\n        &amp;quot;&amp;quot;&amp;quot;Test quality metrics visualization.&amp;quot;&amp;quot;&amp;quot;\n        # Add quality scores\n        for mention in sample_mentions_list:\n            mention[&amp;#x27;relevance_score&amp;#x27;] = 0.8\n            mention[&amp;#x27;quality_score&amp;#x27;] = 0.7\n    \n&amp;gt;       fig = visualizer.create_quality_metrics(sample_mentions_list)\nE       AttributeError: &amp;#x27;MetricsVisualizer&amp;#x27; object has no attribute &amp;#x27;create_quality_metrics&amp;#x27;\n\ntests\\test_ui.py:88: AttributeError\n&#34;}], &#34;tests/test_ui.py::TestMetricsVisualizer::test_create_comprehensive_dashboard&#34;: [{&#34;extras&#34;: [], &#34;result&#34;: &#34;Failed&#34;, &#34;testId&#34;: &#34;tests/test_ui.py::TestMetricsVisualizer::test_create_comprehensive_dashboard&#34;, &#34;duration&#34;: &#34;1 ms&#34;, &#34;resultsTableRow&#34;: [&#34;&lt;td class=\&#34;col-result\&#34;&gt;Failed&lt;/td&gt;&#34;, &#34;&lt;td class=\&#34;col-testId\&#34;&gt;tests/test_ui.py::TestMetricsVisualizer::test_create_comprehensive_dashboard&lt;/td&gt;&#34;, &#34;&lt;td class=\&#34;col-duration\&#34;&gt;1 ms&lt;/td&gt;&#34;, &#34;&lt;td class=\&#34;col-links\&#34;&gt;&lt;/td&gt;&#34;], &#34;log&#34;: &#34;self = &amp;lt;tests.test_ui.TestMetricsVisualizer object at 0x000001356F9CEEA0&amp;gt;\nvisualizer = &amp;lt;ui.visualization.MetricsVisualizer object at 0x0000013573BECC80&amp;gt;\nsample_mentions_list = [{&amp;#x27;author&amp;#x27;: &amp;#x27;test_user&amp;#x27;, &amp;#x27;content&amp;#x27;: &amp;#x27;This is a test post discussing OpenAI technology and its impact.&amp;#x27;, &amp;#x27;created_utc&amp;#x27;:...logy and its impact.&amp;#x27;, &amp;#x27;created_utc&amp;#x27;: datetime.datetime(2025, 5, 28, 15, 12, 6, 448636), &amp;#x27;num_comments&amp;#x27;: 15, ...}, ...]\n\n    def test_create_comprehensive_dashboard(self, visualizer, sample_mentions_list):\n        &amp;quot;&amp;quot;&amp;quot;Test comprehensive dashboard creation.&amp;quot;&amp;quot;&amp;quot;\n        # Add required fields\n        now = datetime.utcnow()\n        subreddits = [&amp;#x27;technology&amp;#x27;, &amp;#x27;programming&amp;#x27;, &amp;#x27;artificial&amp;#x27;]\n    \n        for i, mention in enumerate(sample_mentions_list):\n            mention[&amp;#x27;created_utc&amp;#x27;] = now - timedelta(hours=i)\n            mention[&amp;#x27;subreddit&amp;#x27;] = subreddits[i % len(subreddits)]\n            mention[&amp;#x27;relevance_score&amp;#x27;] = 0.8\n            mention[&amp;#x27;quality_score&amp;#x27;] = 0.7\n    \n&amp;gt;       dashboard = visualizer.create_comprehensive_dashboard(sample_mentions_list)\nE       AttributeError: &amp;#x27;MetricsVisualizer&amp;#x27; object has no attribute &amp;#x27;create_comprehensive_dashboard&amp;#x27;\n\ntests\\test_ui.py:106: AttributeError\n&#34;}], &#34;tests/test_ui.py::TestMetricsVisualizer::test_empty_data_handling&#34;: [{&#34;extras&#34;: [], &#34;result&#34;: &#34;Failed&#34;, &#34;testId&#34;: &#34;tests/test_ui.py::TestMetricsVisualizer::test_empty_data_handling&#34;, &#34;duration&#34;: &#34;1 ms&#34;, &#34;resultsTableRow&#34;: [&#34;&lt;td class=\&#34;col-result\&#34;&gt;Failed&lt;/td&gt;&#34;, &#34;&lt;td class=\&#34;col-testId\&#34;&gt;tests/test_ui.py::TestMetricsVisualizer::test_empty_data_handling&lt;/td&gt;&#34;, &#34;&lt;td class=\&#34;col-duration\&#34;&gt;1 ms&lt;/td&gt;&#34;, &#34;&lt;td class=\&#34;col-links\&#34;&gt;&lt;/td&gt;&#34;], &#34;log&#34;: &#34;self = &amp;lt;tests.test_ui.TestMetricsVisualizer object at 0x000001356F9CF080&amp;gt;\nvisualizer = &amp;lt;ui.visualization.MetricsVisualizer object at 0x0000013573391D30&amp;gt;\n\n    def test_empty_data_handling(self, visualizer):\n        &amp;quot;&amp;quot;&amp;quot;Test handling of empty data.&amp;quot;&amp;quot;&amp;quot;\n        empty_mentions = []\n    \n        # Should handle empty data gracefully\n&amp;gt;       fig = visualizer.create_mentions_timeline(empty_mentions)\nE       AttributeError: &amp;#x27;MetricsVisualizer&amp;#x27; object has no attribute &amp;#x27;create_mentions_timeline&amp;#x27;\n\ntests\\test_ui.py:123: AttributeError\n&#34;}], &#34;tests/test_ui.py::TestMetricsVisualizer::test_malformed_data_handling&#34;: [{&#34;extras&#34;: [], &#34;result&#34;: &#34;Failed&#34;, &#34;testId&#34;: &#34;tests/test_ui.py::TestMetricsVisualizer::test_malformed_data_handling&#34;, &#34;duration&#34;: &#34;1 ms&#34;, &#34;resultsTableRow&#34;: [&#34;&lt;td class=\&#34;col-result\&#34;&gt;Failed&lt;/td&gt;&#34;, &#34;&lt;td class=\&#34;col-testId\&#34;&gt;tests/test_ui.py::TestMetricsVisualizer::test_malformed_data_handling&lt;/td&gt;&#34;, &#34;&lt;td class=\&#34;col-duration\&#34;&gt;1 ms&lt;/td&gt;&#34;, &#34;&lt;td class=\&#34;col-links\&#34;&gt;&lt;/td&gt;&#34;], &#34;log&#34;: &#34;self = &amp;lt;tests.test_ui.TestMetricsVisualizer object at 0x000001356F9CF260&amp;gt;\nvisualizer = &amp;lt;ui.visualization.MetricsVisualizer object at 0x000001357338EC00&amp;gt;\n\n    def test_malformed_data_handling(self, visualizer):\n        &amp;quot;&amp;quot;&amp;quot;Test handling of malformed data.&amp;quot;&amp;quot;&amp;quot;\n        malformed_mentions = [\n            {&amp;#x27;title&amp;#x27;: &amp;#x27;Valid post&amp;#x27;},  # Missing fields\n            {&amp;#x27;score&amp;#x27;: &amp;#x27;invalid&amp;#x27;},  # Invalid data types\n            {},  # Empty mention\n            None  # None mention\n        ]\n    \n        # Should handle malformed data gracefully\n&amp;gt;       fig = visualizer.create_sentiment_distribution(malformed_mentions)\nE       AttributeError: &amp;#x27;MetricsVisualizer&amp;#x27; object has no attribute &amp;#x27;create_sentiment_distribution&amp;#x27;\n\ntests\\test_ui.py:143: AttributeError\n&#34;}], &#34;tests/test_ui.py::TestMetricsVisualizer::test_color_scheme_consistency&#34;: [{&#34;extras&#34;: [], &#34;result&#34;: &#34;Failed&#34;, &#34;testId&#34;: &#34;tests/test_ui.py::TestMetricsVisualizer::test_color_scheme_consistency&#34;, &#34;duration&#34;: &#34;1 ms&#34;, &#34;resultsTableRow&#34;: [&#34;&lt;td class=\&#34;col-result\&#34;&gt;Failed&lt;/td&gt;&#34;, &#34;&lt;td class=\&#34;col-testId\&#34;&gt;tests/test_ui.py::TestMetricsVisualizer::test_color_scheme_consistency&lt;/td&gt;&#34;, &#34;&lt;td class=\&#34;col-duration\&#34;&gt;1 ms&lt;/td&gt;&#34;, &#34;&lt;td class=\&#34;col-links\&#34;&gt;&lt;/td&gt;&#34;], &#34;log&#34;: &#34;self = &amp;lt;tests.test_ui.TestMetricsVisualizer object at 0x000001356F9CF440&amp;gt;\nvisualizer = &amp;lt;ui.visualization.MetricsVisualizer object at 0x00000135732CE900&amp;gt;\nsample_mentions_list = [{&amp;#x27;author&amp;#x27;: &amp;#x27;test_user&amp;#x27;, &amp;#x27;content&amp;#x27;: &amp;#x27;This is a test post discussing OpenAI technology and its impact.&amp;#x27;, &amp;#x27;created_utc&amp;#x27;:...logy and its impact.&amp;#x27;, &amp;#x27;created_utc&amp;#x27;: datetime.datetime(2025, 5, 28, 20, 12, 6, 643636), &amp;#x27;num_comments&amp;#x27;: 15, ...}, ...]\n\n    def test_color_scheme_consistency(self, visualizer, sample_mentions_list):\n        &amp;quot;&amp;quot;&amp;quot;Test color scheme consistency across charts.&amp;quot;&amp;quot;&amp;quot;\n&amp;gt;       dashboard = visualizer.create_comprehensive_dashboard(sample_mentions_list)\nE       AttributeError: &amp;#x27;MetricsVisualizer&amp;#x27; object has no attribute &amp;#x27;create_comprehensive_dashboard&amp;#x27;\n\ntests\\test_ui.py:148: AttributeError\n&#34;}], &#34;tests/test_ui.py::TestMetricsVisualizer::test_chart_interactivity&#34;: [{&#34;extras&#34;: [], &#34;result&#34;: &#34;Failed&#34;, &#34;testId&#34;: &#34;tests/test_ui.py::TestMetricsVisualizer::test_chart_interactivity&#34;, &#34;duration&#34;: &#34;1 ms&#34;, &#34;resultsTableRow&#34;: [&#34;&lt;td class=\&#34;col-result\&#34;&gt;Failed&lt;/td&gt;&#34;, &#34;&lt;td class=\&#34;col-testId\&#34;&gt;tests/test_ui.py::TestMetricsVisualizer::test_chart_interactivity&lt;/td&gt;&#34;, &#34;&lt;td class=\&#34;col-duration\&#34;&gt;1 ms&lt;/td&gt;&#34;, &#34;&lt;td class=\&#34;col-links\&#34;&gt;&lt;/td&gt;&#34;], &#34;log&#34;: &#34;self = &amp;lt;tests.test_ui.TestMetricsVisualizer object at 0x000001356F9CF620&amp;gt;\nvisualizer = &amp;lt;ui.visualization.MetricsVisualizer object at 0x00000135734B4BF0&amp;gt;\nsample_mentions_list = [{&amp;#x27;author&amp;#x27;: &amp;#x27;test_user&amp;#x27;, &amp;#x27;content&amp;#x27;: &amp;#x27;This is a test post discussing OpenAI technology and its impact.&amp;#x27;, &amp;#x27;created_utc&amp;#x27;:...logy and its impact.&amp;#x27;, &amp;#x27;created_utc&amp;#x27;: datetime.datetime(2025, 5, 28, 20, 12, 6, 656635), &amp;#x27;num_comments&amp;#x27;: 15, ...}, ...]\n\n    def test_chart_interactivity(self, visualizer, sample_mentions_list):\n        &amp;quot;&amp;quot;&amp;quot;Test chart interactivity features.&amp;quot;&amp;quot;&amp;quot;\n&amp;gt;       fig = visualizer.create_mentions_timeline(sample_mentions_list)\nE       AttributeError: &amp;#x27;MetricsVisualizer&amp;#x27; object has no attribute &amp;#x27;create_mentions_timeline&amp;#x27;\n\ntests\\test_ui.py:158: AttributeError\n&#34;}], &#34;tests/test_ui.py::TestMetricsVisualizer::test_responsive_design&#34;: [{&#34;extras&#34;: [], &#34;result&#34;: &#34;Failed&#34;, &#34;testId&#34;: &#34;tests/test_ui.py::TestMetricsVisualizer::test_responsive_design&#34;, &#34;duration&#34;: &#34;1 ms&#34;, &#34;resultsTableRow&#34;: [&#34;&lt;td class=\&#34;col-result\&#34;&gt;Failed&lt;/td&gt;&#34;, &#34;&lt;td class=\&#34;col-testId\&#34;&gt;tests/test_ui.py::TestMetricsVisualizer::test_responsive_design&lt;/td&gt;&#34;, &#34;&lt;td class=\&#34;col-duration\&#34;&gt;1 ms&lt;/td&gt;&#34;, &#34;&lt;td class=\&#34;col-links\&#34;&gt;&lt;/td&gt;&#34;], &#34;log&#34;: &#34;self = &amp;lt;tests.test_ui.TestMetricsVisualizer object at 0x000001356F9CF800&amp;gt;\nvisualizer = &amp;lt;ui.visualization.MetricsVisualizer object at 0x0000013575636360&amp;gt;\nsample_mentions_list = [{&amp;#x27;author&amp;#x27;: &amp;#x27;test_user&amp;#x27;, &amp;#x27;content&amp;#x27;: &amp;#x27;This is a test post discussing OpenAI technology and its impact.&amp;#x27;, &amp;#x27;created_utc&amp;#x27;:...logy and its impact.&amp;#x27;, &amp;#x27;created_utc&amp;#x27;: datetime.datetime(2025, 5, 28, 20, 12, 6, 668635), &amp;#x27;num_comments&amp;#x27;: 15, ...}, ...]\n\n    def test_responsive_design(self, visualizer, sample_mentions_list):\n        &amp;quot;&amp;quot;&amp;quot;Test responsive design features.&amp;quot;&amp;quot;&amp;quot;\n&amp;gt;       fig = visualizer.create_subreddit_breakdown(sample_mentions_list)\nE       AttributeError: &amp;#x27;MetricsVisualizer&amp;#x27; object has no attribute &amp;#x27;create_subreddit_breakdown&amp;#x27;. Did you mean: &amp;#x27;create_subreddit_analysis&amp;#x27;?\n\ntests\\test_ui.py:166: AttributeError\n&#34;}], &#34;tests/test_ui.py::TestRealtimeMonitor::test_monitor_initialization&#34;: [{&#34;extras&#34;: [], &#34;result&#34;: &#34;Failed&#34;, &#34;testId&#34;: &#34;tests/test_ui.py::TestRealtimeMonitor::test_monitor_initialization&#34;, &#34;duration&#34;: &#34;1 ms&#34;, &#34;resultsTableRow&#34;: [&#34;&lt;td class=\&#34;col-result\&#34;&gt;Failed&lt;/td&gt;&#34;, &#34;&lt;td class=\&#34;col-testId\&#34;&gt;tests/test_ui.py::TestRealtimeMonitor::test_monitor_initialization&lt;/td&gt;&#34;, &#34;&lt;td class=\&#34;col-duration\&#34;&gt;1 ms&lt;/td&gt;&#34;, &#34;&lt;td class=\&#34;col-links\&#34;&gt;&lt;/td&gt;&#34;], &#34;log&#34;: &#34;self = &amp;lt;tests.test_ui.TestRealtimeMonitor object at 0x000001356F9CFAA0&amp;gt;\nrealtime_monitor = &amp;lt;ui.realtime_monitor.RealTimeMonitor object at 0x000001357563D460&amp;gt;\n\n    def test_monitor_initialization(self, realtime_monitor):\n        &amp;quot;&amp;quot;&amp;quot;Test monitor initialization.&amp;quot;&amp;quot;&amp;quot;\n        assert realtime_monitor is not None\n&amp;gt;       assert hasattr(realtime_monitor, &amp;#x27;system_monitor&amp;#x27;)\nE       AssertionError: assert False\nE        +  where False = hasattr(&amp;lt;ui.realtime_monitor.RealTimeMonitor object at 0x000001357563D460&amp;gt;, &amp;#x27;system_monitor&amp;#x27;)\n\ntests\\test_ui.py:184: AssertionError\n&#34;}], &#34;tests/test_ui.py::TestRealtimeMonitor::test_get_system_status&#34;: [{&#34;extras&#34;: [], &#34;result&#34;: &#34;Failed&#34;, &#34;testId&#34;: &#34;tests/test_ui.py::TestRealtimeMonitor::test_get_system_status&#34;, &#34;duration&#34;: &#34;1 ms&#34;, &#34;resultsTableRow&#34;: [&#34;&lt;td class=\&#34;col-result\&#34;&gt;Failed&lt;/td&gt;&#34;, &#34;&lt;td class=\&#34;col-testId\&#34;&gt;tests/test_ui.py::TestRealtimeMonitor::test_get_system_status&lt;/td&gt;&#34;, &#34;&lt;td class=\&#34;col-duration\&#34;&gt;1 ms&lt;/td&gt;&#34;, &#34;&lt;td class=\&#34;col-links\&#34;&gt;&lt;/td&gt;&#34;], &#34;log&#34;: &#34;self = &amp;lt;tests.test_ui.TestRealtimeMonitor object at 0x000001356F9CFC80&amp;gt;\nrealtime_monitor = &amp;lt;ui.realtime_monitor.RealTimeMonitor object at 0x0000013573529010&amp;gt;\n\n    def test_get_system_status(self, realtime_monitor):\n        &amp;quot;&amp;quot;&amp;quot;Test system status retrieval.&amp;quot;&amp;quot;&amp;quot;\n&amp;gt;       status = realtime_monitor.get_system_status()\nE       AttributeError: &amp;#x27;RealTimeMonitor&amp;#x27; object has no attribute &amp;#x27;get_system_status&amp;#x27;. Did you mean: &amp;#x27;emit_system_status&amp;#x27;?\n\ntests\\test_ui.py:189: AttributeError\n&#34;}], &#34;tests/test_ui.py::TestRealtimeMonitor::test_get_scraping_metrics&#34;: [{&#34;extras&#34;: [], &#34;result&#34;: &#34;Failed&#34;, &#34;testId&#34;: &#34;tests/test_ui.py::TestRealtimeMonitor::test_get_scraping_metrics&#34;, &#34;duration&#34;: &#34;1 ms&#34;, &#34;resultsTableRow&#34;: [&#34;&lt;td class=\&#34;col-result\&#34;&gt;Failed&lt;/td&gt;&#34;, &#34;&lt;td class=\&#34;col-testId\&#34;&gt;tests/test_ui.py::TestRealtimeMonitor::test_get_scraping_metrics&lt;/td&gt;&#34;, &#34;&lt;td class=\&#34;col-duration\&#34;&gt;1 ms&lt;/td&gt;&#34;, &#34;&lt;td class=\&#34;col-links\&#34;&gt;&lt;/td&gt;&#34;], &#34;log&#34;: &#34;self = &amp;lt;tests.test_ui.TestRealtimeMonitor object at 0x000001356F9CFE60&amp;gt;\nrealtime_monitor = &amp;lt;ui.realtime_monitor.RealTimeMonitor object at 0x0000013575644AD0&amp;gt;\n\n    def test_get_scraping_metrics(self, realtime_monitor):\n        &amp;quot;&amp;quot;&amp;quot;Test scraping metrics retrieval.&amp;quot;&amp;quot;&amp;quot;\n&amp;gt;       metrics = realtime_monitor.get_scraping_metrics()\nE       AttributeError: &amp;#x27;RealTimeMonitor&amp;#x27; object has no attribute &amp;#x27;get_scraping_metrics&amp;#x27;\n\ntests\\test_ui.py:205: AttributeError\n&#34;}], &#34;tests/test_ui.py::TestRealtimeMonitor::test_get_database_metrics&#34;: [{&#34;extras&#34;: [], &#34;result&#34;: &#34;Failed&#34;, &#34;testId&#34;: &#34;tests/test_ui.py::TestRealtimeMonitor::test_get_database_metrics&#34;, &#34;duration&#34;: &#34;1 ms&#34;, &#34;resultsTableRow&#34;: [&#34;&lt;td class=\&#34;col-result\&#34;&gt;Failed&lt;/td&gt;&#34;, &#34;&lt;td class=\&#34;col-testId\&#34;&gt;tests/test_ui.py::TestRealtimeMonitor::test_get_database_metrics&lt;/td&gt;&#34;, &#34;&lt;td class=\&#34;col-duration\&#34;&gt;1 ms&lt;/td&gt;&#34;, &#34;&lt;td class=\&#34;col-links\&#34;&gt;&lt;/td&gt;&#34;], &#34;log&#34;: &#34;self = &amp;lt;tests.test_ui.TestRealtimeMonitor object at 0x000001356FA10080&amp;gt;\nrealtime_monitor = &amp;lt;ui.realtime_monitor.RealTimeMonitor object at 0x0000013575633230&amp;gt;\n\n    def test_get_database_metrics(self, realtime_monitor):\n        &amp;quot;&amp;quot;&amp;quot;Test database metrics retrieval.&amp;quot;&amp;quot;&amp;quot;\n&amp;gt;       metrics = realtime_monitor.get_database_metrics()\nE       AttributeError: &amp;#x27;RealTimeMonitor&amp;#x27; object has no attribute &amp;#x27;get_database_metrics&amp;#x27;\n\ntests\\test_ui.py:216: AttributeError\n&#34;}], &#34;tests/test_ui.py::TestRealtimeMonitor::test_create_system_dashboard&#34;: [{&#34;extras&#34;: [], &#34;result&#34;: &#34;Failed&#34;, &#34;testId&#34;: &#34;tests/test_ui.py::TestRealtimeMonitor::test_create_system_dashboard&#34;, &#34;duration&#34;: &#34;1 ms&#34;, &#34;resultsTableRow&#34;: [&#34;&lt;td class=\&#34;col-result\&#34;&gt;Failed&lt;/td&gt;&#34;, &#34;&lt;td class=\&#34;col-testId\&#34;&gt;tests/test_ui.py::TestRealtimeMonitor::test_create_system_dashboard&lt;/td&gt;&#34;, &#34;&lt;td class=\&#34;col-duration\&#34;&gt;1 ms&lt;/td&gt;&#34;, &#34;&lt;td class=\&#34;col-links\&#34;&gt;&lt;/td&gt;&#34;], &#34;log&#34;: &#34;self = &amp;lt;tests.test_ui.TestRealtimeMonitor object at 0x000001356FA10260&amp;gt;\nrealtime_monitor = &amp;lt;ui.realtime_monitor.RealTimeMonitor object at 0x00000135756278F0&amp;gt;\n\n    def test_create_system_dashboard(self, realtime_monitor):\n        &amp;quot;&amp;quot;&amp;quot;Test system dashboard creation.&amp;quot;&amp;quot;&amp;quot;\n&amp;gt;       dashboard = realtime_monitor.create_system_dashboard()\nE       AttributeError: &amp;#x27;RealTimeMonitor&amp;#x27; object has no attribute &amp;#x27;create_system_dashboard&amp;#x27;\n\ntests\\test_ui.py:226: AttributeError\n&#34;}], &#34;tests/test_ui.py::TestRealtimeMonitor::test_create_performance_dashboard&#34;: [{&#34;extras&#34;: [], &#34;result&#34;: &#34;Failed&#34;, &#34;testId&#34;: &#34;tests/test_ui.py::TestRealtimeMonitor::test_create_performance_dashboard&#34;, &#34;duration&#34;: &#34;1 ms&#34;, &#34;resultsTableRow&#34;: [&#34;&lt;td class=\&#34;col-result\&#34;&gt;Failed&lt;/td&gt;&#34;, &#34;&lt;td class=\&#34;col-testId\&#34;&gt;tests/test_ui.py::TestRealtimeMonitor::test_create_performance_dashboard&lt;/td&gt;&#34;, &#34;&lt;td class=\&#34;col-duration\&#34;&gt;1 ms&lt;/td&gt;&#34;, &#34;&lt;td class=\&#34;col-links\&#34;&gt;&lt;/td&gt;&#34;], &#34;log&#34;: &#34;self = &amp;lt;tests.test_ui.TestRealtimeMonitor object at 0x000001356FA10440&amp;gt;\nrealtime_monitor = &amp;lt;ui.realtime_monitor.RealTimeMonitor object at 0x00000135756266C0&amp;gt;\n\n    def test_create_performance_dashboard(self, realtime_monitor):\n        &amp;quot;&amp;quot;&amp;quot;Test performance dashboard creation.&amp;quot;&amp;quot;&amp;quot;\n&amp;gt;       dashboard = realtime_monitor.create_performance_dashboard()\nE       AttributeError: &amp;#x27;RealTimeMonitor&amp;#x27; object has no attribute &amp;#x27;create_performance_dashboard&amp;#x27;\n\ntests\\test_ui.py:239: AttributeError\n&#34;}], &#34;tests/test_ui.py::TestRealtimeMonitor::test_start_monitoring&#34;: [{&#34;extras&#34;: [], &#34;result&#34;: &#34;Failed&#34;, &#34;testId&#34;: &#34;tests/test_ui.py::TestRealtimeMonitor::test_start_monitoring&#34;, &#34;duration&#34;: &#34;2 ms&#34;, &#34;resultsTableRow&#34;: [&#34;&lt;td class=\&#34;col-result\&#34;&gt;Failed&lt;/td&gt;&#34;, &#34;&lt;td class=\&#34;col-testId\&#34;&gt;tests/test_ui.py::TestRealtimeMonitor::test_start_monitoring&lt;/td&gt;&#34;, &#34;&lt;td class=\&#34;col-duration\&#34;&gt;2 ms&lt;/td&gt;&#34;, &#34;&lt;td class=\&#34;col-links\&#34;&gt;&lt;/td&gt;&#34;], &#34;log&#34;: &#34;self = &amp;lt;tests.test_ui.TestRealtimeMonitor object at 0x000001356FA10620&amp;gt;\nrealtime_monitor = &amp;lt;ui.realtime_monitor.RealTimeMonitor object at 0x0000013575623200&amp;gt;\n\n    @pytest.mark.asyncio\n    async def test_start_monitoring(self, realtime_monitor):\n        &amp;quot;&amp;quot;&amp;quot;Test monitoring start functionality.&amp;quot;&amp;quot;&amp;quot;\n        # Mock the monitoring loop to avoid infinite loop\n&amp;gt;       with patch.object(realtime_monitor, &amp;#x27;_monitoring_loop&amp;#x27;) as mock_loop:\n\ntests\\test_ui.py:253: \n_ _ _ _ _ _ _ _ _ _ _ _ _ _ _ _ _ _ _ _ _ _ _ _ _ _ _ _ _ _ _ _ _ _ _ _ _ _ _ _\nC:\\Program Files\\Python312\\Lib\\unittest\\mock.py:1455: in __enter__\n    original, local = self.get_original()\n_ _ _ _ _ _ _ _ _ _ _ _ _ _ _ _ _ _ _ _ _ _ _ _ _ _ _ _ _ _ _ _ _ _ _ _ _ _ _ _\n\nself = &amp;lt;unittest.mock._patch object at 0x0000013575620260&amp;gt;\n\n    def get_original(self):\n        target = self.getter()\n        name = self.attribute\n    \n        original = DEFAULT\n        local = False\n    \n        try:\n            original = target.__dict__[name]\n        except (AttributeError, KeyError):\n            original = getattr(target, name, DEFAULT)\n        else:\n            local = True\n    \n        if name in _builtins and isinstance(target, ModuleType):\n            self.create = True\n    \n        if not self.create and original is DEFAULT:\n&amp;gt;           raise AttributeError(\n                &amp;quot;%s does not have the attribute %r&amp;quot; % (target, name)\n            )\nE           AttributeError: &amp;lt;ui.realtime_monitor.RealTimeMonitor object at 0x0000013575623200&amp;gt; does not have the attribute &amp;#x27;_monitoring_loop&amp;#x27;\n\nC:\\Program Files\\Python312\\Lib\\unittest\\mock.py:1428: AttributeError\n&#34;}], &#34;tests/test_ui.py::TestRealtimeMonitor::test_stop_monitoring&#34;: [{&#34;extras&#34;: [], &#34;result&#34;: &#34;Failed&#34;, &#34;testId&#34;: &#34;tests/test_ui.py::TestRealtimeMonitor::test_stop_monitoring&#34;, &#34;duration&#34;: &#34;1 ms&#34;, &#34;resultsTableRow&#34;: [&#34;&lt;td class=\&#34;col-result\&#34;&gt;Failed&lt;/td&gt;&#34;, &#34;&lt;td class=\&#34;col-testId\&#34;&gt;tests/test_ui.py::TestRealtimeMonitor::test_stop_monitoring&lt;/td&gt;&#34;, &#34;&lt;td class=\&#34;col-duration\&#34;&gt;1 ms&lt;/td&gt;&#34;, &#34;&lt;td class=\&#34;col-links\&#34;&gt;&lt;/td&gt;&#34;], &#34;log&#34;: &#34;self = &amp;lt;tests.test_ui.TestRealtimeMonitor object at 0x000001356FA10800&amp;gt;\nrealtime_monitor = &amp;lt;ui.realtime_monitor.RealTimeMonitor object at 0x0000013575626AB0&amp;gt;\n\n    def test_stop_monitoring(self, realtime_monitor):\n        &amp;quot;&amp;quot;&amp;quot;Test monitoring stop functionality.&amp;quot;&amp;quot;&amp;quot;\n        # Start monitoring first\n        realtime_monitor.is_monitoring = True\n    \n&amp;gt;       realtime_monitor.stop_monitoring()\nE       AttributeError: &amp;#x27;RealTimeMonitor&amp;#x27; object has no attribute &amp;#x27;stop_monitoring&amp;#x27;. Did you mean: &amp;#x27;is_monitoring&amp;#x27;?\n\ntests\\test_ui.py:266: AttributeError\n&#34;}], &#34;tests/test_ui.py::TestRealtimeMonitor::test_alert_system&#34;: [{&#34;extras&#34;: [], &#34;result&#34;: &#34;Failed&#34;, &#34;testId&#34;: &#34;tests/test_ui.py::TestRealtimeMonitor::test_alert_system&#34;, &#34;duration&#34;: &#34;1 ms&#34;, &#34;resultsTableRow&#34;: [&#34;&lt;td class=\&#34;col-result\&#34;&gt;Failed&lt;/td&gt;&#34;, &#34;&lt;td class=\&#34;col-testId\&#34;&gt;tests/test_ui.py::TestRealtimeMonitor::test_alert_system&lt;/td&gt;&#34;, &#34;&lt;td class=\&#34;col-duration\&#34;&gt;1 ms&lt;/td&gt;&#34;, &#34;&lt;td class=\&#34;col-links\&#34;&gt;&lt;/td&gt;&#34;], &#34;log&#34;: &#34;self = &amp;lt;tests.test_ui.TestRealtimeMonitor object at 0x000001356FA109E0&amp;gt;\nrealtime_monitor = &amp;lt;ui.realtime_monitor.RealTimeMonitor object at 0x0000013575632ED0&amp;gt;\n\n    def test_alert_system(self, realtime_monitor):\n        &amp;quot;&amp;quot;&amp;quot;Test alert system functionality.&amp;quot;&amp;quot;&amp;quot;\n        # Test high CPU alert\n        high_cpu_status = {\n            &amp;#x27;cpu_usage&amp;#x27;: 95.0,\n            &amp;#x27;memory_usage&amp;#x27;: 50.0,\n            &amp;#x27;disk_usage&amp;#x27;: 30.0,\n            &amp;#x27;timestamp&amp;#x27;: datetime.utcnow()\n        }\n    \n&amp;gt;       alerts = realtime_monitor._check_alerts(high_cpu_status)\nE       AttributeError: &amp;#x27;RealTimeMonitor&amp;#x27; object has no attribute &amp;#x27;_check_alerts&amp;#x27;\n\ntests\\test_ui.py:280: AttributeError\n&#34;}], &#34;tests/test_ui.py::TestRealtimeMonitor::test_metrics_history&#34;: [{&#34;extras&#34;: [], &#34;result&#34;: &#34;Failed&#34;, &#34;testId&#34;: &#34;tests/test_ui.py::TestRealtimeMonitor::test_metrics_history&#34;, &#34;duration&#34;: &#34;1 ms&#34;, &#34;resultsTableRow&#34;: [&#34;&lt;td class=\&#34;col-result\&#34;&gt;Failed&lt;/td&gt;&#34;, &#34;&lt;td class=\&#34;col-testId\&#34;&gt;tests/test_ui.py::TestRealtimeMonitor::test_metrics_history&lt;/td&gt;&#34;, &#34;&lt;td class=\&#34;col-duration\&#34;&gt;1 ms&lt;/td&gt;&#34;, &#34;&lt;td class=\&#34;col-links\&#34;&gt;&lt;/td&gt;&#34;], &#34;log&#34;: &#34;self = &amp;lt;tests.test_ui.TestRealtimeMonitor object at 0x000001356F9CFBF0&amp;gt;\nrealtime_monitor = &amp;lt;ui.realtime_monitor.RealTimeMonitor object at 0x0000013575645850&amp;gt;\n\n    def test_metrics_history(self, realtime_monitor):\n        &amp;quot;&amp;quot;&amp;quot;Test metrics history tracking.&amp;quot;&amp;quot;&amp;quot;\n        # Add some metrics to history\n        for i in range(5):\n            status = {\n                &amp;#x27;cpu_usage&amp;#x27;: 50.0 + i,\n                &amp;#x27;memory_usage&amp;#x27;: 60.0 + i,\n                &amp;#x27;timestamp&amp;#x27;: datetime.utcnow() - timedelta(minutes=i)\n            }\n&amp;gt;           realtime_monitor._add_to_history(status)\nE           AttributeError: &amp;#x27;RealTimeMonitor&amp;#x27; object has no attribute &amp;#x27;_add_to_history&amp;#x27;\n\ntests\\test_ui.py:296: AttributeError\n&#34;}], &#34;tests/test_ui.py::TestGradioInterface::test_interface_creation&#34;: [{&#34;extras&#34;: [], &#34;result&#34;: &#34;Failed&#34;, &#34;testId&#34;: &#34;tests/test_ui.py::TestGradioInterface::test_interface_creation&#34;, &#34;duration&#34;: &#34;125 ms&#34;, &#34;resultsTableRow&#34;: [&#34;&lt;td class=\&#34;col-result\&#34;&gt;Failed&lt;/td&gt;&#34;, &#34;&lt;td class=\&#34;col-testId\&#34;&gt;tests/test_ui.py::TestGradioInterface::test_interface_creation&lt;/td&gt;&#34;, &#34;&lt;td class=\&#34;col-duration\&#34;&gt;125 ms&lt;/td&gt;&#34;, &#34;&lt;td class=\&#34;col-links\&#34;&gt;&lt;/td&gt;&#34;], &#34;log&#34;: &#34;self = &amp;lt;tests.test_ui.TestGradioInterface object at 0x000001356F9CF530&amp;gt;\nmock_app_components = {&amp;#x27;db_manager&amp;#x27;: &amp;lt;Mock id=&amp;#x27;1329114369392&amp;#x27;&amp;gt;, &amp;#x27;metrics_analyzer&amp;#x27;: &amp;lt;Mock id=&amp;#x27;1329079534032&amp;#x27;&amp;gt;, &amp;#x27;realtime_monitor&amp;#x27;: &amp;lt;Mock id=&amp;#x27;1329079547568&amp;#x27;&amp;gt;, &amp;#x27;scraper&amp;#x27;: &amp;lt;Mock id=&amp;#x27;1329114369632&amp;#x27;&amp;gt;, ...}\n\n    def test_interface_creation(self, mock_app_components):\n        &amp;quot;&amp;quot;&amp;quot;Test Gradio interface creation.&amp;quot;&amp;quot;&amp;quot;\n&amp;gt;       with patch(&amp;#x27;app.create_gradio_interface&amp;#x27;) as mock_create:\n\ntests\\test_ui.py:324: \n_ _ _ _ _ _ _ _ _ _ _ _ _ _ _ _ _ _ _ _ _ _ _ _ _ _ _ _ _ _ _ _ _ _ _ _ _ _ _ _\nC:\\Program Files\\Python312\\Lib\\unittest\\mock.py:1455: in __enter__\n    original, local = self.get_original()\n_ _ _ _ _ _ _ _ _ _ _ _ _ _ _ _ _ _ _ _ _ _ _ _ _ _ _ _ _ _ _ _ _ _ _ _ _ _ _ _\n\nself = &amp;lt;unittest.mock._patch object at 0x000001357563C800&amp;gt;\n\n    def get_original(self):\n        target = self.getter()\n        name = self.attribute\n    \n        original = DEFAULT\n        local = False\n    \n        try:\n            original = target.__dict__[name]\n        except (AttributeError, KeyError):\n            original = getattr(target, name, DEFAULT)\n        else:\n            local = True\n    \n        if name in _builtins and isinstance(target, ModuleType):\n            self.create = True\n    \n        if not self.create and original is DEFAULT:\n&amp;gt;           raise AttributeError(\n                &amp;quot;%s does not have the attribute %r&amp;quot; % (target, name)\n            )\nE           AttributeError: &amp;lt;module &amp;#x27;app&amp;#x27; from &amp;#x27;C:\\\\Users\\\\Devansh\\\\Downloads\\\\intern_application_round1\\\\app.py&amp;#x27;&amp;gt; does not have the attribute &amp;#x27;create_gradio_interface&amp;#x27;\n\nC:\\Program Files\\Python312\\Lib\\unittest\\mock.py:1428: AttributeError\n\n------------------------------ Captured log call -------------------------------\nWARNING  analytics.advanced_sentiment:advanced_sentiment.py:29 Transformers not available, falling back to TextBlob only\nWARNING  analytics.advanced_sentiment:advanced_sentiment.py:29 Transformers not available, falling back to TextBlob only\n\n&#34;}], &#34;tests/test_ui.py::TestGradioInterface::test_search_functionality&#34;: [{&#34;extras&#34;: [], &#34;result&#34;: &#34;Failed&#34;, &#34;testId&#34;: &#34;tests/test_ui.py::TestGradioInterface::test_search_functionality&#34;, &#34;duration&#34;: &#34;1 ms&#34;, &#34;resultsTableRow&#34;: [&#34;&lt;td class=\&#34;col-result\&#34;&gt;Failed&lt;/td&gt;&#34;, &#34;&lt;td class=\&#34;col-testId\&#34;&gt;tests/test_ui.py::TestGradioInterface::test_search_functionality&lt;/td&gt;&#34;, &#34;&lt;td class=\&#34;col-duration\&#34;&gt;1 ms&lt;/td&gt;&#34;, &#34;&lt;td class=\&#34;col-links\&#34;&gt;&lt;/td&gt;&#34;], &#34;log&#34;: &#34;self = &amp;lt;tests.test_ui.TestGradioInterface object at 0x000001356F9CEE10&amp;gt;\nmock_app_components = {&amp;#x27;db_manager&amp;#x27;: &amp;lt;Mock id=&amp;#x27;1329053350512&amp;#x27;&amp;gt;, &amp;#x27;metrics_analyzer&amp;#x27;: &amp;lt;Mock id=&amp;#x27;1329053350608&amp;#x27;&amp;gt;, &amp;#x27;realtime_monitor&amp;#x27;: &amp;lt;Mock id=&amp;#x27;1329053350704&amp;#x27;&amp;gt;, &amp;#x27;scraper&amp;#x27;: &amp;lt;Mock id=&amp;#x27;1329053350416&amp;#x27;&amp;gt;, ...}\n\n    def test_search_functionality(self, mock_app_components):\n        &amp;quot;&amp;quot;&amp;quot;Test search functionality in UI.&amp;quot;&amp;quot;&amp;quot;\n        # Mock scraper response\n        mock_mentions = [\n            {&amp;#x27;reddit_id&amp;#x27;: &amp;#x27;test1&amp;#x27;, &amp;#x27;title&amp;#x27;: &amp;#x27;Test post 1&amp;#x27;, &amp;#x27;score&amp;#x27;: 10},\n            {&amp;#x27;reddit_id&amp;#x27;: &amp;#x27;test2&amp;#x27;, &amp;#x27;title&amp;#x27;: &amp;#x27;Test post 2&amp;#x27;, &amp;#x27;score&amp;#x27;: 20}\n        ]\n    \n        mock_app_components[&amp;#x27;scraper&amp;#x27;].scrape_mentions = AsyncMock(return_value=mock_mentions)\n        mock_app_components[&amp;#x27;metrics_analyzer&amp;#x27;].generate_comprehensive_metrics.return_value = {\n            &amp;#x27;basic&amp;#x27;: {&amp;#x27;total_mentions&amp;#x27;: 2}\n        }\n    \n        # Test search function\n&amp;gt;       with patch(&amp;#x27;app.search_mentions&amp;#x27;) as mock_search:\n\ntests\\test_ui.py:346: \n_ _ _ _ _ _ _ _ _ _ _ _ _ _ _ _ _ _ _ _ _ _ _ _ _ _ _ _ _ _ _ _ _ _ _ _ _ _ _ _\nC:\\Program Files\\Python312\\Lib\\unittest\\mock.py:1455: in __enter__\n    original, local = self.get_original()\n_ _ _ _ _ _ _ _ _ _ _ _ _ _ _ _ _ _ _ _ _ _ _ _ _ _ _ _ _ _ _ _ _ _ _ _ _ _ _ _\n\nself = &amp;lt;unittest.mock._patch object at 0x0000013576E509B0&amp;gt;\n\n    def get_original(self):\n        target = self.getter()\n        name = self.attribute\n    \n        original = DEFAULT\n        local = False\n    \n        try:\n            original = target.__dict__[name]\n        except (AttributeError, KeyError):\n            original = getattr(target, name, DEFAULT)\n        else:\n            local = True\n    \n        if name in _builtins and isinstance(target, ModuleType):\n            self.create = True\n    \n        if not self.create and original is DEFAULT:\n&amp;gt;           raise AttributeError(\n                &amp;quot;%s does not have the attribute %r&amp;quot; % (target, name)\n            )\nE           AttributeError: &amp;lt;module &amp;#x27;app&amp;#x27; from &amp;#x27;C:\\\\Users\\\\Devansh\\\\Downloads\\\\intern_application_round1\\\\app.py&amp;#x27;&amp;gt; does not have the attribute &amp;#x27;search_mentions&amp;#x27;\n\nC:\\Program Files\\Python312\\Lib\\unittest\\mock.py:1428: AttributeError\n&#34;}], &#34;tests/test_ui.py::TestGradioInterface::test_export_functionality&#34;: [{&#34;extras&#34;: [], &#34;result&#34;: &#34;Failed&#34;, &#34;testId&#34;: &#34;tests/test_ui.py::TestGradioInterface::test_export_functionality&#34;, &#34;duration&#34;: &#34;1 ms&#34;, &#34;resultsTableRow&#34;: [&#34;&lt;td class=\&#34;col-result\&#34;&gt;Failed&lt;/td&gt;&#34;, &#34;&lt;td class=\&#34;col-testId\&#34;&gt;tests/test_ui.py::TestGradioInterface::test_export_functionality&lt;/td&gt;&#34;, &#34;&lt;td class=\&#34;col-duration\&#34;&gt;1 ms&lt;/td&gt;&#34;, &#34;&lt;td class=\&#34;col-links\&#34;&gt;&lt;/td&gt;&#34;], &#34;log&#34;: &#34;self = &amp;lt;tests.test_ui.TestGradioInterface object at 0x000001356F9CE750&amp;gt;\nmock_app_components = {&amp;#x27;db_manager&amp;#x27;: &amp;lt;Mock id=&amp;#x27;1329139618240&amp;#x27;&amp;gt;, &amp;#x27;metrics_analyzer&amp;#x27;: &amp;lt;Mock id=&amp;#x27;1329139619488&amp;#x27;&amp;gt;, &amp;#x27;realtime_monitor&amp;#x27;: &amp;lt;Mock id=&amp;#x27;1329139619680&amp;#x27;&amp;gt;, &amp;#x27;scraper&amp;#x27;: &amp;lt;Mock id=&amp;#x27;1329139619344&amp;#x27;&amp;gt;, ...}\n\n    def test_export_functionality(self, mock_app_components):\n        &amp;quot;&amp;quot;&amp;quot;Test data export functionality.&amp;quot;&amp;quot;&amp;quot;\n        mock_mentions = [\n            {&amp;#x27;reddit_id&amp;#x27;: &amp;#x27;test1&amp;#x27;, &amp;#x27;title&amp;#x27;: &amp;#x27;Test post 1&amp;#x27;, &amp;#x27;score&amp;#x27;: 10},\n            {&amp;#x27;reddit_id&amp;#x27;: &amp;#x27;test2&amp;#x27;, &amp;#x27;title&amp;#x27;: &amp;#x27;Test post 2&amp;#x27;, &amp;#x27;score&amp;#x27;: 20}\n        ]\n    \n&amp;gt;       with patch(&amp;#x27;app.export_data&amp;#x27;) as mock_export:\n\ntests\\test_ui.py:361: \n_ _ _ _ _ _ _ _ _ _ _ _ _ _ _ _ _ _ _ _ _ _ _ _ _ _ _ _ _ _ _ _ _ _ _ _ _ _ _ _\nC:\\Program Files\\Python312\\Lib\\unittest\\mock.py:1455: in __enter__\n    original, local = self.get_original()\n_ _ _ _ _ _ _ _ _ _ _ _ _ _ _ _ _ _ _ _ _ _ _ _ _ _ _ _ _ _ _ _ _ _ _ _ _ _ _ _\n\nself = &amp;lt;unittest.mock._patch object at 0x0000013576E51790&amp;gt;\n\n    def get_original(self):\n        target = self.getter()\n        name = self.attribute\n    \n        original = DEFAULT\n        local = False\n    \n        try:\n            original = target.__dict__[name]\n        except (AttributeError, KeyError):\n            original = getattr(target, name, DEFAULT)\n        else:\n            local = True\n    \n        if name in _builtins and isinstance(target, ModuleType):\n            self.create = True\n    \n        if not self.create and original is DEFAULT:\n&amp;gt;           raise AttributeError(\n                &amp;quot;%s does not have the attribute %r&amp;quot; % (target, name)\n            )\nE           AttributeError: &amp;lt;module &amp;#x27;app&amp;#x27; from &amp;#x27;C:\\\\Users\\\\Devansh\\\\Downloads\\\\intern_application_round1\\\\app.py&amp;#x27;&amp;gt; does not have the attribute &amp;#x27;export_data&amp;#x27;\n\nC:\\Program Files\\Python312\\Lib\\unittest\\mock.py:1428: AttributeError\n&#34;}], &#34;tests/test_ui.py::TestGradioInterface::test_real_time_updates&#34;: [{&#34;extras&#34;: [], &#34;result&#34;: &#34;Failed&#34;, &#34;testId&#34;: &#34;tests/test_ui.py::TestGradioInterface::test_real_time_updates&#34;, &#34;duration&#34;: &#34;1 ms&#34;, &#34;resultsTableRow&#34;: [&#34;&lt;td class=\&#34;col-result\&#34;&gt;Failed&lt;/td&gt;&#34;, &#34;&lt;td class=\&#34;col-testId\&#34;&gt;tests/test_ui.py::TestGradioInterface::test_real_time_updates&lt;/td&gt;&#34;, &#34;&lt;td class=\&#34;col-duration\&#34;&gt;1 ms&lt;/td&gt;&#34;, &#34;&lt;td class=\&#34;col-links\&#34;&gt;&lt;/td&gt;&#34;], &#34;log&#34;: &#34;self = &amp;lt;tests.test_ui.TestGradioInterface object at 0x000001356FA107A0&amp;gt;\nmock_app_components = {&amp;#x27;db_manager&amp;#x27;: &amp;lt;Mock id=&amp;#x27;1329139622560&amp;#x27;&amp;gt;, &amp;#x27;metrics_analyzer&amp;#x27;: &amp;lt;Mock id=&amp;#x27;1329139622752&amp;#x27;&amp;gt;, &amp;#x27;realtime_monitor&amp;#x27;: &amp;lt;Mock id=&amp;#x27;1329139623088&amp;#x27;&amp;gt;, &amp;#x27;scraper&amp;#x27;: &amp;lt;Mock id=&amp;#x27;1329139622896&amp;#x27;&amp;gt;, ...}\n\n    def test_real_time_updates(self, mock_app_components):\n        &amp;quot;&amp;quot;&amp;quot;Test real-time updates functionality.&amp;quot;&amp;quot;&amp;quot;\n        mock_status = {\n            &amp;#x27;cpu_usage&amp;#x27;: 45.0,\n            &amp;#x27;memory_usage&amp;#x27;: 60.0,\n            &amp;#x27;active_sessions&amp;#x27;: 3\n        }\n    \n        mock_app_components[&amp;#x27;realtime_monitor&amp;#x27;].get_system_status.return_value = mock_status\n    \n&amp;gt;       with patch(&amp;#x27;app.update_realtime_metrics&amp;#x27;) as mock_update:\n\ntests\\test_ui.py:379: \n_ _ _ _ _ _ _ _ _ _ _ _ _ _ _ _ _ _ _ _ _ _ _ _ _ _ _ _ _ _ _ _ _ _ _ _ _ _ _ _\nC:\\Program Files\\Python312\\Lib\\unittest\\mock.py:1455: in __enter__\n    original, local = self.get_original()\n_ _ _ _ _ _ _ _ _ _ _ _ _ _ _ _ _ _ _ _ _ _ _ _ _ _ _ _ _ _ _ _ _ _ _ _ _ _ _ _\n\nself = &amp;lt;unittest.mock._patch object at 0x0000013576E522D0&amp;gt;\n\n    def get_original(self):\n        target = self.getter()\n        name = self.attribute\n    \n        original = DEFAULT\n        local = False\n    \n        try:\n            original = target.__dict__[name]\n        except (AttributeError, KeyError):\n            original = getattr(target, name, DEFAULT)\n        else:\n            local = True\n    \n        if name in _builtins and isinstance(target, ModuleType):\n            self.create = True\n    \n        if not self.create and original is DEFAULT:\n&amp;gt;           raise AttributeError(\n                &amp;quot;%s does not have the attribute %r&amp;quot; % (target, name)\n            )\nE           AttributeError: &amp;lt;module &amp;#x27;app&amp;#x27; from &amp;#x27;C:\\\\Users\\\\Devansh\\\\Downloads\\\\intern_application_round1\\\\app.py&amp;#x27;&amp;gt; does not have the attribute &amp;#x27;update_realtime_metrics&amp;#x27;\n\nC:\\Program Files\\Python312\\Lib\\unittest\\mock.py:1428: AttributeError\n&#34;}], &#34;tests/test_ui.py::TestGradioInterface::test_error_handling_in_ui&#34;: [{&#34;extras&#34;: [], &#34;result&#34;: &#34;Failed&#34;, &#34;testId&#34;: &#34;tests/test_ui.py::TestGradioInterface::test_error_handling_in_ui&#34;, &#34;duration&#34;: &#34;1 ms&#34;, &#34;resultsTableRow&#34;: [&#34;&lt;td class=\&#34;col-result\&#34;&gt;Failed&lt;/td&gt;&#34;, &#34;&lt;td class=\&#34;col-testId\&#34;&gt;tests/test_ui.py::TestGradioInterface::test_error_handling_in_ui&lt;/td&gt;&#34;, &#34;&lt;td class=\&#34;col-duration\&#34;&gt;1 ms&lt;/td&gt;&#34;, &#34;&lt;td class=\&#34;col-links\&#34;&gt;&lt;/td&gt;&#34;], &#34;log&#34;: &#34;self = &amp;lt;tests.test_ui.TestGradioInterface object at 0x000001356FA10170&amp;gt;\nmock_app_components = {&amp;#x27;db_manager&amp;#x27;: &amp;lt;Mock id=&amp;#x27;1329139627072&amp;#x27;&amp;gt;, &amp;#x27;metrics_analyzer&amp;#x27;: &amp;lt;Mock id=&amp;#x27;1329139627120&amp;#x27;&amp;gt;, &amp;#x27;realtime_monitor&amp;#x27;: &amp;lt;Mock id=&amp;#x27;1329139627024&amp;#x27;&amp;gt;, &amp;#x27;scraper&amp;#x27;: &amp;lt;Mock id=&amp;#x27;1329139627888&amp;#x27;&amp;gt;, ...}\n\n    def test_error_handling_in_ui(self, mock_app_components):\n        &amp;quot;&amp;quot;&amp;quot;Test error handling in UI components.&amp;quot;&amp;quot;&amp;quot;\n        # Mock scraper to raise an error\n        mock_app_components[&amp;#x27;scraper&amp;#x27;].scrape_mentions = AsyncMock(\n            side_effect=Exception(&amp;quot;Scraping error&amp;quot;)\n        )\n    \n&amp;gt;       with patch(&amp;#x27;app.search_mentions&amp;#x27;) as mock_search:\n\ntests\\test_ui.py:393: \n_ _ _ _ _ _ _ _ _ _ _ _ _ _ _ _ _ _ _ _ _ _ _ _ _ _ _ _ _ _ _ _ _ _ _ _ _ _ _ _\nC:\\Program Files\\Python312\\Lib\\unittest\\mock.py:1455: in __enter__\n    original, local = self.get_original()\n_ _ _ _ _ _ _ _ _ _ _ _ _ _ _ _ _ _ _ _ _ _ _ _ _ _ _ _ _ _ _ _ _ _ _ _ _ _ _ _\n\nself = &amp;lt;unittest.mock._patch object at 0x0000013576E2C410&amp;gt;\n\n    def get_original(self):\n        target = self.getter()\n        name = self.attribute\n    \n        original = DEFAULT\n        local = False\n    \n        try:\n            original = target.__dict__[name]\n        except (AttributeError, KeyError):\n            original = getattr(target, name, DEFAULT)\n        else:\n            local = True\n    \n        if name in _builtins and isinstance(target, ModuleType):\n            self.create = True\n    \n        if not self.create and original is DEFAULT:\n&amp;gt;           raise AttributeError(\n                &amp;quot;%s does not have the attribute %r&amp;quot; % (target, name)\n            )\nE           AttributeError: &amp;lt;module &amp;#x27;app&amp;#x27; from &amp;#x27;C:\\\\Users\\\\Devansh\\\\Downloads\\\\intern_application_round1\\\\app.py&amp;#x27;&amp;gt; does not have the attribute &amp;#x27;search_mentions&amp;#x27;\n\nC:\\Program Files\\Python312\\Lib\\unittest\\mock.py:1428: AttributeError\n&#34;}], &#34;tests/test_ui.py::TestGradioInterface::test_input_validation&#34;: [{&#34;extras&#34;: [], &#34;result&#34;: &#34;Failed&#34;, &#34;testId&#34;: &#34;tests/test_ui.py::TestGradioInterface::test_input_validation&#34;, &#34;duration&#34;: &#34;1 ms&#34;, &#34;resultsTableRow&#34;: [&#34;&lt;td class=\&#34;col-result\&#34;&gt;Failed&lt;/td&gt;&#34;, &#34;&lt;td class=\&#34;col-testId\&#34;&gt;tests/test_ui.py::TestGradioInterface::test_input_validation&lt;/td&gt;&#34;, &#34;&lt;td class=\&#34;col-duration\&#34;&gt;1 ms&lt;/td&gt;&#34;, &#34;&lt;td class=\&#34;col-links\&#34;&gt;&lt;/td&gt;&#34;], &#34;log&#34;: &#34;self = &amp;lt;tests.test_ui.TestGradioInterface object at 0x000001356FA10C80&amp;gt;\nmock_app_components = {&amp;#x27;db_manager&amp;#x27;: &amp;lt;Mock id=&amp;#x27;1329139470160&amp;#x27;&amp;gt;, &amp;#x27;metrics_analyzer&amp;#x27;: &amp;lt;Mock id=&amp;#x27;1329139470448&amp;#x27;&amp;gt;, &amp;#x27;realtime_monitor&amp;#x27;: &amp;lt;Mock id=&amp;#x27;1329139470304&amp;#x27;&amp;gt;, &amp;#x27;scraper&amp;#x27;: &amp;lt;Mock id=&amp;#x27;1329139470592&amp;#x27;&amp;gt;, ...}\n\n    def test_input_validation(self, mock_app_components):\n        &amp;quot;&amp;quot;&amp;quot;Test input validation in UI.&amp;quot;&amp;quot;&amp;quot;\n&amp;gt;       with patch(&amp;#x27;app.validate_search_input&amp;#x27;) as mock_validate:\n\ntests\\test_ui.py:404: \n_ _ _ _ _ _ _ _ _ _ _ _ _ _ _ _ _ _ _ _ _ _ _ _ _ _ _ _ _ _ _ _ _ _ _ _ _ _ _ _\nC:\\Program Files\\Python312\\Lib\\unittest\\mock.py:1455: in __enter__\n    original, local = self.get_original()\n_ _ _ _ _ _ _ _ _ _ _ _ _ _ _ _ _ _ _ _ _ _ _ _ _ _ _ _ _ _ _ _ _ _ _ _ _ _ _ _\n\nself = &amp;lt;unittest.mock._patch object at 0x0000013576E2CE60&amp;gt;\n\n    def get_original(self):\n        target = self.getter()\n        name = self.attribute\n    \n        original = DEFAULT\n        local = False\n    \n        try:\n            original = target.__dict__[name]\n        except (AttributeError, KeyError):\n            original = getattr(target, name, DEFAULT)\n        else:\n            local = True\n    \n        if name in _builtins and isinstance(target, ModuleType):\n            self.create = True\n    \n        if not self.create and original is DEFAULT:\n&amp;gt;           raise AttributeError(\n                &amp;quot;%s does not have the attribute %r&amp;quot; % (target, name)\n            )\nE           AttributeError: &amp;lt;module &amp;#x27;app&amp;#x27; from &amp;#x27;C:\\\\Users\\\\Devansh\\\\Downloads\\\\intern_application_round1\\\\app.py&amp;#x27;&amp;gt; does not have the attribute &amp;#x27;validate_search_input&amp;#x27;\n\nC:\\Program Files\\Python312\\Lib\\unittest\\mock.py:1428: AttributeError\n&#34;}], &#34;tests/test_ui.py::TestGradioInterface::test_progress_tracking&#34;: [{&#34;extras&#34;: [], &#34;result&#34;: &#34;Failed&#34;, &#34;testId&#34;: &#34;tests/test_ui.py::TestGradioInterface::test_progress_tracking&#34;, &#34;duration&#34;: &#34;1 ms&#34;, &#34;resultsTableRow&#34;: [&#34;&lt;td class=\&#34;col-result\&#34;&gt;Failed&lt;/td&gt;&#34;, &#34;&lt;td class=\&#34;col-testId\&#34;&gt;tests/test_ui.py::TestGradioInterface::test_progress_tracking&lt;/td&gt;&#34;, &#34;&lt;td class=\&#34;col-duration\&#34;&gt;1 ms&lt;/td&gt;&#34;, &#34;&lt;td class=\&#34;col-links\&#34;&gt;&lt;/td&gt;&#34;], &#34;log&#34;: &#34;self = &amp;lt;tests.test_ui.TestGradioInterface object at 0x000001356FA10E60&amp;gt;\nmock_app_components = {&amp;#x27;db_manager&amp;#x27;: &amp;lt;Mock id=&amp;#x27;1329139475536&amp;#x27;&amp;gt;, &amp;#x27;metrics_analyzer&amp;#x27;: &amp;lt;Mock id=&amp;#x27;1329139474768&amp;#x27;&amp;gt;, &amp;#x27;realtime_monitor&amp;#x27;: &amp;lt;Mock id=&amp;#x27;1329139473664&amp;#x27;&amp;gt;, &amp;#x27;scraper&amp;#x27;: &amp;lt;Mock id=&amp;#x27;1329139474480&amp;#x27;&amp;gt;, ...}\n\n    def test_progress_tracking(self, mock_app_components):\n        &amp;quot;&amp;quot;&amp;quot;Test progress tracking in UI.&amp;quot;&amp;quot;&amp;quot;\n&amp;gt;       with patch(&amp;#x27;app.track_progress&amp;#x27;) as mock_progress:\n\ntests\\test_ui.py:418: \n_ _ _ _ _ _ _ _ _ _ _ _ _ _ _ _ _ _ _ _ _ _ _ _ _ _ _ _ _ _ _ _ _ _ _ _ _ _ _ _\nC:\\Program Files\\Python312\\Lib\\unittest\\mock.py:1455: in __enter__\n    original, local = self.get_original()\n_ _ _ _ _ _ _ _ _ _ _ _ _ _ _ _ _ _ _ _ _ _ _ _ _ _ _ _ _ _ _ _ _ _ _ _ _ _ _ _\n\nself = &amp;lt;unittest.mock._patch object at 0x0000013576E2DDC0&amp;gt;\n\n    def get_original(self):\n        target = self.getter()\n        name = self.attribute\n    \n        original = DEFAULT\n        local = False\n    \n        try:\n            original = target.__dict__[name]\n        except (AttributeError, KeyError):\n            original = getattr(target, name, DEFAULT)\n        else:\n            local = True\n    \n        if name in _builtins and isinstance(target, ModuleType):\n            self.create = True\n    \n        if not self.create and original is DEFAULT:\n&amp;gt;           raise AttributeError(\n                &amp;quot;%s does not have the attribute %r&amp;quot; % (target, name)\n            )\nE           AttributeError: &amp;lt;module &amp;#x27;app&amp;#x27; from &amp;#x27;C:\\\\Users\\\\Devansh\\\\Downloads\\\\intern_application_round1\\\\app.py&amp;#x27;&amp;gt; does not have the attribute &amp;#x27;track_progress&amp;#x27;\n\nC:\\Program Files\\Python312\\Lib\\unittest\\mock.py:1428: AttributeError\n&#34;}], &#34;tests/test_ui.py::TestUIIntegration::test_full_ui_workflow&#34;: [{&#34;extras&#34;: [], &#34;result&#34;: &#34;Error&#34;, &#34;testId&#34;: &#34;tests/test_ui.py::TestUIIntegration::test_full_ui_workflow::setup&#34;, &#34;duration&#34;: &#34;0 ms&#34;, &#34;resultsTableRow&#34;: [&#34;&lt;td class=\&#34;col-result\&#34;&gt;Error&lt;/td&gt;&#34;, &#34;&lt;td class=\&#34;col-testId\&#34;&gt;tests/test_ui.py::TestUIIntegration::test_full_ui_workflow::setup&lt;/td&gt;&#34;, &#34;&lt;td class=\&#34;col-duration\&#34;&gt;0 ms&lt;/td&gt;&#34;, &#34;&lt;td class=\&#34;col-links\&#34;&gt;&lt;/td&gt;&#34;], &#34;log&#34;: &#34;file C:\\Users\\Devansh\\Downloads\\intern_application_round1\\tests\\test_ui.py, line 436\n      def test_full_ui_workflow(self, mock_app_components, sample_mentions_list):\nE       fixture &amp;#x27;mock_app_components&amp;#x27; not found\n&amp;gt;       available fixtures: anyio_backend, anyio_backend_name, anyio_backend_options, async_test_client, cache, capfd, capfdbinary, caplog, capsys, capsysbinary, cov, data_validator, db_manager, doctest_namespace, event_loop, extra, extras, include_metadata_in_junit_xml, metadata, metrics_analyzer, mock_browser_context, mock_playwright_page, mock_redis, mock_requests, mock_textblob, monkeypatch, no_cover, performance_monitor, pytestconfig, record_property, record_testsuite_property, record_xml_attribute, recwarn, sample_mention_data, sample_mentions_list, temp_database, test_config, test_data_generator, testrun_uid, tmp_path, tmp_path_factory, tmpdir, tmpdir_factory, unused_tcp_port, unused_tcp_port_factory, unused_udp_port, unused_udp_port_factory, visualizer, worker_id\n&amp;gt;       use &amp;#x27;pytest --fixtures [testpath]&amp;#x27; for help on them.\n\nC:\\Users\\Devansh\\Downloads\\intern_application_round1\\tests\\test_ui.py:436\n&#34;}], &#34;tests/test_ui.py::TestUIIntegration::test_ui_performance_with_large_dataset&#34;: [{&#34;extras&#34;: [], &#34;result&#34;: &#34;Error&#34;, &#34;testId&#34;: &#34;tests/test_ui.py::TestUIIntegration::test_ui_performance_with_large_dataset::setup&#34;, &#34;duration&#34;: &#34;0 ms&#34;, &#34;resultsTableRow&#34;: [&#34;&lt;td class=\&#34;col-result\&#34;&gt;Error&lt;/td&gt;&#34;, &#34;&lt;td class=\&#34;col-testId\&#34;&gt;tests/test_ui.py::TestUIIntegration::test_ui_performance_with_large_dataset::setup&lt;/td&gt;&#34;, &#34;&lt;td class=\&#34;col-duration\&#34;&gt;0 ms&lt;/td&gt;&#34;, &#34;&lt;td class=\&#34;col-links\&#34;&gt;&lt;/td&gt;&#34;], &#34;log&#34;: &#34;file C:\\Users\\Devansh\\Downloads\\intern_application_round1\\tests\\test_ui.py, line 467\n      def test_ui_performance_with_large_dataset(self, mock_app_components, performance_monitor):\nE       fixture &amp;#x27;mock_app_components&amp;#x27; not found\n&amp;gt;       available fixtures: anyio_backend, anyio_backend_name, anyio_backend_options, async_test_client, cache, capfd, capfdbinary, caplog, capsys, capsysbinary, cov, data_validator, db_manager, doctest_namespace, event_loop, extra, extras, include_metadata_in_junit_xml, metadata, metrics_analyzer, mock_browser_context, mock_playwright_page, mock_redis, mock_requests, mock_textblob, monkeypatch, no_cover, performance_monitor, pytestconfig, record_property, record_testsuite_property, record_xml_attribute, recwarn, sample_mention_data, sample_mentions_list, temp_database, test_config, test_data_generator, testrun_uid, tmp_path, tmp_path_factory, tmpdir, tmpdir_factory, unused_tcp_port, unused_tcp_port_factory, unused_udp_port, unused_udp_port_factory, visualizer, worker_id\n&amp;gt;       use &amp;#x27;pytest --fixtures [testpath]&amp;#x27; for help on them.\n\nC:\\Users\\Devansh\\Downloads\\intern_application_round1\\tests\\test_ui.py:467\n&#34;}], &#34;tests/test_ui.py::TestUIIntegration::test_concurrent_ui_operations&#34;: [{&#34;extras&#34;: [], &#34;result&#34;: &#34;Error&#34;, &#34;testId&#34;: &#34;tests/test_ui.py::TestUIIntegration::test_concurrent_ui_operations::setup&#34;, &#34;duration&#34;: &#34;0 ms&#34;, &#34;resultsTableRow&#34;: [&#34;&lt;td class=\&#34;col-result\&#34;&gt;Error&lt;/td&gt;&#34;, &#34;&lt;td class=\&#34;col-testId\&#34;&gt;tests/test_ui.py::TestUIIntegration::test_concurrent_ui_operations::setup&lt;/td&gt;&#34;, &#34;&lt;td class=\&#34;col-duration\&#34;&gt;0 ms&lt;/td&gt;&#34;, &#34;&lt;td class=\&#34;col-links\&#34;&gt;&lt;/td&gt;&#34;], &#34;log&#34;: &#34;file C:\\Users\\Devansh\\Downloads\\intern_application_round1\\tests\\test_ui.py, line 503\n      def test_concurrent_ui_operations(self, mock_app_components):\nE       fixture &amp;#x27;mock_app_components&amp;#x27; not found\n&amp;gt;       available fixtures: anyio_backend, anyio_backend_name, anyio_backend_options, async_test_client, cache, capfd, capfdbinary, caplog, capsys, capsysbinary, cov, data_validator, db_manager, doctest_namespace, event_loop, extra, extras, include_metadata_in_junit_xml, metadata, metrics_analyzer, mock_browser_context, mock_playwright_page, mock_redis, mock_requests, mock_textblob, monkeypatch, no_cover, performance_monitor, pytestconfig, record_property, record_testsuite_property, record_xml_attribute, recwarn, sample_mention_data, sample_mentions_list, temp_database, test_config, test_data_generator, testrun_uid, tmp_path, tmp_path_factory, tmpdir, tmpdir_factory, unused_tcp_port, unused_tcp_port_factory, unused_udp_port, unused_udp_port_factory, visualizer, worker_id\n&amp;gt;       use &amp;#x27;pytest --fixtures [testpath]&amp;#x27; for help on them.\n\nC:\\Users\\Devansh\\Downloads\\intern_application_round1\\tests\\test_ui.py:503\n&#34;}], &#34;tests/test_ui.py::TestUIIntegration::test_ui_state_management&#34;: [{&#34;extras&#34;: [], &#34;result&#34;: &#34;Error&#34;, &#34;testId&#34;: &#34;tests/test_ui.py::TestUIIntegration::test_ui_state_management::setup&#34;, &#34;duration&#34;: &#34;0 ms&#34;, &#34;resultsTableRow&#34;: [&#34;&lt;td class=\&#34;col-result\&#34;&gt;Error&lt;/td&gt;&#34;, &#34;&lt;td class=\&#34;col-testId\&#34;&gt;tests/test_ui.py::TestUIIntegration::test_ui_state_management::setup&lt;/td&gt;&#34;, &#34;&lt;td class=\&#34;col-duration\&#34;&gt;0 ms&lt;/td&gt;&#34;, &#34;&lt;td class=\&#34;col-links\&#34;&gt;&lt;/td&gt;&#34;], &#34;log&#34;: &#34;file C:\\Users\\Devansh\\Downloads\\intern_application_round1\\tests\\test_ui.py, line 532\n      def test_ui_state_management(self, mock_app_components):\nE       fixture &amp;#x27;mock_app_components&amp;#x27; not found\n&amp;gt;       available fixtures: anyio_backend, anyio_backend_name, anyio_backend_options, async_test_client, cache, capfd, capfdbinary, caplog, capsys, capsysbinary, cov, data_validator, db_manager, doctest_namespace, event_loop, extra, extras, include_metadata_in_junit_xml, metadata, metrics_analyzer, mock_browser_context, mock_playwright_page, mock_redis, mock_requests, mock_textblob, monkeypatch, no_cover, performance_monitor, pytestconfig, record_property, record_testsuite_property, record_xml_attribute, recwarn, sample_mention_data, sample_mentions_list, temp_database, test_config, test_data_generator, testrun_uid, tmp_path, tmp_path_factory, tmpdir, tmpdir_factory, unused_tcp_port, unused_tcp_port_factory, unused_udp_port, unused_udp_port_factory, visualizer, worker_id\n&amp;gt;       use &amp;#x27;pytest --fixtures [testpath]&amp;#x27; for help on them.\n\nC:\\Users\\Devansh\\Downloads\\intern_application_round1\\tests\\test_ui.py:532\n&#34;}], &#34;tests/test_ui.py::TestUIIntegration::test_ui_accessibility&#34;: [{&#34;extras&#34;: [], &#34;result&#34;: &#34;Error&#34;, &#34;testId&#34;: &#34;tests/test_ui.py::TestUIIntegration::test_ui_accessibility::setup&#34;, &#34;duration&#34;: &#34;0 ms&#34;, &#34;resultsTableRow&#34;: [&#34;&lt;td class=\&#34;col-result\&#34;&gt;Error&lt;/td&gt;&#34;, &#34;&lt;td class=\&#34;col-testId\&#34;&gt;tests/test_ui.py::TestUIIntegration::test_ui_accessibility::setup&lt;/td&gt;&#34;, &#34;&lt;td class=\&#34;col-duration\&#34;&gt;0 ms&lt;/td&gt;&#34;, &#34;&lt;td class=\&#34;col-links\&#34;&gt;&lt;/td&gt;&#34;], &#34;log&#34;: &#34;file C:\\Users\\Devansh\\Downloads\\intern_application_round1\\tests\\test_ui.py, line 549\n      def test_ui_accessibility(self, mock_app_components):\nE       fixture &amp;#x27;mock_app_components&amp;#x27; not found\n&amp;gt;       available fixtures: anyio_backend, anyio_backend_name, anyio_backend_options, async_test_client, cache, capfd, capfdbinary, caplog, capsys, capsysbinary, cov, data_validator, db_manager, doctest_namespace, event_loop, extra, extras, include_metadata_in_junit_xml, metadata, metrics_analyzer, mock_browser_context, mock_playwright_page, mock_redis, mock_requests, mock_textblob, monkeypatch, no_cover, performance_monitor, pytestconfig, record_property, record_testsuite_property, record_xml_attribute, recwarn, sample_mention_data, sample_mentions_list, temp_database, test_config, test_data_generator, testrun_uid, tmp_path, tmp_path_factory, tmpdir, tmpdir_factory, unused_tcp_port, unused_tcp_port_factory, unused_udp_port, unused_udp_port_factory, visualizer, worker_id\n&amp;gt;       use &amp;#x27;pytest --fixtures [testpath]&amp;#x27; for help on them.\n\nC:\\Users\\Devansh\\Downloads\\intern_application_round1\\tests\\test_ui.py:549\n&#34;}]}, &#34;renderCollapsed&#34;: [&#34;passed&#34;], &#34;initialSort&#34;: &#34;result&#34;, &#34;title&#34;: &#34;test_report_20250529_014032.html&#34;}"></div>
    <script>
      (function(){function r(e,n,t){function o(i,f){if(!n[i]){if(!e[i]){var c="function"==typeof require&&require;if(!f&&c)return c(i,!0);if(u)return u(i,!0);var a=new Error("Cannot find module '"+i+"'");throw a.code="MODULE_NOT_FOUND",a}var p=n[i]={exports:{}};e[i][0].call(p.exports,function(r){var n=e[i][1][r];return o(n||r)},p,p.exports,r,e,n,t)}return n[i].exports}for(var u="function"==typeof require&&require,i=0;i<t.length;i++)o(t[i]);return o}return r})()({1:[function(require,module,exports){
const { getCollapsedCategory, setCollapsedIds } = require('./storage.js')

class DataManager {
    setManager(data) {
        const collapsedCategories = [...getCollapsedCategory(data.renderCollapsed)]
        const collapsedIds = []
        const tests = Object.values(data.tests).flat().map((test, index) => {
            const collapsed = collapsedCategories.includes(test.result.toLowerCase())
            const id = `test_${index}`
            if (collapsed) {
                collapsedIds.push(id)
            }
            return {
                ...test,
                id,
                collapsed,
            }
        })
        const dataBlob = { ...data, tests }
        this.data = { ...dataBlob }
        this.renderData = { ...dataBlob }
        setCollapsedIds(collapsedIds)
    }

    get allData() {
        return { ...this.data }
    }

    resetRender() {
        this.renderData = { ...this.data }
    }

    setRender(data) {
        this.renderData.tests = [...data]
    }

    toggleCollapsedItem(id) {
        this.renderData.tests = this.renderData.tests.map((test) =>
            test.id === id ? { ...test, collapsed: !test.collapsed } : test,
        )
    }

    set allCollapsed(collapsed) {
        this.renderData = { ...this.renderData, tests: [...this.renderData.tests.map((test) => (
            { ...test, collapsed }
        ))] }
    }

    get testSubset() {
        return [...this.renderData.tests]
    }

    get environment() {
        return this.renderData.environment
    }

    get initialSort() {
        return this.data.initialSort
    }
}

module.exports = {
    manager: new DataManager(),
}

},{"./storage.js":8}],2:[function(require,module,exports){
const mediaViewer = require('./mediaviewer.js')
const templateEnvRow = document.getElementById('template_environment_row')
const templateResult = document.getElementById('template_results-table__tbody')

function htmlToElements(html) {
    const temp = document.createElement('template')
    temp.innerHTML = html
    return temp.content.childNodes
}

const find = (selector, elem) => {
    if (!elem) {
        elem = document
    }
    return elem.querySelector(selector)
}

const findAll = (selector, elem) => {
    if (!elem) {
        elem = document
    }
    return [...elem.querySelectorAll(selector)]
}

const dom = {
    getStaticRow: (key, value) => {
        const envRow = templateEnvRow.content.cloneNode(true)
        const isObj = typeof value === 'object' && value !== null
        const values = isObj ? Object.keys(value).map((k) => `${k}: ${value[k]}`) : null

        const valuesElement = htmlToElements(
            values ? `<ul>${values.map((val) => `<li>${val}</li>`).join('')}<ul>` : `<div>${value}</div>`)[0]
        const td = findAll('td', envRow)
        td[0].textContent = key
        td[1].appendChild(valuesElement)

        return envRow
    },
    getResultTBody: ({ testId, id, log, extras, resultsTableRow, tableHtml, result, collapsed }) => {
        const resultBody = templateResult.content.cloneNode(true)
        resultBody.querySelector('tbody').classList.add(result.toLowerCase())
        resultBody.querySelector('tbody').id = testId
        resultBody.querySelector('.collapsible').dataset.id = id

        resultsTableRow.forEach((html) => {
            const t = document.createElement('template')
            t.innerHTML = html
            resultBody.querySelector('.collapsible').appendChild(t.content)
        })

        if (log) {
            // Wrap lines starting with "E" with span.error to color those lines red
            const wrappedLog = log.replace(/^E.*$/gm, (match) => `<span class="error">${match}</span>`)
            resultBody.querySelector('.log').innerHTML = wrappedLog
        } else {
            resultBody.querySelector('.log').remove()
        }

        if (collapsed) {
            resultBody.querySelector('.collapsible > td')?.classList.add('collapsed')
            resultBody.querySelector('.extras-row').classList.add('hidden')
        } else {
            resultBody.querySelector('.collapsible > td')?.classList.remove('collapsed')
        }

        const media = []
        extras?.forEach(({ name, format_type, content }) => {
            if (['image', 'video'].includes(format_type)) {
                media.push({ path: content, name, format_type })
            }

            if (format_type === 'html') {
                resultBody.querySelector('.extraHTML').insertAdjacentHTML('beforeend', `<div>${content}</div>`)
            }
        })
        mediaViewer.setup(resultBody, media)

        // Add custom html from the pytest_html_results_table_html hook
        tableHtml?.forEach((item) => {
            resultBody.querySelector('td[class="extra"]').insertAdjacentHTML('beforeend', item)
        })

        return resultBody
    },
}

module.exports = {
    dom,
    htmlToElements,
    find,
    findAll,
}

},{"./mediaviewer.js":6}],3:[function(require,module,exports){
const { manager } = require('./datamanager.js')
const { doSort } = require('./sort.js')
const storageModule = require('./storage.js')

const getFilteredSubSet = (filter) =>
    manager.allData.tests.filter(({ result }) => filter.includes(result.toLowerCase()))

const doInitFilter = () => {
    const currentFilter = storageModule.getVisible()
    const filteredSubset = getFilteredSubSet(currentFilter)
    manager.setRender(filteredSubset)
}

const doFilter = (type, show) => {
    if (show) {
        storageModule.showCategory(type)
    } else {
        storageModule.hideCategory(type)
    }

    const currentFilter = storageModule.getVisible()
    const filteredSubset = getFilteredSubSet(currentFilter)
    manager.setRender(filteredSubset)

    const sortColumn = storageModule.getSort()
    doSort(sortColumn, true)
}

module.exports = {
    doFilter,
    doInitFilter,
}

},{"./datamanager.js":1,"./sort.js":7,"./storage.js":8}],4:[function(require,module,exports){
const { redraw, bindEvents, renderStatic } = require('./main.js')
const { doInitFilter } = require('./filter.js')
const { doInitSort } = require('./sort.js')
const { manager } = require('./datamanager.js')
const data = JSON.parse(document.getElementById('data-container').dataset.jsonblob)

function init() {
    manager.setManager(data)
    doInitFilter()
    doInitSort()
    renderStatic()
    redraw()
    bindEvents()
}

init()

},{"./datamanager.js":1,"./filter.js":3,"./main.js":5,"./sort.js":7}],5:[function(require,module,exports){
const { dom, find, findAll } = require('./dom.js')
const { manager } = require('./datamanager.js')
const { doSort } = require('./sort.js')
const { doFilter } = require('./filter.js')
const {
    getVisible,
    getCollapsedIds,
    setCollapsedIds,
    getSort,
    getSortDirection,
    possibleFilters,
} = require('./storage.js')

const removeChildren = (node) => {
    while (node.firstChild) {
        node.removeChild(node.firstChild)
    }
}

const renderStatic = () => {
    const renderEnvironmentTable = () => {
        const environment = manager.environment
        const rows = Object.keys(environment).map((key) => dom.getStaticRow(key, environment[key]))
        const table = document.getElementById('environment')
        removeChildren(table)
        rows.forEach((row) => table.appendChild(row))
    }
    renderEnvironmentTable()
}

const addItemToggleListener = (elem) => {
    elem.addEventListener('click', ({ target }) => {
        const id = target.parentElement.dataset.id
        manager.toggleCollapsedItem(id)

        const collapsedIds = getCollapsedIds()
        if (collapsedIds.includes(id)) {
            const updated = collapsedIds.filter((item) => item !== id)
            setCollapsedIds(updated)
        } else {
            collapsedIds.push(id)
            setCollapsedIds(collapsedIds)
        }
        redraw()
    })
}

const renderContent = (tests) => {
    const sortAttr = getSort(manager.initialSort)
    const sortAsc = JSON.parse(getSortDirection())
    const rows = tests.map(dom.getResultTBody)
    const table = document.getElementById('results-table')
    const tableHeader = document.getElementById('results-table-head')

    const newTable = document.createElement('table')
    newTable.id = 'results-table'

    // remove all sorting classes and set the relevant
    findAll('.sortable', tableHeader).forEach((elem) => elem.classList.remove('asc', 'desc'))
    tableHeader.querySelector(`.sortable[data-column-type="${sortAttr}"]`)?.classList.add(sortAsc ? 'desc' : 'asc')
    newTable.appendChild(tableHeader)

    if (!rows.length) {
        const emptyTable = document.getElementById('template_results-table__body--empty').content.cloneNode(true)
        newTable.appendChild(emptyTable)
    } else {
        rows.forEach((row) => {
            if (!!row) {
                findAll('.collapsible td:not(.col-links', row).forEach(addItemToggleListener)
                find('.logexpander', row).addEventListener('click',
                    (evt) => evt.target.parentNode.classList.toggle('expanded'),
                )
                newTable.appendChild(row)
            }
        })
    }

    table.replaceWith(newTable)
}

const renderDerived = () => {
    const currentFilter = getVisible()
    possibleFilters.forEach((result) => {
        const input = document.querySelector(`input[data-test-result="${result}"]`)
        input.checked = currentFilter.includes(result)
    })
}

const bindEvents = () => {
    const filterColumn = (evt) => {
        const { target: element } = evt
        const { testResult } = element.dataset

        doFilter(testResult, element.checked)
        const collapsedIds = getCollapsedIds()
        const updated = manager.renderData.tests.map((test) => {
            return {
                ...test,
                collapsed: collapsedIds.includes(test.id),
            }
        })
        manager.setRender(updated)
        redraw()
    }

    const header = document.getElementById('environment-header')
    header.addEventListener('click', () => {
        const table = document.getElementById('environment')
        table.classList.toggle('hidden')
        header.classList.toggle('collapsed')
    })

    findAll('input[name="filter_checkbox"]').forEach((elem) => {
        elem.addEventListener('click', filterColumn)
    })

    findAll('.sortable').forEach((elem) => {
        elem.addEventListener('click', (evt) => {
            const { target: element } = evt
            const { columnType } = element.dataset
            doSort(columnType)
            redraw()
        })
    })

    document.getElementById('show_all_details').addEventListener('click', () => {
        manager.allCollapsed = false
        setCollapsedIds([])
        redraw()
    })
    document.getElementById('hide_all_details').addEventListener('click', () => {
        manager.allCollapsed = true
        const allIds = manager.renderData.tests.map((test) => test.id)
        setCollapsedIds(allIds)
        redraw()
    })
}

const redraw = () => {
    const { testSubset } = manager

    renderContent(testSubset)
    renderDerived()
}

module.exports = {
    redraw,
    bindEvents,
    renderStatic,
}

},{"./datamanager.js":1,"./dom.js":2,"./filter.js":3,"./sort.js":7,"./storage.js":8}],6:[function(require,module,exports){
class MediaViewer {
    constructor(assets) {
        this.assets = assets
        this.index = 0
    }

    nextActive() {
        this.index = this.index === this.assets.length - 1 ? 0 : this.index + 1
        return [this.activeFile, this.index]
    }

    prevActive() {
        this.index = this.index === 0 ? this.assets.length - 1 : this.index -1
        return [this.activeFile, this.index]
    }

    get currentIndex() {
        return this.index
    }

    get activeFile() {
        return this.assets[this.index]
    }
}


const setup = (resultBody, assets) => {
    if (!assets.length) {
        resultBody.querySelector('.media').classList.add('hidden')
        return
    }

    const mediaViewer = new MediaViewer(assets)
    const container = resultBody.querySelector('.media-container')
    const leftArrow = resultBody.querySelector('.media-container__nav--left')
    const rightArrow = resultBody.querySelector('.media-container__nav--right')
    const mediaName = resultBody.querySelector('.media__name')
    const counter = resultBody.querySelector('.media__counter')
    const imageEl = resultBody.querySelector('img')
    const sourceEl = resultBody.querySelector('source')
    const videoEl = resultBody.querySelector('video')

    const setImg = (media, index) => {
        if (media?.format_type === 'image') {
            imageEl.src = media.path

            imageEl.classList.remove('hidden')
            videoEl.classList.add('hidden')
        } else if (media?.format_type === 'video') {
            sourceEl.src = media.path

            videoEl.classList.remove('hidden')
            imageEl.classList.add('hidden')
        }

        mediaName.innerText = media?.name
        counter.innerText = `${index + 1} / ${assets.length}`
    }
    setImg(mediaViewer.activeFile, mediaViewer.currentIndex)

    const moveLeft = () => {
        const [media, index] = mediaViewer.prevActive()
        setImg(media, index)
    }
    const doRight = () => {
        const [media, index] = mediaViewer.nextActive()
        setImg(media, index)
    }
    const openImg = () => {
        window.open(mediaViewer.activeFile.path, '_blank')
    }
    if (assets.length === 1) {
        container.classList.add('media-container--fullscreen')
    } else {
        leftArrow.addEventListener('click', moveLeft)
        rightArrow.addEventListener('click', doRight)
    }
    imageEl.addEventListener('click', openImg)
}

module.exports = {
    setup,
}

},{}],7:[function(require,module,exports){
const { manager } = require('./datamanager.js')
const storageModule = require('./storage.js')

const genericSort = (list, key, ascending, customOrder) => {
    let sorted
    if (customOrder) {
        sorted = list.sort((a, b) => {
            const aValue = a.result.toLowerCase()
            const bValue = b.result.toLowerCase()

            const aIndex = customOrder.findIndex((item) => item.toLowerCase() === aValue)
            const bIndex = customOrder.findIndex((item) => item.toLowerCase() === bValue)

            // Compare the indices to determine the sort order
            return aIndex - bIndex
        })
    } else {
        sorted = list.sort((a, b) => a[key] === b[key] ? 0 : a[key] > b[key] ? 1 : -1)
    }

    if (ascending) {
        sorted.reverse()
    }
    return sorted
}

const durationSort = (list, ascending) => {
    const parseDuration = (duration) => {
        if (duration.includes(':')) {
            // If it's in the format "HH:mm:ss"
            const [hours, minutes, seconds] = duration.split(':').map(Number)
            return (hours * 3600 + minutes * 60 + seconds) * 1000
        } else {
            // If it's in the format "nnn ms"
            return parseInt(duration)
        }
    }
    const sorted = list.sort((a, b) => parseDuration(a['duration']) - parseDuration(b['duration']))
    if (ascending) {
        sorted.reverse()
    }
    return sorted
}

const doInitSort = () => {
    const type = storageModule.getSort(manager.initialSort)
    const ascending = storageModule.getSortDirection()
    const list = manager.testSubset
    const initialOrder = ['Error', 'Failed', 'Rerun', 'XFailed', 'XPassed', 'Skipped', 'Passed']

    storageModule.setSort(type)
    storageModule.setSortDirection(ascending)

    if (type?.toLowerCase() === 'original') {
        manager.setRender(list)
    } else {
        let sortedList
        switch (type) {
        case 'duration':
            sortedList = durationSort(list, ascending)
            break
        case 'result':
            sortedList = genericSort(list, type, ascending, initialOrder)
            break
        default:
            sortedList = genericSort(list, type, ascending)
            break
        }
        manager.setRender(sortedList)
    }
}

const doSort = (type, skipDirection) => {
    const newSortType = storageModule.getSort(manager.initialSort) !== type
    const currentAsc = storageModule.getSortDirection()
    let ascending
    if (skipDirection) {
        ascending = currentAsc
    } else {
        ascending = newSortType ? false : !currentAsc
    }
    storageModule.setSort(type)
    storageModule.setSortDirection(ascending)

    const list = manager.testSubset
    const sortedList = type === 'duration' ? durationSort(list, ascending) : genericSort(list, type, ascending)
    manager.setRender(sortedList)
}

module.exports = {
    doInitSort,
    doSort,
}

},{"./datamanager.js":1,"./storage.js":8}],8:[function(require,module,exports){
const possibleFilters = [
    'passed',
    'skipped',
    'failed',
    'error',
    'xfailed',
    'xpassed',
    'rerun',
]

const getVisible = () => {
    const url = new URL(window.location.href)
    const settings = new URLSearchParams(url.search).get('visible')
    const lower = (item) => {
        const lowerItem = item.toLowerCase()
        if (possibleFilters.includes(lowerItem)) {
            return lowerItem
        }
        return null
    }
    return settings === null ?
        possibleFilters :
        [...new Set(settings?.split(',').map(lower).filter((item) => item))]
}

const hideCategory = (categoryToHide) => {
    const url = new URL(window.location.href)
    const visibleParams = new URLSearchParams(url.search).get('visible')
    const currentVisible = visibleParams ? visibleParams.split(',') : [...possibleFilters]
    const settings = [...new Set(currentVisible)].filter((f) => f !== categoryToHide).join(',')

    url.searchParams.set('visible', settings)
    window.history.pushState({}, null, unescape(url.href))
}

const showCategory = (categoryToShow) => {
    if (typeof window === 'undefined') {
        return
    }
    const url = new URL(window.location.href)
    const currentVisible = new URLSearchParams(url.search).get('visible')?.split(',').filter(Boolean) ||
        [...possibleFilters]
    const settings = [...new Set([categoryToShow, ...currentVisible])]
    const noFilter = possibleFilters.length === settings.length || !settings.length

    noFilter ? url.searchParams.delete('visible') : url.searchParams.set('visible', settings.join(','))
    window.history.pushState({}, null, unescape(url.href))
}

const getSort = (initialSort) => {
    const url = new URL(window.location.href)
    let sort = new URLSearchParams(url.search).get('sort')
    if (!sort) {
        sort = initialSort || 'result'
    }
    return sort
}

const setSort = (type) => {
    const url = new URL(window.location.href)
    url.searchParams.set('sort', type)
    window.history.pushState({}, null, unescape(url.href))
}

const getCollapsedCategory = (renderCollapsed) => {
    let categories
    if (typeof window !== 'undefined') {
        const url = new URL(window.location.href)
        const collapsedItems = new URLSearchParams(url.search).get('collapsed')
        switch (true) {
        case !renderCollapsed && collapsedItems === null:
            categories = ['passed']
            break
        case collapsedItems?.length === 0 || /^["']{2}$/.test(collapsedItems):
            categories = []
            break
        case /^all$/.test(collapsedItems) || collapsedItems === null && /^all$/.test(renderCollapsed):
            categories = [...possibleFilters]
            break
        default:
            categories = collapsedItems?.split(',').map((item) => item.toLowerCase()) || renderCollapsed
            break
        }
    } else {
        categories = []
    }
    return categories
}

const getSortDirection = () => JSON.parse(sessionStorage.getItem('sortAsc')) || false
const setSortDirection = (ascending) => sessionStorage.setItem('sortAsc', ascending)

const getCollapsedIds = () => JSON.parse(sessionStorage.getItem('collapsedIds')) || []
const setCollapsedIds = (list) => sessionStorage.setItem('collapsedIds', JSON.stringify(list))

module.exports = {
    getVisible,
    hideCategory,
    showCategory,
    getCollapsedIds,
    setCollapsedIds,
    getSort,
    setSort,
    getSortDirection,
    setSortDirection,
    getCollapsedCategory,
    possibleFilters,
}

},{}]},{},[4]);
    </script>
  </footer>
</html>